#-----------------------------------------------------------
# Vivado v2019.1 (64-bit)
# SW Build 2552052 on Fri May 24 14:49:42 MDT 2019
# IP Build 2548770 on Fri May 24 18:01:18 MDT 2019
# Start of session at: Sat Mar 14 00:54:59 2020
# Process ID: 9076
# Current directory: C:/Users/danie/Documents/Repaso_VIVADO/gpio_emio
# Command line: vivado.exe -gui_launcher_event rodinguilauncherevent7048 C:\Users\danie\Documents\Repaso_VIVADO\gpio_emio\gpio_emio.xpr
# Log file: C:/Users/danie/Documents/Repaso_VIVADO/gpio_emio/vivado.log
# Journal file: C:/Users/danie/Documents/Repaso_VIVADO/gpio_emio\vivado.jou
#-----------------------------------------------------------
start_gui
open_project C:/Users/danie/Documents/Repaso_VIVADO/gpio_emio/gpio_emio.xpr
Scanning sources...
Finished scanning sources
INFO: [IP_Flow 19-234] Refreshing IP repositories
INFO: [IP_Flow 19-1704] No user IP repositories specified
INFO: [IP_Flow 19-2313] Loaded Vivado IP repository 'C:/Xilinx/Vivado/2019.1/data/ip'.
open_project: Time (s): cpu = 00:00:24 ; elapsed = 00:00:13 . Memory (MB): peak = 770.602 ; gain = 167.387
update_compile_order -fileset sources_1
export_ip_user_files -of_objects  [get_files C:/Users/danie/Documents/Repaso_VIVADO/gpio_emio/gpio_emio.srcs/constrs_1/new/constrain.xdc] -no_script -reset -force -quiet
remove_files  -fileset constrs_1 C:/Users/danie/Documents/Repaso_VIVADO/gpio_emio/gpio_emio.srcs/constrs_1/new/constrain.xdc
add_files -fileset constrs_1 -norecurse C:/Users/danie/Documents/Repaso_VIVADO/ARTYZ720.xdc
import_files -fileset constrs_1 C:/Users/danie/Documents/Repaso_VIVADO/ARTYZ720.xdc
set_property target_constrs_file C:/Users/danie/Documents/Repaso_VIVADO/gpio_emio/gpio_emio.srcs/constrs_1/imports/Repaso_VIVADO/ARTYZ720.xdc [current_fileset -constrset]
reset_run synth_1
launch_runs synth_1 -jobs 2
[Sat Mar 14 00:58:31 2020] Launched synth_1...
Run output will be captured here: C:/Users/danie/Documents/Repaso_VIVADO/gpio_emio/gpio_emio.runs/synth_1/runme.log
open_run synth_1 -name synth_1
Design is defaulting to impl run constrset: constrs_1
Design is defaulting to synth run part: xc7z020clg400-1
INFO: [Device 21-403] Loading part xc7z020clg400-1
INFO: [Project 1-454] Reading design checkpoint 'c:/Users/danie/Documents/Repaso_VIVADO/gpio_emio/gpio_emio.srcs/sources_1/bd/emio_desing/ip/emio_desing_processing_system7_0_0/emio_desing_processing_system7_0_0.dcp' for cell 'emio_desing_i/processing_system7_0'
INFO: [Netlist 29-17] Analyzing 1 Unisim elements for replacement
INFO: [Netlist 29-28] Unisim Transformation completed in 0 CPU seconds
INFO: [Project 1-479] Netlist was created with Vivado 2019.1
INFO: [Project 1-570] Preparing netlist for logic optimization
Parsing XDC File [c:/Users/danie/Documents/Repaso_VIVADO/gpio_emio/gpio_emio.srcs/sources_1/bd/emio_desing/ip/emio_desing_processing_system7_0_0/emio_desing_processing_system7_0_0.xdc] for cell 'emio_desing_i/processing_system7_0/inst'
Finished Parsing XDC File [c:/Users/danie/Documents/Repaso_VIVADO/gpio_emio/gpio_emio.srcs/sources_1/bd/emio_desing/ip/emio_desing_processing_system7_0_0/emio_desing_processing_system7_0_0.xdc] for cell 'emio_desing_i/processing_system7_0/inst'
Parsing XDC File [C:/Users/danie/Documents/Repaso_VIVADO/gpio_emio/gpio_emio.srcs/constrs_1/imports/Repaso_VIVADO/ARTYZ720.xdc]
Finished Parsing XDC File [C:/Users/danie/Documents/Repaso_VIVADO/gpio_emio/gpio_emio.srcs/constrs_1/imports/Repaso_VIVADO/ARTYZ720.xdc]
INFO: [Opt 31-138] Pushed 0 inverter(s) to 0 load pin(s).
Netlist sorting complete. Time (s): cpu = 00:00:00 ; elapsed = 00:00:00 . Memory (MB): peak = 1151.004 ; gain = 0.000
INFO: [Project 1-111] Unisim Transformation Summary:
  A total of 1 instances were transformed.
  IOBUF => IOBUF (IBUF, OBUFT): 1 instances

open_run: Time (s): cpu = 00:00:27 ; elapsed = 00:00:19 . Memory (MB): peak = 1292.148 ; gain = 489.270
launch_runs impl_1 -to_step write_bitstream -jobs 2
Netlist sorting complete. Time (s): cpu = 00:00:00 ; elapsed = 00:00:00 . Memory (MB): peak = 1771.617 ; gain = 0.000
INFO: [Timing 38-480] Writing timing data to binary archive.
Writing placer database...
Writing XDEF routing.
Writing XDEF routing logical nets.
Writing XDEF routing special nets.
Write XDEF Complete: Time (s): cpu = 00:00:01 ; elapsed = 00:00:00.208 . Memory (MB): peak = 1787.508 ; gain = 15.891
[Sat Mar 14 01:01:10 2020] Launched impl_1...
Run output will be captured here: C:/Users/danie/Documents/Repaso_VIVADO/gpio_emio/gpio_emio.runs/impl_1/runme.log
file mkdir C:/Users/danie/Documents/Repaso_VIVADO/gpio_emio/gpio_emio.sdk
file copy -force C:/Users/danie/Documents/Repaso_VIVADO/gpio_emio/gpio_emio.runs/impl_1/emio_desing_wrapper.sysdef C:/Users/danie/Documents/Repaso_VIVADO/gpio_emio/gpio_emio.sdk/emio_desing_wrapper.hdf

launch_sdk -workspace C:/Users/danie/Documents/Repaso_VIVADO/gpio_emio/gpio_emio.sdk -hwspec C:/Users/danie/Documents/Repaso_VIVADO/gpio_emio/gpio_emio.sdk/emio_desing_wrapper.hdf
INFO: [Vivado 12-393] Launching SDK...
INFO: [Vivado 12-417] Running xsdk -workspace C:/Users/danie/Documents/Repaso_VIVADO/gpio_emio/gpio_emio.sdk -hwspec C:/Users/danie/Documents/Repaso_VIVADO/gpio_emio/gpio_emio.sdk/emio_desing_wrapper.hdf
INFO: [Vivado 12-3157] SDK launch initiated. Please check console for any further messages.
