#-----------------------------------------------------------
# Vivado v2019.1 (64-bit)
# SW Build 2552052 on Fri May 24 14:49:42 MDT 2019
# IP Build 2548770 on Fri May 24 18:01:18 MDT 2019
# Start of session at: Sat Apr 11 00:22:16 2020
# Process ID: 2256
# Current directory: C:/Users/danie/Documents/Lab3_FPGA_codes/System_etapa1
# Command line: vivado.exe -gui_launcher_event rodinguilauncherevent17004 C:\Users\danie\Documents\Lab3_FPGA_codes\System_etapa1\System_etapa1.xpr
# Log file: C:/Users/danie/Documents/Lab3_FPGA_codes/System_etapa1/vivado.log
# Journal file: C:/Users/danie/Documents/Lab3_FPGA_codes/System_etapa1\vivado.jou
#-----------------------------------------------------------
start_gui
open_project C:/Users/danie/Documents/Lab3_FPGA_codes/System_etapa1/System_etapa1.xpr
Scanning sources...
Finished scanning sources
INFO: [IP_Flow 19-234] Refreshing IP repositories
INFO: [IP_Flow 19-1704] No user IP repositories specified
INFO: [IP_Flow 19-2313] Loaded Vivado IP repository 'C:/Xilinx/Vivado/2019.1/data/ip'.
open_project: Time (s): cpu = 00:00:26 ; elapsed = 00:00:16 . Memory (MB): peak = 706.922 ; gain = 90.605
update_compile_order -fileset sources_1
reset_run synth_1
launch_runs impl_1 -to_step write_bitstream -jobs 2
[Sat Apr 11 00:24:26 2020] Launched synth_1...
Run output will be captured here: C:/Users/danie/Documents/Lab3_FPGA_codes/System_etapa1/System_etapa1.runs/synth_1/runme.log
[Sat Apr 11 00:24:26 2020] Launched impl_1...
Run output will be captured here: C:/Users/danie/Documents/Lab3_FPGA_codes/System_etapa1/System_etapa1.runs/impl_1/runme.log
open_hw
connect_hw_server
INFO: [Labtools 27-2285] Connecting to hw_server url TCP:localhost:3121
INFO: [Labtools 27-2222] Launching hw_server...
INFO: [Labtools 27-2221] Launch Output:

****** Xilinx hw_server v2019.1
  **** Build date : May 24 2019 at 15:13:31
    ** Copyright 1986-2019 Xilinx, Inc. All Rights Reserved.


connect_hw_server: Time (s): cpu = 00:00:01 ; elapsed = 00:00:08 . Memory (MB): peak = 789.484 ; gain = 0.000
open_hw_target
INFO: [Labtoolstcl 44-466] Opening hw_target localhost:3121/xilinx_tcf/Digilent/003017A7006CA
ERROR: [Labtools 27-3244] Could not start or connect to xsdb server.
open_hw_target: Time (s): cpu = 00:00:08 ; elapsed = 00:01:06 . Memory (MB): peak = 1910.320 ; gain = 1120.836
ERROR: [Common 17-39] 'open_hw_target' failed due to earlier errors.
set_property PROBES.FILE {} [get_hw_devices xc7z020_1]
set_property FULL_PROBES.FILE {} [get_hw_devices xc7z020_1]
set_property PROGRAM.FILE {C:/Users/danie/Documents/Lab3_FPGA_codes/System_etapa1/System_etapa1.runs/impl_1/S1_transmission.bit} [get_hw_devices xc7z020_1]
program_hw_devices [get_hw_devices xc7z020_1]
INFO: [Labtools 27-3164] End of startup status: HIGH
refresh_hw_device [lindex [get_hw_devices xc7z020_1] 0]
INFO: [Labtools 27-1434] Device xc7z020 (JTAG device index = 1) is programmed with a design that has no supported debug core(s) in it.
ERROR: [Labtoolstcl 44-513] HW Target shutdown. Closing target: localhost:3121/xilinx_tcf/Digilent/003017A7006CA
INFO: [Labtoolstcl 44-466] Opening hw_target localhost:3121/xilinx_tcf/Digilent/003017A7006CA
ERROR: [Labtools 27-3244] Could not start or connect to xsdb server.
ERROR: [Common 17-39] 'open_hw_target' failed due to earlier errors.
WARNING: [Labtoolstcl 44-129] No matching hw_ila_data was found.
INFO: [Labtools 27-1435] Device xc7z020 (JTAG device index = 1) is not programmed (DONE status = 0).
WARNING: [Labtoolstcl 44-129] No matching hw_ila_data was found.
exit
INFO: [Common 17-206] Exiting Vivado at Sat Apr 11 00:30:24 2020...
