22:54:38 INFO  : Registering command handlers for SDK TCF services
22:54:41 INFO  : Launching XSCT server: xsct.bat -interactive C:\Users\danie\Documents\Repaso_VIVADO\HelloWorld\HelloWorld.sdk\temp_xsdb_launch_script.tcl
22:54:47 INFO  : XSCT server has started successfully.
22:54:49 INFO  : Successfully done setting XSCT server connection channel  
22:54:49 INFO  : Successfully done setting SDK workspace  
22:54:49 INFO  : Processing command line option -hwspec C:/Users/danie/Documents/Repaso_VIVADO/HelloWorld/HelloWorld.sdk/Only_processor_wrapper.hdf.
11:40:54 INFO  : Registering command handlers for SDK TCF services
11:40:56 INFO  : Launching XSCT server: xsct.bat -interactive C:\Users\danie\Documents\Repaso_VIVADO\HelloWorld\HelloWorld.sdk\temp_xsdb_launch_script.tcl
11:41:00 INFO  : XSCT server has started successfully.
11:41:00 INFO  : Successfully done setting XSCT server connection channel  
11:41:01 INFO  : Successfully done setting SDK workspace  
11:41:01 INFO  : Processing command line option -hwspec C:/Users/danie/Documents/Repaso_VIVADO/HelloWorld/HelloWorld.sdk/Only_processor_wrapper.hdf.
11:41:01 INFO  : Checking for hwspec changes in the project Only_processor_wrapper_hw_platform_0.
11:41:05 INFO  : SDK has detected change in the last modified timestamps for source hardware specification file Source:1582994429634,  Project:1582948394792
11:41:05 INFO  : The hardware specification for project 'Only_processor_wrapper_hw_platform_0' is different from C:/Users/danie/Documents/Repaso_VIVADO/HelloWorld/HelloWorld.sdk/Only_processor_wrapper.hdf.
11:41:05 INFO  : Copied contents of C:/Users/danie/Documents/Repaso_VIVADO/HelloWorld/HelloWorld.sdk/Only_processor_wrapper.hdf into \Only_processor_wrapper_hw_platform_0\system.hdf.
11:41:09 INFO  : Synchronizing projects in the workspace with the hardware platform specification changes.
11:41:11 INFO  : 
11:41:12 INFO  : Updating hardware inferred compiler options for hello_world_sdk.
11:41:12 INFO  : Clearing existing target manager status.
11:44:25 INFO  : Connected to target on host '127.0.0.1' and port '3121'.
11:44:27 INFO  : Jtag cable 'Digilent Arty Z7 003017A7006CA' is selected.
11:44:27 INFO  : 'jtag frequency' command is executed.
11:44:27 INFO  : Sourcing of 'C:/Users/danie/Documents/Repaso_VIVADO/HelloWorld/HelloWorld.sdk/Only_processor_wrapper_hw_platform_0/ps7_init.tcl' is done.
11:44:27 INFO  : Context for 'APU' is selected.
11:44:28 INFO  : Hardware design information is loaded from 'C:/Users/danie/Documents/Repaso_VIVADO/HelloWorld/HelloWorld.sdk/Only_processor_wrapper_hw_platform_0/system.hdf'.
11:44:28 INFO  : 'configparams force-mem-access 1' command is executed.
11:44:28 INFO  : Context for 'APU' is selected.
11:44:28 INFO  : 'stop' command is executed.
11:44:29 INFO  : 'ps7_init' command is executed.
11:44:29 INFO  : 'ps7_post_config' command is executed.
11:44:29 INFO  : 'configparams force-mem-access 0' command is executed.
11:44:29 INFO  : ----------------XSDB Script----------------
connect -url tcp:127.0.0.1:3121
source C:/Users/danie/Documents/Repaso_VIVADO/HelloWorld/HelloWorld.sdk/Only_processor_wrapper_hw_platform_0/ps7_init.tcl
targets -set -nocase -filter {name =~"APU*" && jtag_cable_name =~ "Digilent Arty Z7 003017A7006CA"} -index 0
loadhw -hw C:/Users/danie/Documents/Repaso_VIVADO/HelloWorld/HelloWorld.sdk/Only_processor_wrapper_hw_platform_0/system.hdf -mem-ranges [list {0x40000000 0xbfffffff}]
configparams force-mem-access 1
targets -set -nocase -filter {name =~"APU*" && jtag_cable_name =~ "Digilent Arty Z7 003017A7006CA"} -index 0
stop
ps7_init
ps7_post_config
configparams force-mem-access 0
----------------End of Script----------------

11:44:29 INFO  : Launch script is exported to file 'C:\Users\danie\Documents\Repaso_VIVADO\HelloWorld\HelloWorld.sdk\.sdk\launch_scripts\xilinx_c-c++_application_(system_debugger)\system_debugger_using_debug_hello_world_sdk.elf_on_local.tcl'
11:49:11 INFO  : Connected to target on host '127.0.0.1' and port '3121'.
11:49:12 INFO  : Jtag cable 'Digilent Arty Z7 003017A7006CA' is selected.
11:49:12 INFO  : 'jtag frequency' command is executed.
11:49:12 INFO  : Sourcing of 'C:/Users/danie/Documents/Repaso_VIVADO/HelloWorld/HelloWorld.sdk/Only_processor_wrapper_hw_platform_0/ps7_init.tcl' is done.
11:49:12 INFO  : Context for 'APU' is selected.
11:49:12 INFO  : Hardware design information is loaded from 'C:/Users/danie/Documents/Repaso_VIVADO/HelloWorld/HelloWorld.sdk/Only_processor_wrapper_hw_platform_0/system.hdf'.
11:49:12 INFO  : 'configparams force-mem-access 1' command is executed.
11:49:12 INFO  : Context for 'APU' is selected.
11:49:12 INFO  : 'stop' command is executed.
11:49:12 INFO  : 'ps7_init' command is executed.
11:49:12 INFO  : 'ps7_post_config' command is executed.
11:49:12 INFO  : Context for processor 'ps7_cortexa9_0' is selected.
11:49:12 INFO  : Processor reset is completed for 'ps7_cortexa9_0'.
11:49:12 INFO  : Context for processor 'ps7_cortexa9_0' is selected.
11:49:12 INFO  : The application 'C:/Users/danie/Documents/Repaso_VIVADO/HelloWorld/HelloWorld.sdk/Hello_worldSDK/Debug/Hello_worldSDK.elf' is downloaded to processor 'ps7_cortexa9_0'.
11:49:12 INFO  : 'configparams force-mem-access 0' command is executed.
11:49:12 INFO  : ----------------XSDB Script----------------
connect -url tcp:127.0.0.1:3121
source C:/Users/danie/Documents/Repaso_VIVADO/HelloWorld/HelloWorld.sdk/Only_processor_wrapper_hw_platform_0/ps7_init.tcl
targets -set -nocase -filter {name =~"APU*" && jtag_cable_name =~ "Digilent Arty Z7 003017A7006CA"} -index 0
loadhw -hw C:/Users/danie/Documents/Repaso_VIVADO/HelloWorld/HelloWorld.sdk/Only_processor_wrapper_hw_platform_0/system.hdf -mem-ranges [list {0x40000000 0xbfffffff}]
configparams force-mem-access 1
targets -set -nocase -filter {name =~"APU*" && jtag_cable_name =~ "Digilent Arty Z7 003017A7006CA"} -index 0
stop
ps7_init
ps7_post_config
targets -set -nocase -filter {name =~ "ARM*#0" && jtag_cable_name =~ "Digilent Arty Z7 003017A7006CA"} -index 0
rst -processor
targets -set -nocase -filter {name =~ "ARM*#0" && jtag_cable_name =~ "Digilent Arty Z7 003017A7006CA"} -index 0
dow C:/Users/danie/Documents/Repaso_VIVADO/HelloWorld/HelloWorld.sdk/Hello_worldSDK/Debug/Hello_worldSDK.elf
configparams force-mem-access 0
----------------End of Script----------------

11:49:12 INFO  : Context for processor 'ps7_cortexa9_0' is selected.
11:49:12 INFO  : 'con' command is executed.
11:49:12 INFO  : ----------------XSDB Script (After Launch)----------------
targets -set -nocase -filter {name =~ "ARM*#0" && jtag_cable_name =~ "Digilent Arty Z7 003017A7006CA"} -index 0
con
----------------End of Script----------------

11:49:12 INFO  : Disconnected from the channel tcfchan#1.
11:50:42 INFO  : Connected to target on host '127.0.0.1' and port '3121'.
11:50:42 INFO  : Jtag cable 'Digilent Arty Z7 003017A7006CA' is selected.
11:50:42 INFO  : 'jtag frequency' command is executed.
11:50:42 INFO  : Sourcing of 'C:/Users/danie/Documents/Repaso_VIVADO/HelloWorld/HelloWorld.sdk/Only_processor_wrapper_hw_platform_0/ps7_init.tcl' is done.
11:50:43 INFO  : Context for 'APU' is selected.
11:50:44 INFO  : Hardware design information is loaded from 'C:/Users/danie/Documents/Repaso_VIVADO/HelloWorld/HelloWorld.sdk/Only_processor_wrapper_hw_platform_0/system.hdf'.
11:50:44 INFO  : 'configparams force-mem-access 1' command is executed.
11:50:44 INFO  : Context for 'APU' is selected.
11:50:44 INFO  : 'stop' command is executed.
11:50:45 INFO  : 'ps7_init' command is executed.
11:50:45 INFO  : 'ps7_post_config' command is executed.
11:50:45 INFO  : Context for processor 'ps7_cortexa9_0' is selected.
11:50:45 INFO  : Processor reset is completed for 'ps7_cortexa9_0'.
11:50:45 INFO  : Context for processor 'ps7_cortexa9_0' is selected.
11:50:45 INFO  : The application 'C:/Users/danie/Documents/Repaso_VIVADO/HelloWorld/HelloWorld.sdk/Hello_worldSDK/Debug/Hello_worldSDK.elf' is downloaded to processor 'ps7_cortexa9_0'.
11:50:45 INFO  : 'configparams force-mem-access 0' command is executed.
11:50:45 INFO  : ----------------XSDB Script----------------
connect -url tcp:127.0.0.1:3121
source C:/Users/danie/Documents/Repaso_VIVADO/HelloWorld/HelloWorld.sdk/Only_processor_wrapper_hw_platform_0/ps7_init.tcl
targets -set -nocase -filter {name =~"APU*" && jtag_cable_name =~ "Digilent Arty Z7 003017A7006CA"} -index 0
loadhw -hw C:/Users/danie/Documents/Repaso_VIVADO/HelloWorld/HelloWorld.sdk/Only_processor_wrapper_hw_platform_0/system.hdf -mem-ranges [list {0x40000000 0xbfffffff}]
configparams force-mem-access 1
targets -set -nocase -filter {name =~"APU*" && jtag_cable_name =~ "Digilent Arty Z7 003017A7006CA"} -index 0
stop
ps7_init
ps7_post_config
targets -set -nocase -filter {name =~ "ARM*#0" && jtag_cable_name =~ "Digilent Arty Z7 003017A7006CA"} -index 0
rst -processor
targets -set -nocase -filter {name =~ "ARM*#0" && jtag_cable_name =~ "Digilent Arty Z7 003017A7006CA"} -index 0
dow C:/Users/danie/Documents/Repaso_VIVADO/HelloWorld/HelloWorld.sdk/Hello_worldSDK/Debug/Hello_worldSDK.elf
configparams force-mem-access 0
----------------End of Script----------------

11:50:47 INFO  : Disconnected from the channel tcfchan#2.
11:55:39 WARN  : channel "tcfchan#1" closed
11:55:40 INFO  : Connected to target on host '127.0.0.1' and port '3121'.
11:55:40 INFO  : Jtag cable 'Digilent Arty Z7 003017A7006CA' is selected.
11:55:40 INFO  : 'jtag frequency' command is executed.
11:55:40 INFO  : Sourcing of 'C:/Users/danie/Documents/Repaso_VIVADO/HelloWorld/HelloWorld.sdk/Only_processor_wrapper_hw_platform_0/ps7_init.tcl' is done.
11:55:40 INFO  : Context for 'APU' is selected.
11:55:40 INFO  : Hardware design information is loaded from 'C:/Users/danie/Documents/Repaso_VIVADO/HelloWorld/HelloWorld.sdk/Only_processor_wrapper_hw_platform_0/system.hdf'.
11:55:40 INFO  : 'configparams force-mem-access 1' command is executed.
11:55:40 INFO  : Context for 'APU' is selected.
11:55:40 INFO  : 'stop' command is executed.
11:55:40 INFO  : 'ps7_init' command is executed.
11:55:40 INFO  : 'ps7_post_config' command is executed.
11:55:41 INFO  : Context for processor 'ps7_cortexa9_0' is selected.
11:55:41 INFO  : Processor reset is completed for 'ps7_cortexa9_0'.
11:55:41 INFO  : Context for processor 'ps7_cortexa9_0' is selected.
11:55:41 INFO  : The application 'C:/Users/danie/Documents/Repaso_VIVADO/HelloWorld/HelloWorld.sdk/Hello_worldSDK/Debug/Hello_worldSDK.elf' is downloaded to processor 'ps7_cortexa9_0'.
11:55:41 INFO  : 'configparams force-mem-access 0' command is executed.
11:55:41 INFO  : ----------------XSDB Script----------------
connect -url tcp:127.0.0.1:3121
source C:/Users/danie/Documents/Repaso_VIVADO/HelloWorld/HelloWorld.sdk/Only_processor_wrapper_hw_platform_0/ps7_init.tcl
targets -set -nocase -filter {name =~"APU*" && jtag_cable_name =~ "Digilent Arty Z7 003017A7006CA"} -index 0
loadhw -hw C:/Users/danie/Documents/Repaso_VIVADO/HelloWorld/HelloWorld.sdk/Only_processor_wrapper_hw_platform_0/system.hdf -mem-ranges [list {0x40000000 0xbfffffff}]
configparams force-mem-access 1
targets -set -nocase -filter {name =~"APU*" && jtag_cable_name =~ "Digilent Arty Z7 003017A7006CA"} -index 0
stop
ps7_init
ps7_post_config
targets -set -nocase -filter {name =~ "ARM*#0" && jtag_cable_name =~ "Digilent Arty Z7 003017A7006CA"} -index 0
rst -processor
targets -set -nocase -filter {name =~ "ARM*#0" && jtag_cable_name =~ "Digilent Arty Z7 003017A7006CA"} -index 0
dow C:/Users/danie/Documents/Repaso_VIVADO/HelloWorld/HelloWorld.sdk/Hello_worldSDK/Debug/Hello_worldSDK.elf
configparams force-mem-access 0
----------------End of Script----------------

11:55:41 INFO  : Context for processor 'ps7_cortexa9_0' is selected.
11:55:41 INFO  : 'con' command is executed.
11:55:41 INFO  : ----------------XSDB Script (After Launch)----------------
targets -set -nocase -filter {name =~ "ARM*#0" && jtag_cable_name =~ "Digilent Arty Z7 003017A7006CA"} -index 0
con
----------------End of Script----------------

11:55:41 INFO  : Launch script is exported to file 'C:\Users\danie\Documents\Repaso_VIVADO\HelloWorld\HelloWorld.sdk\.sdk\launch_scripts\xilinx_c-c++_application_(system_debugger)\system_debugger_using_debug_hello_worldsdk.elf_on_local.tcl'
11:56:04 INFO  : Connected to target on host '127.0.0.1' and port '3121'.
11:56:04 INFO  : Jtag cable 'Digilent Arty Z7 003017A7006CA' is selected.
11:56:04 INFO  : 'jtag frequency' command is executed.
11:56:04 INFO  : Sourcing of 'C:/Users/danie/Documents/Repaso_VIVADO/HelloWorld/HelloWorld.sdk/Only_processor_wrapper_hw_platform_0/ps7_init.tcl' is done.
11:56:04 INFO  : Context for 'APU' is selected.
11:56:04 INFO  : Hardware design information is loaded from 'C:/Users/danie/Documents/Repaso_VIVADO/HelloWorld/HelloWorld.sdk/Only_processor_wrapper_hw_platform_0/system.hdf'.
11:56:04 INFO  : 'configparams force-mem-access 1' command is executed.
11:56:04 INFO  : Context for 'APU' is selected.
11:56:04 INFO  : 'stop' command is executed.
11:56:05 INFO  : 'ps7_init' command is executed.
11:56:05 INFO  : 'ps7_post_config' command is executed.
11:56:05 INFO  : Context for processor 'ps7_cortexa9_0' is selected.
11:56:05 INFO  : Processor reset is completed for 'ps7_cortexa9_0'.
11:56:05 INFO  : Context for processor 'ps7_cortexa9_0' is selected.
11:56:05 INFO  : The application 'C:/Users/danie/Documents/Repaso_VIVADO/HelloWorld/HelloWorld.sdk/Hello_worldSDK/Debug/Hello_worldSDK.elf' is downloaded to processor 'ps7_cortexa9_0'.
11:56:05 INFO  : 'configparams force-mem-access 0' command is executed.
11:56:05 INFO  : ----------------XSDB Script----------------
connect -url tcp:127.0.0.1:3121
source C:/Users/danie/Documents/Repaso_VIVADO/HelloWorld/HelloWorld.sdk/Only_processor_wrapper_hw_platform_0/ps7_init.tcl
targets -set -nocase -filter {name =~"APU*" && jtag_cable_name =~ "Digilent Arty Z7 003017A7006CA"} -index 0
loadhw -hw C:/Users/danie/Documents/Repaso_VIVADO/HelloWorld/HelloWorld.sdk/Only_processor_wrapper_hw_platform_0/system.hdf -mem-ranges [list {0x40000000 0xbfffffff}]
configparams force-mem-access 1
targets -set -nocase -filter {name =~"APU*" && jtag_cable_name =~ "Digilent Arty Z7 003017A7006CA"} -index 0
stop
ps7_init
ps7_post_config
targets -set -nocase -filter {name =~ "ARM*#0" && jtag_cable_name =~ "Digilent Arty Z7 003017A7006CA"} -index 0
rst -processor
targets -set -nocase -filter {name =~ "ARM*#0" && jtag_cable_name =~ "Digilent Arty Z7 003017A7006CA"} -index 0
dow C:/Users/danie/Documents/Repaso_VIVADO/HelloWorld/HelloWorld.sdk/Hello_worldSDK/Debug/Hello_worldSDK.elf
configparams force-mem-access 0
----------------End of Script----------------

11:56:05 INFO  : Context for processor 'ps7_cortexa9_0' is selected.
11:56:05 INFO  : 'con' command is executed.
11:56:05 INFO  : ----------------XSDB Script (After Launch)----------------
targets -set -nocase -filter {name =~ "ARM*#0" && jtag_cable_name =~ "Digilent Arty Z7 003017A7006CA"} -index 0
con
----------------End of Script----------------

11:56:05 INFO  : Disconnected from the channel tcfchan#3.
11:56:26 INFO  : Connected to target on host '127.0.0.1' and port '3121'.
11:56:26 INFO  : Jtag cable 'Digilent Arty Z7 003017A7006CA' is selected.
11:56:26 INFO  : 'jtag frequency' command is executed.
11:56:26 INFO  : Sourcing of 'C:/Users/danie/Documents/Repaso_VIVADO/HelloWorld/HelloWorld.sdk/Only_processor_wrapper_hw_platform_0/ps7_init.tcl' is done.
11:56:26 INFO  : Context for 'APU' is selected.
11:56:26 INFO  : Hardware design information is loaded from 'C:/Users/danie/Documents/Repaso_VIVADO/HelloWorld/HelloWorld.sdk/Only_processor_wrapper_hw_platform_0/system.hdf'.
11:56:26 INFO  : 'configparams force-mem-access 1' command is executed.
11:56:26 INFO  : Context for 'APU' is selected.
11:56:26 INFO  : 'stop' command is executed.
11:56:27 INFO  : 'ps7_init' command is executed.
11:56:27 INFO  : 'ps7_post_config' command is executed.
11:56:27 INFO  : Context for processor 'ps7_cortexa9_0' is selected.
11:56:27 INFO  : Processor reset is completed for 'ps7_cortexa9_0'.
11:56:27 INFO  : Context for processor 'ps7_cortexa9_0' is selected.
11:56:27 INFO  : The application 'C:/Users/danie/Documents/Repaso_VIVADO/HelloWorld/HelloWorld.sdk/Hello_worldSDK/Debug/Hello_worldSDK.elf' is downloaded to processor 'ps7_cortexa9_0'.
11:56:27 INFO  : 'configparams force-mem-access 0' command is executed.
11:56:27 INFO  : ----------------XSDB Script----------------
connect -url tcp:127.0.0.1:3121
source C:/Users/danie/Documents/Repaso_VIVADO/HelloWorld/HelloWorld.sdk/Only_processor_wrapper_hw_platform_0/ps7_init.tcl
targets -set -nocase -filter {name =~"APU*" && jtag_cable_name =~ "Digilent Arty Z7 003017A7006CA"} -index 0
loadhw -hw C:/Users/danie/Documents/Repaso_VIVADO/HelloWorld/HelloWorld.sdk/Only_processor_wrapper_hw_platform_0/system.hdf -mem-ranges [list {0x40000000 0xbfffffff}]
configparams force-mem-access 1
targets -set -nocase -filter {name =~"APU*" && jtag_cable_name =~ "Digilent Arty Z7 003017A7006CA"} -index 0
stop
ps7_init
ps7_post_config
targets -set -nocase -filter {name =~ "ARM*#0" && jtag_cable_name =~ "Digilent Arty Z7 003017A7006CA"} -index 0
rst -processor
targets -set -nocase -filter {name =~ "ARM*#0" && jtag_cable_name =~ "Digilent Arty Z7 003017A7006CA"} -index 0
dow C:/Users/danie/Documents/Repaso_VIVADO/HelloWorld/HelloWorld.sdk/Hello_worldSDK/Debug/Hello_worldSDK.elf
configparams force-mem-access 0
----------------End of Script----------------

11:56:27 INFO  : Context for processor 'ps7_cortexa9_0' is selected.
11:56:27 INFO  : 'con' command is executed.
11:56:27 INFO  : ----------------XSDB Script (After Launch)----------------
targets -set -nocase -filter {name =~ "ARM*#0" && jtag_cable_name =~ "Digilent Arty Z7 003017A7006CA"} -index 0
con
----------------End of Script----------------

11:56:27 INFO  : Disconnected from the channel tcfchan#4.
11:57:03 WARN  : channel "tcfchan#3" closed
11:57:04 INFO  : Connected to target on host '127.0.0.1' and port '3121'.
11:57:04 INFO  : Jtag cable 'Digilent Arty Z7 003017A7006CA' is selected.
11:57:04 INFO  : 'jtag frequency' command is executed.
11:57:04 INFO  : Sourcing of 'C:/Users/danie/Documents/Repaso_VIVADO/HelloWorld/HelloWorld.sdk/Only_processor_wrapper_hw_platform_0/ps7_init.tcl' is done.
11:57:04 INFO  : Context for 'APU' is selected.
11:57:04 INFO  : Hardware design information is loaded from 'C:/Users/danie/Documents/Repaso_VIVADO/HelloWorld/HelloWorld.sdk/Only_processor_wrapper_hw_platform_0/system.hdf'.
11:57:04 INFO  : 'configparams force-mem-access 1' command is executed.
11:57:04 INFO  : Context for 'APU' is selected.
11:57:04 INFO  : 'stop' command is executed.
11:57:04 INFO  : 'ps7_init' command is executed.
11:57:04 INFO  : 'ps7_post_config' command is executed.
11:57:04 INFO  : Context for processor 'ps7_cortexa9_0' is selected.
11:57:04 INFO  : Processor reset is completed for 'ps7_cortexa9_0'.
11:57:04 INFO  : Context for processor 'ps7_cortexa9_0' is selected.
11:57:05 INFO  : The application 'C:/Users/danie/Documents/Repaso_VIVADO/HelloWorld/HelloWorld.sdk/Hello_worldSDK/Debug/Hello_worldSDK.elf' is downloaded to processor 'ps7_cortexa9_0'.
11:57:05 INFO  : 'configparams force-mem-access 0' command is executed.
11:57:05 INFO  : ----------------XSDB Script----------------
connect -url tcp:127.0.0.1:3121
source C:/Users/danie/Documents/Repaso_VIVADO/HelloWorld/HelloWorld.sdk/Only_processor_wrapper_hw_platform_0/ps7_init.tcl
targets -set -nocase -filter {name =~"APU*" && jtag_cable_name =~ "Digilent Arty Z7 003017A7006CA"} -index 0
loadhw -hw C:/Users/danie/Documents/Repaso_VIVADO/HelloWorld/HelloWorld.sdk/Only_processor_wrapper_hw_platform_0/system.hdf -mem-ranges [list {0x40000000 0xbfffffff}]
configparams force-mem-access 1
targets -set -nocase -filter {name =~"APU*" && jtag_cable_name =~ "Digilent Arty Z7 003017A7006CA"} -index 0
stop
ps7_init
ps7_post_config
targets -set -nocase -filter {name =~ "ARM*#0" && jtag_cable_name =~ "Digilent Arty Z7 003017A7006CA"} -index 0
rst -processor
targets -set -nocase -filter {name =~ "ARM*#0" && jtag_cable_name =~ "Digilent Arty Z7 003017A7006CA"} -index 0
dow C:/Users/danie/Documents/Repaso_VIVADO/HelloWorld/HelloWorld.sdk/Hello_worldSDK/Debug/Hello_worldSDK.elf
configparams force-mem-access 0
----------------End of Script----------------

11:57:05 INFO  : Context for processor 'ps7_cortexa9_0' is selected.
11:57:05 INFO  : 'con' command is executed.
11:57:05 INFO  : ----------------XSDB Script (After Launch)----------------
targets -set -nocase -filter {name =~ "ARM*#0" && jtag_cable_name =~ "Digilent Arty Z7 003017A7006CA"} -index 0
con
----------------End of Script----------------

11:57:05 INFO  : Launch script is exported to file 'C:\Users\danie\Documents\Repaso_VIVADO\HelloWorld\HelloWorld.sdk\.sdk\launch_scripts\xilinx_c-c++_application_(system_debugger)\system_debugger_using_debug_hello_worldsdk.elf_on_local.tcl'
11:57:39 INFO  : Connected to target on host '127.0.0.1' and port '3121'.
11:57:40 INFO  : Jtag cable 'Digilent Arty Z7 003017A7006CA' is selected.
11:57:40 INFO  : 'jtag frequency' command is executed.
11:57:40 INFO  : Sourcing of 'C:/Users/danie/Documents/Repaso_VIVADO/HelloWorld/HelloWorld.sdk/Only_processor_wrapper_hw_platform_0/ps7_init.tcl' is done.
11:57:40 INFO  : Context for 'APU' is selected.
11:57:40 INFO  : Hardware design information is loaded from 'C:/Users/danie/Documents/Repaso_VIVADO/HelloWorld/HelloWorld.sdk/Only_processor_wrapper_hw_platform_0/system.hdf'.
11:57:40 INFO  : 'configparams force-mem-access 1' command is executed.
11:57:40 INFO  : Context for 'APU' is selected.
11:57:40 INFO  : 'stop' command is executed.
11:57:40 INFO  : 'ps7_init' command is executed.
11:57:40 INFO  : 'ps7_post_config' command is executed.
11:57:40 INFO  : Context for processor 'ps7_cortexa9_0' is selected.
11:57:40 INFO  : Processor reset is completed for 'ps7_cortexa9_0'.
11:57:40 INFO  : Context for processor 'ps7_cortexa9_0' is selected.
11:57:41 INFO  : The application 'C:/Users/danie/Documents/Repaso_VIVADO/HelloWorld/HelloWorld.sdk/Hello_worldSDK/Debug/Hello_worldSDK.elf' is downloaded to processor 'ps7_cortexa9_0'.
11:57:41 INFO  : 'configparams force-mem-access 0' command is executed.
11:57:41 INFO  : ----------------XSDB Script----------------
connect -url tcp:127.0.0.1:3121
source C:/Users/danie/Documents/Repaso_VIVADO/HelloWorld/HelloWorld.sdk/Only_processor_wrapper_hw_platform_0/ps7_init.tcl
targets -set -nocase -filter {name =~"APU*" && jtag_cable_name =~ "Digilent Arty Z7 003017A7006CA"} -index 0
loadhw -hw C:/Users/danie/Documents/Repaso_VIVADO/HelloWorld/HelloWorld.sdk/Only_processor_wrapper_hw_platform_0/system.hdf -mem-ranges [list {0x40000000 0xbfffffff}]
configparams force-mem-access 1
targets -set -nocase -filter {name =~"APU*" && jtag_cable_name =~ "Digilent Arty Z7 003017A7006CA"} -index 0
stop
ps7_init
ps7_post_config
targets -set -nocase -filter {name =~ "ARM*#0" && jtag_cable_name =~ "Digilent Arty Z7 003017A7006CA"} -index 0
rst -processor
targets -set -nocase -filter {name =~ "ARM*#0" && jtag_cable_name =~ "Digilent Arty Z7 003017A7006CA"} -index 0
dow C:/Users/danie/Documents/Repaso_VIVADO/HelloWorld/HelloWorld.sdk/Hello_worldSDK/Debug/Hello_worldSDK.elf
configparams force-mem-access 0
----------------End of Script----------------

11:57:41 INFO  : Context for processor 'ps7_cortexa9_0' is selected.
11:57:41 INFO  : 'con' command is executed.
11:57:41 INFO  : ----------------XSDB Script (After Launch)----------------
targets -set -nocase -filter {name =~ "ARM*#0" && jtag_cable_name =~ "Digilent Arty Z7 003017A7006CA"} -index 0
con
----------------End of Script----------------

11:57:41 INFO  : Disconnected from the channel tcfchan#5.
11:58:22 WARN  : channel "tcfchan#5" closed
19:27:17 INFO  : Registering command handlers for SDK TCF services
19:27:19 INFO  : Launching XSCT server: xsct.bat -interactive C:\Users\danie\Documents\Repaso_VIVADO\HelloWorld\HelloWorld.sdk\temp_xsdb_launch_script.tcl
19:27:23 INFO  : XSCT server has started successfully.
19:27:23 INFO  : Successfully done setting XSCT server connection channel  
19:27:24 INFO  : Successfully done setting SDK workspace  
19:27:24 INFO  : Processing command line option -hwspec C:/Users/danie/Documents/Repaso_VIVADO/HelloWorld/HelloWorld.sdk/Only_processor_wrapper.hdf.
19:27:24 INFO  : Checking for hwspec changes in the project Only_processor_wrapper_hw_platform_0.
