#-----------------------------------------------------------
# Vivado v2019.1 (64-bit)
# SW Build 2552052 on Fri May 24 14:49:42 MDT 2019
# IP Build 2548770 on Fri May 24 18:01:18 MDT 2019
# Start of session at: Thu May 28 02:38:38 2020
# Process ID: 4340
# Current directory: C:/Users/danie/Documents/Implementaciones_FPGA/pulse_generator
# Command line: vivado.exe -gui_launcher_event rodinguilauncherevent13152 C:\Users\danie\Documents\Implementaciones_FPGA\pulse_generator\pulse_generator.xpr
# Log file: C:/Users/danie/Documents/Implementaciones_FPGA/pulse_generator/vivado.log
# Journal file: C:/Users/danie/Documents/Implementaciones_FPGA/pulse_generator\vivado.jou
#-----------------------------------------------------------
start_gui
open_project C:/Users/danie/Documents/Implementaciones_FPGA/pulse_generator/pulse_generator.xpr
INFO: [Project 1-313] Project file moved from 'C:/Users/danie/Documents/Repaso_VIVADO/pulse_generator' since last save.
Scanning sources...
Finished scanning sources
INFO: [IP_Flow 19-234] Refreshing IP repositories
INFO: [IP_Flow 19-1704] No user IP repositories specified
INFO: [IP_Flow 19-2313] Loaded Vivado IP repository 'C:/Xilinx/Vivado/2019.1/data/ip'.
open_project: Time (s): cpu = 00:00:24 ; elapsed = 00:00:13 . Memory (MB): peak = 862.660 ; gain = 19.363
update_compile_order -fileset sources_1
exit
INFO: [Common 17-206] Exiting Vivado at Thu May 28 02:40:00 2020...
