01:40:56 INFO  : Registering command handlers for SDK TCF services
01:40:57 INFO  : Launching XSCT server: xsct.bat -interactive C:\Users\danie\Documents\Repaso_VIVADO\custom_IP2\custom_IP2.sdk\temp_xsdb_launch_script.tcl
01:41:00 INFO  : XSCT server has started successfully.
01:41:01 INFO  : Successfully done setting XSCT server connection channel  
01:41:01 INFO  : Successfully done setting SDK workspace  
01:41:01 INFO  : Processing command line option -hwspec C:/Users/danie/Documents/Repaso_VIVADO/custom_IP2/custom_IP2.sdk/customIp2_wrapper.hdf.
01:43:33 ERROR : Failed to closesw "C:/Users/danie/Documents/Repaso_VIVADO/custom_IP2/custom_IP2.sdk/PwmLed2_bsp/system.mss"
Reason: Cannot close sw design 'C:/Users/danie/Documents/Repaso_VIVADO/custom_IP2/custom_IP2.sdk/PwmLed2_bsp/system.mss'.
Design is not opened in the current session.


01:52:09 INFO  : Connected to target on host '127.0.0.1' and port '3121'.
01:52:09 INFO  : 'targets -set -filter {jtag_cable_name =~ "Digilent Arty Z7 003017A7006CA" && level==0} -index 1' command is executed.
01:52:11 INFO  : FPGA configured successfully with bitstream "C:/Users/danie/Documents/Repaso_VIVADO/custom_IP2/custom_IP2.sdk/customIp2_wrapper_hw_platform_0/customIp2_wrapper.bit"
01:53:05 INFO  : 'targets -set -filter {jtag_cable_name =~ "Digilent Arty Z7 003017A7006CA" && level==0} -index 1' command is executed.
01:53:05 INFO  : 'fpga -state' command is executed.
01:53:05 INFO  : Connected to target on host '127.0.0.1' and port '3121'.
01:53:05 INFO  : Jtag cable 'Digilent Arty Z7 003017A7006CA' is selected.
01:53:05 INFO  : 'jtag frequency' command is executed.
01:53:05 INFO  : Sourcing of 'C:/Users/danie/Documents/Repaso_VIVADO/custom_IP2/custom_IP2.sdk/customIp2_wrapper_hw_platform_0/ps7_init.tcl' is done.
01:53:05 INFO  : Context for 'APU' is selected.
01:53:05 INFO  : Hardware design information is loaded from 'C:/Users/danie/Documents/Repaso_VIVADO/custom_IP2/custom_IP2.sdk/customIp2_wrapper_hw_platform_0/system.hdf'.
01:53:05 INFO  : 'configparams force-mem-access 1' command is executed.
01:53:05 INFO  : Context for 'APU' is selected.
01:53:05 INFO  : 'stop' command is executed.
01:53:05 INFO  : 'ps7_init' command is executed.
01:53:05 INFO  : 'ps7_post_config' command is executed.
01:53:05 INFO  : Context for processor 'ps7_cortexa9_0' is selected.
01:53:05 INFO  : Processor reset is completed for 'ps7_cortexa9_0'.
01:53:06 INFO  : Context for processor 'ps7_cortexa9_0' is selected.
01:53:06 INFO  : The application 'C:/Users/danie/Documents/Repaso_VIVADO/custom_IP2/custom_IP2.sdk/PwmLed2/Debug/PwmLed2.elf' is downloaded to processor 'ps7_cortexa9_0'.
01:53:06 INFO  : 'configparams force-mem-access 0' command is executed.
01:53:06 INFO  : ----------------XSDB Script----------------
connect -url tcp:127.0.0.1:3121
source C:/Users/danie/Documents/Repaso_VIVADO/custom_IP2/custom_IP2.sdk/customIp2_wrapper_hw_platform_0/ps7_init.tcl
targets -set -nocase -filter {name =~"APU*" && jtag_cable_name =~ "Digilent Arty Z7 003017A7006CA"} -index 0
loadhw -hw C:/Users/danie/Documents/Repaso_VIVADO/custom_IP2/custom_IP2.sdk/customIp2_wrapper_hw_platform_0/system.hdf -mem-ranges [list {0x40000000 0xbfffffff}]
configparams force-mem-access 1
targets -set -nocase -filter {name =~"APU*" && jtag_cable_name =~ "Digilent Arty Z7 003017A7006CA"} -index 0
stop
ps7_init
ps7_post_config
targets -set -nocase -filter {name =~ "ARM*#0" && jtag_cable_name =~ "Digilent Arty Z7 003017A7006CA"} -index 0
rst -processor
targets -set -nocase -filter {name =~ "ARM*#0" && jtag_cable_name =~ "Digilent Arty Z7 003017A7006CA"} -index 0
dow C:/Users/danie/Documents/Repaso_VIVADO/custom_IP2/custom_IP2.sdk/PwmLed2/Debug/PwmLed2.elf
configparams force-mem-access 0
----------------End of Script----------------

01:53:06 INFO  : Context for processor 'ps7_cortexa9_0' is selected.
01:53:06 INFO  : 'con' command is executed.
01:53:06 INFO  : ----------------XSDB Script (After Launch)----------------
targets -set -nocase -filter {name =~ "ARM*#0" && jtag_cable_name =~ "Digilent Arty Z7 003017A7006CA"} -index 0
con
----------------End of Script----------------

01:53:06 INFO  : Disconnected from the channel tcfchan#1.
18:44:46 INFO  : Registering command handlers for SDK TCF services
18:44:48 INFO  : Launching XSCT server: xsct.bat -interactive C:\Users\danie\Documents\Repaso_VIVADO\custom_IP2\custom_IP2.sdk\temp_xsdb_launch_script.tcl
18:44:52 INFO  : XSCT server has started successfully.
18:44:52 INFO  : Successfully done setting XSCT server connection channel  
18:44:53 INFO  : Successfully done setting SDK workspace  
18:44:53 INFO  : Processing command line option -hwspec C:/Users/danie/Documents/Repaso_VIVADO/custom_IP2/custom_IP2.sdk/customIp2_wrapper.hdf.
18:44:53 INFO  : Checking for hwspec changes in the project customIp2_wrapper_hw_platform_0.
