#-----------------------------------------------------------
# Vivado v2019.1 (64-bit)
# SW Build 2552052 on Fri May 24 14:49:42 MDT 2019
# IP Build 2548770 on Fri May 24 18:01:18 MDT 2019
# Start of session at: Mon Mar  2 08:38:10 2020
# Process ID: 15236
# Current directory: C:/Users/danie/Documents/Repaso_VIVADO/Ensayo_lectura
# Command line: vivado.exe -gui_launcher_event rodinguilauncherevent15416 C:\Users\danie\Documents\Repaso_VIVADO\Ensayo_lectura\Ensayo_lectura.xpr
# Log file: C:/Users/danie/Documents/Repaso_VIVADO/Ensayo_lectura/vivado.log
# Journal file: C:/Users/danie/Documents/Repaso_VIVADO/Ensayo_lectura\vivado.jou
#-----------------------------------------------------------
start_gui
open_project C:/Users/danie/Documents/Repaso_VIVADO/Ensayo_lectura/Ensayo_lectura.xpr
Scanning sources...
Finished scanning sources
INFO: [IP_Flow 19-234] Refreshing IP repositories
INFO: [IP_Flow 19-1704] No user IP repositories specified
INFO: [IP_Flow 19-2313] Loaded Vivado IP repository 'C:/Xilinx/Vivado/2019.1/data/ip'.
open_project: Time (s): cpu = 00:00:19 ; elapsed = 00:00:10 . Memory (MB): peak = 752.375 ; gain = 129.945
update_compile_order -fileset sources_1
open_bd_design {C:/Users/danie/Documents/Repaso_VIVADO/Ensayo_lectura/Ensayo_lectura.srcs/sources_1/bd/Recepcion/Recepcion.bd}
Adding component instance block -- xilinx.com:ip:processing_system7:5.5 - processing_system7_0
Successfully read diagram <Recepcion> from BD file <C:/Users/danie/Documents/Repaso_VIVADO/Ensayo_lectura/Ensayo_lectura.srcs/sources_1/bd/Recepcion/Recepcion.bd>
open_bd_design: Time (s): cpu = 00:00:16 ; elapsed = 00:00:11 . Memory (MB): peak = 883.348 ; gain = 117.586
launch_sdk -workspace C:/Users/danie/Documents/Repaso_VIVADO/Ensayo_lectura/Ensayo_lectura.sdk -hwspec C:/Users/danie/Documents/Repaso_VIVADO/Ensayo_lectura/Ensayo_lectura.sdk/Recepcion_wrapper.hdf
INFO: [Vivado 12-393] Launching SDK...
INFO: [Vivado 12-417] Running xsdk -workspace C:/Users/danie/Documents/Repaso_VIVADO/Ensayo_lectura/Ensayo_lectura.sdk -hwspec C:/Users/danie/Documents/Repaso_VIVADO/Ensayo_lectura/Ensayo_lectura.sdk/Recepcion_wrapper.hdf
INFO: [Vivado 12-3157] SDK launch initiated. Please check console for any further messages.
exit
INFO: [Common 17-206] Exiting Vivado at Mon Mar  2 12:43:07 2020...
