#-----------------------------------------------------------
# Vivado v2019.1 (64-bit)
# SW Build 2552052 on Fri May 24 14:49:42 MDT 2019
# IP Build 2548770 on Fri May 24 18:01:18 MDT 2019
# Start of session at: Sun May 10 03:45:59 2020
# Process ID: 7748
# Current directory: C:/Users/danie/Documents/Repaso_VIVADO/PYNQ_base/base/base.srcs/sources_1/bd/base/ip/base_btns_gpio_0
# Command line: vivado.exe -gui_launcher_event rodinguilauncherevent8512 C:\Users\danie\Documents\Repaso_VIVADO\PYNQ_base\base\base.srcs\sources_1\bd\base\ip\base_btns_gpio_0\base_btns_gpio_0.dcp
# Log file: C:/Users/danie/Documents/Repaso_VIVADO/PYNQ_base/base/base.srcs/sources_1/bd/base/ip/base_btns_gpio_0/vivado.log
# Journal file: C:/Users/danie/Documents/Repaso_VIVADO/PYNQ_base/base/base.srcs/sources_1/bd/base/ip/base_btns_gpio_0\vivado.jou
#-----------------------------------------------------------
start_gui
open_checkpoint C:/Users/danie/Documents/Repaso_VIVADO/PYNQ_base/base/base.srcs/sources_1/bd/base/ip/base_btns_gpio_0/base_btns_gpio_0.dcp
Command: open_checkpoint C:/Users/danie/Documents/Repaso_VIVADO/PYNQ_base/base/base.srcs/sources_1/bd/base/ip/base_btns_gpio_0/base_btns_gpio_0.dcp

Starting open_checkpoint Task

Time (s): cpu = 00:00:00 ; elapsed = 00:00:00.073 . Memory (MB): peak = 634.762 ; gain = 10.609
INFO: [IP_Flow 19-234] Refreshing IP repositories
INFO: [IP_Flow 19-1704] No user IP repositories specified
INFO: [IP_Flow 19-2313] Loaded Vivado IP repository 'C:/Xilinx/Vivado/2019.1/data/ip'.
INFO: [Device 21-403] Loading part xc7z020clg400-1
INFO: [Project 1-479] Netlist was created with Vivado 2019.1
INFO: [Project 1-570] Preparing netlist for logic optimization
Netlist sorting complete. Time (s): cpu = 00:00:00 ; elapsed = 00:00:00.001 . Memory (MB): peak = 1028.031 ; gain = 0.000
INFO: [Project 1-111] Unisim Transformation Summary:
No Unisim elements were transformed.

INFO: [Project 1-604] Checkpoint was created with Vivado v2019.1 (64-bit) build 2552052
open_checkpoint: Time (s): cpu = 00:00:54 ; elapsed = 00:00:45 . Memory (MB): peak = 1194.637 ; gain = 590.418
exit
INFO: [Common 17-206] Exiting Vivado at Sun May 10 03:50:16 2020...
