Copyright 1986-2019 Xilinx, Inc. All Rights Reserved.
----------------------------------------------------------------------------------------------------
| Tool Version : Vivado v.2019.1 (win64) Build 2552052 Fri May 24 14:49:42 MDT 2019
| Date         : Thu May 21 04:09:45 2020
| Host         : DESKTOP-B2I46DP running 64-bit major release  (build 9200)
| Command      : report_control_sets -verbose -file comblock_desing_wrapper_control_sets_placed.rpt
| Design       : comblock_desing_wrapper
| Device       : xc7z020
----------------------------------------------------------------------------------------------------

Control Set Information

Table of Contents
-----------------
1. Summary
2. Histogram
3. Flip-Flop Distribution
4. Detailed Control Set Information

1. Summary
----------

+----------------------------------------------------------+-------+
|                          Status                          | Count |
+----------------------------------------------------------+-------+
| Total control sets                                       |    84 |
|    Minimum number of control sets                        |    84 |
|    Addition due to synthesis replication                 |     0 |
|    Addition due to physical synthesis replication        |     0 |
| Unused register locations in slices containing registers |   258 |
+----------------------------------------------------------+-------+
* Control sets can be merged at opt_design using control_set_merge or merge_equivalent_drivers
** Run report_qor_suggestions for automated merging and remapping suggestions


2. Histogram
------------

+--------------------+-------+
|       Fanout       | Count |
+--------------------+-------+
| Total control sets |    84 |
| >= 0 to < 4        |     2 |
| >= 4 to < 6        |    28 |
| >= 6 to < 8        |     6 |
| >= 8 to < 10       |     7 |
| >= 10 to < 12      |     1 |
| >= 12 to < 14      |    22 |
| >= 14 to < 16      |     3 |
| >= 16              |    15 |
+--------------------+-------+
* Control sets can be remapped at either synth_design or opt_design


3. Flip-Flop Distribution
-------------------------

+--------------+-----------------------+------------------------+-----------------+--------------+
| Clock Enable | Synchronous Set/Reset | Asynchronous Set/Reset | Total Registers | Total Slices |
+--------------+-----------------------+------------------------+-----------------+--------------+
| No           | No                    | No                     |             126 |           43 |
| No           | No                    | Yes                    |               0 |            0 |
| No           | Yes                   | No                     |              72 |           41 |
| Yes          | No                    | No                     |             344 |           93 |
| Yes          | No                    | Yes                    |               0 |            0 |
| Yes          | Yes                   | No                     |             416 |          101 |
+--------------+-----------------------+------------------------+-----------------+--------------+


4. Detailed Control Set Information
-----------------------------------

+--------------------------------------------------------+---------------------------------------------------------------------------------------------------------------------------------------------------------------------------------------------------------------+---------------------------------------------------------------------------------------------------------------------------------------------------------------+------------------+----------------+
|                      Clock Signal                      |                                                                                                 Enable Signal                                                                                                 |                                                                        Set/Reset Signal                                                                       | Slice Load Count | Bel Load Count |
+--------------------------------------------------------+---------------------------------------------------------------------------------------------------------------------------------------------------------------------------------------------------------------+---------------------------------------------------------------------------------------------------------------------------------------------------------------+------------------+----------------+
|  comblock_desing_i/processing_system7_0/inst/FCLK_CLK0 | comblock_desing_i/ps7_0_axi_periph/xbar/inst/gen_samd.crossbar_samd/gen_slave_slots[0].gen_si_write.wdata_router_w/wrouter_aw_fifo/gen_srls[0].gen_rep[1].srl_nx1/push                                        |                                                                                                                                                               |                1 |              1 |
|  comblock_desing_i/processing_system7_0/inst/FCLK_CLK0 | comblock_desing_i/ps7_0_axi_periph/m00_couplers/auto_pc/inst/gen_axilite.gen_b2s_conv.axilite_b2s/WR.b_channel_0/bid_fifo_0/bresp_push                                                                        |                                                                                                                                                               |                1 |              2 |
|  comblock_desing_i/processing_system7_0/inst/FCLK_CLK0 | comblock_desing_i/ps7_0_axi_periph/xbar/inst/gen_samd.crossbar_samd/gen_slave_slots[0].gen_si_read.si_transactor_ar/gen_multi_thread.arbiter_resp_inst/E[0]                                                   | comblock_desing_i/ps7_0_axi_periph/xbar/inst/gen_samd.crossbar_samd/gen_slave_slots[0].gen_si_write.si_transactor_aw/gen_multi_thread.arbiter_resp_inst/SR[0] |                1 |              4 |
|  comblock_desing_i/processing_system7_0/inst/FCLK_CLK0 |                                                                                                                                                                                                               | comblock_desing_i/ps7_0_axi_periph/m00_couplers/auto_pc/inst/gen_axilite.gen_b2s_conv.axilite_b2s/SI_REG/ar.ar_pipe/aresetn_d_reg[1]_inv_0                    |                4 |              4 |
|  comblock_desing_i/processing_system7_0/inst/FCLK_CLK0 |                                                                                                                                                                                                               | comblock_desing_i/ps7_0_axi_periph/m00_couplers/auto_pc/inst/gen_axilite.gen_b2s_conv.axilite_b2s/SI_REG/aw.aw_pipe/aresetn_d_reg[0]_0                        |                3 |              4 |
|  comblock_desing_i/processing_system7_0/inst/FCLK_CLK0 |                                                                                                                                                                                                               | comblock_desing_i/comblock_ip/U0/AXIL_inst/axi_rdata[3]_i_1_n_0                                                                                               |                1 |              4 |
|  comblock_desing_i/processing_system7_0/inst/FCLK_CLK0 | comblock_desing_i/ps7_0_axi_periph/xbar/inst/gen_samd.crossbar_samd/gen_slave_slots[0].gen_si_read.si_transactor_ar/gen_multi_thread.arbiter_resp_inst/gen_multi_thread.active_cnt_reg[3][0]                  | comblock_desing_i/ps7_0_axi_periph/xbar/inst/gen_samd.crossbar_samd/gen_slave_slots[0].gen_si_write.si_transactor_aw/gen_multi_thread.arbiter_resp_inst/SR[0] |                1 |              4 |
|  comblock_desing_i/processing_system7_0/inst/FCLK_CLK0 | comblock_desing_i/ps7_0_axi_periph/xbar/inst/gen_samd.crossbar_samd/gen_slave_slots[0].gen_si_read.si_transactor_ar/gen_multi_thread.arbiter_resp_inst/gen_multi_thread.active_cnt_reg[27][0]                 | comblock_desing_i/ps7_0_axi_periph/xbar/inst/gen_samd.crossbar_samd/gen_slave_slots[0].gen_si_write.si_transactor_aw/gen_multi_thread.arbiter_resp_inst/SR[0] |                1 |              4 |
|  comblock_desing_i/processing_system7_0/inst/FCLK_CLK0 |                                                                                                                                                                                                               | comblock_desing_i/rst_ps7_0_100M/U0/EXT_LPF/lpf_int                                                                                                           |                1 |              4 |
|  comblock_desing_i/processing_system7_0/inst/FCLK_CLK0 | comblock_desing_i/ps7_0_axi_periph/xbar/inst/gen_samd.crossbar_samd/gen_slave_slots[0].gen_si_write.si_transactor_aw/gen_multi_thread.arbiter_resp_inst/s_axi_bready[0]_3[0]                                  | comblock_desing_i/ps7_0_axi_periph/xbar/inst/gen_samd.crossbar_samd/gen_slave_slots[0].gen_si_write.si_transactor_aw/gen_multi_thread.arbiter_resp_inst/SR[0] |                2 |              4 |
|  comblock_desing_i/processing_system7_0/inst/FCLK_CLK0 | comblock_desing_i/ps7_0_axi_periph/xbar/inst/gen_samd.crossbar_samd/gen_slave_slots[0].gen_si_write.si_transactor_aw/gen_multi_thread.arbiter_resp_inst/s_axi_bready[0][0]                                    | comblock_desing_i/ps7_0_axi_periph/xbar/inst/gen_samd.crossbar_samd/gen_slave_slots[0].gen_si_write.si_transactor_aw/gen_multi_thread.arbiter_resp_inst/SR[0] |                1 |              4 |
|  comblock_desing_i/processing_system7_0/inst/FCLK_CLK0 | comblock_desing_i/ps7_0_axi_periph/xbar/inst/gen_samd.crossbar_samd/gen_master_slots[0].reg_slice_mi/r.r_pipe/E[0]                                                                                            | comblock_desing_i/ps7_0_axi_periph/xbar/inst/gen_samd.crossbar_samd/gen_slave_slots[0].gen_si_write.si_transactor_aw/gen_multi_thread.arbiter_resp_inst/SR[0] |                2 |              4 |
|  comblock_desing_i/processing_system7_0/inst/FCLK_CLK0 | comblock_desing_i/ps7_0_axi_periph/xbar/inst/gen_samd.crossbar_samd/gen_slave_slots[0].gen_si_write.si_transactor_aw/gen_multi_thread.arbiter_resp_inst/gen_multi_thread.accept_cnt_reg[1][0]                 | comblock_desing_i/ps7_0_axi_periph/xbar/inst/gen_samd.crossbar_samd/gen_slave_slots[0].gen_si_write.si_transactor_aw/gen_multi_thread.arbiter_resp_inst/SR[0] |                2 |              4 |
|  comblock_desing_i/processing_system7_0/inst/FCLK_CLK0 | comblock_desing_i/ps7_0_axi_periph/xbar/inst/gen_samd.crossbar_samd/gen_slave_slots[0].gen_si_write.si_transactor_aw/gen_multi_thread.arbiter_resp_inst/E[0]                                                  | comblock_desing_i/ps7_0_axi_periph/xbar/inst/gen_samd.crossbar_samd/gen_slave_slots[0].gen_si_write.si_transactor_aw/gen_multi_thread.arbiter_resp_inst/SR[0] |                2 |              4 |
|  comblock_desing_i/processing_system7_0/inst/FCLK_CLK0 | comblock_desing_i/ps7_0_axi_periph/xbar/inst/gen_samd.crossbar_samd/gen_slave_slots[0].gen_si_write.si_transactor_aw/gen_multi_thread.arbiter_resp_inst/gen_multi_thread.active_cnt_reg[3][0]                 | comblock_desing_i/ps7_0_axi_periph/xbar/inst/gen_samd.crossbar_samd/gen_slave_slots[0].gen_si_write.si_transactor_aw/gen_multi_thread.arbiter_resp_inst/SR[0] |                1 |              4 |
|  comblock_desing_i/processing_system7_0/inst/FCLK_CLK0 | comblock_desing_i/ps7_0_axi_periph/xbar/inst/gen_samd.crossbar_samd/gen_slave_slots[0].gen_si_write.si_transactor_aw/gen_multi_thread.arbiter_resp_inst/s_axi_bready[0]_0[0]                                  | comblock_desing_i/ps7_0_axi_periph/xbar/inst/gen_samd.crossbar_samd/gen_slave_slots[0].gen_si_write.si_transactor_aw/gen_multi_thread.arbiter_resp_inst/SR[0] |                2 |              4 |
|  comblock_desing_i/processing_system7_0/inst/FCLK_CLK0 | comblock_desing_i/ps7_0_axi_periph/xbar/inst/gen_samd.crossbar_samd/gen_slave_slots[0].gen_si_write.si_transactor_aw/gen_multi_thread.arbiter_resp_inst/s_axi_bready[0]_1[0]                                  | comblock_desing_i/ps7_0_axi_periph/xbar/inst/gen_samd.crossbar_samd/gen_slave_slots[0].gen_si_write.si_transactor_aw/gen_multi_thread.arbiter_resp_inst/SR[0] |                1 |              4 |
|  comblock_desing_i/processing_system7_0/inst/FCLK_CLK0 | comblock_desing_i/ps7_0_axi_periph/xbar/inst/gen_samd.crossbar_samd/gen_slave_slots[0].gen_si_write.si_transactor_aw/gen_multi_thread.arbiter_resp_inst/s_axi_bready[0]_2[0]                                  | comblock_desing_i/ps7_0_axi_periph/xbar/inst/gen_samd.crossbar_samd/gen_slave_slots[0].gen_si_write.si_transactor_aw/gen_multi_thread.arbiter_resp_inst/SR[0] |                1 |              4 |
|  comblock_desing_i/processing_system7_0/inst/FCLK_CLK0 | comblock_desing_i/ps7_0_axi_periph/xbar/inst/gen_samd.crossbar_samd/gen_slave_slots[0].gen_si_write.si_transactor_aw/gen_multi_thread.arbiter_resp_inst/s_axi_bready[0]_4[0]                                  | comblock_desing_i/ps7_0_axi_periph/xbar/inst/gen_samd.crossbar_samd/gen_slave_slots[0].gen_si_write.si_transactor_aw/gen_multi_thread.arbiter_resp_inst/SR[0] |                1 |              4 |
|  comblock_desing_i/processing_system7_0/inst/FCLK_CLK0 | comblock_desing_i/ps7_0_axi_periph/m00_couplers/auto_pc/inst/gen_axilite.gen_b2s_conv.axilite_b2s/RD.r_channel_0/rd_data_fifo_0/wr_en0                                                                        |                                                                                                                                                               |                1 |              4 |
|  comblock_desing_i/processing_system7_0/inst/FCLK_CLK0 | comblock_desing_i/ps7_0_axi_periph/xbar/inst/gen_samd.crossbar_samd/gen_slave_slots[0].gen_si_read.si_transactor_ar/gen_multi_thread.arbiter_resp_inst/gen_multi_thread.active_cnt_reg[43][0]                 | comblock_desing_i/ps7_0_axi_periph/xbar/inst/gen_samd.crossbar_samd/gen_slave_slots[0].gen_si_write.si_transactor_aw/gen_multi_thread.arbiter_resp_inst/SR[0] |                1 |              4 |
|  comblock_desing_i/processing_system7_0/inst/FCLK_CLK0 | comblock_desing_i/ps7_0_axi_periph/xbar/inst/gen_samd.crossbar_samd/gen_slave_slots[0].gen_si_read.si_transactor_ar/gen_multi_thread.arbiter_resp_inst/gen_multi_thread.active_cnt_reg[11][0]                 | comblock_desing_i/ps7_0_axi_periph/xbar/inst/gen_samd.crossbar_samd/gen_slave_slots[0].gen_si_write.si_transactor_aw/gen_multi_thread.arbiter_resp_inst/SR[0] |                1 |              4 |
|  comblock_desing_i/processing_system7_0/inst/FCLK_CLK0 | comblock_desing_i/ps7_0_axi_periph/xbar/inst/gen_samd.crossbar_samd/addr_arbiter_aw/E[0]                                                                                                                      | comblock_desing_i/ps7_0_axi_periph/xbar/inst/gen_samd.crossbar_samd/gen_slave_slots[0].gen_si_write.si_transactor_aw/gen_multi_thread.arbiter_resp_inst/SR[0] |                2 |              4 |
|  comblock_desing_i/processing_system7_0/inst/FCLK_CLK0 | comblock_desing_i/ps7_0_axi_periph/xbar/inst/gen_samd.crossbar_samd/gen_slave_slots[0].gen_si_write.wdata_router_w/wrouter_aw_fifo/m_valid_i                                                                  | comblock_desing_i/ps7_0_axi_periph/xbar/inst/gen_samd.crossbar_samd/gen_slave_slots[0].gen_si_write.wdata_router_w/wrouter_aw_fifo/areset_d1                  |                1 |              4 |
|  comblock_desing_i/processing_system7_0/inst/FCLK_CLK0 | comblock_desing_i/ps7_0_axi_periph/xbar/inst/gen_samd.crossbar_samd/gen_slave_slots[0].gen_si_read.si_transactor_ar/gen_multi_thread.arbiter_resp_inst/gen_multi_thread.active_cnt_reg[51][0]                 | comblock_desing_i/ps7_0_axi_periph/xbar/inst/gen_samd.crossbar_samd/gen_slave_slots[0].gen_si_write.si_transactor_aw/gen_multi_thread.arbiter_resp_inst/SR[0] |                1 |              4 |
|  comblock_desing_i/processing_system7_0/inst/FCLK_CLK0 | comblock_desing_i/ps7_0_axi_periph/xbar/inst/gen_samd.crossbar_samd/gen_slave_slots[0].gen_si_read.si_transactor_ar/gen_multi_thread.arbiter_resp_inst/gen_multi_thread.active_cnt_reg[19][0]                 | comblock_desing_i/ps7_0_axi_periph/xbar/inst/gen_samd.crossbar_samd/gen_slave_slots[0].gen_si_write.si_transactor_aw/gen_multi_thread.arbiter_resp_inst/SR[0] |                2 |              4 |
|  comblock_desing_i/processing_system7_0/inst/FCLK_CLK0 | comblock_desing_i/ps7_0_axi_periph/xbar/inst/gen_samd.crossbar_samd/gen_slave_slots[0].gen_si_read.si_transactor_ar/gen_multi_thread.arbiter_resp_inst/gen_multi_thread.active_cnt_reg[35][0]                 | comblock_desing_i/ps7_0_axi_periph/xbar/inst/gen_samd.crossbar_samd/gen_slave_slots[0].gen_si_write.si_transactor_aw/gen_multi_thread.arbiter_resp_inst/SR[0] |                1 |              4 |
|  comblock_desing_i/processing_system7_0/inst/FCLK_CLK0 | comblock_desing_i/ps7_0_axi_periph/xbar/inst/gen_samd.crossbar_samd/gen_slave_slots[0].gen_si_read.si_transactor_ar/gen_multi_thread.arbiter_resp_inst/gen_multi_thread.accept_cnt_reg[2][0]                  | comblock_desing_i/ps7_0_axi_periph/xbar/inst/gen_samd.crossbar_samd/gen_slave_slots[0].gen_si_write.si_transactor_aw/gen_multi_thread.arbiter_resp_inst/SR[0] |                2 |              4 |
|  comblock_desing_i/processing_system7_0/inst/FCLK_CLK0 | comblock_desing_i/ps7_0_axi_periph/m00_couplers/auto_pc/inst/gen_axilite.gen_b2s_conv.axilite_b2s/RD.r_channel_0/transaction_fifo_0/cnt_read[4]_i_1__0_n_0                                                    | comblock_desing_i/ps7_0_axi_periph/m00_couplers/auto_pc/inst/gen_axilite.gen_b2s_conv.axilite_b2s/areset_d1                                                   |                1 |              5 |
|  comblock_desing_i/processing_system7_0/inst/FCLK_CLK0 | comblock_desing_i/ps7_0_axi_periph/m00_couplers/auto_pc/inst/gen_axilite.gen_b2s_conv.axilite_b2s/RD.r_channel_0/transaction_fifo_0/E[0]                                                                      | comblock_desing_i/ps7_0_axi_periph/m00_couplers/auto_pc/inst/gen_axilite.gen_b2s_conv.axilite_b2s/areset_d1                                                   |                2 |              5 |
|  comblock_desing_i/processing_system7_0/inst/FCLK_CLK0 |                                                                                                                                                                                                               | comblock_desing_i/comblock_ip/U0/AXIL_inst/p_0_in                                                                                                             |                4 |              6 |
|  comblock_desing_i/processing_system7_0/inst/FCLK_CLK0 |                                                                                                                                                                                                               | comblock_desing_i/ps7_0_axi_periph/xbar/inst/gen_samd.crossbar_samd/gen_master_slots[1].reg_slice_mi/b.b_pipe/p_1_in                                          |                3 |              6 |
|  comblock_desing_i/processing_system7_0/inst/FCLK_CLK0 |                                                                                                                                                                                                               | comblock_desing_i/ps7_0_axi_periph/xbar/inst/gen_samd.crossbar_samd/gen_master_slots[1].reg_slice_mi/b.b_pipe/p_0_in                                          |                5 |              6 |
|  comblock_desing_i/processing_system7_0/inst/FCLK_CLK0 | comblock_desing_i/comblock_ip/U0/AXIL_inst/axi_awready0                                                                                                                                                       | comblock_desing_i/comblock_ip/U0/AXIL_inst/p_0_in                                                                                                             |                2 |              6 |
|  comblock_desing_i/processing_system7_0/inst/FCLK_CLK0 | comblock_desing_i/comblock_ip/U0/AXIL_inst/axi_arready0                                                                                                                                                       | comblock_desing_i/comblock_ip/U0/AXIL_inst/p_0_in                                                                                                             |                2 |              6 |
|  comblock_desing_i/processing_system7_0/inst/FCLK_CLK0 | comblock_desing_i/rst_ps7_0_100M/U0/SEQ/seq_cnt_en                                                                                                                                                            | comblock_desing_i/rst_ps7_0_100M/U0/SEQ/SEQ_COUNTER/clear                                                                                                     |                1 |              6 |
|  comblock_desing_i/processing_system7_0/inst/FCLK_CLK0 | comblock_desing_i/ps7_0_axi_periph/m00_couplers/auto_pc/inst/gen_axilite.gen_b2s_conv.axilite_b2s/WR.aw_channel_0/aw_cmd_fsm_0/E[0]                                                                           |                                                                                                                                                               |                3 |              8 |
|  comblock_desing_i/processing_system7_0/inst/FCLK_CLK0 | comblock_desing_i/ps7_0_axi_periph/m00_couplers/auto_pc/inst/gen_axilite.gen_b2s_conv.axilite_b2s/RD.ar_channel_0/ar_cmd_fsm_0/FSM_sequential_state_reg[1]_0[0]                                               |                                                                                                                                                               |                4 |              8 |
|  comblock_desing_i/processing_system7_0/inst/FCLK_CLK0 | comblock_desing_i/ps7_0_axi_periph/m00_couplers/auto_pc/inst/gen_axilite.gen_b2s_conv.axilite_b2s/WR.b_channel_0/mhandshake_r                                                                                 | comblock_desing_i/ps7_0_axi_periph/m00_couplers/auto_pc/inst/gen_axilite.gen_b2s_conv.axilite_b2s/WR.b_channel_0/bid_fifo_0/SR[0]                             |                3 |              8 |
|  comblock_desing_i/processing_system7_0/inst/FCLK_CLK0 | comblock_desing_i/ps7_0_axi_periph/m00_couplers/auto_pc/inst/gen_axilite.gen_b2s_conv.axilite_b2s/WR.aw_channel_0/cmd_translator_0/incr_cmd_0/axaddr_incr[11]_i_1_n_0                                         |                                                                                                                                                               |                2 |              8 |
|  comblock_desing_i/processing_system7_0/inst/FCLK_CLK0 | comblock_desing_i/ps7_0_axi_periph/m00_couplers/auto_pc/inst/gen_axilite.gen_b2s_conv.axilite_b2s/RD.ar_channel_0/ar_cmd_fsm_0/sel_first_reg[0]                                                               |                                                                                                                                                               |                2 |              8 |
|  comblock_desing_i/processing_system7_0/inst/FCLK_CLK0 | comblock_desing_i/comblock_ip/U0/AXIL_inst/E[0]                                                                                                                                                               |                                                                                                                                                               |                2 |              8 |
|  comblock_desing_i/processing_system7_0/inst/FCLK_CLK0 | comblock_desing_i/ps7_0_axi_periph/xbar/inst/gen_samd.crossbar_samd/gen_decerr_slave.decerr_slave_inst/gen_axi.read_cnt[7]_i_1_n_0                                                                            | comblock_desing_i/ps7_0_axi_periph/xbar/inst/gen_samd.crossbar_samd/gen_slave_slots[0].gen_si_write.si_transactor_aw/gen_multi_thread.arbiter_resp_inst/SR[0] |                4 |              8 |
|  comblock_desing_i/processing_system7_0/inst/FCLK_CLK0 |                                                                                                                                                                                                               | comblock_desing_i/ps7_0_axi_periph/m00_couplers/auto_pc/inst/gen_axilite.gen_b2s_conv.axilite_b2s/areset_d1                                                   |                4 |             10 |
|  comblock_desing_i/processing_system7_0/inst/FCLK_CLK0 | comblock_desing_i/ps7_0_axi_periph/xbar/inst/gen_samd.crossbar_samd/gen_master_slots[2].reg_slice_mi/b.b_pipe/gen_slave_slots[0].gen_si_write.si_transactor_aw/gen_multi_thread.arbiter_resp_inst/chosen40_in |                                                                                                                                                               |                3 |             12 |
|  comblock_desing_i/processing_system7_0/inst/FCLK_CLK0 | comblock_desing_i/ps7_0_axi_periph/xbar/inst/gen_samd.crossbar_samd/addr_arbiter_ar/E[0]                                                                                                                      | comblock_desing_i/ps7_0_axi_periph/xbar/inst/gen_samd.crossbar_samd/gen_slave_slots[0].gen_si_write.si_transactor_aw/gen_multi_thread.arbiter_resp_inst/SR[0] |                3 |             12 |
|  comblock_desing_i/processing_system7_0/inst/FCLK_CLK0 | comblock_desing_i/ps7_0_axi_periph/xbar/inst/gen_samd.crossbar_samd/gen_decerr_slave.decerr_slave_inst/gen_axi.s_axi_bid_i[11]_i_1_n_0                                                                        | comblock_desing_i/ps7_0_axi_periph/xbar/inst/gen_samd.crossbar_samd/gen_slave_slots[0].gen_si_write.si_transactor_aw/gen_multi_thread.arbiter_resp_inst/SR[0] |                2 |             12 |
|  comblock_desing_i/processing_system7_0/inst/FCLK_CLK0 | comblock_desing_i/ps7_0_axi_periph/xbar/inst/gen_samd.crossbar_samd/gen_slave_slots[0].gen_si_read.si_transactor_ar/gen_multi_thread.cmd_push_0                                                               | comblock_desing_i/ps7_0_axi_periph/xbar/inst/gen_samd.crossbar_samd/gen_slave_slots[0].gen_si_write.si_transactor_aw/gen_multi_thread.arbiter_resp_inst/SR[0] |                2 |             13 |
|  comblock_desing_i/processing_system7_0/inst/FCLK_CLK0 | comblock_desing_i/ps7_0_axi_periph/xbar/inst/gen_samd.crossbar_samd/gen_slave_slots[0].gen_si_read.si_transactor_ar/gen_multi_thread.cmd_push_4                                                               | comblock_desing_i/ps7_0_axi_periph/xbar/inst/gen_samd.crossbar_samd/gen_slave_slots[0].gen_si_write.si_transactor_aw/gen_multi_thread.arbiter_resp_inst/SR[0] |                2 |             13 |
|  comblock_desing_i/processing_system7_0/inst/FCLK_CLK0 | comblock_desing_i/ps7_0_axi_periph/xbar/inst/gen_samd.crossbar_samd/gen_master_slots[2].reg_slice_mi/r.r_pipe/s_ready_i_reg_0                                                                                 |                                                                                                                                                               |                4 |             13 |
|  comblock_desing_i/processing_system7_0/inst/FCLK_CLK0 | comblock_desing_i/ps7_0_axi_periph/xbar/inst/gen_samd.crossbar_samd/gen_slave_slots[0].gen_si_write.si_transactor_aw/gen_multi_thread.cmd_push_4                                                              | comblock_desing_i/ps7_0_axi_periph/xbar/inst/gen_samd.crossbar_samd/gen_slave_slots[0].gen_si_write.si_transactor_aw/gen_multi_thread.arbiter_resp_inst/SR[0] |                2 |             13 |
|  comblock_desing_i/processing_system7_0/inst/FCLK_CLK0 | comblock_desing_i/ps7_0_axi_periph/xbar/inst/gen_samd.crossbar_samd/gen_slave_slots[0].gen_si_read.si_transactor_ar/gen_multi_thread.cmd_push_3                                                               | comblock_desing_i/ps7_0_axi_periph/xbar/inst/gen_samd.crossbar_samd/gen_slave_slots[0].gen_si_write.si_transactor_aw/gen_multi_thread.arbiter_resp_inst/SR[0] |                3 |             13 |
|  comblock_desing_i/processing_system7_0/inst/FCLK_CLK0 | comblock_desing_i/ps7_0_axi_periph/xbar/inst/gen_samd.crossbar_samd/gen_slave_slots[0].gen_si_read.si_transactor_ar/gen_multi_thread.cmd_push_6                                                               | comblock_desing_i/ps7_0_axi_periph/xbar/inst/gen_samd.crossbar_samd/gen_slave_slots[0].gen_si_write.si_transactor_aw/gen_multi_thread.arbiter_resp_inst/SR[0] |                3 |             13 |
|  comblock_desing_i/processing_system7_0/inst/FCLK_CLK0 | comblock_desing_i/ps7_0_axi_periph/xbar/inst/gen_samd.crossbar_samd/gen_slave_slots[0].gen_si_read.si_transactor_ar/gen_multi_thread.cmd_push_2                                                               | comblock_desing_i/ps7_0_axi_periph/xbar/inst/gen_samd.crossbar_samd/gen_slave_slots[0].gen_si_write.si_transactor_aw/gen_multi_thread.arbiter_resp_inst/SR[0] |                3 |             13 |
|  comblock_desing_i/processing_system7_0/inst/FCLK_CLK0 | comblock_desing_i/ps7_0_axi_periph/xbar/inst/gen_samd.crossbar_samd/gen_slave_slots[0].gen_si_read.si_transactor_ar/gen_multi_thread.cmd_push_1                                                               | comblock_desing_i/ps7_0_axi_periph/xbar/inst/gen_samd.crossbar_samd/gen_slave_slots[0].gen_si_write.si_transactor_aw/gen_multi_thread.arbiter_resp_inst/SR[0] |                3 |             13 |
|  comblock_desing_i/processing_system7_0/inst/FCLK_CLK0 | comblock_desing_i/ps7_0_axi_periph/xbar/inst/gen_samd.crossbar_samd/gen_slave_slots[0].gen_si_write.si_transactor_aw/gen_multi_thread.cmd_push_6                                                              | comblock_desing_i/ps7_0_axi_periph/xbar/inst/gen_samd.crossbar_samd/gen_slave_slots[0].gen_si_write.si_transactor_aw/gen_multi_thread.arbiter_resp_inst/SR[0] |                2 |             13 |
|  comblock_desing_i/processing_system7_0/inst/FCLK_CLK0 | comblock_desing_i/ps7_0_axi_periph/xbar/inst/gen_samd.crossbar_samd/gen_slave_slots[0].gen_si_read.si_transactor_ar/gen_multi_thread.cmd_push_7                                                               | comblock_desing_i/ps7_0_axi_periph/xbar/inst/gen_samd.crossbar_samd/gen_slave_slots[0].gen_si_write.si_transactor_aw/gen_multi_thread.arbiter_resp_inst/SR[0] |                2 |             13 |
|  comblock_desing_i/processing_system7_0/inst/FCLK_CLK0 | comblock_desing_i/ps7_0_axi_periph/xbar/inst/gen_samd.crossbar_samd/gen_slave_slots[0].gen_si_write.si_transactor_aw/gen_multi_thread.cmd_push_5                                                              | comblock_desing_i/ps7_0_axi_periph/xbar/inst/gen_samd.crossbar_samd/gen_slave_slots[0].gen_si_write.si_transactor_aw/gen_multi_thread.arbiter_resp_inst/SR[0] |                2 |             13 |
|  comblock_desing_i/processing_system7_0/inst/FCLK_CLK0 | comblock_desing_i/ps7_0_axi_periph/xbar/inst/gen_samd.crossbar_samd/gen_slave_slots[0].gen_si_write.si_transactor_aw/gen_multi_thread.cmd_push_1                                                              | comblock_desing_i/ps7_0_axi_periph/xbar/inst/gen_samd.crossbar_samd/gen_slave_slots[0].gen_si_write.si_transactor_aw/gen_multi_thread.arbiter_resp_inst/SR[0] |                2 |             13 |
|  comblock_desing_i/processing_system7_0/inst/FCLK_CLK0 | comblock_desing_i/ps7_0_axi_periph/xbar/inst/gen_samd.crossbar_samd/gen_slave_slots[0].gen_si_write.si_transactor_aw/gen_multi_thread.cmd_push_7                                                              | comblock_desing_i/ps7_0_axi_periph/xbar/inst/gen_samd.crossbar_samd/gen_slave_slots[0].gen_si_write.si_transactor_aw/gen_multi_thread.arbiter_resp_inst/SR[0] |                2 |             13 |
|  comblock_desing_i/processing_system7_0/inst/FCLK_CLK0 | comblock_desing_i/ps7_0_axi_periph/xbar/inst/gen_samd.crossbar_samd/gen_slave_slots[0].gen_si_read.si_transactor_ar/gen_multi_thread.arbiter_resp_inst/chosen_reg[2]_0[0]                                     |                                                                                                                                                               |                3 |             13 |
|  comblock_desing_i/processing_system7_0/inst/FCLK_CLK0 | comblock_desing_i/ps7_0_axi_periph/xbar/inst/gen_samd.crossbar_samd/gen_slave_slots[0].gen_si_write.si_transactor_aw/gen_multi_thread.cmd_push_0                                                              | comblock_desing_i/ps7_0_axi_periph/xbar/inst/gen_samd.crossbar_samd/gen_slave_slots[0].gen_si_write.si_transactor_aw/gen_multi_thread.arbiter_resp_inst/SR[0] |                3 |             13 |
|  comblock_desing_i/processing_system7_0/inst/FCLK_CLK0 | comblock_desing_i/ps7_0_axi_periph/xbar/inst/gen_samd.crossbar_samd/gen_slave_slots[0].gen_si_write.si_transactor_aw/gen_multi_thread.cmd_push_3                                                              | comblock_desing_i/ps7_0_axi_periph/xbar/inst/gen_samd.crossbar_samd/gen_slave_slots[0].gen_si_write.si_transactor_aw/gen_multi_thread.arbiter_resp_inst/SR[0] |                3 |             13 |
|  comblock_desing_i/processing_system7_0/inst/FCLK_CLK0 | comblock_desing_i/ps7_0_axi_periph/xbar/inst/gen_samd.crossbar_samd/gen_slave_slots[0].gen_si_write.si_transactor_aw/gen_multi_thread.cmd_push_2                                                              | comblock_desing_i/ps7_0_axi_periph/xbar/inst/gen_samd.crossbar_samd/gen_slave_slots[0].gen_si_write.si_transactor_aw/gen_multi_thread.arbiter_resp_inst/SR[0] |                2 |             13 |
|  comblock_desing_i/processing_system7_0/inst/FCLK_CLK0 | comblock_desing_i/ps7_0_axi_periph/m00_couplers/auto_pc/inst/gen_axilite.gen_b2s_conv.axilite_b2s/RD.r_channel_0/r_push_r                                                                                     |                                                                                                                                                               |                4 |             13 |
|  comblock_desing_i/processing_system7_0/inst/FCLK_CLK0 | comblock_desing_i/ps7_0_axi_periph/xbar/inst/gen_samd.crossbar_samd/gen_slave_slots[0].gen_si_read.si_transactor_ar/gen_multi_thread.cmd_push_5                                                               | comblock_desing_i/ps7_0_axi_periph/xbar/inst/gen_samd.crossbar_samd/gen_slave_slots[0].gen_si_write.si_transactor_aw/gen_multi_thread.arbiter_resp_inst/SR[0] |                3 |             13 |
|  comblock_desing_i/processing_system7_0/inst/FCLK_CLK0 | comblock_desing_i/ps7_0_axi_periph/m00_couplers/auto_pc/inst/gen_axilite.gen_b2s_conv.axilite_b2s/SI_REG/b.b_pipe/s_ready_i_reg_0                                                                             |                                                                                                                                                               |                4 |             14 |
|  comblock_desing_i/processing_system7_0/inst/FCLK_CLK0 | comblock_desing_i/ps7_0_axi_periph/m00_couplers/auto_pc/inst/gen_axilite.gen_b2s_conv.axilite_b2s/SI_REG/b.b_pipe/p_1_in                                                                                      |                                                                                                                                                               |                2 |             14 |
|  comblock_desing_i/processing_system7_0/inst/FCLK_CLK0 | comblock_desing_i/ps7_0_axi_periph/xbar/inst/gen_samd.crossbar_samd/gen_master_slots[0].reg_slice_mi/b.b_pipe/gen_slave_slots[0].gen_si_write.si_transactor_aw/gen_multi_thread.arbiter_resp_inst/chosen41_in |                                                                                                                                                               |                4 |             14 |
|  comblock_desing_i/processing_system7_0/inst/FCLK_CLK0 | comblock_desing_i/ps7_0_axi_periph/m00_couplers/auto_pc/inst/gen_axilite.gen_b2s_conv.axilite_b2s/WR.aw_channel_0/aw_cmd_fsm_0/b_push                                                                         |                                                                                                                                                               |                3 |             16 |
|  comblock_desing_i/processing_system7_0/inst/FCLK_CLK0 | comblock_desing_i/ps7_0_axi_periph/m00_couplers/auto_pc/inst/gen_axilite.gen_b2s_conv.axilite_b2s/SI_REG/r.r_pipe/s_ready_i_reg_0                                                                             |                                                                                                                                                               |                5 |             17 |
|  comblock_desing_i/processing_system7_0/inst/FCLK_CLK0 | comblock_desing_i/ps7_0_axi_periph/m00_couplers/auto_pc/inst/gen_axilite.gen_b2s_conv.axilite_b2s/SI_REG/r.r_pipe/p_1_in                                                                                      |                                                                                                                                                               |                4 |             17 |
|  comblock_desing_i/processing_system7_0/inst/FCLK_CLK0 | comblock_desing_i/ps7_0_axi_periph/xbar/inst/gen_samd.crossbar_samd/gen_master_slots[0].reg_slice_mi/r.r_pipe/p_1_in_0                                                                                        |                                                                                                                                                               |                5 |             17 |
|  comblock_desing_i/processing_system7_0/inst/FCLK_CLK0 | comblock_desing_i/ps7_0_axi_periph/xbar/inst/gen_samd.crossbar_samd/gen_master_slots[0].reg_slice_mi/r.r_pipe/s_ready_i_reg_0                                                                                 |                                                                                                                                                               |                4 |             17 |
|  comblock_desing_i/processing_system7_0/inst/FCLK_CLK0 | comblock_desing_i/ps7_0_axi_periph/m00_couplers/auto_pc/inst/gen_axilite.gen_b2s_conv.axilite_b2s/RD.ar_channel_0/ar_cmd_fsm_0/E[0]                                                                           |                                                                                                                                                               |                8 |             22 |
|  comblock_desing_i/processing_system7_0/inst/FCLK_CLK0 | comblock_desing_i/ps7_0_axi_periph/m00_couplers/auto_pc/inst/gen_axilite.gen_b2s_conv.axilite_b2s/WR.aw_channel_0/aw_cmd_fsm_0/m_valid_i_reg[0]                                                               |                                                                                                                                                               |                9 |             22 |
|  comblock_desing_i/processing_system7_0/inst/FCLK_CLK0 | comblock_desing_i/ps7_0_axi_periph/m00_couplers/auto_pc/inst/gen_axilite.gen_b2s_conv.axilite_b2s/WR.aw_channel_0/aw_cmd_fsm_0/m_valid_i_reg_0[0]                                                             |                                                                                                                                                               |                5 |             28 |
|  comblock_desing_i/processing_system7_0/inst/FCLK_CLK0 | comblock_desing_i/ps7_0_axi_periph/xbar/inst/gen_samd.crossbar_samd/addr_arbiter_ar/p_1_in                                                                                                                    | comblock_desing_i/ps7_0_axi_periph/xbar/inst/gen_samd.crossbar_samd/gen_slave_slots[0].gen_si_write.si_transactor_aw/gen_multi_thread.arbiter_resp_inst/SR[0] |                6 |             28 |
|  comblock_desing_i/processing_system7_0/inst/FCLK_CLK0 | comblock_desing_i/ps7_0_axi_periph/m00_couplers/auto_pc/inst/gen_axilite.gen_b2s_conv.axilite_b2s/SI_REG/aw.aw_pipe/s_ready_i_reg_0                                                                           |                                                                                                                                                               |                6 |             28 |
|  comblock_desing_i/processing_system7_0/inst/FCLK_CLK0 | comblock_desing_i/ps7_0_axi_periph/m00_couplers/auto_pc/inst/gen_axilite.gen_b2s_conv.axilite_b2s/RD.ar_channel_0/ar_cmd_fsm_0/FSM_sequential_state_reg[1]_1[0]                                               |                                                                                                                                                               |                6 |             28 |
|  comblock_desing_i/processing_system7_0/inst/FCLK_CLK0 | comblock_desing_i/ps7_0_axi_periph/m00_couplers/auto_pc/inst/gen_axilite.gen_b2s_conv.axilite_b2s/SI_REG/ar.ar_pipe/s_ready_i_reg_0                                                                           |                                                                                                                                                               |                8 |             28 |
|  comblock_desing_i/processing_system7_0/inst/FCLK_CLK0 |                                                                                                                                                                                                               | comblock_desing_i/ps7_0_axi_periph/xbar/inst/gen_samd.crossbar_samd/gen_slave_slots[0].gen_si_write.si_transactor_aw/gen_multi_thread.arbiter_resp_inst/SR[0] |               16 |             28 |
|  comblock_desing_i/processing_system7_0/inst/FCLK_CLK0 | comblock_desing_i/ps7_0_axi_periph/xbar/inst/gen_samd.crossbar_samd/addr_arbiter_aw/p_1_in                                                                                                                    | comblock_desing_i/ps7_0_axi_periph/xbar/inst/gen_samd.crossbar_samd/gen_slave_slots[0].gen_si_write.si_transactor_aw/gen_multi_thread.arbiter_resp_inst/SR[0] |                7 |             28 |
|  comblock_desing_i/processing_system7_0/inst/FCLK_CLK0 |                                                                                                                                                                                                               |                                                                                                                                                               |               44 |            127 |
+--------------------------------------------------------+---------------------------------------------------------------------------------------------------------------------------------------------------------------------------------------------------------------+---------------------------------------------------------------------------------------------------------------------------------------------------------------+------------------+----------------+


