#-----------------------------------------------------------
# Vivado v2019.1 (64-bit)
# SW Build 2552052 on Fri May 24 14:49:42 MDT 2019
# IP Build 2548770 on Fri May 24 18:01:18 MDT 2019
# Start of session at: Thu May  7 07:47:45 2020
# Process ID: 16276
# Current directory: C:/Users/danie/Documents/Repaso_VIVADO/PYNQ_base/base
# Command line: vivado.exe -gui_launcher_event rodinguilauncherevent10012 C:\Users\danie\Documents\Repaso_VIVADO\PYNQ_base\base\base.xpr
# Log file: C:/Users/danie/Documents/Repaso_VIVADO/PYNQ_base/base/vivado.log
# Journal file: C:/Users/danie/Documents/Repaso_VIVADO/PYNQ_base/base\vivado.jou
#-----------------------------------------------------------
start_gui
open_project C:/Users/danie/Documents/Repaso_VIVADO/PYNQ_base/base/base.xpr
Scanning sources...
Finished scanning sources
INFO: [IP_Flow 19-234] Refreshing IP repositories
INFO: [IP_Flow 19-1700] Loaded user IP repository 'c:/PYNQ/boards/ip'.
INFO: [IP_Flow 19-2313] Loaded Vivado IP repository 'C:/Xilinx/Vivado/2019.1/data/ip'.
WARNING: [IP_Flow 19-3664] IP 'base_lmb_bram_0' generated file not found 'c:/Users/danie/Documents/Repaso_VIVADO/PYNQ_base/base/base.srcs/sources_1/bd/base/ip/base_lmb_bram_0/base_lmb_bram_0.dcp'. Please regenerate to continue.
WARNING: [IP_Flow 19-3664] IP 'base_lmb_bram_0' generated file not found 'c:/Users/danie/Documents/Repaso_VIVADO/PYNQ_base/base/base.srcs/sources_1/bd/base/ip/base_lmb_bram_0/base_lmb_bram_0_stub.v'. Please regenerate to continue.
WARNING: [IP_Flow 19-3664] IP 'base_lmb_bram_0' generated file not found 'c:/Users/danie/Documents/Repaso_VIVADO/PYNQ_base/base/base.srcs/sources_1/bd/base/ip/base_lmb_bram_0/base_lmb_bram_0_stub.vhdl'. Please regenerate to continue.
WARNING: [IP_Flow 19-3664] IP 'base_lmb_bram_0' generated file not found 'c:/Users/danie/Documents/Repaso_VIVADO/PYNQ_base/base/base.srcs/sources_1/bd/base/ip/base_lmb_bram_0/base_lmb_bram_0_sim_netlist.v'. Please regenerate to continue.
WARNING: [IP_Flow 19-3664] IP 'base_lmb_bram_0' generated file not found 'c:/Users/danie/Documents/Repaso_VIVADO/PYNQ_base/base/base.srcs/sources_1/bd/base/ip/base_lmb_bram_0/base_lmb_bram_0_sim_netlist.vhdl'. Please regenerate to continue.
WARNING: [IP_Flow 19-3664] IP 'base_lmb_bram_if_cntlr_0' generated file not found 'c:/Users/danie/Documents/Repaso_VIVADO/PYNQ_base/base/base.srcs/sources_1/bd/base/ip/base_lmb_bram_if_cntlr_0/base_lmb_bram_if_cntlr_0.dcp'. Please regenerate to continue.
WARNING: [IP_Flow 19-3664] IP 'base_lmb_bram_if_cntlr_0' generated file not found 'c:/Users/danie/Documents/Repaso_VIVADO/PYNQ_base/base/base.srcs/sources_1/bd/base/ip/base_lmb_bram_if_cntlr_0/base_lmb_bram_if_cntlr_0_stub.v'. Please regenerate to continue.
WARNING: [IP_Flow 19-3664] IP 'base_lmb_bram_if_cntlr_0' generated file not found 'c:/Users/danie/Documents/Repaso_VIVADO/PYNQ_base/base/base.srcs/sources_1/bd/base/ip/base_lmb_bram_if_cntlr_0/base_lmb_bram_if_cntlr_0_stub.vhdl'. Please regenerate to continue.
WARNING: [IP_Flow 19-3664] IP 'base_lmb_bram_if_cntlr_0' generated file not found 'c:/Users/danie/Documents/Repaso_VIVADO/PYNQ_base/base/base.srcs/sources_1/bd/base/ip/base_lmb_bram_if_cntlr_0/base_lmb_bram_if_cntlr_0_sim_netlist.v'. Please regenerate to continue.
WARNING: [IP_Flow 19-3664] IP 'base_lmb_bram_if_cntlr_0' generated file not found 'c:/Users/danie/Documents/Repaso_VIVADO/PYNQ_base/base/base.srcs/sources_1/bd/base/ip/base_lmb_bram_if_cntlr_0/base_lmb_bram_if_cntlr_0_sim_netlist.vhdl'. Please regenerate to continue.
WARNING: [IP_Flow 19-3664] IP 'base_mb_0' generated file not found 'c:/Users/danie/Documents/Repaso_VIVADO/PYNQ_base/base/base.srcs/sources_1/bd/base/ip/base_mb_0/base_mb_0.dcp'. Please regenerate to continue.
WARNING: [IP_Flow 19-3664] IP 'base_mb_0' generated file not found 'c:/Users/danie/Documents/Repaso_VIVADO/PYNQ_base/base/base.srcs/sources_1/bd/base/ip/base_mb_0/base_mb_0_stub.v'. Please regenerate to continue.
WARNING: [IP_Flow 19-3664] IP 'base_mb_0' generated file not found 'c:/Users/danie/Documents/Repaso_VIVADO/PYNQ_base/base/base.srcs/sources_1/bd/base/ip/base_mb_0/base_mb_0_stub.vhdl'. Please regenerate to continue.
WARNING: [IP_Flow 19-3664] IP 'base_mb_0' generated file not found 'c:/Users/danie/Documents/Repaso_VIVADO/PYNQ_base/base/base.srcs/sources_1/bd/base/ip/base_mb_0/base_mb_0_sim_netlist.v'. Please regenerate to continue.
WARNING: [IP_Flow 19-3664] IP 'base_mb_0' generated file not found 'c:/Users/danie/Documents/Repaso_VIVADO/PYNQ_base/base/base.srcs/sources_1/bd/base/ip/base_mb_0/base_mb_0_sim_netlist.vhdl'. Please regenerate to continue.
WARNING: [IP_Flow 19-3664] IP 'base_xbar_2' generated file not found 'c:/Users/danie/Documents/Repaso_VIVADO/PYNQ_base/base/base.srcs/sources_1/bd/base/ip/base_xbar_2/base_xbar_2.dcp'. Please regenerate to continue.
WARNING: [IP_Flow 19-3664] IP 'base_xbar_2' generated file not found 'c:/Users/danie/Documents/Repaso_VIVADO/PYNQ_base/base/base.srcs/sources_1/bd/base/ip/base_xbar_2/base_xbar_2_stub.v'. Please regenerate to continue.
WARNING: [IP_Flow 19-3664] IP 'base_xbar_2' generated file not found 'c:/Users/danie/Documents/Repaso_VIVADO/PYNQ_base/base/base.srcs/sources_1/bd/base/ip/base_xbar_2/base_xbar_2_stub.vhdl'. Please regenerate to continue.
WARNING: [IP_Flow 19-3664] IP 'base_xbar_2' generated file not found 'c:/Users/danie/Documents/Repaso_VIVADO/PYNQ_base/base/base.srcs/sources_1/bd/base/ip/base_xbar_2/base_xbar_2_sim_netlist.v'. Please regenerate to continue.
WARNING: [IP_Flow 19-3664] IP 'base_xbar_2' generated file not found 'c:/Users/danie/Documents/Repaso_VIVADO/PYNQ_base/base/base.srcs/sources_1/bd/base/ip/base_xbar_2/base_xbar_2_sim_netlist.vhdl'. Please regenerate to continue.
WARNING: [IP_Flow 19-3664] IP 'base_spi_direct_0' generated file not found 'c:/Users/danie/Documents/Repaso_VIVADO/PYNQ_base/base/base.srcs/sources_1/bd/base/ip/base_spi_direct_0/base_spi_direct_0.dcp'. Please regenerate to continue.
WARNING: [IP_Flow 19-3664] IP 'base_spi_direct_0' generated file not found 'c:/Users/danie/Documents/Repaso_VIVADO/PYNQ_base/base/base.srcs/sources_1/bd/base/ip/base_spi_direct_0/base_spi_direct_0_stub.v'. Please regenerate to continue.
WARNING: [IP_Flow 19-3664] IP 'base_spi_direct_0' generated file not found 'c:/Users/danie/Documents/Repaso_VIVADO/PYNQ_base/base/base.srcs/sources_1/bd/base/ip/base_spi_direct_0/base_spi_direct_0_stub.vhdl'. Please regenerate to continue.
WARNING: [IP_Flow 19-3664] IP 'base_spi_direct_0' generated file not found 'c:/Users/danie/Documents/Repaso_VIVADO/PYNQ_base/base/base.srcs/sources_1/bd/base/ip/base_spi_direct_0/base_spi_direct_0_sim_netlist.v'. Please regenerate to continue.
WARNING: [IP_Flow 19-3664] IP 'base_spi_direct_0' generated file not found 'c:/Users/danie/Documents/Repaso_VIVADO/PYNQ_base/base/base.srcs/sources_1/bd/base/ip/base_spi_direct_0/base_spi_direct_0_sim_netlist.vhdl'. Please regenerate to continue.
WARNING: [IP_Flow 19-3664] IP 'base_spi_shared_0' generated file not found 'c:/Users/danie/Documents/Repaso_VIVADO/PYNQ_base/base/base.srcs/sources_1/bd/base/ip/base_spi_shared_0/base_spi_shared_0.dcp'. Please regenerate to continue.
WARNING: [IP_Flow 19-3664] IP 'base_spi_shared_0' generated file not found 'c:/Users/danie/Documents/Repaso_VIVADO/PYNQ_base/base/base.srcs/sources_1/bd/base/ip/base_spi_shared_0/base_spi_shared_0_stub.v'. Please regenerate to continue.
WARNING: [IP_Flow 19-3664] IP 'base_spi_shared_0' generated file not found 'c:/Users/danie/Documents/Repaso_VIVADO/PYNQ_base/base/base.srcs/sources_1/bd/base/ip/base_spi_shared_0/base_spi_shared_0_stub.vhdl'. Please regenerate to continue.
WARNING: [IP_Flow 19-3664] IP 'base_spi_shared_0' generated file not found 'c:/Users/danie/Documents/Repaso_VIVADO/PYNQ_base/base/base.srcs/sources_1/bd/base/ip/base_spi_shared_0/base_spi_shared_0_sim_netlist.v'. Please regenerate to continue.
WARNING: [IP_Flow 19-3664] IP 'base_spi_shared_0' generated file not found 'c:/Users/danie/Documents/Repaso_VIVADO/PYNQ_base/base/base.srcs/sources_1/bd/base/ip/base_spi_shared_0/base_spi_shared_0_sim_netlist.vhdl'. Please regenerate to continue.
WARNING: [IP_Flow 19-3664] IP 'base_timer_1_0' generated file not found 'c:/Users/danie/Documents/Repaso_VIVADO/PYNQ_base/base/base.srcs/sources_1/bd/base/ip/base_timer_1_0/base_timer_1_0.dcp'. Please regenerate to continue.
WARNING: [IP_Flow 19-3664] IP 'base_timer_1_0' generated file not found 'c:/Users/danie/Documents/Repaso_VIVADO/PYNQ_base/base/base.srcs/sources_1/bd/base/ip/base_timer_1_0/base_timer_1_0_stub.v'. Please regenerate to continue.
WARNING: [IP_Flow 19-3664] IP 'base_timer_1_0' generated file not found 'c:/Users/danie/Documents/Repaso_VIVADO/PYNQ_base/base/base.srcs/sources_1/bd/base/ip/base_timer_1_0/base_timer_1_0_stub.vhdl'. Please regenerate to continue.
WARNING: [IP_Flow 19-3664] IP 'base_timer_1_0' generated file not found 'c:/Users/danie/Documents/Repaso_VIVADO/PYNQ_base/base/base.srcs/sources_1/bd/base/ip/base_timer_1_0/base_timer_1_0_sim_netlist.v'. Please regenerate to continue.
WARNING: [IP_Flow 19-3664] IP 'base_timer_1_0' generated file not found 'c:/Users/danie/Documents/Repaso_VIVADO/PYNQ_base/base/base.srcs/sources_1/bd/base/ip/base_timer_1_0/base_timer_1_0_sim_netlist.vhdl'. Please regenerate to continue.
WARNING: [IP_Flow 19-3664] IP 'base_timer_2_0' generated file not found 'c:/Users/danie/Documents/Repaso_VIVADO/PYNQ_base/base/base.srcs/sources_1/bd/base/ip/base_timer_2_0/base_timer_2_0.dcp'. Please regenerate to continue.
WARNING: [IP_Flow 19-3664] IP 'base_timer_2_0' generated file not found 'c:/Users/danie/Documents/Repaso_VIVADO/PYNQ_base/base/base.srcs/sources_1/bd/base/ip/base_timer_2_0/base_timer_2_0_stub.v'. Please regenerate to continue.
WARNING: [IP_Flow 19-3664] IP 'base_timer_2_0' generated file not found 'c:/Users/danie/Documents/Repaso_VIVADO/PYNQ_base/base/base.srcs/sources_1/bd/base/ip/base_timer_2_0/base_timer_2_0_stub.vhdl'. Please regenerate to continue.
WARNING: [IP_Flow 19-3664] IP 'base_timer_2_0' generated file not found 'c:/Users/danie/Documents/Repaso_VIVADO/PYNQ_base/base/base.srcs/sources_1/bd/base/ip/base_timer_2_0/base_timer_2_0_sim_netlist.v'. Please regenerate to continue.
WARNING: [IP_Flow 19-3664] IP 'base_timer_2_0' generated file not found 'c:/Users/danie/Documents/Repaso_VIVADO/PYNQ_base/base/base.srcs/sources_1/bd/base/ip/base_timer_2_0/base_timer_2_0_sim_netlist.vhdl'. Please regenerate to continue.
WARNING: [IP_Flow 19-3664] IP 'base_timer_3_0' generated file not found 'c:/Users/danie/Documents/Repaso_VIVADO/PYNQ_base/base/base.srcs/sources_1/bd/base/ip/base_timer_3_0/base_timer_3_0.dcp'. Please regenerate to continue.
WARNING: [IP_Flow 19-3664] IP 'base_timer_3_0' generated file not found 'c:/Users/danie/Documents/Repaso_VIVADO/PYNQ_base/base/base.srcs/sources_1/bd/base/ip/base_timer_3_0/base_timer_3_0_stub.v'. Please regenerate to continue.
WARNING: [IP_Flow 19-3664] IP 'base_timer_3_0' generated file not found 'c:/Users/danie/Documents/Repaso_VIVADO/PYNQ_base/base/base.srcs/sources_1/bd/base/ip/base_timer_3_0/base_timer_3_0_stub.vhdl'. Please regenerate to continue.
WARNING: [IP_Flow 19-3664] IP 'base_timer_3_0' generated file not found 'c:/Users/danie/Documents/Repaso_VIVADO/PYNQ_base/base/base.srcs/sources_1/bd/base/ip/base_timer_3_0/base_timer_3_0_sim_netlist.v'. Please regenerate to continue.
WARNING: [IP_Flow 19-3664] IP 'base_timer_3_0' generated file not found 'c:/Users/danie/Documents/Repaso_VIVADO/PYNQ_base/base/base.srcs/sources_1/bd/base/ip/base_timer_3_0/base_timer_3_0_sim_netlist.vhdl'. Please regenerate to continue.
WARNING: [IP_Flow 19-3664] IP 'base_timer_5_0' generated file not found 'c:/Users/danie/Documents/Repaso_VIVADO/PYNQ_base/base/base.srcs/sources_1/bd/base/ip/base_timer_5_0/base_timer_5_0.dcp'. Please regenerate to continue.
WARNING: [IP_Flow 19-3664] IP 'base_timer_5_0' generated file not found 'c:/Users/danie/Documents/Repaso_VIVADO/PYNQ_base/base/base.srcs/sources_1/bd/base/ip/base_timer_5_0/base_timer_5_0_stub.v'. Please regenerate to continue.
WARNING: [IP_Flow 19-3664] IP 'base_timer_5_0' generated file not found 'c:/Users/danie/Documents/Repaso_VIVADO/PYNQ_base/base/base.srcs/sources_1/bd/base/ip/base_timer_5_0/base_timer_5_0_stub.vhdl'. Please regenerate to continue.
WARNING: [IP_Flow 19-3664] IP 'base_timer_5_0' generated file not found 'c:/Users/danie/Documents/Repaso_VIVADO/PYNQ_base/base/base.srcs/sources_1/bd/base/ip/base_timer_5_0/base_timer_5_0_sim_netlist.v'. Please regenerate to continue.
WARNING: [IP_Flow 19-3664] IP 'base_timer_5_0' generated file not found 'c:/Users/danie/Documents/Repaso_VIVADO/PYNQ_base/base/base.srcs/sources_1/bd/base/ip/base_timer_5_0/base_timer_5_0_sim_netlist.vhdl'. Please regenerate to continue.
WARNING: [IP_Flow 19-3664] IP 'base_uartlite_0' generated file not found 'c:/Users/danie/Documents/Repaso_VIVADO/PYNQ_base/base/base.srcs/sources_1/bd/base/ip/base_uartlite_0/base_uartlite_0.dcp'. Please regenerate to continue.
WARNING: [IP_Flow 19-3664] IP 'base_uartlite_0' generated file not found 'c:/Users/danie/Documents/Repaso_VIVADO/PYNQ_base/base/base.srcs/sources_1/bd/base/ip/base_uartlite_0/base_uartlite_0_stub.v'. Please regenerate to continue.
WARNING: [IP_Flow 19-3664] IP 'base_uartlite_0' generated file not found 'c:/Users/danie/Documents/Repaso_VIVADO/PYNQ_base/base/base.srcs/sources_1/bd/base/ip/base_uartlite_0/base_uartlite_0_stub.vhdl'. Please regenerate to continue.
WARNING: [IP_Flow 19-3664] IP 'base_uartlite_0' generated file not found 'c:/Users/danie/Documents/Repaso_VIVADO/PYNQ_base/base/base.srcs/sources_1/bd/base/ip/base_uartlite_0/base_uartlite_0_sim_netlist.v'. Please regenerate to continue.
WARNING: [IP_Flow 19-3664] IP 'base_uartlite_0' generated file not found 'c:/Users/danie/Documents/Repaso_VIVADO/PYNQ_base/base/base.srcs/sources_1/bd/base/ip/base_uartlite_0/base_uartlite_0_sim_netlist.vhdl'. Please regenerate to continue.
WARNING: [IP_Flow 19-3664] IP 'base_xadc_0' generated file not found 'c:/Users/danie/Documents/Repaso_VIVADO/PYNQ_base/base/base.srcs/sources_1/bd/base/ip/base_xadc_0/base_xadc_0.dcp'. Please regenerate to continue.
WARNING: [IP_Flow 19-3664] IP 'base_xadc_0' generated file not found 'c:/Users/danie/Documents/Repaso_VIVADO/PYNQ_base/base/base.srcs/sources_1/bd/base/ip/base_xadc_0/base_xadc_0_stub.v'. Please regenerate to continue.
WARNING: [IP_Flow 19-3664] IP 'base_xadc_0' generated file not found 'c:/Users/danie/Documents/Repaso_VIVADO/PYNQ_base/base/base.srcs/sources_1/bd/base/ip/base_xadc_0/base_xadc_0_stub.vhdl'. Please regenerate to continue.
WARNING: [IP_Flow 19-3664] IP 'base_xadc_0' generated file not found 'c:/Users/danie/Documents/Repaso_VIVADO/PYNQ_base/base/base.srcs/sources_1/bd/base/ip/base_xadc_0/base_xadc_0_sim_netlist.v'. Please regenerate to continue.
WARNING: [IP_Flow 19-3664] IP 'base_xadc_0' generated file not found 'c:/Users/danie/Documents/Repaso_VIVADO/PYNQ_base/base/base.srcs/sources_1/bd/base/ip/base_xadc_0/base_xadc_0_sim_netlist.vhdl'. Please regenerate to continue.
WARNING: [IP_Flow 19-3664] IP 'base_dff_en_reset_vector_0_1' generated file not found 'c:/Users/danie/Documents/Repaso_VIVADO/PYNQ_base/base/base.srcs/sources_1/bd/base/ip/base_dff_en_reset_vector_0_1/base_dff_en_reset_vector_0_1.dcp'. Please regenerate to continue.
WARNING: [IP_Flow 19-3664] IP 'base_dff_en_reset_vector_0_1' generated file not found 'c:/Users/danie/Documents/Repaso_VIVADO/PYNQ_base/base/base.srcs/sources_1/bd/base/ip/base_dff_en_reset_vector_0_1/base_dff_en_reset_vector_0_1_stub.v'. Please regenerate to continue.
WARNING: [IP_Flow 19-3664] IP 'base_dff_en_reset_vector_0_1' generated file not found 'c:/Users/danie/Documents/Repaso_VIVADO/PYNQ_base/base/base.srcs/sources_1/bd/base/ip/base_dff_en_reset_vector_0_1/base_dff_en_reset_vector_0_1_stub.vhdl'. Please regenerate to continue.
WARNING: [IP_Flow 19-3664] IP 'base_dff_en_reset_vector_0_1' generated file not found 'c:/Users/danie/Documents/Repaso_VIVADO/PYNQ_base/base/base.srcs/sources_1/bd/base/ip/base_dff_en_reset_vector_0_1/base_dff_en_reset_vector_0_1_sim_netlist.v'. Please regenerate to continue.
WARNING: [IP_Flow 19-3664] IP 'base_dff_en_reset_vector_0_1' generated file not found 'c:/Users/danie/Documents/Repaso_VIVADO/PYNQ_base/base/base.srcs/sources_1/bd/base/ip/base_dff_en_reset_vector_0_1/base_dff_en_reset_vector_0_1_sim_netlist.vhdl'. Please regenerate to continue.
WARNING: [IP_Flow 19-3664] IP 'base_iic_0' generated file not found 'c:/Users/danie/Documents/Repaso_VIVADO/PYNQ_base/base/base.srcs/sources_1/bd/base/ip/base_iic_0/base_iic_0.dcp'. Please regenerate to continue.
WARNING: [IP_Flow 19-3664] IP 'base_iic_0' generated file not found 'c:/Users/danie/Documents/Repaso_VIVADO/PYNQ_base/base/base.srcs/sources_1/bd/base/ip/base_iic_0/base_iic_0_stub.v'. Please regenerate to continue.
WARNING: [IP_Flow 19-3664] IP 'base_iic_0' generated file not found 'c:/Users/danie/Documents/Repaso_VIVADO/PYNQ_base/base/base.srcs/sources_1/bd/base/ip/base_iic_0/base_iic_0_stub.vhdl'. Please regenerate to continue.
WARNING: [IP_Flow 19-3664] IP 'base_iic_0' generated file not found 'c:/Users/danie/Documents/Repaso_VIVADO/PYNQ_base/base/base.srcs/sources_1/bd/base/ip/base_iic_0/base_iic_0_sim_netlist.v'. Please regenerate to continue.
WARNING: [IP_Flow 19-3664] IP 'base_iic_0' generated file not found 'c:/Users/danie/Documents/Repaso_VIVADO/PYNQ_base/base/base.srcs/sources_1/bd/base/ip/base_iic_0/base_iic_0_sim_netlist.vhdl'. Please regenerate to continue.
WARNING: [IP_Flow 19-3664] IP 'base_intr_1' generated file not found 'c:/Users/danie/Documents/Repaso_VIVADO/PYNQ_base/base/base.srcs/sources_1/bd/base/ip/base_intr_1/base_intr_1.dcp'. Please regenerate to continue.
WARNING: [IP_Flow 19-3664] IP 'base_intr_1' generated file not found 'c:/Users/danie/Documents/Repaso_VIVADO/PYNQ_base/base/base.srcs/sources_1/bd/base/ip/base_intr_1/base_intr_1_stub.v'. Please regenerate to continue.
WARNING: [IP_Flow 19-3664] IP 'base_intr_1' generated file not found 'c:/Users/danie/Documents/Repaso_VIVADO/PYNQ_base/base/base.srcs/sources_1/bd/base/ip/base_intr_1/base_intr_1_stub.vhdl'. Please regenerate to continue.
WARNING: [IP_Flow 19-3664] IP 'base_intr_1' generated file not found 'c:/Users/danie/Documents/Repaso_VIVADO/PYNQ_base/base/base.srcs/sources_1/bd/base/ip/base_intr_1/base_intr_1_sim_netlist.v'. Please regenerate to continue.
WARNING: [IP_Flow 19-3664] IP 'base_intr_1' generated file not found 'c:/Users/danie/Documents/Repaso_VIVADO/PYNQ_base/base/base.srcs/sources_1/bd/base/ip/base_intr_1/base_intr_1_sim_netlist.vhdl'. Please regenerate to continue.
WARNING: [IP_Flow 19-3664] IP 'base_dlmb_v10_1' generated file not found 'c:/Users/danie/Documents/Repaso_VIVADO/PYNQ_base/base/base.srcs/sources_1/bd/base/ip/base_dlmb_v10_1/base_dlmb_v10_1.dcp'. Please regenerate to continue.
WARNING: [IP_Flow 19-3664] IP 'base_dlmb_v10_1' generated file not found 'c:/Users/danie/Documents/Repaso_VIVADO/PYNQ_base/base/base.srcs/sources_1/bd/base/ip/base_dlmb_v10_1/base_dlmb_v10_1_stub.v'. Please regenerate to continue.
WARNING: [IP_Flow 19-3664] IP 'base_dlmb_v10_1' generated file not found 'c:/Users/danie/Documents/Repaso_VIVADO/PYNQ_base/base/base.srcs/sources_1/bd/base/ip/base_dlmb_v10_1/base_dlmb_v10_1_stub.vhdl'. Please regenerate to continue.
WARNING: [IP_Flow 19-3664] IP 'base_dlmb_v10_1' generated file not found 'c:/Users/danie/Documents/Repaso_VIVADO/PYNQ_base/base/base.srcs/sources_1/bd/base/ip/base_dlmb_v10_1/base_dlmb_v10_1_sim_netlist.v'. Please regenerate to continue.
WARNING: [IP_Flow 19-3664] IP 'base_dlmb_v10_1' generated file not found 'c:/Users/danie/Documents/Repaso_VIVADO/PYNQ_base/base/base.srcs/sources_1/bd/base/ip/base_dlmb_v10_1/base_dlmb_v10_1_sim_netlist.vhdl'. Please regenerate to continue.
WARNING: [IP_Flow 19-3664] IP 'base_ilmb_v10_1' generated file not found 'c:/Users/danie/Documents/Repaso_VIVADO/PYNQ_base/base/base.srcs/sources_1/bd/base/ip/base_ilmb_v10_1/base_ilmb_v10_1.dcp'. Please regenerate to continue.
WARNING: [IP_Flow 19-3664] IP 'base_ilmb_v10_1' generated file not found 'c:/Users/danie/Documents/Repaso_VIVADO/PYNQ_base/base/base.srcs/sources_1/bd/base/ip/base_ilmb_v10_1/base_ilmb_v10_1_stub.v'. Please regenerate to continue.
WARNING: [IP_Flow 19-3664] IP 'base_ilmb_v10_1' generated file not found 'c:/Users/danie/Documents/Repaso_VIVADO/PYNQ_base/base/base.srcs/sources_1/bd/base/ip/base_ilmb_v10_1/base_ilmb_v10_1_stub.vhdl'. Please regenerate to continue.
WARNING: [IP_Flow 19-3664] IP 'base_ilmb_v10_1' generated file not found 'c:/Users/danie/Documents/Repaso_VIVADO/PYNQ_base/base/base.srcs/sources_1/bd/base/ip/base_ilmb_v10_1/base_ilmb_v10_1_sim_netlist.v'. Please regenerate to continue.
WARNING: [IP_Flow 19-3664] IP 'base_ilmb_v10_1' generated file not found 'c:/Users/danie/Documents/Repaso_VIVADO/PYNQ_base/base/base.srcs/sources_1/bd/base/ip/base_ilmb_v10_1/base_ilmb_v10_1_sim_netlist.vhdl'. Please regenerate to continue.
WARNING: [IP_Flow 19-3664] IP 'base_lmb_bram_1' generated file not found 'c:/Users/danie/Documents/Repaso_VIVADO/PYNQ_base/base/base.srcs/sources_1/bd/base/ip/base_lmb_bram_1/base_lmb_bram_1.dcp'. Please regenerate to continue.
WARNING: [IP_Flow 19-3664] IP 'base_lmb_bram_1' generated file not found 'c:/Users/danie/Documents/Repaso_VIVADO/PYNQ_base/base/base.srcs/sources_1/bd/base/ip/base_lmb_bram_1/base_lmb_bram_1_stub.v'. Please regenerate to continue.
WARNING: [IP_Flow 19-3664] IP 'base_lmb_bram_1' generated file not found 'c:/Users/danie/Documents/Repaso_VIVADO/PYNQ_base/base/base.srcs/sources_1/bd/base/ip/base_lmb_bram_1/base_lmb_bram_1_stub.vhdl'. Please regenerate to continue.
WARNING: [IP_Flow 19-3664] IP 'base_lmb_bram_1' generated file not found 'c:/Users/danie/Documents/Repaso_VIVADO/PYNQ_base/base/base.srcs/sources_1/bd/base/ip/base_lmb_bram_1/base_lmb_bram_1_sim_netlist.v'. Please regenerate to continue.
WARNING: [IP_Flow 19-3664] IP 'base_lmb_bram_1' generated file not found 'c:/Users/danie/Documents/Repaso_VIVADO/PYNQ_base/base/base.srcs/sources_1/bd/base/ip/base_lmb_bram_1/base_lmb_bram_1_sim_netlist.vhdl'. Please regenerate to continue.
WARNING: [IP_Flow 19-3664] IP 'base_mb_1' generated file not found 'c:/Users/danie/Documents/Repaso_VIVADO/PYNQ_base/base/base.srcs/sources_1/bd/base/ip/base_mb_1/base_mb_1.dcp'. Please regenerate to continue.
WARNING: [IP_Flow 19-3664] IP 'base_mb_1' generated file not found 'c:/Users/danie/Documents/Repaso_VIVADO/PYNQ_base/base/base.srcs/sources_1/bd/base/ip/base_mb_1/base_mb_1_stub.v'. Please regenerate to continue.
WARNING: [IP_Flow 19-3664] IP 'base_mb_1' generated file not found 'c:/Users/danie/Documents/Repaso_VIVADO/PYNQ_base/base/base.srcs/sources_1/bd/base/ip/base_mb_1/base_mb_1_stub.vhdl'. Please regenerate to continue.
WARNING: [IP_Flow 19-3664] IP 'base_mb_1' generated file not found 'c:/Users/danie/Documents/Repaso_VIVADO/PYNQ_base/base/base.srcs/sources_1/bd/base/ip/base_mb_1/base_mb_1_sim_netlist.v'. Please regenerate to continue.
WARNING: [IP_Flow 19-3664] IP 'base_mb_1' generated file not found 'c:/Users/danie/Documents/Repaso_VIVADO/PYNQ_base/base/base.srcs/sources_1/bd/base/ip/base_mb_1/base_mb_1_sim_netlist.vhdl'. Please regenerate to continue.
WARNING: [IP_Flow 19-3664] IP 'base_xbar_3' generated file not found 'c:/Users/danie/Documents/Repaso_VIVADO/PYNQ_base/base/base.srcs/sources_1/bd/base/ip/base_xbar_3/base_xbar_3.dcp'. Please regenerate to continue.
WARNING: [IP_Flow 19-3664] IP 'base_xbar_3' generated file not found 'c:/Users/danie/Documents/Repaso_VIVADO/PYNQ_base/base/base.srcs/sources_1/bd/base/ip/base_xbar_3/base_xbar_3_stub.v'. Please regenerate to continue.
WARNING: [IP_Flow 19-3664] IP 'base_xbar_3' generated file not found 'c:/Users/danie/Documents/Repaso_VIVADO/PYNQ_base/base/base.srcs/sources_1/bd/base/ip/base_xbar_3/base_xbar_3_stub.vhdl'. Please regenerate to continue.
WARNING: [IP_Flow 19-3664] IP 'base_xbar_3' generated file not found 'c:/Users/danie/Documents/Repaso_VIVADO/PYNQ_base/base/base.srcs/sources_1/bd/base/ip/base_xbar_3/base_xbar_3_sim_netlist.v'. Please regenerate to continue.
WARNING: [IP_Flow 19-3664] IP 'base_xbar_3' generated file not found 'c:/Users/danie/Documents/Repaso_VIVADO/PYNQ_base/base/base.srcs/sources_1/bd/base/ip/base_xbar_3/base_xbar_3_sim_netlist.vhdl'. Please regenerate to continue.
INFO: [Common 17-14] Message 'IP_Flow 19-3664' appears 100 times and further instances of the messages will be disabled. Use the Tcl command set_msg_config to change the current settings.
open_project: Time (s): cpu = 00:01:23 ; elapsed = 00:01:06 . Memory (MB): peak = 1272.723 ; gain = 660.836
update_compile_order -fileset sources_1
launch_runs synth_1 -jobs 2
INFO: [IP_Flow 19-4993] Using cached IP synthesis design for IP base_auto_cc_0, cache-ID = ac5f88c5046b618d; cache size = 41.176 MB.
INFO: [IP_Flow 19-4993] Using cached IP synthesis design for IP base_ilmb_v10_1, cache-ID = a9f47991081a017d; cache size = 41.176 MB.
INFO: [IP_Flow 19-4993] Using cached IP synthesis design for IP base_m01_regslice_13, cache-ID = f509300c6e2f643a; cache size = 41.177 MB.
INFO: [IP_Flow 19-4993] Using cached IP synthesis design for IP base_m04_regslice_14, cache-ID = 553a47bd18d4b55e; cache size = 41.177 MB.
INFO: [IP_Flow 19-4993] Using cached IP synthesis design for IP base_m11_regslice_0, cache-ID = f08974896bbbce17; cache size = 41.177 MB.
INFO: [IP_Flow 19-4993] Using cached IP synthesis design for IP base_timer_1_0, cache-ID = d1c7ecea75bea0e4; cache size = 41.177 MB.
INFO: [IP_Flow 19-4993] Using cached IP synthesis design for IP base_auto_cc_1, cache-ID = 9a23d456914130d8; cache size = 41.176 MB.
INFO: [IP_Flow 19-4993] Using cached IP synthesis design for IP base_lmb_bram_if_cntlr_2, cache-ID = 647f879ebf60ab49; cache size = 41.177 MB.
INFO: [IP_Flow 19-4993] Using cached IP synthesis design for IP base_m03_regslice_17, cache-ID = f08974896bbbce17; cache size = 41.177 MB.
INFO: [IP_Flow 19-4993] Using cached IP synthesis design for IP base_m06_regslice_13, cache-ID = 553a47bd18d4b55e; cache size = 41.177 MB.
INFO: [IP_Flow 19-4993] Using cached IP synthesis design for IP base_rst_clk_wiz_1_100M_2, cache-ID = b93384c5e271881a; cache size = 41.177 MB.
INFO: [IP_Flow 19-4993] Using cached IP synthesis design for IP base_color_convert_0, cache-ID = 2499d4b57b62fa6f; cache size = 41.176 MB.
INFO: [IP_Flow 19-4993] Using cached IP synthesis design for IP base_iic_0, cache-ID = 6efbb935a190aded; cache size = 41.176 MB.
INFO: [IP_Flow 19-4993] Using cached IP synthesis design for IP base_m00_regslice_24, cache-ID = 6046730aa823be3d; cache size = 41.177 MB.
INFO: [IP_Flow 19-4993] Using cached IP synthesis design for IP base_m04_regslice_13, cache-ID = f08974896bbbce17; cache size = 41.177 MB.
INFO: [IP_Flow 19-4993] Using cached IP synthesis design for IP base_m10_regslice_0, cache-ID = f08974896bbbce17; cache size = 41.177 MB.
INFO: [IP_Flow 19-4993] Using cached IP synthesis design for IP base_s00_regslice_25, cache-ID = 1fd44007a739a358; cache size = 41.177 MB.
INFO: [IP_Flow 19-4993] Using cached IP synthesis design for IP base_dff_en_reset_vector_0_1, cache-ID = 099380bc952bb700; cache size = 41.176 MB.
INFO: [IP_Flow 19-4993] Using cached IP synthesis design for IP base_intr_2, cache-ID = 5f8e8165cef75939; cache size = 41.177 MB.
INFO: [IP_Flow 19-4993] Using cached IP synthesis design for IP base_m03_regslice_14, cache-ID = 553a47bd18d4b55e; cache size = 41.177 MB.
INFO: [IP_Flow 19-4993] Using cached IP synthesis design for IP base_m05_regslice_13, cache-ID = 553a47bd18d4b55e; cache size = 41.177 MB.
INFO: [IP_Flow 19-4993] Using cached IP synthesis design for IP base_m16_regslice_0, cache-ID = f08974896bbbce17; cache size = 41.177 MB.
INFO: [IP_Flow 19-4993] Using cached IP synthesis design for IP base_timer_5_0, cache-ID = d1c7ecea75bea0e4; cache size = 41.177 MB.
INFO: [IP_Flow 19-4993] Using cached IP synthesis design for IP base_auto_pc_5, cache-ID = db66ebef3ff5521f; cache size = 41.176 MB.
INFO: [IP_Flow 19-4993] Using cached IP synthesis design for IP base_ilmb_v10_2, cache-ID = a9f47991081a017d; cache size = 41.176 MB.
INFO: [IP_Flow 19-4993] Using cached IP synthesis design for IP base_m01_regslice_14, cache-ID = 553a47bd18d4b55e; cache size = 41.177 MB.
INFO: [IP_Flow 19-4993] Using cached IP synthesis design for IP base_m05_regslice_11, cache-ID = 553a47bd18d4b55e; cache size = 41.177 MB.
INFO: [IP_Flow 19-4993] Using cached IP synthesis design for IP base_m12_regslice_0, cache-ID = f08974896bbbce17; cache size = 41.177 MB.
INFO: [IP_Flow 19-4993] Using cached IP synthesis design for IP base_timer_2_0, cache-ID = d1c7ecea75bea0e4; cache size = 41.177 MB.
INFO: [IP_Flow 19-4993] Using cached IP synthesis design for IP base_auto_pc_6, cache-ID = db66ebef3ff5521f; cache size = 41.176 MB.
INFO: [IP_Flow 19-4993] Using cached IP synthesis design for IP base_lmb_bram_if_cntlr_0, cache-ID = 647f879ebf60ab49; cache size = 41.177 MB.
INFO: [IP_Flow 19-4993] Using cached IP synthesis design for IP base_m03_regslice_16, cache-ID = 553a47bd18d4b55e; cache size = 41.177 MB.
INFO: [IP_Flow 19-4993] Using cached IP synthesis design for IP base_m06_regslice_12, cache-ID = 553a47bd18d4b55e; cache size = 41.177 MB.
INFO: [IP_Flow 19-4993] Using cached IP synthesis design for IP base_rst_clk_wiz_1_100M_1, cache-ID = b93384c5e271881a; cache size = 41.177 MB.
INFO: [IP_Flow 19-4993] Using cached IP synthesis design for IP base_timer_7, cache-ID = d1c7ecea75bea0e4; cache size = 41.177 MB.
INFO: [IP_Flow 19-4993] Using cached IP synthesis design for IP base_auto_pc_9, cache-ID = db66ebef3ff5521f; cache size = 41.176 MB.
INFO: [IP_Flow 19-4993] Using cached IP synthesis design for IP base_intr_1, cache-ID = 5f8e8165cef75939; cache size = 41.177 MB.
INFO: [IP_Flow 19-4993] Using cached IP synthesis design for IP base_m01_regslice_15, cache-ID = 553a47bd18d4b55e; cache size = 41.177 MB.
INFO: [IP_Flow 19-4993] Using cached IP synthesis design for IP base_m05_regslice_12, cache-ID = 553a47bd18d4b55e; cache size = 41.177 MB.
INFO: [IP_Flow 19-4993] Using cached IP synthesis design for IP base_m13_regslice_0, cache-ID = f08974896bbbce17; cache size = 41.177 MB.
INFO: [IP_Flow 19-4993] Using cached IP synthesis design for IP base_timer_3_0, cache-ID = d1c7ecea75bea0e4; cache size = 41.177 MB.
INFO: [IP_Flow 19-4993] Using cached IP synthesis design for IP base_dff_en_reset_vector_0_2, cache-ID = 099380bc952bb700; cache size = 41.176 MB.
INFO: [IP_Flow 19-4993] Using cached IP synthesis design for IP base_m00_regslice_22, cache-ID = 6046730aa823be3d; cache size = 41.177 MB.
INFO: [IP_Flow 19-4993] Using cached IP synthesis design for IP base_m04_regslice_12, cache-ID = f08974896bbbce17; cache size = 41.177 MB.
INFO: [IP_Flow 19-4993] Using cached IP synthesis design for IP base_m09_regslice_7, cache-ID = f08974896bbbce17; cache size = 41.177 MB.
INFO: [IP_Flow 19-4993] Using cached IP synthesis design for IP base_s00_regslice_21, cache-ID = a9b070ddf721afcd; cache size = 41.177 MB.
INFO: [IP_Flow 19-4993] Using cached IP synthesis design for IP base_dlmb_v10_2, cache-ID = a9f47991081a017d; cache size = 41.176 MB.
INFO: [IP_Flow 19-4993] Using cached IP synthesis design for IP base_m00_regslice_21, cache-ID = f08974896bbbce17; cache size = 41.177 MB.
INFO: [IP_Flow 19-4993] Using cached IP synthesis design for IP base_m04_regslice_11, cache-ID = 553a47bd18d4b55e; cache size = 41.177 MB.
INFO: [IP_Flow 19-4993] Using cached IP synthesis design for IP base_m08_regslice_6, cache-ID = 553a47bd18d4b55e; cache size = 41.177 MB.
INFO: [IP_Flow 19-4993] Using cached IP synthesis design for IP base_rst_ps7_0_fclk0_0, cache-ID = 5e5b49074d02d023; cache size = 41.177 MB.
INFO: [IP_Flow 19-4993] Using cached IP synthesis design for IP base_dlmb_v10_1, cache-ID = a9f47991081a017d; cache size = 41.176 MB.
INFO: [IP_Flow 19-4993] Using cached IP synthesis design for IP base_io_switch_2, cache-ID = 4768019326a4d55d; cache size = 41.177 MB.
INFO: [IP_Flow 19-4993] Using cached IP synthesis design for IP base_m03_regslice_15, cache-ID = 553a47bd18d4b55e; cache size = 41.177 MB.
INFO: [IP_Flow 19-4993] Using cached IP synthesis design for IP base_m06_regslice_11, cache-ID = 6046730aa823be3d; cache size = 41.177 MB.
INFO: [IP_Flow 19-4993] Using cached IP synthesis design for IP base_proc_sys_reset_pixelclk_0, cache-ID = 5e5b49074d02d023; cache size = 41.177 MB.
INFO: [IP_Flow 19-4993] Using cached IP synthesis design for IP base_timer_6, cache-ID = d1c7ecea75bea0e4; cache size = 41.177 MB.
config_ip_cache: Time (s): cpu = 00:00:43 ; elapsed = 00:00:47 . Memory (MB): peak = 1858.926 ; gain = 0.000
[Thu May  7 07:53:50 2020] Launched base_auto_pc_8_synth_1, base_m03_regslice_13_synth_1, base_m02_regslice_17_synth_1, base_m02_regslice_13_synth_1, base_m06_regslice_14_synth_1, base_s00_regslice_24_synth_1, base_m02_regslice_16_synth_1, base_m07_regslice_11_synth_1, base_m07_regslice_12_synth_1, base_m02_regslice_15_synth_1, base_m07_regslice_13_synth_1, base_s00_regslice_23_synth_1, base_m00_regslice_23_synth_1, base_spi_shared_0_synth_1, base_spi_direct_0_synth_1, base_uartlite_0_synth_1, base_xadc_0_synth_1, base_mb_1_synth_1, base_lmb_bram_2_synth_1, base_lmb_bram_1_synth_1, base_xbar_3_synth_1, base_spi_0_synth_1, base_xbar_4_synth_1, base_ps7_0_0_synth_1, base_mb_2_synth_1, base_spi_1_synth_1, base_switches_gpio_0_synth_1, base_rgbleds_gpio_0_synth_1, base_rst_ps7_0_fclk1_0_synth_1, base_slice_pmoda_gpio_0_synth_1, base_axis_data_fifo_0_0_synth_1, base_axi_dma_0_1_synth_1, base_xbar_7_synth_1, base_axis_data_fifo_0_1_synth_1, base_xbar_8_synth_1, base_v_axi4s_vid_out_0_0_synth_1, base_pixel_unpack_0_synth_1, base_pixel_pack_0_synth_1, base_color_swap_0_0_synth_1, base_axis_register_slice_0_1_synth_1, base_hdmi_out_hpd_video_0_synth_1, base_axi_vdma_0_synth_1, base_color_swap_0_1_synth_1, base_vtc_in_0_synth_1, base_v_vid_in_axi4s_0_0_synth_1, base_axis_register_slice_0_0_synth_1, base_rgb2dvi_0_0_synth_1, base_s00_regslice_18_synth_1, base_s01_regslice_6_synth_1, base_m00_regslice_19_synth_1, base_auto_us_0_synth_1, base_tier2_xbar_1_0_synth_1, base_m02_regslice_14_synth_1, base_auto_pc_0_synth_1, base_s02_regslice_0_synth_1, base_s00_regslice_22_synth_1, base_auto_pc_1_synth_1, base_s00_regslice_19_synth_1, base_mb_bram_ctrl_0_synth_1, base_mb_0_synth_1, base_xbar_2_synth_1, base_lmb_bram_0_synth_1...
Run output will be captured here:
base_auto_pc_8_synth_1: C:/Users/danie/Documents/Repaso_VIVADO/PYNQ_base/base/base.runs/base_auto_pc_8_synth_1/runme.log
base_m03_regslice_13_synth_1: C:/Users/danie/Documents/Repaso_VIVADO/PYNQ_base/base/base.runs/base_m03_regslice_13_synth_1/runme.log
base_m02_regslice_17_synth_1: C:/Users/danie/Documents/Repaso_VIVADO/PYNQ_base/base/base.runs/base_m02_regslice_17_synth_1/runme.log
base_m02_regslice_13_synth_1: C:/Users/danie/Documents/Repaso_VIVADO/PYNQ_base/base/base.runs/base_m02_regslice_13_synth_1/runme.log
base_m06_regslice_14_synth_1: C:/Users/danie/Documents/Repaso_VIVADO/PYNQ_base/base/base.runs/base_m06_regslice_14_synth_1/runme.log
base_s00_regslice_24_synth_1: C:/Users/danie/Documents/Repaso_VIVADO/PYNQ_base/base/base.runs/base_s00_regslice_24_synth_1/runme.log
base_m02_regslice_16_synth_1: C:/Users/danie/Documents/Repaso_VIVADO/PYNQ_base/base/base.runs/base_m02_regslice_16_synth_1/runme.log
base_m07_regslice_11_synth_1: C:/Users/danie/Documents/Repaso_VIVADO/PYNQ_base/base/base.runs/base_m07_regslice_11_synth_1/runme.log
base_m07_regslice_12_synth_1: C:/Users/danie/Documents/Repaso_VIVADO/PYNQ_base/base/base.runs/base_m07_regslice_12_synth_1/runme.log
base_m02_regslice_15_synth_1: C:/Users/danie/Documents/Repaso_VIVADO/PYNQ_base/base/base.runs/base_m02_regslice_15_synth_1/runme.log
base_m07_regslice_13_synth_1: C:/Users/danie/Documents/Repaso_VIVADO/PYNQ_base/base/base.runs/base_m07_regslice_13_synth_1/runme.log
base_s00_regslice_23_synth_1: C:/Users/danie/Documents/Repaso_VIVADO/PYNQ_base/base/base.runs/base_s00_regslice_23_synth_1/runme.log
base_m00_regslice_23_synth_1: C:/Users/danie/Documents/Repaso_VIVADO/PYNQ_base/base/base.runs/base_m00_regslice_23_synth_1/runme.log
base_spi_shared_0_synth_1: C:/Users/danie/Documents/Repaso_VIVADO/PYNQ_base/base/base.runs/base_spi_shared_0_synth_1/runme.log
base_spi_direct_0_synth_1: C:/Users/danie/Documents/Repaso_VIVADO/PYNQ_base/base/base.runs/base_spi_direct_0_synth_1/runme.log
base_uartlite_0_synth_1: C:/Users/danie/Documents/Repaso_VIVADO/PYNQ_base/base/base.runs/base_uartlite_0_synth_1/runme.log
base_xadc_0_synth_1: C:/Users/danie/Documents/Repaso_VIVADO/PYNQ_base/base/base.runs/base_xadc_0_synth_1/runme.log
base_mb_1_synth_1: C:/Users/danie/Documents/Repaso_VIVADO/PYNQ_base/base/base.runs/base_mb_1_synth_1/runme.log
base_lmb_bram_2_synth_1: C:/Users/danie/Documents/Repaso_VIVADO/PYNQ_base/base/base.runs/base_lmb_bram_2_synth_1/runme.log
base_lmb_bram_1_synth_1: C:/Users/danie/Documents/Repaso_VIVADO/PYNQ_base/base/base.runs/base_lmb_bram_1_synth_1/runme.log
base_xbar_3_synth_1: C:/Users/danie/Documents/Repaso_VIVADO/PYNQ_base/base/base.runs/base_xbar_3_synth_1/runme.log
base_spi_0_synth_1: C:/Users/danie/Documents/Repaso_VIVADO/PYNQ_base/base/base.runs/base_spi_0_synth_1/runme.log
base_xbar_4_synth_1: C:/Users/danie/Documents/Repaso_VIVADO/PYNQ_base/base/base.runs/base_xbar_4_synth_1/runme.log
base_ps7_0_0_synth_1: C:/Users/danie/Documents/Repaso_VIVADO/PYNQ_base/base/base.runs/base_ps7_0_0_synth_1/runme.log
base_mb_2_synth_1: C:/Users/danie/Documents/Repaso_VIVADO/PYNQ_base/base/base.runs/base_mb_2_synth_1/runme.log
base_spi_1_synth_1: C:/Users/danie/Documents/Repaso_VIVADO/PYNQ_base/base/base.runs/base_spi_1_synth_1/runme.log
base_switches_gpio_0_synth_1: C:/Users/danie/Documents/Repaso_VIVADO/PYNQ_base/base/base.runs/base_switches_gpio_0_synth_1/runme.log
base_rgbleds_gpio_0_synth_1: C:/Users/danie/Documents/Repaso_VIVADO/PYNQ_base/base/base.runs/base_rgbleds_gpio_0_synth_1/runme.log
base_rst_ps7_0_fclk1_0_synth_1: C:/Users/danie/Documents/Repaso_VIVADO/PYNQ_base/base/base.runs/base_rst_ps7_0_fclk1_0_synth_1/runme.log
base_slice_pmoda_gpio_0_synth_1: C:/Users/danie/Documents/Repaso_VIVADO/PYNQ_base/base/base.runs/base_slice_pmoda_gpio_0_synth_1/runme.log
base_axis_data_fifo_0_0_synth_1: C:/Users/danie/Documents/Repaso_VIVADO/PYNQ_base/base/base.runs/base_axis_data_fifo_0_0_synth_1/runme.log
base_axi_dma_0_1_synth_1: C:/Users/danie/Documents/Repaso_VIVADO/PYNQ_base/base/base.runs/base_axi_dma_0_1_synth_1/runme.log
base_xbar_7_synth_1: C:/Users/danie/Documents/Repaso_VIVADO/PYNQ_base/base/base.runs/base_xbar_7_synth_1/runme.log
base_axis_data_fifo_0_1_synth_1: C:/Users/danie/Documents/Repaso_VIVADO/PYNQ_base/base/base.runs/base_axis_data_fifo_0_1_synth_1/runme.log
base_xbar_8_synth_1: C:/Users/danie/Documents/Repaso_VIVADO/PYNQ_base/base/base.runs/base_xbar_8_synth_1/runme.log
base_v_axi4s_vid_out_0_0_synth_1: C:/Users/danie/Documents/Repaso_VIVADO/PYNQ_base/base/base.runs/base_v_axi4s_vid_out_0_0_synth_1/runme.log
base_pixel_unpack_0_synth_1: C:/Users/danie/Documents/Repaso_VIVADO/PYNQ_base/base/base.runs/base_pixel_unpack_0_synth_1/runme.log
base_pixel_pack_0_synth_1: C:/Users/danie/Documents/Repaso_VIVADO/PYNQ_base/base/base.runs/base_pixel_pack_0_synth_1/runme.log
base_color_swap_0_0_synth_1: C:/Users/danie/Documents/Repaso_VIVADO/PYNQ_base/base/base.runs/base_color_swap_0_0_synth_1/runme.log
base_axis_register_slice_0_1_synth_1: C:/Users/danie/Documents/Repaso_VIVADO/PYNQ_base/base/base.runs/base_axis_register_slice_0_1_synth_1/runme.log
base_hdmi_out_hpd_video_0_synth_1: C:/Users/danie/Documents/Repaso_VIVADO/PYNQ_base/base/base.runs/base_hdmi_out_hpd_video_0_synth_1/runme.log
base_axi_vdma_0_synth_1: C:/Users/danie/Documents/Repaso_VIVADO/PYNQ_base/base/base.runs/base_axi_vdma_0_synth_1/runme.log
base_color_swap_0_1_synth_1: C:/Users/danie/Documents/Repaso_VIVADO/PYNQ_base/base/base.runs/base_color_swap_0_1_synth_1/runme.log
base_vtc_in_0_synth_1: C:/Users/danie/Documents/Repaso_VIVADO/PYNQ_base/base/base.runs/base_vtc_in_0_synth_1/runme.log
base_v_vid_in_axi4s_0_0_synth_1: C:/Users/danie/Documents/Repaso_VIVADO/PYNQ_base/base/base.runs/base_v_vid_in_axi4s_0_0_synth_1/runme.log
base_axis_register_slice_0_0_synth_1: C:/Users/danie/Documents/Repaso_VIVADO/PYNQ_base/base/base.runs/base_axis_register_slice_0_0_synth_1/runme.log
base_rgb2dvi_0_0_synth_1: C:/Users/danie/Documents/Repaso_VIVADO/PYNQ_base/base/base.runs/base_rgb2dvi_0_0_synth_1/runme.log
base_s00_regslice_18_synth_1: C:/Users/danie/Documents/Repaso_VIVADO/PYNQ_base/base/base.runs/base_s00_regslice_18_synth_1/runme.log
base_s01_regslice_6_synth_1: C:/Users/danie/Documents/Repaso_VIVADO/PYNQ_base/base/base.runs/base_s01_regslice_6_synth_1/runme.log
base_m00_regslice_19_synth_1: C:/Users/danie/Documents/Repaso_VIVADO/PYNQ_base/base/base.runs/base_m00_regslice_19_synth_1/runme.log
base_auto_us_0_synth_1: C:/Users/danie/Documents/Repaso_VIVADO/PYNQ_base/base/base.runs/base_auto_us_0_synth_1/runme.log
base_tier2_xbar_1_0_synth_1: C:/Users/danie/Documents/Repaso_VIVADO/PYNQ_base/base/base.runs/base_tier2_xbar_1_0_synth_1/runme.log
base_m02_regslice_14_synth_1: C:/Users/danie/Documents/Repaso_VIVADO/PYNQ_base/base/base.runs/base_m02_regslice_14_synth_1/runme.log
base_auto_pc_0_synth_1: C:/Users/danie/Documents/Repaso_VIVADO/PYNQ_base/base/base.runs/base_auto_pc_0_synth_1/runme.log
base_s02_regslice_0_synth_1: C:/Users/danie/Documents/Repaso_VIVADO/PYNQ_base/base/base.runs/base_s02_regslice_0_synth_1/runme.log
base_s00_regslice_22_synth_1: C:/Users/danie/Documents/Repaso_VIVADO/PYNQ_base/base/base.runs/base_s00_regslice_22_synth_1/runme.log
base_auto_pc_1_synth_1: C:/Users/danie/Documents/Repaso_VIVADO/PYNQ_base/base/base.runs/base_auto_pc_1_synth_1/runme.log
base_s00_regslice_19_synth_1: C:/Users/danie/Documents/Repaso_VIVADO/PYNQ_base/base/base.runs/base_s00_regslice_19_synth_1/runme.log
base_mb_bram_ctrl_0_synth_1: C:/Users/danie/Documents/Repaso_VIVADO/PYNQ_base/base/base.runs/base_mb_bram_ctrl_0_synth_1/runme.log
base_mb_0_synth_1: C:/Users/danie/Documents/Repaso_VIVADO/PYNQ_base/base/base.runs/base_mb_0_synth_1/runme.log
base_xbar_2_synth_1: C:/Users/danie/Documents/Repaso_VIVADO/PYNQ_base/base/base.runs/base_xbar_2_synth_1/runme.log
base_lmb_bram_0_synth_1: C:/Users/danie/Documents/Repaso_VIVADO/PYNQ_base/base/base.runs/base_lmb_bram_0_synth_1/runme.log
[Thu May  7 07:54:42 2020] Launched synth_1...
Run output will be captured here: C:/Users/danie/Documents/Repaso_VIVADO/PYNQ_base/base/base.runs/synth_1/runme.log
launch_runs: Time (s): cpu = 00:02:53 ; elapsed = 00:02:48 . Memory (MB): peak = 1858.926 ; gain = 0.000
launch_runs impl_1 -jobs 2
[Thu May  7 08:54:48 2020] Launched impl_1...
Run output will be captured here: C:/Users/danie/Documents/Repaso_VIVADO/PYNQ_base/base/base.runs/impl_1/runme.log
launch_runs: Time (s): cpu = 00:00:04 ; elapsed = 00:00:06 . Memory (MB): peak = 1858.926 ; gain = 0.000
