#-----------------------------------------------------------
# Vivado v2019.1 (64-bit)
# SW Build 2552052 on Fri May 24 14:49:42 MDT 2019
# IP Build 2548770 on Fri May 24 18:01:18 MDT 2019
# Start of session at: Thu Mar 12 22:56:51 2020
# Process ID: 4924
# Current directory: C:/Users/danie/Documents/Repaso_VIVADO/Gpio
# Command line: vivado.exe -gui_launcher_event rodinguilauncherevent7244 C:\Users\danie\Documents\Repaso_VIVADO\Gpio\Gpio.xpr
# Log file: C:/Users/danie/Documents/Repaso_VIVADO/Gpio/vivado.log
# Journal file: C:/Users/danie/Documents/Repaso_VIVADO/Gpio\vivado.jou
#-----------------------------------------------------------
start_gui
open_project C:/Users/danie/Documents/Repaso_VIVADO/Gpio/Gpio.xpr
Scanning sources...
Finished scanning sources
INFO: [IP_Flow 19-234] Refreshing IP repositories
INFO: [IP_Flow 19-1704] No user IP repositories specified
INFO: [IP_Flow 19-2313] Loaded Vivado IP repository 'C:/Xilinx/Vivado/2019.1/data/ip'.
open_project: Time (s): cpu = 00:00:32 ; elapsed = 00:00:18 . Memory (MB): peak = 786.945 ; gain = 187.352
update_compile_order -fileset sources_1
exit
INFO: [Common 17-206] Exiting Vivado at Thu Mar 12 23:02:40 2020...
