#-----------------------------------------------------------
# Vivado v2019.1 (64-bit)
# SW Build 2552052 on Fri May 24 14:49:42 MDT 2019
# IP Build 2548770 on Fri May 24 18:01:18 MDT 2019
# Start of session at: Thu May 21 00:25:56 2020
# Process ID: 8584
# Current directory: C:/Users/danie/Documents/Lab3_FPGA_codes/System_etapa1_V2
# Command line: vivado.exe -gui_launcher_event rodinguilauncherevent10224 C:\Users\danie\Documents\Lab3_FPGA_codes\System_etapa1_V2\System_etapa1_V2.xpr
# Log file: C:/Users/danie/Documents/Lab3_FPGA_codes/System_etapa1_V2/vivado.log
# Journal file: C:/Users/danie/Documents/Lab3_FPGA_codes/System_etapa1_V2\vivado.jou
#-----------------------------------------------------------
start_gui
open_project C:/Users/danie/Documents/Lab3_FPGA_codes/System_etapa1_V2/System_etapa1_V2.xpr
Scanning sources...
Finished scanning sources
INFO: [IP_Flow 19-234] Refreshing IP repositories
INFO: [IP_Flow 19-1704] No user IP repositories specified
INFO: [IP_Flow 19-2313] Loaded Vivado IP repository 'C:/Xilinx/Vivado/2019.1/data/ip'.
open_project: Time (s): cpu = 00:00:21 ; elapsed = 00:00:10 . Memory (MB): peak = 753.961 ; gain = 144.480
update_compile_order -fileset sources_1
reset_run impl_1
launch_runs impl_1 -to_step write_bitstream -jobs 2
[Thu May 21 00:27:17 2020] Launched impl_1...
Run output will be captured here: C:/Users/danie/Documents/Lab3_FPGA_codes/System_etapa1_V2/System_etapa1_V2.runs/impl_1/runme.log
exit
INFO: [Common 17-206] Exiting Vivado at Thu May 21 00:31:50 2020...
