#-----------------------------------------------------------
# Vivado v2019.1 (64-bit)
# SW Build 2552052 on Fri May 24 14:49:42 MDT 2019
# IP Build 2548770 on Fri May 24 18:01:18 MDT 2019
# Start of session at: Wed May 20 00:49:26 2020
# Process ID: 4156
# Current directory: C:/Users/danie/Documents/Repaso_VIVADO/HelloWorld
# Command line: vivado.exe -gui_launcher_event rodinguilauncherevent1548 C:\Users\danie\Documents\Repaso_VIVADO\HelloWorld\HelloWorld.xpr
# Log file: C:/Users/danie/Documents/Repaso_VIVADO/HelloWorld/vivado.log
# Journal file: C:/Users/danie/Documents/Repaso_VIVADO/HelloWorld\vivado.jou
#-----------------------------------------------------------
start_gui
open_project C:/Users/danie/Documents/Repaso_VIVADO/HelloWorld/HelloWorld.xpr
Scanning sources...
Finished scanning sources
INFO: [IP_Flow 19-234] Refreshing IP repositories
INFO: [IP_Flow 19-1704] No user IP repositories specified
INFO: [IP_Flow 19-2313] Loaded Vivado IP repository 'C:/Xilinx/Vivado/2019.1/data/ip'.
open_project: Time (s): cpu = 00:00:20 ; elapsed = 00:00:11 . Memory (MB): peak = 904.746 ; gain = 63.301
update_compile_order -fileset sources_1
open_bd_design {C:/Users/danie/Documents/Repaso_VIVADO/HelloWorld/HelloWorld.srcs/sources_1/bd/Only_processor/Only_processor.bd}
Adding component instance block -- xilinx.com:ip:processing_system7:5.5 - processing_system7_0
Successfully read diagram <Only_processor> from BD file <C:/Users/danie/Documents/Repaso_VIVADO/HelloWorld/HelloWorld.srcs/sources_1/bd/Only_processor/Only_processor.bd>
open_bd_design: Time (s): cpu = 00:00:17 ; elapsed = 00:00:14 . Memory (MB): peak = 904.746 ; gain = 0.000
exit
INFO: [Common 17-206] Exiting Vivado at Wed May 20 01:14:24 2020...
