#-----------------------------------------------------------
# Vivado v2019.1 (64-bit)
# SW Build 2552052 on Fri May 24 14:49:42 MDT 2019
# IP Build 2548770 on Fri May 24 18:01:18 MDT 2019
# Start of session at: Tue May 26 14:08:32 2020
# Process ID: 15500
# Current directory: C:/Users/danie/Documents/Repaso_VIVADO/PYNQ_comblock
# Command line: vivado.exe -gui_launcher_event rodinguilauncherevent12516 C:\Users\danie\Documents\Repaso_VIVADO\PYNQ_comblock\comblock_pynq.xpr
# Log file: C:/Users/danie/Documents/Repaso_VIVADO/PYNQ_comblock/vivado.log
# Journal file: C:/Users/danie/Documents/Repaso_VIVADO/PYNQ_comblock\vivado.jou
#-----------------------------------------------------------
start_gui
open_project C:/Users/danie/Documents/Repaso_VIVADO/PYNQ_comblock/comblock_pynq.xpr
Scanning sources...
Finished scanning sources
INFO: [IP_Flow 19-234] Refreshing IP repositories
INFO: [IP_Flow 19-1700] Loaded user IP repository 'c:/Users/danie/Documents/Repaso_VIVADO/core-comblock-master/src/comblock'.
INFO: [IP_Flow 19-2313] Loaded Vivado IP repository 'C:/Xilinx/Vivado/2019.1/data/ip'.
open_project: Time (s): cpu = 00:00:28 ; elapsed = 00:00:16 . Memory (MB): peak = 740.754 ; gain = 132.984
update_compile_order -fileset sources_1
open_bd_design {C:/Users/danie/Documents/Repaso_VIVADO/PYNQ_comblock/comblock_pynq.srcs/sources_1/bd/comblock_desing/comblock_desing.bd}
Adding component instance block -- www.ictp.it:user:comblock:2.0 - comblock_ip
CRITICAL WARNING: [BD 41-51] Could not find bus definition for the interface: IN_REGS 
CRITICAL WARNING: [BD 41-49] Could not find abstraction definition for the interface: IN_REGS 
CRITICAL WARNING: [BD 41-49] Could not find abstraction definition for the interface: IN_REGS 
CRITICAL WARNING: [BD 41-51] Could not find bus definition for the interface: OUT_REGS 
CRITICAL WARNING: [BD 41-49] Could not find abstraction definition for the interface: OUT_REGS 
CRITICAL WARNING: [BD 41-49] Could not find abstraction definition for the interface: OUT_REGS 
Adding component instance block -- xilinx.com:ip:processing_system7:5.5 - processing_system7_0
Adding component instance block -- xilinx.com:ip:axi_interconnect:2.1 - ps7_0_axi_periph
Adding component instance block -- xilinx.com:ip:axi_crossbar:2.1 - xbar
Adding component instance block -- xilinx.com:ip:axi_protocol_converter:2.1 - auto_pc
Adding component instance block -- xilinx.com:ip:axi_protocol_converter:2.1 - auto_pc
Adding component instance block -- xilinx.com:ip:proc_sys_reset:5.0 - rst_ps7_0_100M
Successfully read diagram <comblock_desing> from BD file <C:/Users/danie/Documents/Repaso_VIVADO/PYNQ_comblock/comblock_pynq.srcs/sources_1/bd/comblock_desing/comblock_desing.bd>
open_bd_design: Time (s): cpu = 00:00:18 ; elapsed = 00:00:14 . Memory (MB): peak = 932.352 ; gain = 23.223
startgroup
create_bd_cell -type ip -vlnv xilinx.com:ip:xlconstant:1.1 xlconstant_0
endgroup
set_property location {0.5 17 90} [get_bd_cells xlconstant_0]
expected number but got ""
set_property -dict [list CONFIG.CONST_WIDTH {4} CONFIG.CONST_VAL {0}] [get_bd_cells xlconstant_0]
delete_bd_objs [get_bd_cells xlconstant_0]
write_bd_tcl -force C:/Users/danie/Documents/Repaso_VIVADO/PYNQ_comblock/comblock_desing.tcl
INFO: [BD 5-148] Tcl file written out <C:/Users/danie/Documents/Repaso_VIVADO/PYNQ_comblock/comblock_desing.tcl>.

WARNING: [BD 5-339] The block design <comblock_desing> has not been validated, therefore, a block design created using this Tcl file
<C:/Users/danie/Documents/Repaso_VIVADO/PYNQ_comblock/comblock_desing.tcl> may result in errors during validation.
startgroup
set_property -dict [list CONFIG.DRAM_IO_ENA {true} CONFIG.FIFO_IN_ENA {true}] [get_bd_cells comblock_ip]
CRITICAL WARNING: [BD 41-51] Could not find bus definition for the interface: IN_REGS 
CRITICAL WARNING: [BD 41-49] Could not find abstraction definition for the interface: IN_REGS 
CRITICAL WARNING: [BD 41-49] Could not find abstraction definition for the interface: IN_REGS 
CRITICAL WARNING: [BD 41-51] Could not find bus definition for the interface: OUT_REGS 
CRITICAL WARNING: [BD 41-49] Could not find abstraction definition for the interface: OUT_REGS 
CRITICAL WARNING: [BD 41-49] Could not find abstraction definition for the interface: OUT_REGS 
CRITICAL WARNING: [BD 41-51] Could not find bus definition for the interface: IO_DRAM 
CRITICAL WARNING: [BD 41-49] Could not find abstraction definition for the interface: IO_DRAM 
CRITICAL WARNING: [BD 41-49] Could not find abstraction definition for the interface: IO_DRAM 
CRITICAL WARNING: [BD 41-51] Could not find bus definition for the interface: IN_FIFO 
CRITICAL WARNING: [BD 41-49] Could not find abstraction definition for the interface: IN_FIFO 
CRITICAL WARNING: [BD 41-49] Could not find abstraction definition for the interface: IN_FIFO 
endgroup
exit
INFO: [Common 17-206] Exiting Vivado at Tue May 26 15:16:57 2020...
