
*** Running vivado
    with args -log base_io_switch_1.vds -m64 -product Vivado -mode batch -messageDb vivado.pb -notrace -source base_io_switch_1.tcl


****** Vivado v2019.1 (64-bit)
  **** SW Build 2552052 on Fri May 24 14:49:42 MDT 2019
  **** IP Build 2548770 on Fri May 24 18:01:18 MDT 2019
    ** Copyright 1986-2019 Xilinx, Inc. All Rights Reserved.

source base_io_switch_1.tcl -notrace
INFO: [IP_Flow 19-234] Refreshing IP repositories
INFO: [IP_Flow 19-1700] Loaded user IP repository 'c:/PYNQ/boards/ip'.
INFO: [IP_Flow 19-2313] Loaded Vivado IP repository 'C:/Xilinx/Vivado/2019.1/data/ip'.
Command: synth_design -top base_io_switch_1 -part xc7z020clg400-1 -mode out_of_context
Starting synth_design
Attempting to get a license for feature 'Synthesis' and/or device 'xc7z020'
INFO: [Common 17-349] Got license for feature 'Synthesis' and/or device 'xc7z020'
INFO: [Device 21-403] Loading part xc7z020clg400-1
INFO: Launching helper process for spawning children vivado processes
INFO: Helper process launched with PID 16592 
---------------------------------------------------------------------------------
Starting RTL Elaboration : Time (s): cpu = 00:00:08 ; elapsed = 00:00:09 . Memory (MB): peak = 759.473 ; gain = 176.602
---------------------------------------------------------------------------------
INFO: [Synth 8-6157] synthesizing module 'base_io_switch_1' [c:/Users/danie/Documents/Repaso_VIVADO/PYNQ_base/base/base.srcs/sources_1/bd/base/ip/base_io_switch_1/synth/base_io_switch_1.v:57]
INFO: [Synth 8-6157] synthesizing module 'io_switch_v1_1' [c:/Users/danie/Documents/Repaso_VIVADO/PYNQ_base/base/base.srcs/sources_1/bd/base/ipshared/6c92/hdl/io_switch_v1_1.v:4]
	Parameter C_INTERFACE_TYPE bound to: 1 - type: string 
	Parameter C_IO_SWITCH_WIDTH bound to: 8 - type: integer 
	Parameter C_NUM_PWMS bound to: 1 - type: integer 
	Parameter C_NUM_TIMERS bound to: 1 - type: integer 
	Parameter C_NUM_SS bound to: 1 - type: integer 
	Parameter C_S_AXI_DATA_WIDTH bound to: 32 - type: integer 
	Parameter C_S_AXI_ADDR_WIDTH bound to: 6 - type: integer 
INFO: [Synth 8-6157] synthesizing module 'io_switch_v1_1_S_AXI' [c:/Users/danie/Documents/Repaso_VIVADO/PYNQ_base/base/base.srcs/sources_1/bd/base/ipshared/6c92/hdl/io_switch_v1_1_S_AXI.v:4]
	Parameter C_INTERFACE_TYPE bound to: 1 - type: string 
	Parameter C_IO_SWITCH_WIDTH bound to: 8 - type: integer 
	Parameter C_NUM_PWMS bound to: 1 - type: integer 
	Parameter C_NUM_TIMERS bound to: 1 - type: integer 
	Parameter C_NUM_SS bound to: 1 - type: integer 
	Parameter C_S_AXI_DATA_WIDTH bound to: 32 - type: integer 
	Parameter C_S_AXI_ADDR_WIDTH bound to: 6 - type: integer 
	Parameter ADDR_LSB bound to: 2 - type: integer 
	Parameter OPT_MEM_ADDR_BITS bound to: 3 - type: integer 
INFO: [Synth 8-6157] synthesizing module 'io_switch' [c:/Users/danie/Documents/Repaso_VIVADO/PYNQ_base/base/base.srcs/sources_1/bd/base/ipshared/6c92/src/io_switch.v:7]
	Parameter C_IO_SWITCH_WIDTH bound to: 8 - type: integer 
	Parameter C_NUM_PWMS bound to: 1 - type: integer 
	Parameter C_NUM_TIMERS bound to: 1 - type: integer 
	Parameter C_NUM_SS bound to: 1 - type: integer 
INFO: [Synth 8-6157] synthesizing module 'io_switch_bit' [c:/Users/danie/Documents/Repaso_VIVADO/PYNQ_base/base/base.srcs/sources_1/bd/base/ipshared/6c92/src/io_switch_bit.v:57]
	Parameter C_NUM_PWMS bound to: 1 - type: integer 
	Parameter C_NUM_TIMERS bound to: 1 - type: integer 
	Parameter C_NUM_SS bound to: 1 - type: integer 
WARNING: [Synth 8-324] index 1 out of range [c:/Users/danie/Documents/Repaso_VIVADO/PYNQ_base/base/base.srcs/sources_1/bd/base/ipshared/6c92/src/io_switch_bit.v:159]
WARNING: [Synth 8-324] index 2 out of range [c:/Users/danie/Documents/Repaso_VIVADO/PYNQ_base/base/base.srcs/sources_1/bd/base/ipshared/6c92/src/io_switch_bit.v:160]
WARNING: [Synth 8-324] index 3 out of range [c:/Users/danie/Documents/Repaso_VIVADO/PYNQ_base/base/base.srcs/sources_1/bd/base/ipshared/6c92/src/io_switch_bit.v:161]
WARNING: [Synth 8-324] index 4 out of range [c:/Users/danie/Documents/Repaso_VIVADO/PYNQ_base/base/base.srcs/sources_1/bd/base/ipshared/6c92/src/io_switch_bit.v:162]
WARNING: [Synth 8-324] index 5 out of range [c:/Users/danie/Documents/Repaso_VIVADO/PYNQ_base/base/base.srcs/sources_1/bd/base/ipshared/6c92/src/io_switch_bit.v:163]
WARNING: [Synth 8-324] index 1 out of range [c:/Users/danie/Documents/Repaso_VIVADO/PYNQ_base/base/base.srcs/sources_1/bd/base/ipshared/6c92/src/io_switch_bit.v:164]
WARNING: [Synth 8-324] index 1 out of range [c:/Users/danie/Documents/Repaso_VIVADO/PYNQ_base/base/base.srcs/sources_1/bd/base/ipshared/6c92/src/io_switch_bit.v:167]
WARNING: [Synth 8-324] index 2 out of range [c:/Users/danie/Documents/Repaso_VIVADO/PYNQ_base/base/base.srcs/sources_1/bd/base/ipshared/6c92/src/io_switch_bit.v:168]
WARNING: [Synth 8-324] index 3 out of range [c:/Users/danie/Documents/Repaso_VIVADO/PYNQ_base/base/base.srcs/sources_1/bd/base/ipshared/6c92/src/io_switch_bit.v:169]
WARNING: [Synth 8-324] index 4 out of range [c:/Users/danie/Documents/Repaso_VIVADO/PYNQ_base/base/base.srcs/sources_1/bd/base/ipshared/6c92/src/io_switch_bit.v:170]
WARNING: [Synth 8-324] index 5 out of range [c:/Users/danie/Documents/Repaso_VIVADO/PYNQ_base/base/base.srcs/sources_1/bd/base/ipshared/6c92/src/io_switch_bit.v:171]
WARNING: [Synth 8-324] index 6 out of range [c:/Users/danie/Documents/Repaso_VIVADO/PYNQ_base/base/base.srcs/sources_1/bd/base/ipshared/6c92/src/io_switch_bit.v:172]
WARNING: [Synth 8-324] index 7 out of range [c:/Users/danie/Documents/Repaso_VIVADO/PYNQ_base/base/base.srcs/sources_1/bd/base/ipshared/6c92/src/io_switch_bit.v:173]
INFO: [Synth 8-6155] done synthesizing module 'io_switch_bit' (1#1) [c:/Users/danie/Documents/Repaso_VIVADO/PYNQ_base/base/base.srcs/sources_1/bd/base/ipshared/6c92/src/io_switch_bit.v:57]
WARNING: [Synth 8-7023] instance 'd_i' of module 'io_switch_bit' has 58 connections declared, but only 24 given [c:/Users/danie/Documents/Repaso_VIVADO/PYNQ_base/base/base.srcs/sources_1/bd/base/ipshared/6c92/src/io_switch.v:125]
WARNING: [Synth 8-7023] instance 'd_i' of module 'io_switch_bit' has 58 connections declared, but only 24 given [c:/Users/danie/Documents/Repaso_VIVADO/PYNQ_base/base/base.srcs/sources_1/bd/base/ipshared/6c92/src/io_switch.v:125]
WARNING: [Synth 8-7023] instance 'd_i' of module 'io_switch_bit' has 58 connections declared, but only 30 given [c:/Users/danie/Documents/Repaso_VIVADO/PYNQ_base/base/base.srcs/sources_1/bd/base/ipshared/6c92/src/io_switch.v:145]
WARNING: [Synth 8-7023] instance 'd_i' of module 'io_switch_bit' has 58 connections declared, but only 30 given [c:/Users/danie/Documents/Repaso_VIVADO/PYNQ_base/base/base.srcs/sources_1/bd/base/ipshared/6c92/src/io_switch.v:145]
WARNING: [Synth 8-7023] instance 'd_i' of module 'io_switch_bit' has 58 connections declared, but only 24 given [c:/Users/danie/Documents/Repaso_VIVADO/PYNQ_base/base/base.srcs/sources_1/bd/base/ipshared/6c92/src/io_switch.v:168]
WARNING: [Synth 8-7023] instance 'd_i' of module 'io_switch_bit' has 58 connections declared, but only 24 given [c:/Users/danie/Documents/Repaso_VIVADO/PYNQ_base/base/base.srcs/sources_1/bd/base/ipshared/6c92/src/io_switch.v:168]
WARNING: [Synth 8-7023] instance 'd_i' of module 'io_switch_bit' has 58 connections declared, but only 30 given [c:/Users/danie/Documents/Repaso_VIVADO/PYNQ_base/base/base.srcs/sources_1/bd/base/ipshared/6c92/src/io_switch.v:189]
WARNING: [Synth 8-7023] instance 'd_i' of module 'io_switch_bit' has 58 connections declared, but only 30 given [c:/Users/danie/Documents/Repaso_VIVADO/PYNQ_base/base/base.srcs/sources_1/bd/base/ipshared/6c92/src/io_switch.v:189]
WARNING: [Synth 8-324] index 7 out of range [c:/Users/danie/Documents/Repaso_VIVADO/PYNQ_base/base/base.srcs/sources_1/bd/base/ipshared/6c92/src/io_switch.v:110]
WARNING: [Synth 8-324] index 6 out of range [c:/Users/danie/Documents/Repaso_VIVADO/PYNQ_base/base/base.srcs/sources_1/bd/base/ipshared/6c92/src/io_switch.v:111]
WARNING: [Synth 8-324] index 5 out of range [c:/Users/danie/Documents/Repaso_VIVADO/PYNQ_base/base/base.srcs/sources_1/bd/base/ipshared/6c92/src/io_switch.v:112]
WARNING: [Synth 8-324] index 4 out of range [c:/Users/danie/Documents/Repaso_VIVADO/PYNQ_base/base/base.srcs/sources_1/bd/base/ipshared/6c92/src/io_switch.v:113]
WARNING: [Synth 8-324] index 3 out of range [c:/Users/danie/Documents/Repaso_VIVADO/PYNQ_base/base/base.srcs/sources_1/bd/base/ipshared/6c92/src/io_switch.v:114]
WARNING: [Synth 8-324] index 2 out of range [c:/Users/danie/Documents/Repaso_VIVADO/PYNQ_base/base/base.srcs/sources_1/bd/base/ipshared/6c92/src/io_switch.v:115]
WARNING: [Synth 8-324] index 1 out of range [c:/Users/danie/Documents/Repaso_VIVADO/PYNQ_base/base/base.srcs/sources_1/bd/base/ipshared/6c92/src/io_switch.v:116]
WARNING: [Synth 8-3848] Net uart1_rx_int in module/entity io_switch does not have driver. [c:/Users/danie/Documents/Repaso_VIVADO/PYNQ_base/base/base.srcs/sources_1/bd/base/ipshared/6c92/src/io_switch.v:94]
WARNING: [Synth 8-3848] Net sda1_int in module/entity io_switch does not have driver. [c:/Users/danie/Documents/Repaso_VIVADO/PYNQ_base/base/base.srcs/sources_1/bd/base/ipshared/6c92/src/io_switch.v:94]
WARNING: [Synth 8-3848] Net scl1_int in module/entity io_switch does not have driver. [c:/Users/danie/Documents/Repaso_VIVADO/PYNQ_base/base/base.srcs/sources_1/bd/base/ipshared/6c92/src/io_switch.v:94]
WARNING: [Synth 8-3848] Net sck1_int in module/entity io_switch does not have driver. [c:/Users/danie/Documents/Repaso_VIVADO/PYNQ_base/base/base.srcs/sources_1/bd/base/ipshared/6c92/src/io_switch.v:94]
WARNING: [Synth 8-3848] Net mosi1_int in module/entity io_switch does not have driver. [c:/Users/danie/Documents/Repaso_VIVADO/PYNQ_base/base/base.srcs/sources_1/bd/base/ipshared/6c92/src/io_switch.v:94]
WARNING: [Synth 8-3848] Net miso1_int in module/entity io_switch does not have driver. [c:/Users/danie/Documents/Repaso_VIVADO/PYNQ_base/base/base.srcs/sources_1/bd/base/ipshared/6c92/src/io_switch.v:94]
INFO: [Synth 8-6155] done synthesizing module 'io_switch' (2#1) [c:/Users/danie/Documents/Repaso_VIVADO/PYNQ_base/base/base.srcs/sources_1/bd/base/ipshared/6c92/src/io_switch.v:7]
WARNING: [Synth 8-6014] Unused sequential element slv_reg8_reg was removed.  [c:/Users/danie/Documents/Repaso_VIVADO/PYNQ_base/base/base.srcs/sources_1/bd/base/ipshared/6c92/hdl/io_switch_v1_1_S_AXI.v:301]
INFO: [Synth 8-6155] done synthesizing module 'io_switch_v1_1_S_AXI' (3#1) [c:/Users/danie/Documents/Repaso_VIVADO/PYNQ_base/base/base.srcs/sources_1/bd/base/ipshared/6c92/hdl/io_switch_v1_1_S_AXI.v:4]
INFO: [Synth 8-6155] done synthesizing module 'io_switch_v1_1' (4#1) [c:/Users/danie/Documents/Repaso_VIVADO/PYNQ_base/base/base.srcs/sources_1/bd/base/ipshared/6c92/hdl/io_switch_v1_1.v:4]
INFO: [Synth 8-6155] done synthesizing module 'base_io_switch_1' (5#1) [c:/Users/danie/Documents/Repaso_VIVADO/PYNQ_base/base/base.srcs/sources_1/bd/base/ip/base_io_switch_1/synth/base_io_switch_1.v:57]
WARNING: [Synth 8-3331] design io_switch has unconnected port gpio_sel2[31]
WARNING: [Synth 8-3331] design io_switch has unconnected port gpio_sel2[30]
WARNING: [Synth 8-3331] design io_switch has unconnected port gpio_sel2[29]
WARNING: [Synth 8-3331] design io_switch has unconnected port gpio_sel2[28]
WARNING: [Synth 8-3331] design io_switch has unconnected port gpio_sel2[27]
WARNING: [Synth 8-3331] design io_switch has unconnected port gpio_sel2[26]
WARNING: [Synth 8-3331] design io_switch has unconnected port gpio_sel2[25]
WARNING: [Synth 8-3331] design io_switch has unconnected port gpio_sel2[24]
WARNING: [Synth 8-3331] design io_switch has unconnected port gpio_sel2[23]
WARNING: [Synth 8-3331] design io_switch has unconnected port gpio_sel2[22]
WARNING: [Synth 8-3331] design io_switch has unconnected port gpio_sel2[21]
WARNING: [Synth 8-3331] design io_switch has unconnected port gpio_sel2[20]
WARNING: [Synth 8-3331] design io_switch has unconnected port gpio_sel2[19]
WARNING: [Synth 8-3331] design io_switch has unconnected port gpio_sel2[18]
WARNING: [Synth 8-3331] design io_switch has unconnected port gpio_sel2[17]
WARNING: [Synth 8-3331] design io_switch has unconnected port gpio_sel2[16]
WARNING: [Synth 8-3331] design io_switch has unconnected port gpio_sel2[15]
WARNING: [Synth 8-3331] design io_switch has unconnected port gpio_sel2[14]
WARNING: [Synth 8-3331] design io_switch has unconnected port gpio_sel2[13]
WARNING: [Synth 8-3331] design io_switch has unconnected port gpio_sel2[12]
WARNING: [Synth 8-3331] design io_switch has unconnected port gpio_sel2[11]
WARNING: [Synth 8-3331] design io_switch has unconnected port gpio_sel2[10]
WARNING: [Synth 8-3331] design io_switch has unconnected port gpio_sel2[9]
WARNING: [Synth 8-3331] design io_switch has unconnected port gpio_sel2[8]
WARNING: [Synth 8-3331] design io_switch has unconnected port gpio_sel2[7]
WARNING: [Synth 8-3331] design io_switch has unconnected port gpio_sel2[6]
WARNING: [Synth 8-3331] design io_switch has unconnected port gpio_sel2[5]
WARNING: [Synth 8-3331] design io_switch has unconnected port gpio_sel2[4]
WARNING: [Synth 8-3331] design io_switch has unconnected port gpio_sel2[3]
WARNING: [Synth 8-3331] design io_switch has unconnected port gpio_sel2[2]
WARNING: [Synth 8-3331] design io_switch has unconnected port gpio_sel2[1]
WARNING: [Synth 8-3331] design io_switch has unconnected port gpio_sel2[0]
WARNING: [Synth 8-3331] design io_switch has unconnected port gpio_sel3[31]
WARNING: [Synth 8-3331] design io_switch has unconnected port gpio_sel3[30]
WARNING: [Synth 8-3331] design io_switch has unconnected port gpio_sel3[29]
WARNING: [Synth 8-3331] design io_switch has unconnected port gpio_sel3[28]
WARNING: [Synth 8-3331] design io_switch has unconnected port gpio_sel3[27]
WARNING: [Synth 8-3331] design io_switch has unconnected port gpio_sel3[26]
WARNING: [Synth 8-3331] design io_switch has unconnected port gpio_sel3[25]
WARNING: [Synth 8-3331] design io_switch has unconnected port gpio_sel3[24]
WARNING: [Synth 8-3331] design io_switch has unconnected port gpio_sel3[23]
WARNING: [Synth 8-3331] design io_switch has unconnected port gpio_sel3[22]
WARNING: [Synth 8-3331] design io_switch has unconnected port gpio_sel3[21]
WARNING: [Synth 8-3331] design io_switch has unconnected port gpio_sel3[20]
WARNING: [Synth 8-3331] design io_switch has unconnected port gpio_sel3[19]
WARNING: [Synth 8-3331] design io_switch has unconnected port gpio_sel3[18]
WARNING: [Synth 8-3331] design io_switch has unconnected port gpio_sel3[17]
WARNING: [Synth 8-3331] design io_switch has unconnected port gpio_sel3[16]
WARNING: [Synth 8-3331] design io_switch has unconnected port gpio_sel3[15]
WARNING: [Synth 8-3331] design io_switch has unconnected port gpio_sel3[14]
WARNING: [Synth 8-3331] design io_switch has unconnected port gpio_sel3[13]
WARNING: [Synth 8-3331] design io_switch has unconnected port gpio_sel3[12]
WARNING: [Synth 8-3331] design io_switch has unconnected port gpio_sel3[11]
WARNING: [Synth 8-3331] design io_switch has unconnected port gpio_sel3[10]
WARNING: [Synth 8-3331] design io_switch has unconnected port gpio_sel3[9]
WARNING: [Synth 8-3331] design io_switch has unconnected port gpio_sel3[8]
WARNING: [Synth 8-3331] design io_switch has unconnected port gpio_sel3[7]
WARNING: [Synth 8-3331] design io_switch has unconnected port gpio_sel3[6]
WARNING: [Synth 8-3331] design io_switch has unconnected port gpio_sel3[5]
WARNING: [Synth 8-3331] design io_switch has unconnected port gpio_sel3[4]
WARNING: [Synth 8-3331] design io_switch has unconnected port gpio_sel3[3]
WARNING: [Synth 8-3331] design io_switch has unconnected port gpio_sel3[2]
WARNING: [Synth 8-3331] design io_switch has unconnected port gpio_sel3[1]
WARNING: [Synth 8-3331] design io_switch has unconnected port gpio_sel3[0]
WARNING: [Synth 8-3331] design io_switch has unconnected port gpio_sel4[31]
WARNING: [Synth 8-3331] design io_switch has unconnected port gpio_sel4[30]
WARNING: [Synth 8-3331] design io_switch has unconnected port gpio_sel4[29]
WARNING: [Synth 8-3331] design io_switch has unconnected port gpio_sel4[28]
WARNING: [Synth 8-3331] design io_switch has unconnected port gpio_sel4[27]
WARNING: [Synth 8-3331] design io_switch has unconnected port gpio_sel4[26]
WARNING: [Synth 8-3331] design io_switch has unconnected port gpio_sel4[25]
WARNING: [Synth 8-3331] design io_switch has unconnected port gpio_sel4[24]
WARNING: [Synth 8-3331] design io_switch has unconnected port gpio_sel4[23]
WARNING: [Synth 8-3331] design io_switch has unconnected port gpio_sel4[22]
WARNING: [Synth 8-3331] design io_switch has unconnected port gpio_sel4[21]
WARNING: [Synth 8-3331] design io_switch has unconnected port gpio_sel4[20]
WARNING: [Synth 8-3331] design io_switch has unconnected port gpio_sel4[19]
WARNING: [Synth 8-3331] design io_switch has unconnected port gpio_sel4[18]
WARNING: [Synth 8-3331] design io_switch has unconnected port gpio_sel4[17]
WARNING: [Synth 8-3331] design io_switch has unconnected port gpio_sel4[16]
WARNING: [Synth 8-3331] design io_switch has unconnected port gpio_sel4[15]
WARNING: [Synth 8-3331] design io_switch has unconnected port gpio_sel4[14]
WARNING: [Synth 8-3331] design io_switch has unconnected port gpio_sel4[13]
WARNING: [Synth 8-3331] design io_switch has unconnected port gpio_sel4[12]
WARNING: [Synth 8-3331] design io_switch has unconnected port gpio_sel4[11]
WARNING: [Synth 8-3331] design io_switch has unconnected port gpio_sel4[10]
WARNING: [Synth 8-3331] design io_switch has unconnected port gpio_sel4[9]
WARNING: [Synth 8-3331] design io_switch has unconnected port gpio_sel4[8]
WARNING: [Synth 8-3331] design io_switch has unconnected port gpio_sel4[7]
WARNING: [Synth 8-3331] design io_switch has unconnected port gpio_sel4[6]
WARNING: [Synth 8-3331] design io_switch has unconnected port gpio_sel4[5]
WARNING: [Synth 8-3331] design io_switch has unconnected port gpio_sel4[4]
WARNING: [Synth 8-3331] design io_switch has unconnected port gpio_sel4[3]
WARNING: [Synth 8-3331] design io_switch has unconnected port gpio_sel4[2]
WARNING: [Synth 8-3331] design io_switch has unconnected port gpio_sel4[1]
WARNING: [Synth 8-3331] design io_switch has unconnected port gpio_sel4[0]
WARNING: [Synth 8-3331] design io_switch has unconnected port gpio_sel5[31]
WARNING: [Synth 8-3331] design io_switch has unconnected port gpio_sel5[30]
WARNING: [Synth 8-3331] design io_switch has unconnected port gpio_sel5[29]
WARNING: [Synth 8-3331] design io_switch has unconnected port gpio_sel5[28]
INFO: [Common 17-14] Message 'Synth 8-3331' appears 100 times and further instances of the messages will be disabled. Use the Tcl command set_msg_config to change the current settings.
---------------------------------------------------------------------------------
Finished RTL Elaboration : Time (s): cpu = 00:00:10 ; elapsed = 00:00:14 . Memory (MB): peak = 829.383 ; gain = 246.512
---------------------------------------------------------------------------------

Report Check Netlist: 
+------+------------------+-------+---------+-------+------------------+
|      |Item              |Errors |Warnings |Status |Description       |
+------+------------------+-------+---------+-------+------------------+
|1     |multi_driven_nets |      0|        0|Passed |Multi driven nets |
+------+------------------+-------+---------+-------+------------------+
---------------------------------------------------------------------------------
Start Handling Custom Attributes
---------------------------------------------------------------------------------
---------------------------------------------------------------------------------
Finished Handling Custom Attributes : Time (s): cpu = 00:00:11 ; elapsed = 00:00:14 . Memory (MB): peak = 829.383 ; gain = 246.512
---------------------------------------------------------------------------------
---------------------------------------------------------------------------------
Finished RTL Optimization Phase 1 : Time (s): cpu = 00:00:11 ; elapsed = 00:00:14 . Memory (MB): peak = 829.383 ; gain = 246.512
---------------------------------------------------------------------------------
INFO: [Project 1-570] Preparing netlist for logic optimization

Processing XDC Constraints
Initializing timing engine
Completed Processing XDC Constraints

Netlist sorting complete. Time (s): cpu = 00:00:00 ; elapsed = 00:00:00.001 . Memory (MB): peak = 944.992 ; gain = 0.000
INFO: [Project 1-111] Unisim Transformation Summary:
No Unisim elements were transformed.

WARNING: [Constraints 18-5210] No constraints selected for write.
Resolution: This message can indicate that there are no constraints for the design, or it can indicate that the used_in flags are set such that the constraints are ignored. This later case is used when running synth_design to not write synthesis constraints to the resulting checkpoint. Instead, project constraints are read when the synthesized design is opened.
Constraint Validation Runtime : Time (s): cpu = 00:00:00 ; elapsed = 00:00:00.195 . Memory (MB): peak = 946.977 ; gain = 1.984
---------------------------------------------------------------------------------
Finished Constraint Validation : Time (s): cpu = 00:00:22 ; elapsed = 00:00:26 . Memory (MB): peak = 946.977 ; gain = 364.105
---------------------------------------------------------------------------------
---------------------------------------------------------------------------------
Start Loading Part and Timing Information
---------------------------------------------------------------------------------
Loading part: xc7z020clg400-1
---------------------------------------------------------------------------------
Finished Loading Part and Timing Information : Time (s): cpu = 00:00:22 ; elapsed = 00:00:26 . Memory (MB): peak = 946.977 ; gain = 364.105
---------------------------------------------------------------------------------
---------------------------------------------------------------------------------
Start Applying 'set_property' XDC Constraints
---------------------------------------------------------------------------------
---------------------------------------------------------------------------------
Finished applying 'set_property' XDC Constraints : Time (s): cpu = 00:00:22 ; elapsed = 00:00:26 . Memory (MB): peak = 946.977 ; gain = 364.105
---------------------------------------------------------------------------------
---------------------------------------------------------------------------------
Finished RTL Optimization Phase 2 : Time (s): cpu = 00:00:23 ; elapsed = 00:00:27 . Memory (MB): peak = 946.977 ; gain = 364.105
---------------------------------------------------------------------------------

Report RTL Partitions: 
+-+--------------+------------+----------+
| |RTL Partition |Replication |Instances |
+-+--------------+------------+----------+
+-+--------------+------------+----------+
---------------------------------------------------------------------------------
Start RTL Component Statistics 
---------------------------------------------------------------------------------
Detailed RTL Component Info : 
+---Registers : 
	               32 Bit    Registers := 9     
	                6 Bit    Registers := 2     
	                2 Bit    Registers := 2     
	                1 Bit    Registers := 6     
+---Muxes : 
	   2 Input     32 Bit        Muxes := 8     
	  10 Input     32 Bit        Muxes := 8     
	  25 Input     24 Bit        Muxes := 8     
	   2 Input     24 Bit        Muxes := 8     
	  32 Input      1 Bit        Muxes := 8     
	   2 Input      1 Bit        Muxes := 21    
---------------------------------------------------------------------------------
Finished RTL Component Statistics 
---------------------------------------------------------------------------------
---------------------------------------------------------------------------------
Start RTL Hierarchical Component Statistics 
---------------------------------------------------------------------------------
Hierarchical RTL Component report 
Module io_switch_bit 
Detailed RTL Component Info : 
+---Muxes : 
	  25 Input     24 Bit        Muxes := 1     
	   2 Input     24 Bit        Muxes := 1     
	  32 Input      1 Bit        Muxes := 1     
	   2 Input      1 Bit        Muxes := 2     
Module io_switch_v1_1_S_AXI 
Detailed RTL Component Info : 
+---Registers : 
	               32 Bit    Registers := 9     
	                6 Bit    Registers := 2     
	                2 Bit    Registers := 2     
	                1 Bit    Registers := 6     
+---Muxes : 
	   2 Input     32 Bit        Muxes := 8     
	  10 Input     32 Bit        Muxes := 8     
	   2 Input      1 Bit        Muxes := 5     
---------------------------------------------------------------------------------
Finished RTL Hierarchical Component Statistics
---------------------------------------------------------------------------------
---------------------------------------------------------------------------------
Start Part Resource Summary
---------------------------------------------------------------------------------
Part Resources:
DSPs: 220 (col length:60)
BRAMs: 280 (col length: RAMB18 60 RAMB36 30)
---------------------------------------------------------------------------------
Finished Part Resource Summary
---------------------------------------------------------------------------------
---------------------------------------------------------------------------------
Start Cross Boundary and Area Optimization
---------------------------------------------------------------------------------
Warning: Parallel synthesis criteria is not met 
INFO: [Synth 8-3886] merging instance 'inst/io_switch_v1_1_S_AXI_inst/axi_rresp_reg[0]' (FDRE) to 'inst/io_switch_v1_1_S_AXI_inst/axi_rresp_reg[1]'
INFO: [Synth 8-3333] propagating constant 0 across sequential element (\inst/io_switch_v1_1_S_AXI_inst/axi_rresp_reg[1] )
INFO: [Synth 8-3886] merging instance 'inst/io_switch_v1_1_S_AXI_inst/axi_bresp_reg[0]' (FDRE) to 'inst/io_switch_v1_1_S_AXI_inst/axi_bresp_reg[1]'
INFO: [Synth 8-3333] propagating constant 0 across sequential element (\inst/io_switch_v1_1_S_AXI_inst/axi_bresp_reg[1] )
---------------------------------------------------------------------------------
Finished Cross Boundary and Area Optimization : Time (s): cpu = 00:00:30 ; elapsed = 00:00:36 . Memory (MB): peak = 946.977 ; gain = 364.105
---------------------------------------------------------------------------------

Report RTL Partitions: 
+-+--------------+------------+----------+
| |RTL Partition |Replication |Instances |
+-+--------------+------------+----------+
+-+--------------+------------+----------+
---------------------------------------------------------------------------------
Start Applying XDC Timing Constraints
---------------------------------------------------------------------------------
---------------------------------------------------------------------------------
Finished Applying XDC Timing Constraints : Time (s): cpu = 00:00:49 ; elapsed = 00:00:56 . Memory (MB): peak = 946.977 ; gain = 364.105
---------------------------------------------------------------------------------
---------------------------------------------------------------------------------
Start Timing Optimization
---------------------------------------------------------------------------------
---------------------------------------------------------------------------------
Finished Timing Optimization : Time (s): cpu = 00:00:49 ; elapsed = 00:00:56 . Memory (MB): peak = 946.977 ; gain = 364.105
---------------------------------------------------------------------------------

Report RTL Partitions: 
+-+--------------+------------+----------+
| |RTL Partition |Replication |Instances |
+-+--------------+------------+----------+
+-+--------------+------------+----------+
---------------------------------------------------------------------------------
Start Technology Mapping
---------------------------------------------------------------------------------
---------------------------------------------------------------------------------
Finished Technology Mapping : Time (s): cpu = 00:00:50 ; elapsed = 00:00:57 . Memory (MB): peak = 946.977 ; gain = 364.105
---------------------------------------------------------------------------------

Report RTL Partitions: 
+-+--------------+------------+----------+
| |RTL Partition |Replication |Instances |
+-+--------------+------------+----------+
+-+--------------+------------+----------+
---------------------------------------------------------------------------------
Start IO Insertion
---------------------------------------------------------------------------------
---------------------------------------------------------------------------------
Start Flattening Before IO Insertion
---------------------------------------------------------------------------------
---------------------------------------------------------------------------------
Finished Flattening Before IO Insertion
---------------------------------------------------------------------------------
---------------------------------------------------------------------------------
Start Final Netlist Cleanup
---------------------------------------------------------------------------------
---------------------------------------------------------------------------------
Finished Final Netlist Cleanup
---------------------------------------------------------------------------------
---------------------------------------------------------------------------------
Finished IO Insertion : Time (s): cpu = 00:00:55 ; elapsed = 00:01:02 . Memory (MB): peak = 955.500 ; gain = 372.629
---------------------------------------------------------------------------------

Report Check Netlist: 
+------+------------------+-------+---------+-------+------------------+
|      |Item              |Errors |Warnings |Status |Description       |
+------+------------------+-------+---------+-------+------------------+
|1     |multi_driven_nets |      0|        0|Passed |Multi driven nets |
+------+------------------+-------+---------+-------+------------------+
---------------------------------------------------------------------------------
Start Renaming Generated Instances
---------------------------------------------------------------------------------
---------------------------------------------------------------------------------
Finished Renaming Generated Instances : Time (s): cpu = 00:00:55 ; elapsed = 00:01:02 . Memory (MB): peak = 955.500 ; gain = 372.629
---------------------------------------------------------------------------------

Report RTL Partitions: 
+-+--------------+------------+----------+
| |RTL Partition |Replication |Instances |
+-+--------------+------------+----------+
+-+--------------+------------+----------+
---------------------------------------------------------------------------------
Start Rebuilding User Hierarchy
---------------------------------------------------------------------------------
---------------------------------------------------------------------------------
Finished Rebuilding User Hierarchy : Time (s): cpu = 00:00:55 ; elapsed = 00:01:02 . Memory (MB): peak = 955.500 ; gain = 372.629
---------------------------------------------------------------------------------
---------------------------------------------------------------------------------
Start Renaming Generated Ports
---------------------------------------------------------------------------------
---------------------------------------------------------------------------------
Finished Renaming Generated Ports : Time (s): cpu = 00:00:55 ; elapsed = 00:01:02 . Memory (MB): peak = 955.500 ; gain = 372.629
---------------------------------------------------------------------------------
---------------------------------------------------------------------------------
Start Handling Custom Attributes
---------------------------------------------------------------------------------
---------------------------------------------------------------------------------
Finished Handling Custom Attributes : Time (s): cpu = 00:00:55 ; elapsed = 00:01:02 . Memory (MB): peak = 955.500 ; gain = 372.629
---------------------------------------------------------------------------------
---------------------------------------------------------------------------------
Start Renaming Generated Nets
---------------------------------------------------------------------------------
---------------------------------------------------------------------------------
Finished Renaming Generated Nets : Time (s): cpu = 00:00:55 ; elapsed = 00:01:02 . Memory (MB): peak = 955.500 ; gain = 372.629
---------------------------------------------------------------------------------
---------------------------------------------------------------------------------
Start Writing Synthesis Report
---------------------------------------------------------------------------------

Report BlackBoxes: 
+-+--------------+----------+
| |BlackBox name |Instances |
+-+--------------+----------+
+-+--------------+----------+

Report Cell Usage: 
+------+-----+------+
|      |Cell |Count |
+------+-----+------+
|1     |LUT1 |     1|
|2     |LUT2 |    24|
|3     |LUT3 |    22|
|4     |LUT4 |    53|
|5     |LUT5 |    22|
|6     |LUT6 |   229|
|7     |FDRE |   301|
|8     |FDSE |     1|
+------+-----+------+

Report Instance Areas: 
+------+------------------------------+---------------------+------+
|      |Instance                      |Module               |Cells |
+------+------------------------------+---------------------+------+
|1     |top                           |                     |   653|
|2     |  inst                        |io_switch_v1_1       |   653|
|3     |    io_switch_v1_1_S_AXI_inst |io_switch_v1_1_S_AXI |   649|
+------+------------------------------+---------------------+------+
---------------------------------------------------------------------------------
Finished Writing Synthesis Report : Time (s): cpu = 00:00:55 ; elapsed = 00:01:02 . Memory (MB): peak = 955.500 ; gain = 372.629
---------------------------------------------------------------------------------
Synthesis finished with 0 errors, 0 critical warnings and 211 warnings.
Synthesis Optimization Runtime : Time (s): cpu = 00:00:40 ; elapsed = 00:00:58 . Memory (MB): peak = 955.500 ; gain = 255.035
Synthesis Optimization Complete : Time (s): cpu = 00:00:55 ; elapsed = 00:01:03 . Memory (MB): peak = 955.500 ; gain = 372.629
INFO: [Project 1-571] Translating synthesized netlist
INFO: [Project 1-570] Preparing netlist for logic optimization
INFO: [Opt 31-138] Pushed 0 inverter(s) to 0 load pin(s).
Netlist sorting complete. Time (s): cpu = 00:00:00 ; elapsed = 00:00:00.001 . Memory (MB): peak = 965.633 ; gain = 0.000
INFO: [Project 1-111] Unisim Transformation Summary:
No Unisim elements were transformed.

INFO: [Common 17-83] Releasing license: Synthesis
27 Infos, 136 Warnings, 0 Critical Warnings and 0 Errors encountered.
synth_design completed successfully
synth_design: Time (s): cpu = 00:01:06 ; elapsed = 00:01:22 . Memory (MB): peak = 965.633 ; gain = 654.141
Netlist sorting complete. Time (s): cpu = 00:00:00 ; elapsed = 00:00:00 . Memory (MB): peak = 965.633 ; gain = 0.000
WARNING: [Constraints 18-5210] No constraints selected for write.
Resolution: This message can indicate that there are no constraints for the design, or it can indicate that the used_in flags are set such that the constraints are ignored. This later case is used when running synth_design to not write synthesis constraints to the resulting checkpoint. Instead, project constraints are read when the synthesized design is opened.
INFO: [Common 17-1381] The checkpoint 'C:/Users/danie/Documents/Repaso_VIVADO/PYNQ_base/base/base.runs/base_io_switch_1_synth_1/base_io_switch_1.dcp' has been generated.
WARNING: [Common 17-576] 'use_project_ipc' is deprecated. This option is deprecated and no longer used.
INFO: [Coretcl 2-1648] Added synthesis output to IP cache for IP base_io_switch_1, cache-ID = 4768019326a4d55d
INFO: [Coretcl 2-1174] Renamed 2 cell refs.
Netlist sorting complete. Time (s): cpu = 00:00:00 ; elapsed = 00:00:00.001 . Memory (MB): peak = 965.633 ; gain = 0.000
WARNING: [Constraints 18-5210] No constraints selected for write.
Resolution: This message can indicate that there are no constraints for the design, or it can indicate that the used_in flags are set such that the constraints are ignored. This later case is used when running synth_design to not write synthesis constraints to the resulting checkpoint. Instead, project constraints are read when the synthesized design is opened.
INFO: [Common 17-1381] The checkpoint 'C:/Users/danie/Documents/Repaso_VIVADO/PYNQ_base/base/base.runs/base_io_switch_1_synth_1/base_io_switch_1.dcp' has been generated.
INFO: [runtcl-4] Executing : report_utilization -file base_io_switch_1_utilization_synth.rpt -pb base_io_switch_1_utilization_synth.pb
INFO: [Common 17-206] Exiting Vivado at Thu May  7 07:00:57 2020...
