Copyright 1986-2019 Xilinx, Inc. All Rights Reserved.
----------------------------------------------------------------------------------------------------------------------------------------------------------
| Tool Version     : Vivado v.2019.1 (win64) Build 2552052 Fri May 24 14:49:42 MDT 2019
| Date             : Sun May 10 02:50:59 2020
| Host             : DESKTOP-B2I46DP running 64-bit major release  (build 9200)
| Command          : report_power -file base_wrapper_power_routed.rpt -pb base_wrapper_power_summary_routed.pb -rpx base_wrapper_power_routed.rpx
| Design           : base_wrapper
| Device           : xc7z020clg400-1
| Design State     : routed
| Grade            : commercial
| Process          : typical
| Characterization : Production
----------------------------------------------------------------------------------------------------------------------------------------------------------

Power Report

Table of Contents
-----------------
1. Summary
1.1 On-Chip Components
1.2 Power Supply Summary
1.3 Confidence Level
2. Settings
2.1 Environment
2.2 Clock Constraints
3. Detailed Reports
3.1 By Hierarchy

1. Summary
----------

+--------------------------+--------------+
| Total On-Chip Power (W)  | 2.318        |
| Design Power Budget (W)  | Unspecified* |
| Power Budget Margin (W)  | NA           |
| Dynamic (W)              | 2.149        |
| Device Static (W)        | 0.169        |
| Effective TJA (C/W)      | 11.5         |
| Max Ambient (C)          | 58.3         |
| Junction Temperature (C) | 51.7         |
| Confidence Level         | Low          |
| Setting File             | ---          |
| Simulation Activity File | ---          |
| Design Nets Matched      | NA           |
+--------------------------+--------------+
* Specify Design Power Budget using, set_operating_conditions -design_power_budget <value in Watts>


1.1 On-Chip Components
----------------------

+--------------------------+-----------+----------+-----------+-----------------+
| On-Chip                  | Power (W) | Used     | Available | Utilization (%) |
+--------------------------+-----------+----------+-----------+-----------------+
| Clocks                   |     0.170 |       16 |       --- |             --- |
| Slice Logic              |     0.079 |    93358 |       --- |             --- |
|   LUT as Logic           |     0.066 |    30703 |     53200 |           57.71 |
|   Register               |     0.006 |    46687 |    106400 |           43.88 |
|   CARRY4                 |     0.004 |     1216 |     13300 |            9.14 |
|   LUT as Distributed RAM |     0.002 |     1028 |     17400 |            5.91 |
|   F7/F8 Muxes            |    <0.001 |      891 |     53200 |            1.67 |
|   LUT as Shift Register  |    <0.001 |     1054 |     17400 |            6.06 |
|   Others                 |    <0.001 |     4592 |       --- |             --- |
| Signals                  |     0.118 |    67480 |       --- |             --- |
| Block RAM                |     0.072 |       63 |       140 |           45.00 |
| MMCM                     |     0.194 |        2 |         4 |           50.00 |
| DSPs                     |     0.018 |       18 |       220 |            8.18 |
| I/O                      |     0.223 |      114 |       125 |           91.20 |
| XADC                     |     0.002 |        1 |       --- |             --- |
| PS7                      |     1.272 |        1 |       --- |             --- |
| Static Power             |     0.169 |          |           |                 |
| Total                    |     2.318 |          |           |                 |
+--------------------------+-----------+----------+-----------+-----------------+


1.2 Power Supply Summary
------------------------

+-----------+-------------+-----------+-------------+------------+
| Source    | Voltage (V) | Total (A) | Dynamic (A) | Static (A) |
+-----------+-------------+-----------+-------------+------------+
| Vccint    |       1.000 |     0.484 |       0.461 |      0.023 |
| Vccaux    |       1.800 |     0.143 |       0.125 |      0.018 |
| Vcco33    |       3.300 |     0.056 |       0.055 |      0.001 |
| Vcco25    |       2.500 |     0.000 |       0.000 |      0.000 |
| Vcco18    |       1.800 |     0.000 |       0.000 |      0.000 |
| Vcco15    |       1.500 |     0.000 |       0.000 |      0.000 |
| Vcco135   |       1.350 |     0.000 |       0.000 |      0.000 |
| Vcco12    |       1.200 |     0.000 |       0.000 |      0.000 |
| Vccaux_io |       1.800 |     0.000 |       0.000 |      0.000 |
| Vccbram   |       1.000 |     0.012 |       0.006 |      0.006 |
| MGTAVcc   |       1.000 |     0.000 |       0.000 |      0.000 |
| MGTAVtt   |       1.200 |     0.000 |       0.000 |      0.000 |
| MGTVccaux |       1.800 |     0.000 |       0.000 |      0.000 |
| Vccpint   |       1.000 |     0.701 |       0.663 |      0.038 |
| Vccpaux   |       1.800 |     0.036 |       0.026 |      0.010 |
| Vccpll    |       1.800 |     0.017 |       0.014 |      0.003 |
| Vcco_ddr  |       1.500 |     0.354 |       0.352 |      0.002 |
| Vcco_mio0 |       1.800 |     0.004 |       0.003 |      0.001 |
| Vcco_mio1 |       1.800 |     0.003 |       0.002 |      0.001 |
| Vccadc    |       1.800 |     0.021 |       0.001 |      0.020 |
+-----------+-------------+-----------+-------------+------------+


1.3 Confidence Level
--------------------

+-----------------------------+------------+--------------------------------------------------------+------------------------------------------------------------------------------------------------------------+
| User Input Data             | Confidence | Details                                                | Action                                                                                                     |
+-----------------------------+------------+--------------------------------------------------------+------------------------------------------------------------------------------------------------------------+
| Design implementation state | High       | Design is routed                                       |                                                                                                            |
| Clock nodes activity        | High       | User specified more than 95% of clocks                 |                                                                                                            |
| I/O nodes activity          | Low        | More than 75% of inputs are missing user specification | Provide missing input activity with simulation results or by editing the "By Resource Type -> I/Os" view   |
| Internal nodes activity     | Medium     | User specified less than 25% of internal nodes         | Provide missing internal nodes activity with simulation results or by editing the "By Resource Type" views |
| Device models               | High       | Device models are Production                           |                                                                                                            |
|                             |            |                                                        |                                                                                                            |
| Overall confidence level    | Low        |                                                        |                                                                                                            |
+-----------------------------+------------+--------------------------------------------------------+------------------------------------------------------------------------------------------------------------+


2. Settings
-----------

2.1 Environment
---------------

+-----------------------+------------------------+
| Ambient Temp (C)      | 25.0                   |
| ThetaJA (C/W)         | 11.5                   |
| Airflow (LFM)         | 250                    |
| Heat Sink             | none                   |
| ThetaSA (C/W)         | 0.0                    |
| Board Selection       | medium (10"x10")       |
| # of Board Layers     | 8to11 (8 to 11 Layers) |
| Board Temperature (C) | 25.0                   |
+-----------------------+------------------------+


2.2 Clock Constraints
---------------------

+--------------------------------------------------------+--------------------------------------------------------------------------------------+-----------------+
| Clock                                                  | Domain                                                                               | Constraint (ns) |
+--------------------------------------------------------+--------------------------------------------------------------------------------------+-----------------+
| CLKFBIN                                                | base_i/video/hdmi_in/frontend/dvi2rgb_0/U0/TMDS_ClockingX/CLKFBIN                    |             8.3 |
| CLK_OUT_5x_hdmi_clk                                    | base_i/video/hdmi_in/frontend/dvi2rgb_0/U0/TMDS_ClockingX/CLK_OUT_5x_hdmi_clk        |             1.7 |
| I                                                      | base_i/video/hdmi_out/frontend/axi_dynclk/U0/Inst_mmcme2_drp/I                       |             2.0 |
| I                                                      | base_i/video/hdmi_out/frontend/axi_dynclk/U0/PXL_CLK_5X_O                            |             2.0 |
| axi_dynclk_0_PXL_CLK_O                                 | base_i/video/hdmi_out/frontend/axi_dynclk/U0/PXL_CLK_O                               |            10.0 |
| base_i/mdm_1/U0/Use_E2.BSCAN_I/Use_E2.BSCANE2_I/DRCK   | base_i/mdm_1/U0/Use_E2.BSCAN_I/DRCK                                                  |            33.3 |
| base_i/mdm_1/U0/Use_E2.BSCAN_I/Use_E2.BSCANE2_I/UPDATE | base_i/mdm_1/U0/Use_E2.BSCAN_I/Ext_JTAG_UPDATE                                       |            33.3 |
| clk_fpga_0                                             | base_i/ps7_0/inst/FCLK_CLK_unbuffered[0]                                             |            10.0 |
| clk_fpga_1                                             | base_i/ps7_0/inst/FCLK_CLK_unbuffered[1]                                             |             7.0 |
| clk_fpga_2                                             | base_i/ps7_0/inst/FCLK_CLK_unbuffered[2]                                             |             5.0 |
| clk_fpga_3                                             | base_i/ps7_0/inst/FCLK_CLK_unbuffered[3]                                             |            10.0 |
| hdmi_in_PixelClk                                       | base_i/video/hdmi_in/frontend/dvi2rgb_0/U0/TMDS_ClockingX/rMMCM_LckdRisingFlag_reg_0 |             8.3 |
| hdmi_in_clk_p                                          | hdmi_in_clk_p                                                                        |             8.3 |
| mmcm_fbclk_out                                         | base_i/video/hdmi_out/frontend/axi_dynclk/U0/Inst_mmcme2_drp/mmcm_fbclk_out          |            10.0 |
+--------------------------------------------------------+--------------------------------------------------------------------------------------+-----------------+


3. Detailed Reports
-------------------

3.1 By Hierarchy
----------------

+-------------------------------+-----------+
| Name                          | Power (W) |
+-------------------------------+-----------+
| base_wrapper                  |     2.148 |
|   arduino_gpio_tri_iobuf_0    |     0.001 |
|   arduino_gpio_tri_iobuf_1    |     0.001 |
|   arduino_gpio_tri_iobuf_11   |     0.001 |
|   arduino_gpio_tri_iobuf_13   |     0.001 |
|   arduino_gpio_tri_iobuf_2    |     0.001 |
|   arduino_gpio_tri_iobuf_3    |     0.001 |
|   arduino_gpio_tri_iobuf_7    |     0.001 |
|   arduino_gpio_tri_iobuf_9    |     0.001 |
|   base_i                      |     2.090 |
|     audio_direct_0            |     0.007 |
|       inst                    |     0.007 |
|     axi_interconnect_0        |     0.007 |
|       m00_couplers            |     0.002 |
|       xbar                    |     0.003 |
|     axi_mem_intercon          |     0.004 |
|       m00_couplers            |     0.002 |
|       s00_couplers            |     0.001 |
|     iop_arduino               |     0.096 |
|       gpio_subsystem          |     0.003 |
|       iic_subsystem           |     0.002 |
|       intc                    |     0.001 |
|       io_switch_0             |     0.001 |
|       lmb                     |     0.023 |
|       mb                      |     0.012 |
|       mb_bram_ctrl            |     0.002 |
|       microblaze_0_axi_periph |     0.017 |
|       spi_subsystem           |     0.008 |
|       timers_subsystem        |     0.021 |
|       xadc                    |     0.004 |
|     iop_pmoda                 |     0.056 |
|       iic                     |     0.002 |
|       io_switch               |     0.001 |
|       lmb                     |     0.021 |
|       mb                      |     0.012 |
|       mb_bram_ctrl            |     0.002 |
|       microblaze_0_axi_periph |     0.008 |
|       spi                     |     0.004 |
|       timer                   |     0.003 |
|     iop_pmodb                 |     0.061 |
|       iic                     |     0.002 |
|       io_switch               |     0.001 |
|       lmb                     |     0.025 |
|       mb                      |     0.012 |
|       mb_bram_ctrl            |     0.002 |
|       microblaze_0_axi_periph |     0.009 |
|       spi                     |     0.004 |
|       timer                   |     0.003 |
|     ps7_0                     |     1.274 |
|       inst                    |     1.274 |
|     ps7_0_axi_periph          |     0.041 |
|       m00_couplers            |     0.005 |
|       m01_couplers            |     0.001 |
|       m02_couplers            |     0.001 |
|       m03_couplers            |     0.001 |
|       m04_couplers            |     0.001 |
|       m05_couplers            |     0.005 |
|       m06_couplers            |     0.004 |
|       m07_couplers            |     0.005 |
|       m08_couplers            |     0.005 |
|       s00_couplers            |     0.002 |
|       xbar                    |     0.011 |
|     ps7_0_axi_periph_1        |     0.008 |
|       s00_couplers            |     0.005 |
|       xbar                    |     0.001 |
|     system_interrupts         |     0.001 |
|       U0                      |     0.001 |
|     trace_analyzer_arduino    |     0.011 |
|       axi_dma_0               |     0.006 |
|       axis_data_fifo_0        |     0.002 |
|       trace_cntrl_64_0        |     0.003 |
|     trace_analyzer_pmoda      |     0.009 |
|       axi_dma_0               |     0.006 |
|       trace_cntrl_32_0        |     0.002 |
|     video                     |     0.513 |
|       axi_interconnect_0      |     0.017 |
|       axi_mem_intercon        |     0.010 |
|       axi_vdma                |     0.021 |
|       hdmi_in                 |     0.184 |
|       hdmi_out                |     0.280 |
|   hdmi_out_ddc_scl_iobuf      |     0.004 |
|   hdmi_out_ddc_sda_iobuf      |     0.004 |
|   pmoda_gpio_tri_iobuf_7      |     0.001 |
|   pmodb_gpio_tri_iobuf_6      |     0.001 |
+-------------------------------+-----------+


