Copyright 1986-2019 Xilinx, Inc. All Rights Reserved.
--------------------------------------------------------------------------------------------------------------------------------------------------------------------------------------
| Tool Version : Vivado v.2019.1 (win64) Build 2552052 Fri May 24 14:49:42 MDT 2019
| Date         : Mon Sep  7 13:52:02 2020
| Host         : DESKTOP-B2I46DP running 64-bit major release  (build 9200)
| Command      : report_methodology -file design_1_wrapper_methodology_drc_routed.rpt -pb design_1_wrapper_methodology_drc_routed.pb -rpx design_1_wrapper_methodology_drc_routed.rpx
| Design       : design_1_wrapper
| Device       : xc7z020clg400-1
| Speed File   : -1
| Design State : Fully Routed
--------------------------------------------------------------------------------------------------------------------------------------------------------------------------------------

Report Methodology

Table of Contents
-----------------
1. REPORT SUMMARY
2. REPORT DETAILS

1. REPORT SUMMARY
-----------------
            Netlist: netlist
          Floorplan: design_1
      Design limits: <entire design considered>
             Max violations: <unlimited>
             Violations found: 41
+-----------+------------------+-----------------------------+------------+
| Rule      | Severity         | Description                 | Violations |
+-----------+------------------+-----------------------------+------------+
| TIMING-17 | Critical Warning | Non-clocked sequential cell | 41         |
+-----------+------------------+-----------------------------+------------+

2. REPORT DETAILS
-----------------
TIMING-17#1 Critical Warning
Non-clocked sequential cell  
The clock pin design_1_i/comblock/U0/comblock_i/dram_g.dram_i/ram_reg/CLKARDCLK is not reached by a timing clock
Related violations: <none>

TIMING-17#2 Critical Warning
Non-clocked sequential cell  
The clock pin design_1_i/comblock/U0/comblock_i/fifo_in_g.fifo_in_i/full_r_reg/C is not reached by a timing clock
Related violations: <none>

TIMING-17#3 Critical Warning
Non-clocked sequential cell  
The clock pin design_1_i/comblock/U0/comblock_i/fifo_in_g.fifo_in_i/g_async.i_sync_rd2wr/data_r_reg[0][0]/C is not reached by a timing clock
Related violations: <none>

TIMING-17#4 Critical Warning
Non-clocked sequential cell  
The clock pin design_1_i/comblock/U0/comblock_i/fifo_in_g.fifo_in_i/g_async.i_sync_rd2wr/data_r_reg[0][1]/C is not reached by a timing clock
Related violations: <none>

TIMING-17#5 Critical Warning
Non-clocked sequential cell  
The clock pin design_1_i/comblock/U0/comblock_i/fifo_in_g.fifo_in_i/g_async.i_sync_rd2wr/data_r_reg[0][2]/C is not reached by a timing clock
Related violations: <none>

TIMING-17#6 Critical Warning
Non-clocked sequential cell  
The clock pin design_1_i/comblock/U0/comblock_i/fifo_in_g.fifo_in_i/g_async.i_sync_rd2wr/data_r_reg[0][3]/C is not reached by a timing clock
Related violations: <none>

TIMING-17#7 Critical Warning
Non-clocked sequential cell  
The clock pin design_1_i/comblock/U0/comblock_i/fifo_in_g.fifo_in_i/g_async.i_sync_rd2wr/data_r_reg[0][4]/C is not reached by a timing clock
Related violations: <none>

TIMING-17#8 Critical Warning
Non-clocked sequential cell  
The clock pin design_1_i/comblock/U0/comblock_i/fifo_in_g.fifo_in_i/g_async.i_sync_rd2wr/data_r_reg[0][5]/C is not reached by a timing clock
Related violations: <none>

TIMING-17#9 Critical Warning
Non-clocked sequential cell  
The clock pin design_1_i/comblock/U0/comblock_i/fifo_in_g.fifo_in_i/g_async.i_sync_rd2wr/data_r_reg[1][0]/C is not reached by a timing clock
Related violations: <none>

TIMING-17#10 Critical Warning
Non-clocked sequential cell  
The clock pin design_1_i/comblock/U0/comblock_i/fifo_in_g.fifo_in_i/g_async.i_sync_rd2wr/data_r_reg[1][1]/C is not reached by a timing clock
Related violations: <none>

TIMING-17#11 Critical Warning
Non-clocked sequential cell  
The clock pin design_1_i/comblock/U0/comblock_i/fifo_in_g.fifo_in_i/g_async.i_sync_rd2wr/data_r_reg[1][2]/C is not reached by a timing clock
Related violations: <none>

TIMING-17#12 Critical Warning
Non-clocked sequential cell  
The clock pin design_1_i/comblock/U0/comblock_i/fifo_in_g.fifo_in_i/g_async.i_sync_rd2wr/data_r_reg[1][3]/C is not reached by a timing clock
Related violations: <none>

TIMING-17#13 Critical Warning
Non-clocked sequential cell  
The clock pin design_1_i/comblock/U0/comblock_i/fifo_in_g.fifo_in_i/g_async.i_sync_rd2wr/data_r_reg[1][4]/C is not reached by a timing clock
Related violations: <none>

TIMING-17#14 Critical Warning
Non-clocked sequential cell  
The clock pin design_1_i/comblock/U0/comblock_i/fifo_in_g.fifo_in_i/g_async.i_sync_rd2wr/data_r_reg[1][5]/C is not reached by a timing clock
Related violations: <none>

TIMING-17#15 Critical Warning
Non-clocked sequential cell  
The clock pin design_1_i/comblock/U0/comblock_i/fifo_in_g.fifo_in_i/i_memory/ram_reg/CLKBWRCLK is not reached by a timing clock
Related violations: <none>

TIMING-17#16 Critical Warning
Non-clocked sequential cell  
The clock pin design_1_i/comblock/U0/comblock_i/fifo_in_g.fifo_in_i/wr_ptr_r_reg[0]/C is not reached by a timing clock
Related violations: <none>

TIMING-17#17 Critical Warning
Non-clocked sequential cell  
The clock pin design_1_i/comblock/U0/comblock_i/fifo_in_g.fifo_in_i/wr_ptr_r_reg[1]/C is not reached by a timing clock
Related violations: <none>

TIMING-17#18 Critical Warning
Non-clocked sequential cell  
The clock pin design_1_i/comblock/U0/comblock_i/fifo_in_g.fifo_in_i/wr_ptr_r_reg[2]/C is not reached by a timing clock
Related violations: <none>

TIMING-17#19 Critical Warning
Non-clocked sequential cell  
The clock pin design_1_i/comblock/U0/comblock_i/fifo_in_g.fifo_in_i/wr_ptr_r_reg[3]/C is not reached by a timing clock
Related violations: <none>

TIMING-17#20 Critical Warning
Non-clocked sequential cell  
The clock pin design_1_i/comblock/U0/comblock_i/fifo_in_g.fifo_in_i/wr_ptr_r_reg[4]/C is not reached by a timing clock
Related violations: <none>

TIMING-17#21 Critical Warning
Non-clocked sequential cell  
The clock pin design_1_i/comblock/U0/comblock_i/fifo_in_g.fifo_in_i/wr_ptr_r_reg[5]/C is not reached by a timing clock
Related violations: <none>

TIMING-17#22 Critical Warning
Non-clocked sequential cell  
The clock pin design_1_i/comblock/U0/comblock_i/fifo_out_g.fifo_out_i/empty_r_reg/C is not reached by a timing clock
Related violations: <none>

TIMING-17#23 Critical Warning
Non-clocked sequential cell  
The clock pin design_1_i/comblock/U0/comblock_i/fifo_out_g.fifo_out_i/g_async.i_sync_wr2rd/data_r_reg[0][0]/C is not reached by a timing clock
Related violations: <none>

TIMING-17#24 Critical Warning
Non-clocked sequential cell  
The clock pin design_1_i/comblock/U0/comblock_i/fifo_out_g.fifo_out_i/g_async.i_sync_wr2rd/data_r_reg[0][1]/C is not reached by a timing clock
Related violations: <none>

TIMING-17#25 Critical Warning
Non-clocked sequential cell  
The clock pin design_1_i/comblock/U0/comblock_i/fifo_out_g.fifo_out_i/g_async.i_sync_wr2rd/data_r_reg[0][2]/C is not reached by a timing clock
Related violations: <none>

TIMING-17#26 Critical Warning
Non-clocked sequential cell  
The clock pin design_1_i/comblock/U0/comblock_i/fifo_out_g.fifo_out_i/g_async.i_sync_wr2rd/data_r_reg[0][3]/C is not reached by a timing clock
Related violations: <none>

TIMING-17#27 Critical Warning
Non-clocked sequential cell  
The clock pin design_1_i/comblock/U0/comblock_i/fifo_out_g.fifo_out_i/g_async.i_sync_wr2rd/data_r_reg[0][4]/C is not reached by a timing clock
Related violations: <none>

TIMING-17#28 Critical Warning
Non-clocked sequential cell  
The clock pin design_1_i/comblock/U0/comblock_i/fifo_out_g.fifo_out_i/g_async.i_sync_wr2rd/data_r_reg[0][5]/C is not reached by a timing clock
Related violations: <none>

TIMING-17#29 Critical Warning
Non-clocked sequential cell  
The clock pin design_1_i/comblock/U0/comblock_i/fifo_out_g.fifo_out_i/g_async.i_sync_wr2rd/data_r_reg[1][0]/C is not reached by a timing clock
Related violations: <none>

TIMING-17#30 Critical Warning
Non-clocked sequential cell  
The clock pin design_1_i/comblock/U0/comblock_i/fifo_out_g.fifo_out_i/g_async.i_sync_wr2rd/data_r_reg[1][1]/C is not reached by a timing clock
Related violations: <none>

TIMING-17#31 Critical Warning
Non-clocked sequential cell  
The clock pin design_1_i/comblock/U0/comblock_i/fifo_out_g.fifo_out_i/g_async.i_sync_wr2rd/data_r_reg[1][2]/C is not reached by a timing clock
Related violations: <none>

TIMING-17#32 Critical Warning
Non-clocked sequential cell  
The clock pin design_1_i/comblock/U0/comblock_i/fifo_out_g.fifo_out_i/g_async.i_sync_wr2rd/data_r_reg[1][3]/C is not reached by a timing clock
Related violations: <none>

TIMING-17#33 Critical Warning
Non-clocked sequential cell  
The clock pin design_1_i/comblock/U0/comblock_i/fifo_out_g.fifo_out_i/g_async.i_sync_wr2rd/data_r_reg[1][4]/C is not reached by a timing clock
Related violations: <none>

TIMING-17#34 Critical Warning
Non-clocked sequential cell  
The clock pin design_1_i/comblock/U0/comblock_i/fifo_out_g.fifo_out_i/g_async.i_sync_wr2rd/data_r_reg[1][5]/C is not reached by a timing clock
Related violations: <none>

TIMING-17#35 Critical Warning
Non-clocked sequential cell  
The clock pin design_1_i/comblock/U0/comblock_i/fifo_out_g.fifo_out_i/i_memory/ram_reg/CLKARDCLK is not reached by a timing clock
Related violations: <none>

TIMING-17#36 Critical Warning
Non-clocked sequential cell  
The clock pin design_1_i/comblock/U0/comblock_i/fifo_out_g.fifo_out_i/rd_ptr_r_reg[0]/C is not reached by a timing clock
Related violations: <none>

TIMING-17#37 Critical Warning
Non-clocked sequential cell  
The clock pin design_1_i/comblock/U0/comblock_i/fifo_out_g.fifo_out_i/rd_ptr_r_reg[1]/C is not reached by a timing clock
Related violations: <none>

TIMING-17#38 Critical Warning
Non-clocked sequential cell  
The clock pin design_1_i/comblock/U0/comblock_i/fifo_out_g.fifo_out_i/rd_ptr_r_reg[2]/C is not reached by a timing clock
Related violations: <none>

TIMING-17#39 Critical Warning
Non-clocked sequential cell  
The clock pin design_1_i/comblock/U0/comblock_i/fifo_out_g.fifo_out_i/rd_ptr_r_reg[3]/C is not reached by a timing clock
Related violations: <none>

TIMING-17#40 Critical Warning
Non-clocked sequential cell  
The clock pin design_1_i/comblock/U0/comblock_i/fifo_out_g.fifo_out_i/rd_ptr_r_reg[4]/C is not reached by a timing clock
Related violations: <none>

TIMING-17#41 Critical Warning
Non-clocked sequential cell  
The clock pin design_1_i/comblock/U0/comblock_i/fifo_out_g.fifo_out_i/rd_ptr_r_reg[5]/C is not reached by a timing clock
Related violations: <none>


