01:06:32 INFO  : Registering command handlers for SDK TCF services
01:06:33 INFO  : Launching XSCT server: xsct.bat -interactive C:\Users\danie\Documents\Repaso_VIVADO\gpio_emio\gpio_emio.sdk\temp_xsdb_launch_script.tcl
01:06:38 INFO  : XSCT server has started successfully.
01:06:38 INFO  : Successfully done setting XSCT server connection channel  
01:06:39 INFO  : Successfully done setting SDK workspace  
01:06:39 INFO  : Processing command line option -hwspec C:/Users/danie/Documents/Repaso_VIVADO/gpio_emio/gpio_emio.sdk/emio_desing_wrapper.hdf.
01:40:33 INFO  : Connected to target on host '127.0.0.1' and port '3121'.
01:40:34 INFO  : 'targets -set -filter {jtag_cable_name =~ "Digilent Arty Z7 003017A7006CA" && level==0} -index 1' command is executed.
01:40:36 INFO  : FPGA configured successfully with bitstream "C:/Users/danie/Documents/Repaso_VIVADO/gpio_emio/gpio_emio.sdk/emio_desing_wrapper_hw_platform_0/emio_desing_wrapper.bit"
01:40:47 INFO  : 'targets -set -filter {jtag_cable_name =~ "Digilent Arty Z7 003017A7006CA" && level==0} -index 1' command is executed.
01:40:47 INFO  : 'fpga -state' command is executed.
01:40:47 INFO  : Connected to target on host '127.0.0.1' and port '3121'.
01:40:48 INFO  : Jtag cable 'Digilent Arty Z7 003017A7006CA' is selected.
01:40:48 INFO  : 'jtag frequency' command is executed.
01:40:48 INFO  : Sourcing of 'C:/Users/danie/Documents/Repaso_VIVADO/gpio_emio/gpio_emio.sdk/emio_desing_wrapper_hw_platform_0/ps7_init.tcl' is done.
01:40:48 INFO  : Context for 'APU' is selected.
01:40:48 INFO  : Hardware design information is loaded from 'C:/Users/danie/Documents/Repaso_VIVADO/gpio_emio/gpio_emio.sdk/emio_desing_wrapper_hw_platform_0/system.hdf'.
01:40:48 INFO  : 'configparams force-mem-access 1' command is executed.
01:40:48 INFO  : Context for 'APU' is selected.
01:40:48 INFO  : 'stop' command is executed.
01:40:48 INFO  : 'ps7_init' command is executed.
01:40:48 INFO  : 'ps7_post_config' command is executed.
01:40:48 INFO  : Context for processor 'ps7_cortexa9_0' is selected.
01:40:48 INFO  : Processor reset is completed for 'ps7_cortexa9_0'.
01:40:48 INFO  : Context for processor 'ps7_cortexa9_0' is selected.
01:40:49 INFO  : The application 'C:/Users/danie/Documents/Repaso_VIVADO/gpio_emio/gpio_emio.sdk/led_EMIO/Debug/led_EMIO.elf' is downloaded to processor 'ps7_cortexa9_0'.
01:40:49 INFO  : 'configparams force-mem-access 0' command is executed.
01:40:49 INFO  : ----------------XSDB Script----------------
connect -url tcp:127.0.0.1:3121
source C:/Users/danie/Documents/Repaso_VIVADO/gpio_emio/gpio_emio.sdk/emio_desing_wrapper_hw_platform_0/ps7_init.tcl
targets -set -nocase -filter {name =~"APU*" && jtag_cable_name =~ "Digilent Arty Z7 003017A7006CA"} -index 0
loadhw -hw C:/Users/danie/Documents/Repaso_VIVADO/gpio_emio/gpio_emio.sdk/emio_desing_wrapper_hw_platform_0/system.hdf -mem-ranges [list {0x40000000 0xbfffffff}]
configparams force-mem-access 1
targets -set -nocase -filter {name =~"APU*" && jtag_cable_name =~ "Digilent Arty Z7 003017A7006CA"} -index 0
stop
ps7_init
ps7_post_config
targets -set -nocase -filter {name =~ "ARM*#0" && jtag_cable_name =~ "Digilent Arty Z7 003017A7006CA"} -index 0
rst -processor
targets -set -nocase -filter {name =~ "ARM*#0" && jtag_cable_name =~ "Digilent Arty Z7 003017A7006CA"} -index 0
dow C:/Users/danie/Documents/Repaso_VIVADO/gpio_emio/gpio_emio.sdk/led_EMIO/Debug/led_EMIO.elf
configparams force-mem-access 0
----------------End of Script----------------

01:40:49 INFO  : Context for processor 'ps7_cortexa9_0' is selected.
01:40:49 INFO  : 'con' command is executed.
01:40:49 INFO  : ----------------XSDB Script (After Launch)----------------
targets -set -nocase -filter {name =~ "ARM*#0" && jtag_cable_name =~ "Digilent Arty Z7 003017A7006CA"} -index 0
con
----------------End of Script----------------

01:40:49 INFO  : Disconnected from the channel tcfchan#1.
22:53:44 INFO  : Registering command handlers for SDK TCF services
22:53:46 INFO  : Launching XSCT server: xsct.bat -interactive C:\Users\danie\Documents\Repaso_VIVADO\gpio_emio\gpio_emio.sdk\temp_xsdb_launch_script.tcl
22:53:50 INFO  : XSCT server has started successfully.
22:53:51 INFO  : Successfully done setting XSCT server connection channel  
22:53:51 INFO  : Successfully done setting SDK workspace  
22:53:51 INFO  : Processing command line option -hwspec C:/Users/danie/Documents/Repaso_VIVADO/gpio_emio/gpio_emio.sdk/emio_desing_wrapper.hdf.
22:53:51 INFO  : Checking for hwspec changes in the project emio_desing_wrapper_hw_platform_0.
22:53:57 INFO  : SDK has detected change in the last modified timestamps for source hardware specification file Source:1584244246855,  Project:1584165816531
22:53:57 INFO  : The hardware specification for project 'emio_desing_wrapper_hw_platform_0' is different from C:/Users/danie/Documents/Repaso_VIVADO/gpio_emio/gpio_emio.sdk/emio_desing_wrapper.hdf.
22:53:57 INFO  : Copied contents of C:/Users/danie/Documents/Repaso_VIVADO/gpio_emio/gpio_emio.sdk/emio_desing_wrapper.hdf into \emio_desing_wrapper_hw_platform_0\system.hdf.
22:54:01 INFO  : Synchronizing projects in the workspace with the hardware platform specification changes.
22:54:04 INFO  : 
22:54:05 INFO  : Updating hardware inferred compiler options for led_EMIO.
22:54:05 INFO  : Clearing existing target manager status.
22:57:13 INFO  : Connected to target on host '127.0.0.1' and port '3121'.
22:57:14 INFO  : 'targets -set -filter {jtag_cable_name =~ "Digilent Arty Z7 003017A7006CA" && level==0} -index 1' command is executed.
22:57:16 INFO  : FPGA configured successfully with bitstream "C:/Users/danie/Documents/Repaso_VIVADO/gpio_emio/gpio_emio.sdk/emio_desing_wrapper_hw_platform_0/emio_desing_wrapper.bit"
22:59:11 INFO  : 'targets -set -filter {jtag_cable_name =~ "Digilent Arty Z7 003017A7006CA" && level==0} -index 1' command is executed.
22:59:11 INFO  : 'fpga -state' command is executed.
22:59:11 INFO  : Connected to target on host '127.0.0.1' and port '3121'.
22:59:11 INFO  : Jtag cable 'Digilent Arty Z7 003017A7006CA' is selected.
22:59:11 INFO  : 'jtag frequency' command is executed.
22:59:11 INFO  : Sourcing of 'C:/Users/danie/Documents/Repaso_VIVADO/gpio_emio/gpio_emio.sdk/emio_desing_wrapper_hw_platform_0/ps7_init.tcl' is done.
22:59:12 INFO  : Context for 'APU' is selected.
22:59:12 INFO  : Hardware design information is loaded from 'C:/Users/danie/Documents/Repaso_VIVADO/gpio_emio/gpio_emio.sdk/emio_desing_wrapper_hw_platform_0/system.hdf'.
22:59:12 INFO  : 'configparams force-mem-access 1' command is executed.
22:59:12 INFO  : Context for 'APU' is selected.
22:59:12 INFO  : 'stop' command is executed.
22:59:12 INFO  : 'ps7_init' command is executed.
22:59:12 INFO  : 'ps7_post_config' command is executed.
22:59:12 INFO  : Context for processor 'ps7_cortexa9_0' is selected.
22:59:12 INFO  : Processor reset is completed for 'ps7_cortexa9_0'.
22:59:12 INFO  : Context for processor 'ps7_cortexa9_0' is selected.
22:59:12 INFO  : The application 'C:/Users/danie/Documents/Repaso_VIVADO/gpio_emio/gpio_emio.sdk/led_EMIO/Debug/led_EMIO.elf' is downloaded to processor 'ps7_cortexa9_0'.
22:59:12 INFO  : 'configparams force-mem-access 0' command is executed.
22:59:12 INFO  : ----------------XSDB Script----------------
connect -url tcp:127.0.0.1:3121
source C:/Users/danie/Documents/Repaso_VIVADO/gpio_emio/gpio_emio.sdk/emio_desing_wrapper_hw_platform_0/ps7_init.tcl
targets -set -nocase -filter {name =~"APU*" && jtag_cable_name =~ "Digilent Arty Z7 003017A7006CA"} -index 0
loadhw -hw C:/Users/danie/Documents/Repaso_VIVADO/gpio_emio/gpio_emio.sdk/emio_desing_wrapper_hw_platform_0/system.hdf -mem-ranges [list {0x40000000 0xbfffffff}]
configparams force-mem-access 1
targets -set -nocase -filter {name =~"APU*" && jtag_cable_name =~ "Digilent Arty Z7 003017A7006CA"} -index 0
stop
ps7_init
ps7_post_config
targets -set -nocase -filter {name =~ "ARM*#0" && jtag_cable_name =~ "Digilent Arty Z7 003017A7006CA"} -index 0
rst -processor
targets -set -nocase -filter {name =~ "ARM*#0" && jtag_cable_name =~ "Digilent Arty Z7 003017A7006CA"} -index 0
dow C:/Users/danie/Documents/Repaso_VIVADO/gpio_emio/gpio_emio.sdk/led_EMIO/Debug/led_EMIO.elf
configparams force-mem-access 0
----------------End of Script----------------

22:59:12 INFO  : Context for processor 'ps7_cortexa9_0' is selected.
22:59:12 INFO  : 'con' command is executed.
22:59:12 INFO  : ----------------XSDB Script (After Launch)----------------
targets -set -nocase -filter {name =~ "ARM*#0" && jtag_cable_name =~ "Digilent Arty Z7 003017A7006CA"} -index 0
con
----------------End of Script----------------

22:59:12 INFO  : Disconnected from the channel tcfchan#1.
23:00:37 INFO  : 'targets -set -filter {jtag_cable_name =~ "Digilent Arty Z7 003017A7006CA" && level==0} -index 1' command is executed.
23:00:37 INFO  : 'fpga -state' command is executed.
23:00:37 INFO  : Connected to target on host '127.0.0.1' and port '3121'.
23:00:38 INFO  : Jtag cable 'Digilent Arty Z7 003017A7006CA' is selected.
23:00:38 INFO  : 'jtag frequency' command is executed.
23:00:38 INFO  : Sourcing of 'C:/Users/danie/Documents/Repaso_VIVADO/gpio_emio/gpio_emio.sdk/emio_desing_wrapper_hw_platform_0/ps7_init.tcl' is done.
23:00:38 INFO  : Context for 'APU' is selected.
23:00:38 INFO  : Hardware design information is loaded from 'C:/Users/danie/Documents/Repaso_VIVADO/gpio_emio/gpio_emio.sdk/emio_desing_wrapper_hw_platform_0/system.hdf'.
23:00:38 INFO  : 'configparams force-mem-access 1' command is executed.
23:00:38 INFO  : Context for 'APU' is selected.
23:00:38 INFO  : 'stop' command is executed.
23:00:39 INFO  : 'ps7_init' command is executed.
23:00:39 INFO  : 'ps7_post_config' command is executed.
23:00:39 INFO  : Context for processor 'ps7_cortexa9_0' is selected.
23:00:39 INFO  : Processor reset is completed for 'ps7_cortexa9_0'.
23:00:39 INFO  : Context for processor 'ps7_cortexa9_0' is selected.
23:00:39 INFO  : The application 'C:/Users/danie/Documents/Repaso_VIVADO/gpio_emio/gpio_emio.sdk/led_EMIO/Debug/led_EMIO.elf' is downloaded to processor 'ps7_cortexa9_0'.
23:00:39 INFO  : 'configparams force-mem-access 0' command is executed.
23:00:39 INFO  : ----------------XSDB Script----------------
connect -url tcp:127.0.0.1:3121
source C:/Users/danie/Documents/Repaso_VIVADO/gpio_emio/gpio_emio.sdk/emio_desing_wrapper_hw_platform_0/ps7_init.tcl
targets -set -nocase -filter {name =~"APU*" && jtag_cable_name =~ "Digilent Arty Z7 003017A7006CA"} -index 0
loadhw -hw C:/Users/danie/Documents/Repaso_VIVADO/gpio_emio/gpio_emio.sdk/emio_desing_wrapper_hw_platform_0/system.hdf -mem-ranges [list {0x40000000 0xbfffffff}]
configparams force-mem-access 1
targets -set -nocase -filter {name =~"APU*" && jtag_cable_name =~ "Digilent Arty Z7 003017A7006CA"} -index 0
stop
ps7_init
ps7_post_config
targets -set -nocase -filter {name =~ "ARM*#0" && jtag_cable_name =~ "Digilent Arty Z7 003017A7006CA"} -index 0
rst -processor
targets -set -nocase -filter {name =~ "ARM*#0" && jtag_cable_name =~ "Digilent Arty Z7 003017A7006CA"} -index 0
dow C:/Users/danie/Documents/Repaso_VIVADO/gpio_emio/gpio_emio.sdk/led_EMIO/Debug/led_EMIO.elf
configparams force-mem-access 0
----------------End of Script----------------

23:00:39 INFO  : Context for processor 'ps7_cortexa9_0' is selected.
23:00:39 INFO  : 'con' command is executed.
23:00:39 INFO  : ----------------XSDB Script (After Launch)----------------
targets -set -nocase -filter {name =~ "ARM*#0" && jtag_cable_name =~ "Digilent Arty Z7 003017A7006CA"} -index 0
con
----------------End of Script----------------

23:00:39 INFO  : Disconnected from the channel tcfchan#2.
23:02:10 INFO  : 'targets -set -filter {jtag_cable_name =~ "Digilent Arty Z7 003017A7006CA" && level==0} -index 1' command is executed.
23:02:10 INFO  : 'fpga -state' command is executed.
23:02:10 INFO  : Connected to target on host '127.0.0.1' and port '3121'.
23:02:11 INFO  : Jtag cable 'Digilent Arty Z7 003017A7006CA' is selected.
23:02:11 INFO  : 'jtag frequency' command is executed.
23:02:11 INFO  : Sourcing of 'C:/Users/danie/Documents/Repaso_VIVADO/gpio_emio/gpio_emio.sdk/emio_desing_wrapper_hw_platform_0/ps7_init.tcl' is done.
23:02:11 INFO  : Context for 'APU' is selected.
23:02:11 INFO  : Hardware design information is loaded from 'C:/Users/danie/Documents/Repaso_VIVADO/gpio_emio/gpio_emio.sdk/emio_desing_wrapper_hw_platform_0/system.hdf'.
23:02:11 INFO  : 'configparams force-mem-access 1' command is executed.
23:02:11 INFO  : Context for 'APU' is selected.
23:02:11 INFO  : 'stop' command is executed.
23:02:11 INFO  : 'ps7_init' command is executed.
23:02:11 INFO  : 'ps7_post_config' command is executed.
23:02:11 INFO  : Context for processor 'ps7_cortexa9_0' is selected.
23:02:12 INFO  : Processor reset is completed for 'ps7_cortexa9_0'.
23:02:12 INFO  : Context for processor 'ps7_cortexa9_0' is selected.
23:02:12 INFO  : The application 'C:/Users/danie/Documents/Repaso_VIVADO/gpio_emio/gpio_emio.sdk/led_EMIO/Debug/led_EMIO.elf' is downloaded to processor 'ps7_cortexa9_0'.
23:02:12 INFO  : 'configparams force-mem-access 0' command is executed.
23:02:12 INFO  : ----------------XSDB Script----------------
connect -url tcp:127.0.0.1:3121
source C:/Users/danie/Documents/Repaso_VIVADO/gpio_emio/gpio_emio.sdk/emio_desing_wrapper_hw_platform_0/ps7_init.tcl
targets -set -nocase -filter {name =~"APU*" && jtag_cable_name =~ "Digilent Arty Z7 003017A7006CA"} -index 0
loadhw -hw C:/Users/danie/Documents/Repaso_VIVADO/gpio_emio/gpio_emio.sdk/emio_desing_wrapper_hw_platform_0/system.hdf -mem-ranges [list {0x40000000 0xbfffffff}]
configparams force-mem-access 1
targets -set -nocase -filter {name =~"APU*" && jtag_cable_name =~ "Digilent Arty Z7 003017A7006CA"} -index 0
stop
ps7_init
ps7_post_config
targets -set -nocase -filter {name =~ "ARM*#0" && jtag_cable_name =~ "Digilent Arty Z7 003017A7006CA"} -index 0
rst -processor
targets -set -nocase -filter {name =~ "ARM*#0" && jtag_cable_name =~ "Digilent Arty Z7 003017A7006CA"} -index 0
dow C:/Users/danie/Documents/Repaso_VIVADO/gpio_emio/gpio_emio.sdk/led_EMIO/Debug/led_EMIO.elf
configparams force-mem-access 0
----------------End of Script----------------

23:02:12 INFO  : Context for processor 'ps7_cortexa9_0' is selected.
23:02:12 INFO  : 'con' command is executed.
23:02:12 INFO  : ----------------XSDB Script (After Launch)----------------
targets -set -nocase -filter {name =~ "ARM*#0" && jtag_cable_name =~ "Digilent Arty Z7 003017A7006CA"} -index 0
con
----------------End of Script----------------

23:02:12 INFO  : Disconnected from the channel tcfchan#3.
23:02:30 INFO  : 'targets -set -filter {jtag_cable_name =~ "Digilent Arty Z7 003017A7006CA" && level==0} -index 1' command is executed.
23:02:30 INFO  : 'fpga -state' command is executed.
23:02:30 INFO  : Connected to target on host '127.0.0.1' and port '3121'.
23:02:30 INFO  : Jtag cable 'Digilent Arty Z7 003017A7006CA' is selected.
23:02:30 INFO  : 'jtag frequency' command is executed.
23:02:30 INFO  : Sourcing of 'C:/Users/danie/Documents/Repaso_VIVADO/gpio_emio/gpio_emio.sdk/emio_desing_wrapper_hw_platform_0/ps7_init.tcl' is done.
23:02:30 INFO  : Context for 'APU' is selected.
23:02:30 INFO  : Hardware design information is loaded from 'C:/Users/danie/Documents/Repaso_VIVADO/gpio_emio/gpio_emio.sdk/emio_desing_wrapper_hw_platform_0/system.hdf'.
23:02:30 INFO  : 'configparams force-mem-access 1' command is executed.
23:02:30 INFO  : Context for 'APU' is selected.
23:02:30 INFO  : 'stop' command is executed.
23:02:31 INFO  : 'ps7_init' command is executed.
23:02:31 INFO  : 'ps7_post_config' command is executed.
23:02:31 INFO  : Context for processor 'ps7_cortexa9_0' is selected.
23:02:31 INFO  : Processor reset is completed for 'ps7_cortexa9_0'.
23:02:31 INFO  : Context for processor 'ps7_cortexa9_0' is selected.
23:02:31 INFO  : The application 'C:/Users/danie/Documents/Repaso_VIVADO/gpio_emio/gpio_emio.sdk/led_EMIO/Debug/led_EMIO.elf' is downloaded to processor 'ps7_cortexa9_0'.
23:02:31 INFO  : 'configparams force-mem-access 0' command is executed.
23:02:31 INFO  : ----------------XSDB Script----------------
connect -url tcp:127.0.0.1:3121
source C:/Users/danie/Documents/Repaso_VIVADO/gpio_emio/gpio_emio.sdk/emio_desing_wrapper_hw_platform_0/ps7_init.tcl
targets -set -nocase -filter {name =~"APU*" && jtag_cable_name =~ "Digilent Arty Z7 003017A7006CA"} -index 0
loadhw -hw C:/Users/danie/Documents/Repaso_VIVADO/gpio_emio/gpio_emio.sdk/emio_desing_wrapper_hw_platform_0/system.hdf -mem-ranges [list {0x40000000 0xbfffffff}]
configparams force-mem-access 1
targets -set -nocase -filter {name =~"APU*" && jtag_cable_name =~ "Digilent Arty Z7 003017A7006CA"} -index 0
stop
ps7_init
ps7_post_config
targets -set -nocase -filter {name =~ "ARM*#0" && jtag_cable_name =~ "Digilent Arty Z7 003017A7006CA"} -index 0
rst -processor
targets -set -nocase -filter {name =~ "ARM*#0" && jtag_cable_name =~ "Digilent Arty Z7 003017A7006CA"} -index 0
dow C:/Users/danie/Documents/Repaso_VIVADO/gpio_emio/gpio_emio.sdk/led_EMIO/Debug/led_EMIO.elf
configparams force-mem-access 0
----------------End of Script----------------

23:02:31 INFO  : Context for processor 'ps7_cortexa9_0' is selected.
23:02:31 INFO  : 'con' command is executed.
23:02:31 INFO  : ----------------XSDB Script (After Launch)----------------
targets -set -nocase -filter {name =~ "ARM*#0" && jtag_cable_name =~ "Digilent Arty Z7 003017A7006CA"} -index 0
con
----------------End of Script----------------

23:02:31 INFO  : Disconnected from the channel tcfchan#4.
23:02:59 INFO  : 'targets -set -filter {jtag_cable_name =~ "Digilent Arty Z7 003017A7006CA" && level==0} -index 1' command is executed.
23:02:59 INFO  : 'fpga -state' command is executed.
23:02:59 INFO  : Connected to target on host '127.0.0.1' and port '3121'.
23:02:59 INFO  : Jtag cable 'Digilent Arty Z7 003017A7006CA' is selected.
23:02:59 INFO  : 'jtag frequency' command is executed.
23:02:59 INFO  : Sourcing of 'C:/Users/danie/Documents/Repaso_VIVADO/gpio_emio/gpio_emio.sdk/emio_desing_wrapper_hw_platform_0/ps7_init.tcl' is done.
23:02:59 INFO  : Context for 'APU' is selected.
23:02:59 INFO  : Hardware design information is loaded from 'C:/Users/danie/Documents/Repaso_VIVADO/gpio_emio/gpio_emio.sdk/emio_desing_wrapper_hw_platform_0/system.hdf'.
23:02:59 INFO  : 'configparams force-mem-access 1' command is executed.
23:02:59 INFO  : Context for 'APU' is selected.
23:02:59 INFO  : 'stop' command is executed.
23:03:00 INFO  : 'ps7_init' command is executed.
23:03:00 INFO  : 'ps7_post_config' command is executed.
23:03:00 INFO  : Context for processor 'ps7_cortexa9_0' is selected.
23:03:00 INFO  : Processor reset is completed for 'ps7_cortexa9_0'.
23:03:00 INFO  : Context for processor 'ps7_cortexa9_0' is selected.
23:03:00 INFO  : The application 'C:/Users/danie/Documents/Repaso_VIVADO/gpio_emio/gpio_emio.sdk/led_EMIO/Debug/led_EMIO.elf' is downloaded to processor 'ps7_cortexa9_0'.
23:03:00 INFO  : 'configparams force-mem-access 0' command is executed.
23:03:00 INFO  : ----------------XSDB Script----------------
connect -url tcp:127.0.0.1:3121
source C:/Users/danie/Documents/Repaso_VIVADO/gpio_emio/gpio_emio.sdk/emio_desing_wrapper_hw_platform_0/ps7_init.tcl
targets -set -nocase -filter {name =~"APU*" && jtag_cable_name =~ "Digilent Arty Z7 003017A7006CA"} -index 0
loadhw -hw C:/Users/danie/Documents/Repaso_VIVADO/gpio_emio/gpio_emio.sdk/emio_desing_wrapper_hw_platform_0/system.hdf -mem-ranges [list {0x40000000 0xbfffffff}]
configparams force-mem-access 1
targets -set -nocase -filter {name =~"APU*" && jtag_cable_name =~ "Digilent Arty Z7 003017A7006CA"} -index 0
stop
ps7_init
ps7_post_config
targets -set -nocase -filter {name =~ "ARM*#0" && jtag_cable_name =~ "Digilent Arty Z7 003017A7006CA"} -index 0
rst -processor
targets -set -nocase -filter {name =~ "ARM*#0" && jtag_cable_name =~ "Digilent Arty Z7 003017A7006CA"} -index 0
dow C:/Users/danie/Documents/Repaso_VIVADO/gpio_emio/gpio_emio.sdk/led_EMIO/Debug/led_EMIO.elf
configparams force-mem-access 0
----------------End of Script----------------

23:03:03 INFO  : Disconnected from the channel tcfchan#5.
23:03:11 INFO  : 'targets -set -filter {jtag_cable_name =~ "Digilent Arty Z7 003017A7006CA" && level==0} -index 1' command is executed.
23:03:11 INFO  : 'fpga -state' command is executed.
23:03:11 INFO  : Connected to target on host '127.0.0.1' and port '3121'.
23:03:12 INFO  : Jtag cable 'Digilent Arty Z7 003017A7006CA' is selected.
23:03:12 INFO  : 'jtag frequency' command is executed.
23:03:12 INFO  : Sourcing of 'C:/Users/danie/Documents/Repaso_VIVADO/gpio_emio/gpio_emio.sdk/emio_desing_wrapper_hw_platform_0/ps7_init.tcl' is done.
23:03:12 INFO  : Context for 'APU' is selected.
23:03:12 INFO  : Hardware design information is loaded from 'C:/Users/danie/Documents/Repaso_VIVADO/gpio_emio/gpio_emio.sdk/emio_desing_wrapper_hw_platform_0/system.hdf'.
23:03:12 INFO  : 'configparams force-mem-access 1' command is executed.
23:03:12 INFO  : Context for 'APU' is selected.
23:03:12 INFO  : 'stop' command is executed.
23:03:12 INFO  : 'ps7_init' command is executed.
23:03:12 INFO  : 'ps7_post_config' command is executed.
23:03:12 INFO  : Context for processor 'ps7_cortexa9_0' is selected.
23:03:12 INFO  : Processor reset is completed for 'ps7_cortexa9_0'.
23:03:12 INFO  : Context for processor 'ps7_cortexa9_0' is selected.
23:03:13 INFO  : The application 'C:/Users/danie/Documents/Repaso_VIVADO/gpio_emio/gpio_emio.sdk/led_EMIO/Debug/led_EMIO.elf' is downloaded to processor 'ps7_cortexa9_0'.
23:03:13 INFO  : 'configparams force-mem-access 0' command is executed.
23:03:13 INFO  : ----------------XSDB Script----------------
connect -url tcp:127.0.0.1:3121
source C:/Users/danie/Documents/Repaso_VIVADO/gpio_emio/gpio_emio.sdk/emio_desing_wrapper_hw_platform_0/ps7_init.tcl
targets -set -nocase -filter {name =~"APU*" && jtag_cable_name =~ "Digilent Arty Z7 003017A7006CA"} -index 0
loadhw -hw C:/Users/danie/Documents/Repaso_VIVADO/gpio_emio/gpio_emio.sdk/emio_desing_wrapper_hw_platform_0/system.hdf -mem-ranges [list {0x40000000 0xbfffffff}]
configparams force-mem-access 1
targets -set -nocase -filter {name =~"APU*" && jtag_cable_name =~ "Digilent Arty Z7 003017A7006CA"} -index 0
stop
ps7_init
ps7_post_config
targets -set -nocase -filter {name =~ "ARM*#0" && jtag_cable_name =~ "Digilent Arty Z7 003017A7006CA"} -index 0
rst -processor
targets -set -nocase -filter {name =~ "ARM*#0" && jtag_cable_name =~ "Digilent Arty Z7 003017A7006CA"} -index 0
dow C:/Users/danie/Documents/Repaso_VIVADO/gpio_emio/gpio_emio.sdk/led_EMIO/Debug/led_EMIO.elf
configparams force-mem-access 0
----------------End of Script----------------

23:03:13 INFO  : Context for processor 'ps7_cortexa9_0' is selected.
23:03:13 INFO  : 'con' command is executed.
23:03:13 INFO  : ----------------XSDB Script (After Launch)----------------
targets -set -nocase -filter {name =~ "ARM*#0" && jtag_cable_name =~ "Digilent Arty Z7 003017A7006CA"} -index 0
con
----------------End of Script----------------

23:03:13 INFO  : Disconnected from the channel tcfchan#6.
23:03:49 INFO  : 'targets -set -filter {jtag_cable_name =~ "Digilent Arty Z7 003017A7006CA" && level==0} -index 1' command is executed.
23:03:49 INFO  : 'fpga -state' command is executed.
23:03:49 INFO  : Connected to target on host '127.0.0.1' and port '3121'.
23:03:49 INFO  : Jtag cable 'Digilent Arty Z7 003017A7006CA' is selected.
23:03:49 INFO  : 'jtag frequency' command is executed.
23:03:49 INFO  : Sourcing of 'C:/Users/danie/Documents/Repaso_VIVADO/gpio_emio/gpio_emio.sdk/emio_desing_wrapper_hw_platform_0/ps7_init.tcl' is done.
23:03:49 INFO  : Context for 'APU' is selected.
23:03:49 INFO  : Hardware design information is loaded from 'C:/Users/danie/Documents/Repaso_VIVADO/gpio_emio/gpio_emio.sdk/emio_desing_wrapper_hw_platform_0/system.hdf'.
23:03:49 INFO  : 'configparams force-mem-access 1' command is executed.
23:03:49 INFO  : Context for 'APU' is selected.
23:03:49 INFO  : 'stop' command is executed.
23:03:50 INFO  : 'ps7_init' command is executed.
23:03:50 INFO  : 'ps7_post_config' command is executed.
23:03:50 INFO  : Context for processor 'ps7_cortexa9_0' is selected.
23:03:50 INFO  : Processor reset is completed for 'ps7_cortexa9_0'.
23:03:50 INFO  : Context for processor 'ps7_cortexa9_0' is selected.
23:03:50 INFO  : The application 'C:/Users/danie/Documents/Repaso_VIVADO/gpio_emio/gpio_emio.sdk/led_EMIO/Debug/led_EMIO.elf' is downloaded to processor 'ps7_cortexa9_0'.
23:03:50 INFO  : 'configparams force-mem-access 0' command is executed.
23:03:50 INFO  : ----------------XSDB Script----------------
connect -url tcp:127.0.0.1:3121
source C:/Users/danie/Documents/Repaso_VIVADO/gpio_emio/gpio_emio.sdk/emio_desing_wrapper_hw_platform_0/ps7_init.tcl
targets -set -nocase -filter {name =~"APU*" && jtag_cable_name =~ "Digilent Arty Z7 003017A7006CA"} -index 0
loadhw -hw C:/Users/danie/Documents/Repaso_VIVADO/gpio_emio/gpio_emio.sdk/emio_desing_wrapper_hw_platform_0/system.hdf -mem-ranges [list {0x40000000 0xbfffffff}]
configparams force-mem-access 1
targets -set -nocase -filter {name =~"APU*" && jtag_cable_name =~ "Digilent Arty Z7 003017A7006CA"} -index 0
stop
ps7_init
ps7_post_config
targets -set -nocase -filter {name =~ "ARM*#0" && jtag_cable_name =~ "Digilent Arty Z7 003017A7006CA"} -index 0
rst -processor
targets -set -nocase -filter {name =~ "ARM*#0" && jtag_cable_name =~ "Digilent Arty Z7 003017A7006CA"} -index 0
dow C:/Users/danie/Documents/Repaso_VIVADO/gpio_emio/gpio_emio.sdk/led_EMIO/Debug/led_EMIO.elf
configparams force-mem-access 0
----------------End of Script----------------

23:03:50 INFO  : Context for processor 'ps7_cortexa9_0' is selected.
23:03:50 INFO  : 'con' command is executed.
23:03:50 INFO  : ----------------XSDB Script (After Launch)----------------
targets -set -nocase -filter {name =~ "ARM*#0" && jtag_cable_name =~ "Digilent Arty Z7 003017A7006CA"} -index 0
con
----------------End of Script----------------

23:03:50 INFO  : Disconnected from the channel tcfchan#7.
