23:21:21 INFO  : Registering command handlers for SDK TCF services
23:21:23 INFO  : Launching XSCT server: xsct.bat -interactive C:\Users\danie\Documents\Repaso_VIVADO\custom_IP\custom_IP.sdk\temp_xsdb_launch_script.tcl
23:21:26 INFO  : XSCT server has started successfully.
23:21:27 INFO  : Successfully done setting XSCT server connection channel  
23:21:27 INFO  : Successfully done setting SDK workspace  
23:21:27 INFO  : Processing command line option -hwspec C:/Users/danie/Documents/Repaso_VIVADO/custom_IP/custom_IP.sdk/custom_Ip_design_wrapper.hdf.
23:30:58 INFO  : No changes in MSS file content so not generating sources.
23:59:37 INFO  : Connected to target on host '127.0.0.1' and port '3121'.
23:59:37 INFO  : 'targets -set -filter {jtag_cable_name =~ "Digilent Arty Z7 003017A7006CA" && level==0} -index 1' command is executed.
23:59:40 INFO  : FPGA configured successfully with bitstream "C:/Users/danie/Documents/Repaso_VIVADO/custom_IP/custom_IP.sdk/custom_Ip_design_wrapper_hw_platform_0/custom_Ip_design_wrapper.bit"
00:00:01 INFO  : 'targets -set -filter {jtag_cable_name =~ "Digilent Arty Z7 003017A7006CA" && level==0} -index 1' command is executed.
00:00:01 INFO  : 'fpga -state' command is executed.
00:00:01 INFO  : Connected to target on host '127.0.0.1' and port '3121'.
00:00:02 INFO  : Jtag cable 'Digilent Arty Z7 003017A7006CA' is selected.
00:00:02 INFO  : 'jtag frequency' command is executed.
00:00:02 INFO  : Sourcing of 'C:/Users/danie/Documents/Repaso_VIVADO/custom_IP/custom_IP.sdk/custom_Ip_design_wrapper_hw_platform_0/ps7_init.tcl' is done.
00:00:02 INFO  : Context for 'APU' is selected.
00:00:02 INFO  : Hardware design information is loaded from 'C:/Users/danie/Documents/Repaso_VIVADO/custom_IP/custom_IP.sdk/custom_Ip_design_wrapper_hw_platform_0/system.hdf'.
00:00:02 INFO  : 'configparams force-mem-access 1' command is executed.
00:00:02 INFO  : Context for 'APU' is selected.
00:00:02 INFO  : 'stop' command is executed.
00:00:02 INFO  : 'ps7_init' command is executed.
00:00:02 INFO  : 'ps7_post_config' command is executed.
00:00:02 INFO  : Context for processor 'ps7_cortexa9_0' is selected.
00:00:03 INFO  : Processor reset is completed for 'ps7_cortexa9_0'.
00:00:03 INFO  : Context for processor 'ps7_cortexa9_0' is selected.
00:00:03 INFO  : The application 'C:/Users/danie/Documents/Repaso_VIVADO/custom_IP/custom_IP.sdk/pwm_ledControl/Debug/pwm_ledControl.elf' is downloaded to processor 'ps7_cortexa9_0'.
00:00:03 INFO  : 'configparams force-mem-access 0' command is executed.
00:00:03 INFO  : ----------------XSDB Script----------------
connect -url tcp:127.0.0.1:3121
source C:/Users/danie/Documents/Repaso_VIVADO/custom_IP/custom_IP.sdk/custom_Ip_design_wrapper_hw_platform_0/ps7_init.tcl
targets -set -nocase -filter {name =~"APU*" && jtag_cable_name =~ "Digilent Arty Z7 003017A7006CA"} -index 0
loadhw -hw C:/Users/danie/Documents/Repaso_VIVADO/custom_IP/custom_IP.sdk/custom_Ip_design_wrapper_hw_platform_0/system.hdf -mem-ranges [list {0x40000000 0xbfffffff}]
configparams force-mem-access 1
targets -set -nocase -filter {name =~"APU*" && jtag_cable_name =~ "Digilent Arty Z7 003017A7006CA"} -index 0
stop
ps7_init
ps7_post_config
targets -set -nocase -filter {name =~ "ARM*#0" && jtag_cable_name =~ "Digilent Arty Z7 003017A7006CA"} -index 0
rst -processor
targets -set -nocase -filter {name =~ "ARM*#0" && jtag_cable_name =~ "Digilent Arty Z7 003017A7006CA"} -index 0
dow C:/Users/danie/Documents/Repaso_VIVADO/custom_IP/custom_IP.sdk/pwm_ledControl/Debug/pwm_ledControl.elf
configparams force-mem-access 0
----------------End of Script----------------

00:00:03 INFO  : Context for processor 'ps7_cortexa9_0' is selected.
00:00:03 INFO  : 'con' command is executed.
00:00:03 INFO  : ----------------XSDB Script (After Launch)----------------
targets -set -nocase -filter {name =~ "ARM*#0" && jtag_cable_name =~ "Digilent Arty Z7 003017A7006CA"} -index 0
con
----------------End of Script----------------

00:00:03 INFO  : Disconnected from the channel tcfchan#1.
03:40:03 INFO  : Registering command handlers for SDK TCF services
03:40:04 INFO  : Launching XSCT server: xsct.bat -interactive C:\Users\danie\Documents\Repaso_VIVADO\custom_IP\custom_IP.sdk\temp_xsdb_launch_script.tcl
03:40:11 INFO  : XSCT server has started successfully.
03:40:12 INFO  : Successfully done setting XSCT server connection channel  
03:40:12 INFO  : Successfully done setting SDK workspace  
03:40:12 INFO  : Processing command line option -hwspec C:/Users/danie/Documents/Repaso_VIVADO/custom_IP/custom_IP.sdk/custom_Ip_design_wrapper.hdf.
03:40:13 INFO  : Checking for hwspec changes in the project custom_Ip_design_wrapper_hw_platform_0.
