03:13:21 INFO  : Registering command handlers for SDK TCF services
03:13:23 INFO  : Launching XSCT server: xsct.bat -interactive C:\Users\danie\Documents\Repaso_VIVADO\comblock_fifo\comblock_fifo.sdk\temp_xsdb_launch_script.tcl
03:13:27 INFO  : XSCT server has started successfully.
03:13:28 INFO  : Successfully done setting XSCT server connection channel  
03:13:28 INFO  : Processing command line option -hwspec C:/Users/danie/Documents/Repaso_VIVADO/comblock_fifo/comblock_fifo.sdk/comblock_fifo_wrapper.hdf.
03:13:28 INFO  : Successfully done setting SDK workspace  
03:30:03 INFO  : Connected to target on host '127.0.0.1' and port '3121'.
03:30:05 INFO  : 'targets -set -filter {jtag_cable_name =~ "Digilent Arty Z7 003017A7006CA" && level==0} -index 1' command is executed.
03:30:07 INFO  : FPGA configured successfully with bitstream "C:/Users/danie/Documents/Repaso_VIVADO/comblock_fifo/comblock_fifo.sdk/comblock_fifo_wrapper_hw_platform_0/comblock_fifo_wrapper.bit"
03:30:21 INFO  : 'targets -set -filter {jtag_cable_name =~ "Digilent Arty Z7 003017A7006CA" && level==0} -index 1' command is executed.
03:30:21 INFO  : 'fpga -state' command is executed.
03:30:21 INFO  : Connected to target on host '127.0.0.1' and port '3121'.
03:30:21 INFO  : Jtag cable 'Digilent Arty Z7 003017A7006CA' is selected.
03:30:21 INFO  : 'jtag frequency' command is executed.
03:30:21 INFO  : Sourcing of 'C:/Users/danie/Documents/Repaso_VIVADO/comblock_fifo/comblock_fifo.sdk/comblock_fifo_wrapper_hw_platform_0/ps7_init.tcl' is done.
03:30:21 INFO  : Context for 'APU' is selected.
03:30:21 INFO  : Hardware design information is loaded from 'C:/Users/danie/Documents/Repaso_VIVADO/comblock_fifo/comblock_fifo.sdk/comblock_fifo_wrapper_hw_platform_0/system.hdf'.
03:30:21 INFO  : 'configparams force-mem-access 1' command is executed.
03:30:21 INFO  : Context for 'APU' is selected.
03:30:21 INFO  : 'stop' command is executed.
03:30:22 INFO  : 'ps7_init' command is executed.
03:30:22 INFO  : 'ps7_post_config' command is executed.
03:30:22 INFO  : Context for processor 'ps7_cortexa9_0' is selected.
03:30:22 INFO  : Processor reset is completed for 'ps7_cortexa9_0'.
03:30:22 INFO  : Context for processor 'ps7_cortexa9_0' is selected.
03:30:22 INFO  : The application 'C:/Users/danie/Documents/Repaso_VIVADO/comblock_fifo/comblock_fifo.sdk/comblock_fifo/Debug/comblock_fifo.elf' is downloaded to processor 'ps7_cortexa9_0'.
03:30:22 INFO  : 'configparams force-mem-access 0' command is executed.
03:30:22 INFO  : ----------------XSDB Script----------------
connect -url tcp:127.0.0.1:3121
source C:/Users/danie/Documents/Repaso_VIVADO/comblock_fifo/comblock_fifo.sdk/comblock_fifo_wrapper_hw_platform_0/ps7_init.tcl
targets -set -nocase -filter {name =~"APU*" && jtag_cable_name =~ "Digilent Arty Z7 003017A7006CA"} -index 0
loadhw -hw C:/Users/danie/Documents/Repaso_VIVADO/comblock_fifo/comblock_fifo.sdk/comblock_fifo_wrapper_hw_platform_0/system.hdf -mem-ranges [list {0x40000000 0xbfffffff}]
configparams force-mem-access 1
targets -set -nocase -filter {name =~"APU*" && jtag_cable_name =~ "Digilent Arty Z7 003017A7006CA"} -index 0
stop
ps7_init
ps7_post_config
targets -set -nocase -filter {name =~ "ARM*#0" && jtag_cable_name =~ "Digilent Arty Z7 003017A7006CA"} -index 0
rst -processor
targets -set -nocase -filter {name =~ "ARM*#0" && jtag_cable_name =~ "Digilent Arty Z7 003017A7006CA"} -index 0
dow C:/Users/danie/Documents/Repaso_VIVADO/comblock_fifo/comblock_fifo.sdk/comblock_fifo/Debug/comblock_fifo.elf
configparams force-mem-access 0
----------------End of Script----------------

03:30:22 INFO  : Context for processor 'ps7_cortexa9_0' is selected.
03:30:22 INFO  : 'con' command is executed.
03:30:22 INFO  : ----------------XSDB Script (After Launch)----------------
targets -set -nocase -filter {name =~ "ARM*#0" && jtag_cable_name =~ "Digilent Arty Z7 003017A7006CA"} -index 0
con
----------------End of Script----------------

03:30:22 INFO  : Disconnected from the channel tcfchan#1.
03:31:17 INFO  : Connected to target on host '127.0.0.1' and port '3121'.
03:31:17 INFO  : 'targets -set -filter {jtag_cable_name =~ "Digilent Arty Z7 003017A7006CA" && level==0} -index 1' command is executed.
03:31:19 INFO  : FPGA configured successfully with bitstream "C:/Users/danie/Documents/Repaso_VIVADO/comblock_fifo/comblock_fifo.sdk/comblock_fifo_wrapper_hw_platform_0/comblock_fifo_wrapper.bit"
03:31:28 INFO  : 'targets -set -filter {jtag_cable_name =~ "Digilent Arty Z7 003017A7006CA" && level==0} -index 1' command is executed.
03:31:28 INFO  : 'fpga -state' command is executed.
03:31:28 INFO  : Connected to target on host '127.0.0.1' and port '3121'.
03:31:28 INFO  : Jtag cable 'Digilent Arty Z7 003017A7006CA' is selected.
03:31:28 INFO  : 'jtag frequency' command is executed.
03:31:28 INFO  : Sourcing of 'C:/Users/danie/Documents/Repaso_VIVADO/comblock_fifo/comblock_fifo.sdk/comblock_fifo_wrapper_hw_platform_0/ps7_init.tcl' is done.
03:31:28 INFO  : Context for 'APU' is selected.
03:31:28 INFO  : Hardware design information is loaded from 'C:/Users/danie/Documents/Repaso_VIVADO/comblock_fifo/comblock_fifo.sdk/comblock_fifo_wrapper_hw_platform_0/system.hdf'.
03:31:28 INFO  : 'configparams force-mem-access 1' command is executed.
03:31:28 INFO  : Context for 'APU' is selected.
03:31:28 INFO  : 'stop' command is executed.
03:31:29 INFO  : 'ps7_init' command is executed.
03:31:29 INFO  : 'ps7_post_config' command is executed.
03:31:29 INFO  : Context for processor 'ps7_cortexa9_0' is selected.
03:31:29 INFO  : Processor reset is completed for 'ps7_cortexa9_0'.
03:31:29 INFO  : Context for processor 'ps7_cortexa9_0' is selected.
03:31:29 INFO  : The application 'C:/Users/danie/Documents/Repaso_VIVADO/comblock_fifo/comblock_fifo.sdk/comblock_fifo/Debug/comblock_fifo.elf' is downloaded to processor 'ps7_cortexa9_0'.
03:31:29 INFO  : 'configparams force-mem-access 0' command is executed.
03:31:29 INFO  : ----------------XSDB Script----------------
connect -url tcp:127.0.0.1:3121
source C:/Users/danie/Documents/Repaso_VIVADO/comblock_fifo/comblock_fifo.sdk/comblock_fifo_wrapper_hw_platform_0/ps7_init.tcl
targets -set -nocase -filter {name =~"APU*" && jtag_cable_name =~ "Digilent Arty Z7 003017A7006CA"} -index 0
loadhw -hw C:/Users/danie/Documents/Repaso_VIVADO/comblock_fifo/comblock_fifo.sdk/comblock_fifo_wrapper_hw_platform_0/system.hdf -mem-ranges [list {0x40000000 0xbfffffff}]
configparams force-mem-access 1
targets -set -nocase -filter {name =~"APU*" && jtag_cable_name =~ "Digilent Arty Z7 003017A7006CA"} -index 0
stop
ps7_init
ps7_post_config
targets -set -nocase -filter {name =~ "ARM*#0" && jtag_cable_name =~ "Digilent Arty Z7 003017A7006CA"} -index 0
rst -processor
targets -set -nocase -filter {name =~ "ARM*#0" && jtag_cable_name =~ "Digilent Arty Z7 003017A7006CA"} -index 0
dow C:/Users/danie/Documents/Repaso_VIVADO/comblock_fifo/comblock_fifo.sdk/comblock_fifo/Debug/comblock_fifo.elf
configparams force-mem-access 0
----------------End of Script----------------

03:31:29 INFO  : Context for processor 'ps7_cortexa9_0' is selected.
03:31:29 INFO  : 'con' command is executed.
03:31:29 INFO  : ----------------XSDB Script (After Launch)----------------
targets -set -nocase -filter {name =~ "ARM*#0" && jtag_cable_name =~ "Digilent Arty Z7 003017A7006CA"} -index 0
con
----------------End of Script----------------

03:31:29 INFO  : Disconnected from the channel tcfchan#2.
03:32:49 INFO  : 'targets -set -filter {jtag_cable_name =~ "Digilent Arty Z7 003017A7006CA" && level==0} -index 1' command is executed.
03:32:49 INFO  : 'fpga -state' command is executed.
03:32:49 INFO  : Connected to target on host '127.0.0.1' and port '3121'.
03:32:49 INFO  : Jtag cable 'Digilent Arty Z7 003017A7006CA' is selected.
03:32:49 INFO  : 'jtag frequency' command is executed.
03:32:49 INFO  : Sourcing of 'C:/Users/danie/Documents/Repaso_VIVADO/comblock_fifo/comblock_fifo.sdk/comblock_fifo_wrapper_hw_platform_0/ps7_init.tcl' is done.
03:32:49 INFO  : Context for 'APU' is selected.
03:32:49 INFO  : Hardware design information is loaded from 'C:/Users/danie/Documents/Repaso_VIVADO/comblock_fifo/comblock_fifo.sdk/comblock_fifo_wrapper_hw_platform_0/system.hdf'.
03:32:49 INFO  : 'configparams force-mem-access 1' command is executed.
03:32:49 INFO  : Context for 'APU' is selected.
03:32:49 INFO  : 'stop' command is executed.
03:32:50 INFO  : 'ps7_init' command is executed.
03:32:50 INFO  : 'ps7_post_config' command is executed.
03:32:50 INFO  : Context for processor 'ps7_cortexa9_0' is selected.
03:32:50 INFO  : Processor reset is completed for 'ps7_cortexa9_0'.
03:32:50 INFO  : Context for processor 'ps7_cortexa9_0' is selected.
03:32:50 INFO  : The application 'C:/Users/danie/Documents/Repaso_VIVADO/comblock_fifo/comblock_fifo.sdk/comblock_fifo/Debug/comblock_fifo.elf' is downloaded to processor 'ps7_cortexa9_0'.
03:32:50 INFO  : 'configparams force-mem-access 0' command is executed.
03:32:50 INFO  : ----------------XSDB Script----------------
connect -url tcp:127.0.0.1:3121
source C:/Users/danie/Documents/Repaso_VIVADO/comblock_fifo/comblock_fifo.sdk/comblock_fifo_wrapper_hw_platform_0/ps7_init.tcl
targets -set -nocase -filter {name =~"APU*" && jtag_cable_name =~ "Digilent Arty Z7 003017A7006CA"} -index 0
loadhw -hw C:/Users/danie/Documents/Repaso_VIVADO/comblock_fifo/comblock_fifo.sdk/comblock_fifo_wrapper_hw_platform_0/system.hdf -mem-ranges [list {0x40000000 0xbfffffff}]
configparams force-mem-access 1
targets -set -nocase -filter {name =~"APU*" && jtag_cable_name =~ "Digilent Arty Z7 003017A7006CA"} -index 0
stop
ps7_init
ps7_post_config
targets -set -nocase -filter {name =~ "ARM*#0" && jtag_cable_name =~ "Digilent Arty Z7 003017A7006CA"} -index 0
rst -processor
targets -set -nocase -filter {name =~ "ARM*#0" && jtag_cable_name =~ "Digilent Arty Z7 003017A7006CA"} -index 0
dow C:/Users/danie/Documents/Repaso_VIVADO/comblock_fifo/comblock_fifo.sdk/comblock_fifo/Debug/comblock_fifo.elf
configparams force-mem-access 0
----------------End of Script----------------

03:32:50 INFO  : Context for processor 'ps7_cortexa9_0' is selected.
03:32:50 INFO  : 'con' command is executed.
03:32:50 INFO  : ----------------XSDB Script (After Launch)----------------
targets -set -nocase -filter {name =~ "ARM*#0" && jtag_cable_name =~ "Digilent Arty Z7 003017A7006CA"} -index 0
con
----------------End of Script----------------

03:32:50 INFO  : Disconnected from the channel tcfchan#3.
03:46:20 INFO  : Registering command handlers for SDK TCF services
03:46:21 INFO  : Launching XSCT server: xsct.bat -interactive C:\Users\danie\Documents\Repaso_VIVADO\comblock_fifo\comblock_fifo.sdk\temp_xsdb_launch_script.tcl
03:46:25 INFO  : XSCT server has started successfully.
03:46:26 INFO  : Successfully done setting XSCT server connection channel  
03:46:26 INFO  : Successfully done setting SDK workspace  
03:46:26 INFO  : Processing command line option -hwspec C:/Users/danie/Documents/Repaso_VIVADO/comblock_fifo/comblock_fifo.sdk/comblock_fifo_wrapper.hdf.
03:46:26 INFO  : Checking for hwspec changes in the project comblock_fifo_wrapper_hw_platform_0.
