Copyright 1986-2019 Xilinx, Inc. All Rights Reserved.
------------------------------------------------------------------------------------------------------------------------------------------------------------------
| Tool Version : Vivado v.2019.1 (win64) Build 2552052 Fri May 24 14:49:42 MDT 2019
| Date         : Sat Jul 11 14:50:58 2020
| Host         : DESKTOP-B2I46DP running 64-bit major release  (build 9200)
| Command      : report_drc -file prueba_comblock2_wrapper_drc_routed.rpt -pb prueba_comblock2_wrapper_drc_routed.pb -rpx prueba_comblock2_wrapper_drc_routed.rpx
| Design       : prueba_comblock2_wrapper
| Device       : xc7z020clg400-1
| Speed File   : -1
| Design State : Fully Routed
------------------------------------------------------------------------------------------------------------------------------------------------------------------

Report DRC

Table of Contents
-----------------
1. REPORT SUMMARY
2. REPORT DETAILS

1. REPORT SUMMARY
-----------------
            Netlist: netlist
          Floorplan: design_1
      Design limits: <entire design considered>
           Ruledeck: default
             Max violations: <unlimited>
             Violations found: 0
+------+----------+-------------+------------+
| Rule | Severity | Description | Violations |
+------+----------+-------------+------------+
+------+----------+-------------+------------+

2. REPORT DETAILS
-----------------

