13:05:00 INFO  : Registering command handlers for SDK TCF services
13:05:01 INFO  : Launching XSCT server: xsct.bat -interactive C:\Users\danie\Documents\Repaso_VIVADO\Ensayo_lectura\Ensayo_lectura.sdk\temp_xsdb_launch_script.tcl
13:05:05 INFO  : XSCT server has started successfully.
13:05:05 INFO  : Successfully done setting XSCT server connection channel  
13:05:05 INFO  : Successfully done setting SDK workspace  
13:05:05 INFO  : Processing command line option -hwspec C:/Users/danie/Documents/Repaso_VIVADO/Ensayo_lectura/Ensayo_lectura.sdk/Recepcion_wrapper.hdf.
13:25:27 INFO  : Connected to target on host '127.0.0.1' and port '3121'.
13:25:28 INFO  : Jtag cable 'Digilent Arty Z7 003017A7006CA' is selected.
13:25:28 INFO  : 'jtag frequency' command is executed.
13:25:28 INFO  : Sourcing of 'C:/Users/danie/Documents/Repaso_VIVADO/Ensayo_lectura/Ensayo_lectura.sdk/Recepcion_wrapper_hw_platform_0/ps7_init.tcl' is done.
13:25:28 INFO  : Context for 'APU' is selected.
13:25:28 INFO  : Hardware design information is loaded from 'C:/Users/danie/Documents/Repaso_VIVADO/Ensayo_lectura/Ensayo_lectura.sdk/Recepcion_wrapper_hw_platform_0/system.hdf'.
13:25:28 INFO  : 'configparams force-mem-access 1' command is executed.
13:25:28 INFO  : Context for 'APU' is selected.
13:25:28 INFO  : 'stop' command is executed.
13:25:28 INFO  : 'ps7_init' command is executed.
13:25:28 INFO  : 'ps7_post_config' command is executed.
13:25:28 INFO  : Context for processor 'ps7_cortexa9_0' is selected.
13:25:28 INFO  : Processor reset is completed for 'ps7_cortexa9_0'.
13:25:28 INFO  : Context for processor 'ps7_cortexa9_0' is selected.
13:25:28 INFO  : The application 'C:/Users/danie/Documents/Repaso_VIVADO/Ensayo_lectura/Ensayo_lectura.sdk/Ejemplo_recepcion/Debug/Ejemplo_recepcion.elf' is downloaded to processor 'ps7_cortexa9_0'.
13:25:28 INFO  : 'configparams force-mem-access 0' command is executed.
13:25:28 INFO  : ----------------XSDB Script----------------
connect -url tcp:127.0.0.1:3121
source C:/Users/danie/Documents/Repaso_VIVADO/Ensayo_lectura/Ensayo_lectura.sdk/Recepcion_wrapper_hw_platform_0/ps7_init.tcl
targets -set -nocase -filter {name =~"APU*" && jtag_cable_name =~ "Digilent Arty Z7 003017A7006CA"} -index 0
loadhw -hw C:/Users/danie/Documents/Repaso_VIVADO/Ensayo_lectura/Ensayo_lectura.sdk/Recepcion_wrapper_hw_platform_0/system.hdf -mem-ranges [list {0x40000000 0xbfffffff}]
configparams force-mem-access 1
targets -set -nocase -filter {name =~"APU*" && jtag_cable_name =~ "Digilent Arty Z7 003017A7006CA"} -index 0
stop
ps7_init
ps7_post_config
targets -set -nocase -filter {name =~ "ARM*#0" && jtag_cable_name =~ "Digilent Arty Z7 003017A7006CA"} -index 0
rst -processor
targets -set -nocase -filter {name =~ "ARM*#0" && jtag_cable_name =~ "Digilent Arty Z7 003017A7006CA"} -index 0
dow C:/Users/danie/Documents/Repaso_VIVADO/Ensayo_lectura/Ensayo_lectura.sdk/Ejemplo_recepcion/Debug/Ejemplo_recepcion.elf
configparams force-mem-access 0
----------------End of Script----------------

13:25:29 INFO  : Context for processor 'ps7_cortexa9_0' is selected.
13:25:29 INFO  : 'con' command is executed.
13:25:29 INFO  : ----------------XSDB Script (After Launch)----------------
targets -set -nocase -filter {name =~ "ARM*#0" && jtag_cable_name =~ "Digilent Arty Z7 003017A7006CA"} -index 0
con
----------------End of Script----------------

13:25:29 INFO  : Disconnected from the channel tcfchan#1.
08:39:51 INFO  : Registering command handlers for SDK TCF services
08:39:53 INFO  : Launching XSCT server: xsct.bat -interactive C:\Users\danie\Documents\Repaso_VIVADO\Ensayo_lectura\Ensayo_lectura.sdk\temp_xsdb_launch_script.tcl
08:39:57 INFO  : XSCT server has started successfully.
08:39:57 INFO  : Successfully done setting XSCT server connection channel  
08:39:58 INFO  : Successfully done setting SDK workspace  
08:39:58 INFO  : Processing command line option -hwspec C:/Users/danie/Documents/Repaso_VIVADO/Ensayo_lectura/Ensayo_lectura.sdk/Recepcion_wrapper.hdf.
08:39:58 INFO  : Checking for hwspec changes in the project Recepcion_wrapper_hw_platform_0.
08:41:59 INFO  : Connected to target on host '127.0.0.1' and port '3121'.
08:42:00 INFO  : Jtag cable 'Digilent Arty Z7 003017A7006CA' is selected.
08:42:00 INFO  : 'jtag frequency' command is executed.
08:42:00 INFO  : Sourcing of 'C:/Users/danie/Documents/Repaso_VIVADO/Ensayo_lectura/Ensayo_lectura.sdk/Recepcion_wrapper_hw_platform_0/ps7_init.tcl' is done.
08:42:00 INFO  : Context for 'APU' is selected.
08:42:00 INFO  : Hardware design information is loaded from 'C:/Users/danie/Documents/Repaso_VIVADO/Ensayo_lectura/Ensayo_lectura.sdk/Recepcion_wrapper_hw_platform_0/system.hdf'.
08:42:00 INFO  : 'configparams force-mem-access 1' command is executed.
08:42:00 INFO  : Context for 'APU' is selected.
08:42:00 INFO  : 'stop' command is executed.
08:42:01 INFO  : 'ps7_init' command is executed.
08:42:01 INFO  : 'ps7_post_config' command is executed.
08:42:01 INFO  : Context for processor 'ps7_cortexa9_0' is selected.
08:42:01 INFO  : Processor reset is completed for 'ps7_cortexa9_0'.
08:42:01 INFO  : Context for processor 'ps7_cortexa9_0' is selected.
08:42:01 INFO  : The application 'C:/Users/danie/Documents/Repaso_VIVADO/Ensayo_lectura/Ensayo_lectura.sdk/Ejemplo_recepcion/Debug/Ejemplo_recepcion.elf' is downloaded to processor 'ps7_cortexa9_0'.
08:42:01 INFO  : 'configparams force-mem-access 0' command is executed.
08:42:01 INFO  : ----------------XSDB Script----------------
connect -url tcp:127.0.0.1:3121
source C:/Users/danie/Documents/Repaso_VIVADO/Ensayo_lectura/Ensayo_lectura.sdk/Recepcion_wrapper_hw_platform_0/ps7_init.tcl
targets -set -nocase -filter {name =~"APU*" && jtag_cable_name =~ "Digilent Arty Z7 003017A7006CA"} -index 0
loadhw -hw C:/Users/danie/Documents/Repaso_VIVADO/Ensayo_lectura/Ensayo_lectura.sdk/Recepcion_wrapper_hw_platform_0/system.hdf -mem-ranges [list {0x40000000 0xbfffffff}]
configparams force-mem-access 1
targets -set -nocase -filter {name =~"APU*" && jtag_cable_name =~ "Digilent Arty Z7 003017A7006CA"} -index 0
stop
ps7_init
ps7_post_config
targets -set -nocase -filter {name =~ "ARM*#0" && jtag_cable_name =~ "Digilent Arty Z7 003017A7006CA"} -index 0
rst -processor
targets -set -nocase -filter {name =~ "ARM*#0" && jtag_cable_name =~ "Digilent Arty Z7 003017A7006CA"} -index 0
dow C:/Users/danie/Documents/Repaso_VIVADO/Ensayo_lectura/Ensayo_lectura.sdk/Ejemplo_recepcion/Debug/Ejemplo_recepcion.elf
configparams force-mem-access 0
----------------End of Script----------------

08:42:01 INFO  : Context for processor 'ps7_cortexa9_0' is selected.
08:42:01 INFO  : 'con' command is executed.
08:42:01 INFO  : ----------------XSDB Script (After Launch)----------------
targets -set -nocase -filter {name =~ "ARM*#0" && jtag_cable_name =~ "Digilent Arty Z7 003017A7006CA"} -index 0
con
----------------End of Script----------------

08:42:01 INFO  : Disconnected from the channel tcfchan#1.
09:18:11 INFO  : Connected to target on host '127.0.0.1' and port '3121'.
09:18:12 INFO  : Jtag cable 'Digilent Arty Z7 003017A7006CA' is selected.
09:18:12 INFO  : 'jtag frequency' command is executed.
09:18:12 INFO  : Sourcing of 'C:/Users/danie/Documents/Repaso_VIVADO/Ensayo_lectura/Ensayo_lectura.sdk/Recepcion_wrapper_hw_platform_0/ps7_init.tcl' is done.
09:18:12 INFO  : Context for 'APU' is selected.
09:18:12 INFO  : Hardware design information is loaded from 'C:/Users/danie/Documents/Repaso_VIVADO/Ensayo_lectura/Ensayo_lectura.sdk/Recepcion_wrapper_hw_platform_0/system.hdf'.
09:18:12 INFO  : 'configparams force-mem-access 1' command is executed.
09:18:12 INFO  : Context for 'APU' is selected.
09:18:12 INFO  : 'stop' command is executed.
09:18:12 INFO  : 'ps7_init' command is executed.
09:18:12 INFO  : 'ps7_post_config' command is executed.
09:18:12 INFO  : Context for processor 'ps7_cortexa9_0' is selected.
09:18:12 INFO  : Processor reset is completed for 'ps7_cortexa9_0'.
09:18:12 INFO  : Context for processor 'ps7_cortexa9_0' is selected.
09:18:12 INFO  : The application 'C:/Users/danie/Documents/Repaso_VIVADO/Ensayo_lectura/Ensayo_lectura.sdk/Ejemplo_recepcion/Debug/Ejemplo_recepcion.elf' is downloaded to processor 'ps7_cortexa9_0'.
09:18:12 INFO  : 'configparams force-mem-access 0' command is executed.
09:18:12 INFO  : ----------------XSDB Script----------------
connect -url tcp:127.0.0.1:3121
source C:/Users/danie/Documents/Repaso_VIVADO/Ensayo_lectura/Ensayo_lectura.sdk/Recepcion_wrapper_hw_platform_0/ps7_init.tcl
targets -set -nocase -filter {name =~"APU*" && jtag_cable_name =~ "Digilent Arty Z7 003017A7006CA"} -index 0
loadhw -hw C:/Users/danie/Documents/Repaso_VIVADO/Ensayo_lectura/Ensayo_lectura.sdk/Recepcion_wrapper_hw_platform_0/system.hdf -mem-ranges [list {0x40000000 0xbfffffff}]
configparams force-mem-access 1
targets -set -nocase -filter {name =~"APU*" && jtag_cable_name =~ "Digilent Arty Z7 003017A7006CA"} -index 0
stop
ps7_init
ps7_post_config
targets -set -nocase -filter {name =~ "ARM*#0" && jtag_cable_name =~ "Digilent Arty Z7 003017A7006CA"} -index 0
rst -processor
targets -set -nocase -filter {name =~ "ARM*#0" && jtag_cable_name =~ "Digilent Arty Z7 003017A7006CA"} -index 0
dow C:/Users/danie/Documents/Repaso_VIVADO/Ensayo_lectura/Ensayo_lectura.sdk/Ejemplo_recepcion/Debug/Ejemplo_recepcion.elf
configparams force-mem-access 0
----------------End of Script----------------

09:18:13 INFO  : Context for processor 'ps7_cortexa9_0' is selected.
09:18:13 INFO  : 'con' command is executed.
09:18:13 INFO  : ----------------XSDB Script (After Launch)----------------
targets -set -nocase -filter {name =~ "ARM*#0" && jtag_cable_name =~ "Digilent Arty Z7 003017A7006CA"} -index 0
con
----------------End of Script----------------

09:18:13 INFO  : Disconnected from the channel tcfchan#2.
09:22:39 INFO  : Connected to target on host '127.0.0.1' and port '3121'.
09:22:40 INFO  : Jtag cable 'Digilent Arty Z7 003017A7006CA' is selected.
09:22:40 INFO  : 'jtag frequency' command is executed.
09:22:40 INFO  : Sourcing of 'C:/Users/danie/Documents/Repaso_VIVADO/Ensayo_lectura/Ensayo_lectura.sdk/Recepcion_wrapper_hw_platform_0/ps7_init.tcl' is done.
09:22:40 INFO  : Context for 'APU' is selected.
09:22:40 INFO  : Hardware design information is loaded from 'C:/Users/danie/Documents/Repaso_VIVADO/Ensayo_lectura/Ensayo_lectura.sdk/Recepcion_wrapper_hw_platform_0/system.hdf'.
09:22:40 INFO  : 'configparams force-mem-access 1' command is executed.
09:22:40 INFO  : Context for 'APU' is selected.
09:22:40 INFO  : 'stop' command is executed.
09:22:40 INFO  : 'ps7_init' command is executed.
09:22:40 INFO  : 'ps7_post_config' command is executed.
09:22:40 INFO  : Context for processor 'ps7_cortexa9_0' is selected.
09:22:40 INFO  : Processor reset is completed for 'ps7_cortexa9_0'.
09:22:40 INFO  : Context for processor 'ps7_cortexa9_0' is selected.
09:22:40 INFO  : The application 'C:/Users/danie/Documents/Repaso_VIVADO/Ensayo_lectura/Ensayo_lectura.sdk/Ejemplo_recepcion/Debug/Ejemplo_recepcion.elf' is downloaded to processor 'ps7_cortexa9_0'.
09:22:40 INFO  : 'configparams force-mem-access 0' command is executed.
09:22:40 INFO  : ----------------XSDB Script----------------
connect -url tcp:127.0.0.1:3121
source C:/Users/danie/Documents/Repaso_VIVADO/Ensayo_lectura/Ensayo_lectura.sdk/Recepcion_wrapper_hw_platform_0/ps7_init.tcl
targets -set -nocase -filter {name =~"APU*" && jtag_cable_name =~ "Digilent Arty Z7 003017A7006CA"} -index 0
loadhw -hw C:/Users/danie/Documents/Repaso_VIVADO/Ensayo_lectura/Ensayo_lectura.sdk/Recepcion_wrapper_hw_platform_0/system.hdf -mem-ranges [list {0x40000000 0xbfffffff}]
configparams force-mem-access 1
targets -set -nocase -filter {name =~"APU*" && jtag_cable_name =~ "Digilent Arty Z7 003017A7006CA"} -index 0
stop
ps7_init
ps7_post_config
targets -set -nocase -filter {name =~ "ARM*#0" && jtag_cable_name =~ "Digilent Arty Z7 003017A7006CA"} -index 0
rst -processor
targets -set -nocase -filter {name =~ "ARM*#0" && jtag_cable_name =~ "Digilent Arty Z7 003017A7006CA"} -index 0
dow C:/Users/danie/Documents/Repaso_VIVADO/Ensayo_lectura/Ensayo_lectura.sdk/Ejemplo_recepcion/Debug/Ejemplo_recepcion.elf
configparams force-mem-access 0
----------------End of Script----------------

09:22:40 INFO  : Context for processor 'ps7_cortexa9_0' is selected.
09:22:40 INFO  : 'con' command is executed.
09:22:40 INFO  : ----------------XSDB Script (After Launch)----------------
targets -set -nocase -filter {name =~ "ARM*#0" && jtag_cable_name =~ "Digilent Arty Z7 003017A7006CA"} -index 0
con
----------------End of Script----------------

09:22:40 INFO  : Disconnected from the channel tcfchan#3.
09:23:42 INFO  : Connected to target on host '127.0.0.1' and port '3121'.
09:23:42 INFO  : Jtag cable 'Digilent Arty Z7 003017A7006CA' is selected.
09:23:42 INFO  : 'jtag frequency' command is executed.
09:23:42 INFO  : Sourcing of 'C:/Users/danie/Documents/Repaso_VIVADO/Ensayo_lectura/Ensayo_lectura.sdk/Recepcion_wrapper_hw_platform_0/ps7_init.tcl' is done.
09:23:42 INFO  : Context for 'APU' is selected.
09:23:44 INFO  : Hardware design information is loaded from 'C:/Users/danie/Documents/Repaso_VIVADO/Ensayo_lectura/Ensayo_lectura.sdk/Recepcion_wrapper_hw_platform_0/system.hdf'.
09:23:44 INFO  : 'configparams force-mem-access 1' command is executed.
09:23:44 INFO  : Context for 'APU' is selected.
09:23:44 INFO  : 'stop' command is executed.
09:23:44 INFO  : 'ps7_init' command is executed.
09:23:44 INFO  : 'ps7_post_config' command is executed.
09:23:44 INFO  : Context for processor 'ps7_cortexa9_0' is selected.
09:23:44 INFO  : Processor reset is completed for 'ps7_cortexa9_0'.
09:23:45 INFO  : Context for processor 'ps7_cortexa9_0' is selected.
09:23:45 INFO  : The application 'C:/Users/danie/Documents/Repaso_VIVADO/Ensayo_lectura/Ensayo_lectura.sdk/Ejemplo_recepcion/Debug/Ejemplo_recepcion.elf' is downloaded to processor 'ps7_cortexa9_0'.
09:23:45 INFO  : 'configparams force-mem-access 0' command is executed.
09:23:45 INFO  : ----------------XSDB Script----------------
connect -url tcp:127.0.0.1:3121
source C:/Users/danie/Documents/Repaso_VIVADO/Ensayo_lectura/Ensayo_lectura.sdk/Recepcion_wrapper_hw_platform_0/ps7_init.tcl
targets -set -nocase -filter {name =~"APU*" && jtag_cable_name =~ "Digilent Arty Z7 003017A7006CA"} -index 0
loadhw -hw C:/Users/danie/Documents/Repaso_VIVADO/Ensayo_lectura/Ensayo_lectura.sdk/Recepcion_wrapper_hw_platform_0/system.hdf -mem-ranges [list {0x40000000 0xbfffffff}]
configparams force-mem-access 1
targets -set -nocase -filter {name =~"APU*" && jtag_cable_name =~ "Digilent Arty Z7 003017A7006CA"} -index 0
stop
ps7_init
ps7_post_config
targets -set -nocase -filter {name =~ "ARM*#0" && jtag_cable_name =~ "Digilent Arty Z7 003017A7006CA"} -index 0
rst -processor
targets -set -nocase -filter {name =~ "ARM*#0" && jtag_cable_name =~ "Digilent Arty Z7 003017A7006CA"} -index 0
dow C:/Users/danie/Documents/Repaso_VIVADO/Ensayo_lectura/Ensayo_lectura.sdk/Ejemplo_recepcion/Debug/Ejemplo_recepcion.elf
configparams force-mem-access 0
----------------End of Script----------------

09:23:45 INFO  : Context for processor 'ps7_cortexa9_0' is selected.
09:23:45 INFO  : 'con' command is executed.
09:23:45 INFO  : ----------------XSDB Script (After Launch)----------------
targets -set -nocase -filter {name =~ "ARM*#0" && jtag_cable_name =~ "Digilent Arty Z7 003017A7006CA"} -index 0
con
----------------End of Script----------------

09:23:45 INFO  : Launch script is exported to file 'C:\Users\danie\Documents\Repaso_VIVADO\Ensayo_lectura\Ensayo_lectura.sdk\.sdk\launch_scripts\xilinx_c-c++_application_(system_debugger)\system_debugger_using_debug_ejemplo_recepcion.elf_on_local.tcl'
09:25:13 INFO  : Connected to target on host '127.0.0.1' and port '3121'.
09:25:13 INFO  : Jtag cable 'Digilent Arty Z7 003017A7006CA' is selected.
09:25:13 INFO  : 'jtag frequency' command is executed.
09:25:13 INFO  : Sourcing of 'C:/Users/danie/Documents/Repaso_VIVADO/Ensayo_lectura/Ensayo_lectura.sdk/Recepcion_wrapper_hw_platform_0/ps7_init.tcl' is done.
09:25:14 INFO  : Context for 'APU' is selected.
09:25:14 INFO  : Hardware design information is loaded from 'C:/Users/danie/Documents/Repaso_VIVADO/Ensayo_lectura/Ensayo_lectura.sdk/Recepcion_wrapper_hw_platform_0/system.hdf'.
09:25:14 INFO  : 'configparams force-mem-access 1' command is executed.
09:25:14 INFO  : Context for 'APU' is selected.
09:25:14 INFO  : 'stop' command is executed.
09:25:14 INFO  : 'ps7_init' command is executed.
09:25:14 INFO  : 'ps7_post_config' command is executed.
09:25:14 INFO  : Context for processor 'ps7_cortexa9_0' is selected.
09:25:14 INFO  : Processor reset is completed for 'ps7_cortexa9_0'.
09:25:14 INFO  : Context for processor 'ps7_cortexa9_0' is selected.
09:25:14 INFO  : The application 'C:/Users/danie/Documents/Repaso_VIVADO/Ensayo_lectura/Ensayo_lectura.sdk/Ejemplo_recepcion/Debug/Ejemplo_recepcion.elf' is downloaded to processor 'ps7_cortexa9_0'.
09:25:14 INFO  : 'configparams force-mem-access 0' command is executed.
09:25:14 INFO  : ----------------XSDB Script----------------
connect -url tcp:127.0.0.1:3121
source C:/Users/danie/Documents/Repaso_VIVADO/Ensayo_lectura/Ensayo_lectura.sdk/Recepcion_wrapper_hw_platform_0/ps7_init.tcl
targets -set -nocase -filter {name =~"APU*" && jtag_cable_name =~ "Digilent Arty Z7 003017A7006CA"} -index 0
loadhw -hw C:/Users/danie/Documents/Repaso_VIVADO/Ensayo_lectura/Ensayo_lectura.sdk/Recepcion_wrapper_hw_platform_0/system.hdf -mem-ranges [list {0x40000000 0xbfffffff}]
configparams force-mem-access 1
targets -set -nocase -filter {name =~"APU*" && jtag_cable_name =~ "Digilent Arty Z7 003017A7006CA"} -index 0
stop
ps7_init
ps7_post_config
targets -set -nocase -filter {name =~ "ARM*#0" && jtag_cable_name =~ "Digilent Arty Z7 003017A7006CA"} -index 0
rst -processor
targets -set -nocase -filter {name =~ "ARM*#0" && jtag_cable_name =~ "Digilent Arty Z7 003017A7006CA"} -index 0
dow C:/Users/danie/Documents/Repaso_VIVADO/Ensayo_lectura/Ensayo_lectura.sdk/Ejemplo_recepcion/Debug/Ejemplo_recepcion.elf
configparams force-mem-access 0
----------------End of Script----------------

09:25:14 INFO  : Context for processor 'ps7_cortexa9_0' is selected.
09:25:14 INFO  : 'con' command is executed.
09:25:14 INFO  : ----------------XSDB Script (After Launch)----------------
targets -set -nocase -filter {name =~ "ARM*#0" && jtag_cable_name =~ "Digilent Arty Z7 003017A7006CA"} -index 0
con
----------------End of Script----------------

09:25:14 INFO  : Disconnected from the channel tcfchan#4.
09:26:03 INFO  : Connected to target on host '127.0.0.1' and port '3121'.
09:26:03 INFO  : Jtag cable 'Digilent Arty Z7 003017A7006CA' is selected.
09:26:03 INFO  : 'jtag frequency' command is executed.
09:26:03 INFO  : Sourcing of 'C:/Users/danie/Documents/Repaso_VIVADO/Ensayo_lectura/Ensayo_lectura.sdk/Recepcion_wrapper_hw_platform_0/ps7_init.tcl' is done.
09:26:03 INFO  : Context for 'APU' is selected.
09:26:04 INFO  : Hardware design information is loaded from 'C:/Users/danie/Documents/Repaso_VIVADO/Ensayo_lectura/Ensayo_lectura.sdk/Recepcion_wrapper_hw_platform_0/system.hdf'.
09:26:04 INFO  : 'configparams force-mem-access 1' command is executed.
09:26:04 INFO  : Context for 'APU' is selected.
09:26:04 INFO  : 'stop' command is executed.
09:26:04 INFO  : 'ps7_init' command is executed.
09:26:04 INFO  : 'ps7_post_config' command is executed.
09:26:04 INFO  : Context for processor 'ps7_cortexa9_0' is selected.
09:26:04 INFO  : Processor reset is completed for 'ps7_cortexa9_0'.
09:26:04 INFO  : Context for processor 'ps7_cortexa9_0' is selected.
09:26:04 INFO  : The application 'C:/Users/danie/Documents/Repaso_VIVADO/Ensayo_lectura/Ensayo_lectura.sdk/Ejemplo_recepcion/Debug/Ejemplo_recepcion.elf' is downloaded to processor 'ps7_cortexa9_0'.
09:26:04 INFO  : 'configparams force-mem-access 0' command is executed.
09:26:04 INFO  : ----------------XSDB Script----------------
connect -url tcp:127.0.0.1:3121
source C:/Users/danie/Documents/Repaso_VIVADO/Ensayo_lectura/Ensayo_lectura.sdk/Recepcion_wrapper_hw_platform_0/ps7_init.tcl
targets -set -nocase -filter {name =~"APU*" && jtag_cable_name =~ "Digilent Arty Z7 003017A7006CA"} -index 0
loadhw -hw C:/Users/danie/Documents/Repaso_VIVADO/Ensayo_lectura/Ensayo_lectura.sdk/Recepcion_wrapper_hw_platform_0/system.hdf -mem-ranges [list {0x40000000 0xbfffffff}]
configparams force-mem-access 1
targets -set -nocase -filter {name =~"APU*" && jtag_cable_name =~ "Digilent Arty Z7 003017A7006CA"} -index 0
stop
ps7_init
ps7_post_config
targets -set -nocase -filter {name =~ "ARM*#0" && jtag_cable_name =~ "Digilent Arty Z7 003017A7006CA"} -index 0
rst -processor
targets -set -nocase -filter {name =~ "ARM*#0" && jtag_cable_name =~ "Digilent Arty Z7 003017A7006CA"} -index 0
dow C:/Users/danie/Documents/Repaso_VIVADO/Ensayo_lectura/Ensayo_lectura.sdk/Ejemplo_recepcion/Debug/Ejemplo_recepcion.elf
configparams force-mem-access 0
----------------End of Script----------------

09:26:04 INFO  : Context for processor 'ps7_cortexa9_0' is selected.
09:26:04 INFO  : 'con' command is executed.
09:26:04 INFO  : ----------------XSDB Script (After Launch)----------------
targets -set -nocase -filter {name =~ "ARM*#0" && jtag_cable_name =~ "Digilent Arty Z7 003017A7006CA"} -index 0
con
----------------End of Script----------------

09:26:04 INFO  : Disconnected from the channel tcfchan#5.
09:27:18 INFO  : Connected to target on host '127.0.0.1' and port '3121'.
09:27:18 INFO  : Jtag cable 'Digilent Arty Z7 003017A7006CA' is selected.
09:27:18 INFO  : 'jtag frequency' command is executed.
09:27:18 INFO  : Sourcing of 'C:/Users/danie/Documents/Repaso_VIVADO/Ensayo_lectura/Ensayo_lectura.sdk/Recepcion_wrapper_hw_platform_0/ps7_init.tcl' is done.
09:27:18 INFO  : Context for 'APU' is selected.
09:27:18 INFO  : Hardware design information is loaded from 'C:/Users/danie/Documents/Repaso_VIVADO/Ensayo_lectura/Ensayo_lectura.sdk/Recepcion_wrapper_hw_platform_0/system.hdf'.
09:27:18 INFO  : 'configparams force-mem-access 1' command is executed.
09:27:18 INFO  : Context for 'APU' is selected.
09:27:18 INFO  : 'stop' command is executed.
09:27:19 INFO  : 'ps7_init' command is executed.
09:27:19 INFO  : 'ps7_post_config' command is executed.
09:27:19 INFO  : Context for processor 'ps7_cortexa9_0' is selected.
09:27:19 INFO  : Processor reset is completed for 'ps7_cortexa9_0'.
09:27:19 INFO  : Context for processor 'ps7_cortexa9_0' is selected.
09:27:19 INFO  : The application 'C:/Users/danie/Documents/Repaso_VIVADO/Ensayo_lectura/Ensayo_lectura.sdk/Ejemplo_recepcion/Debug/Ejemplo_recepcion.elf' is downloaded to processor 'ps7_cortexa9_0'.
09:27:19 INFO  : 'configparams force-mem-access 0' command is executed.
09:27:19 INFO  : ----------------XSDB Script----------------
connect -url tcp:127.0.0.1:3121
source C:/Users/danie/Documents/Repaso_VIVADO/Ensayo_lectura/Ensayo_lectura.sdk/Recepcion_wrapper_hw_platform_0/ps7_init.tcl
targets -set -nocase -filter {name =~"APU*" && jtag_cable_name =~ "Digilent Arty Z7 003017A7006CA"} -index 0
loadhw -hw C:/Users/danie/Documents/Repaso_VIVADO/Ensayo_lectura/Ensayo_lectura.sdk/Recepcion_wrapper_hw_platform_0/system.hdf -mem-ranges [list {0x40000000 0xbfffffff}]
configparams force-mem-access 1
targets -set -nocase -filter {name =~"APU*" && jtag_cable_name =~ "Digilent Arty Z7 003017A7006CA"} -index 0
stop
ps7_init
ps7_post_config
targets -set -nocase -filter {name =~ "ARM*#0" && jtag_cable_name =~ "Digilent Arty Z7 003017A7006CA"} -index 0
rst -processor
targets -set -nocase -filter {name =~ "ARM*#0" && jtag_cable_name =~ "Digilent Arty Z7 003017A7006CA"} -index 0
dow C:/Users/danie/Documents/Repaso_VIVADO/Ensayo_lectura/Ensayo_lectura.sdk/Ejemplo_recepcion/Debug/Ejemplo_recepcion.elf
configparams force-mem-access 0
----------------End of Script----------------

09:27:19 INFO  : Context for processor 'ps7_cortexa9_0' is selected.
09:27:19 INFO  : 'con' command is executed.
09:27:19 INFO  : ----------------XSDB Script (After Launch)----------------
targets -set -nocase -filter {name =~ "ARM*#0" && jtag_cable_name =~ "Digilent Arty Z7 003017A7006CA"} -index 0
con
----------------End of Script----------------

09:27:19 INFO  : Disconnected from the channel tcfchan#6.
09:27:38 INFO  : Connected to target on host '127.0.0.1' and port '3121'.
09:27:38 INFO  : Jtag cable 'Digilent Arty Z7 003017A7006CA' is selected.
09:27:38 INFO  : 'jtag frequency' command is executed.
09:27:38 INFO  : Sourcing of 'C:/Users/danie/Documents/Repaso_VIVADO/Ensayo_lectura/Ensayo_lectura.sdk/Recepcion_wrapper_hw_platform_0/ps7_init.tcl' is done.
09:27:38 INFO  : Context for 'APU' is selected.
09:27:40 INFO  : Hardware design information is loaded from 'C:/Users/danie/Documents/Repaso_VIVADO/Ensayo_lectura/Ensayo_lectura.sdk/Recepcion_wrapper_hw_platform_0/system.hdf'.
09:27:40 INFO  : 'configparams force-mem-access 1' command is executed.
09:27:40 INFO  : Context for 'APU' is selected.
09:27:40 INFO  : 'stop' command is executed.
09:27:41 INFO  : 'ps7_init' command is executed.
09:27:41 INFO  : 'ps7_post_config' command is executed.
09:27:41 INFO  : Context for processor 'ps7_cortexa9_0' is selected.
09:27:41 INFO  : Processor reset is completed for 'ps7_cortexa9_0'.
09:27:41 INFO  : Context for processor 'ps7_cortexa9_0' is selected.
09:27:41 INFO  : The application 'C:/Users/danie/Documents/Repaso_VIVADO/Ensayo_lectura/Ensayo_lectura.sdk/Ejemplo_recepcion/Debug/Ejemplo_recepcion.elf' is downloaded to processor 'ps7_cortexa9_0'.
09:27:41 INFO  : 'configparams force-mem-access 0' command is executed.
09:27:41 INFO  : ----------------XSDB Script----------------
connect -url tcp:127.0.0.1:3121
source C:/Users/danie/Documents/Repaso_VIVADO/Ensayo_lectura/Ensayo_lectura.sdk/Recepcion_wrapper_hw_platform_0/ps7_init.tcl
targets -set -nocase -filter {name =~"APU*" && jtag_cable_name =~ "Digilent Arty Z7 003017A7006CA"} -index 0
loadhw -hw C:/Users/danie/Documents/Repaso_VIVADO/Ensayo_lectura/Ensayo_lectura.sdk/Recepcion_wrapper_hw_platform_0/system.hdf -mem-ranges [list {0x40000000 0xbfffffff}]
configparams force-mem-access 1
targets -set -nocase -filter {name =~"APU*" && jtag_cable_name =~ "Digilent Arty Z7 003017A7006CA"} -index 0
stop
ps7_init
ps7_post_config
targets -set -nocase -filter {name =~ "ARM*#0" && jtag_cable_name =~ "Digilent Arty Z7 003017A7006CA"} -index 0
rst -processor
targets -set -nocase -filter {name =~ "ARM*#0" && jtag_cable_name =~ "Digilent Arty Z7 003017A7006CA"} -index 0
dow C:/Users/danie/Documents/Repaso_VIVADO/Ensayo_lectura/Ensayo_lectura.sdk/Ejemplo_recepcion/Debug/Ejemplo_recepcion.elf
configparams force-mem-access 0
----------------End of Script----------------

09:27:41 INFO  : Context for processor 'ps7_cortexa9_0' is selected.
09:27:41 INFO  : 'con' command is executed.
09:27:41 INFO  : ----------------XSDB Script (After Launch)----------------
targets -set -nocase -filter {name =~ "ARM*#0" && jtag_cable_name =~ "Digilent Arty Z7 003017A7006CA"} -index 0
con
----------------End of Script----------------

09:27:41 INFO  : Disconnected from the channel tcfchan#7.
09:28:01 WARN  : channel "tcfchan#4" closed
