
*** Running vivado
    with args -log base_io_switch_0_0.vds -m64 -product Vivado -mode batch -messageDb vivado.pb -notrace -source base_io_switch_0_0.tcl


****** Vivado v2019.1 (64-bit)
  **** SW Build 2552052 on Fri May 24 14:49:42 MDT 2019
  **** IP Build 2548770 on Fri May 24 18:01:18 MDT 2019
    ** Copyright 1986-2019 Xilinx, Inc. All Rights Reserved.

source base_io_switch_0_0.tcl -notrace
INFO: [IP_Flow 19-234] Refreshing IP repositories
INFO: [IP_Flow 19-1700] Loaded user IP repository 'c:/PYNQ/boards/ip'.
INFO: [IP_Flow 19-2313] Loaded Vivado IP repository 'C:/Xilinx/Vivado/2019.1/data/ip'.
Command: synth_design -top base_io_switch_0_0 -part xc7z020clg400-1 -mode out_of_context
Starting synth_design
Attempting to get a license for feature 'Synthesis' and/or device 'xc7z020'
INFO: [Common 17-349] Got license for feature 'Synthesis' and/or device 'xc7z020'
INFO: [Device 21-403] Loading part xc7z020clg400-1
INFO: Launching helper process for spawning children vivado processes
INFO: Helper process launched with PID 10660 
---------------------------------------------------------------------------------
Starting RTL Elaboration : Time (s): cpu = 00:00:07 ; elapsed = 00:00:08 . Memory (MB): peak = 759.227 ; gain = 177.520
---------------------------------------------------------------------------------
INFO: [Synth 8-6157] synthesizing module 'base_io_switch_0_0' [c:/Users/danie/Documents/Repaso_VIVADO/PYNQ_base/base/base.srcs/sources_1/bd/base/ip/base_io_switch_0_0/synth/base_io_switch_0_0.v:57]
INFO: [Synth 8-6157] synthesizing module 'io_switch_v1_1' [c:/Users/danie/Documents/Repaso_VIVADO/PYNQ_base/base/base.srcs/sources_1/bd/base/ipshared/6c92/hdl/io_switch_v1_1.v:4]
	Parameter C_INTERFACE_TYPE bound to: 3 - type: string 
	Parameter C_IO_SWITCH_WIDTH bound to: 20 - type: integer 
	Parameter C_NUM_PWMS bound to: 6 - type: integer 
	Parameter C_NUM_TIMERS bound to: 8 - type: integer 
	Parameter C_NUM_SS bound to: 1 - type: integer 
	Parameter C_S_AXI_DATA_WIDTH bound to: 32 - type: integer 
	Parameter C_S_AXI_ADDR_WIDTH bound to: 6 - type: integer 
INFO: [Synth 8-6157] synthesizing module 'io_switch_v1_1_S_AXI' [c:/Users/danie/Documents/Repaso_VIVADO/PYNQ_base/base/base.srcs/sources_1/bd/base/ipshared/6c92/hdl/io_switch_v1_1_S_AXI.v:4]
	Parameter C_INTERFACE_TYPE bound to: 3 - type: string 
	Parameter C_IO_SWITCH_WIDTH bound to: 20 - type: integer 
	Parameter C_NUM_PWMS bound to: 6 - type: integer 
	Parameter C_NUM_TIMERS bound to: 8 - type: integer 
	Parameter C_NUM_SS bound to: 1 - type: integer 
	Parameter C_S_AXI_DATA_WIDTH bound to: 32 - type: integer 
	Parameter C_S_AXI_ADDR_WIDTH bound to: 6 - type: integer 
	Parameter ADDR_LSB bound to: 2 - type: integer 
	Parameter OPT_MEM_ADDR_BITS bound to: 3 - type: integer 
INFO: [Synth 8-6157] synthesizing module 'io_switch' [c:/Users/danie/Documents/Repaso_VIVADO/PYNQ_base/base/base.srcs/sources_1/bd/base/ipshared/6c92/src/io_switch.v:7]
	Parameter C_IO_SWITCH_WIDTH bound to: 20 - type: integer 
	Parameter C_NUM_PWMS bound to: 6 - type: integer 
	Parameter C_NUM_TIMERS bound to: 8 - type: integer 
	Parameter C_NUM_SS bound to: 1 - type: integer 
INFO: [Synth 8-6157] synthesizing module 'io_switch_bit' [c:/Users/danie/Documents/Repaso_VIVADO/PYNQ_base/base/base.srcs/sources_1/bd/base/ipshared/6c92/src/io_switch_bit.v:57]
	Parameter C_NUM_PWMS bound to: 6 - type: integer 
	Parameter C_NUM_TIMERS bound to: 8 - type: integer 
	Parameter C_NUM_SS bound to: 1 - type: integer 
WARNING: [Synth 8-324] index 1 out of range [c:/Users/danie/Documents/Repaso_VIVADO/PYNQ_base/base/base.srcs/sources_1/bd/base/ipshared/6c92/src/io_switch_bit.v:164]
INFO: [Synth 8-6155] done synthesizing module 'io_switch_bit' (1#1) [c:/Users/danie/Documents/Repaso_VIVADO/PYNQ_base/base/base.srcs/sources_1/bd/base/ipshared/6c92/src/io_switch_bit.v:57]
WARNING: [Synth 8-7023] instance 'd_i' of module 'io_switch_bit' has 58 connections declared, but only 10 given [c:/Users/danie/Documents/Repaso_VIVADO/PYNQ_base/base/base.srcs/sources_1/bd/base/ipshared/6c92/src/io_switch.v:437]
WARNING: [Synth 8-7023] instance 'd_i' of module 'io_switch_bit' has 58 connections declared, but only 10 given [c:/Users/danie/Documents/Repaso_VIVADO/PYNQ_base/base/base.srcs/sources_1/bd/base/ipshared/6c92/src/io_switch.v:437]
WARNING: [Synth 8-7023] instance 'd_i' of module 'io_switch_bit' has 58 connections declared, but only 10 given [c:/Users/danie/Documents/Repaso_VIVADO/PYNQ_base/base/base.srcs/sources_1/bd/base/ipshared/6c92/src/io_switch.v:437]
WARNING: [Synth 8-7023] instance 'd_i' of module 'io_switch_bit' has 58 connections declared, but only 18 given [c:/Users/danie/Documents/Repaso_VIVADO/PYNQ_base/base/base.srcs/sources_1/bd/base/ipshared/6c92/src/io_switch.v:451]
WARNING: [Synth 8-7023] instance 'd_i' of module 'io_switch_bit' has 58 connections declared, but only 18 given [c:/Users/danie/Documents/Repaso_VIVADO/PYNQ_base/base/base.srcs/sources_1/bd/base/ipshared/6c92/src/io_switch.v:469]
WARNING: [Synth 8-7023] instance 'd_i' of module 'io_switch_bit' has 58 connections declared, but only 18 given [c:/Users/danie/Documents/Repaso_VIVADO/PYNQ_base/base/base.srcs/sources_1/bd/base/ipshared/6c92/src/io_switch.v:469]
WARNING: [Synth 8-7023] instance 'd_i' of module 'io_switch_bit' has 58 connections declared, but only 18 given [c:/Users/danie/Documents/Repaso_VIVADO/PYNQ_base/base/base.srcs/sources_1/bd/base/ipshared/6c92/src/io_switch.v:469]
WARNING: [Synth 8-7023] instance 'd_i' of module 'io_switch_bit' has 58 connections declared, but only 18 given [c:/Users/danie/Documents/Repaso_VIVADO/PYNQ_base/base/base.srcs/sources_1/bd/base/ipshared/6c92/src/io_switch.v:469]
WARNING: [Synth 8-7023] instance 'd_i' of module 'io_switch_bit' has 58 connections declared, but only 29 given [c:/Users/danie/Documents/Repaso_VIVADO/PYNQ_base/base/base.srcs/sources_1/bd/base/ipshared/6c92/src/io_switch.v:487]
WARNING: [Synth 8-7023] instance 'd_i' of module 'io_switch_bit' has 58 connections declared, but only 29 given [c:/Users/danie/Documents/Repaso_VIVADO/PYNQ_base/base/base.srcs/sources_1/bd/base/ipshared/6c92/src/io_switch.v:487]
WARNING: [Synth 8-7023] instance 'd_i' of module 'io_switch_bit' has 58 connections declared, but only 29 given [c:/Users/danie/Documents/Repaso_VIVADO/PYNQ_base/base/base.srcs/sources_1/bd/base/ipshared/6c92/src/io_switch.v:509]
WARNING: [Synth 8-7023] instance 'd_i' of module 'io_switch_bit' has 58 connections declared, but only 29 given [c:/Users/danie/Documents/Repaso_VIVADO/PYNQ_base/base/base.srcs/sources_1/bd/base/ipshared/6c92/src/io_switch.v:509]
WARNING: [Synth 8-7023] instance 'd_i' of module 'io_switch_bit' has 58 connections declared, but only 19 given [c:/Users/danie/Documents/Repaso_VIVADO/PYNQ_base/base/base.srcs/sources_1/bd/base/ipshared/6c92/src/io_switch.v:531]
WARNING: [Synth 8-7023] instance 'd_i' of module 'io_switch_bit' has 58 connections declared, but only 19 given [c:/Users/danie/Documents/Repaso_VIVADO/PYNQ_base/base/base.srcs/sources_1/bd/base/ipshared/6c92/src/io_switch.v:531]
WARNING: [Synth 8-7023] instance 'd_i' of module 'io_switch_bit' has 58 connections declared, but only 8 given [c:/Users/danie/Documents/Repaso_VIVADO/PYNQ_base/base/base.srcs/sources_1/bd/base/ipshared/6c92/src/io_switch.v:548]
WARNING: [Synth 8-7023] instance 'd_i' of module 'io_switch_bit' has 58 connections declared, but only 8 given [c:/Users/danie/Documents/Repaso_VIVADO/PYNQ_base/base/base.srcs/sources_1/bd/base/ipshared/6c92/src/io_switch.v:548]
WARNING: [Synth 8-7023] instance 'd_i' of module 'io_switch_bit' has 58 connections declared, but only 8 given [c:/Users/danie/Documents/Repaso_VIVADO/PYNQ_base/base/base.srcs/sources_1/bd/base/ipshared/6c92/src/io_switch.v:561]
WARNING: [Synth 8-7023] instance 'd_i' of module 'io_switch_bit' has 58 connections declared, but only 8 given [c:/Users/danie/Documents/Repaso_VIVADO/PYNQ_base/base/base.srcs/sources_1/bd/base/ipshared/6c92/src/io_switch.v:561]
WARNING: [Synth 8-7023] instance 'd_i' of module 'io_switch_bit' has 58 connections declared, but only 8 given [c:/Users/danie/Documents/Repaso_VIVADO/PYNQ_base/base/base.srcs/sources_1/bd/base/ipshared/6c92/src/io_switch.v:561]
WARNING: [Synth 8-7023] instance 'd_i' of module 'io_switch_bit' has 58 connections declared, but only 8 given [c:/Users/danie/Documents/Repaso_VIVADO/PYNQ_base/base/base.srcs/sources_1/bd/base/ipshared/6c92/src/io_switch.v:561]
WARNING: [Synth 8-3848] Net uart1_rx_int in module/entity io_switch does not have driver. [c:/Users/danie/Documents/Repaso_VIVADO/PYNQ_base/base/base.srcs/sources_1/bd/base/ipshared/6c92/src/io_switch.v:94]
WARNING: [Synth 8-3848] Net sda0_int in module/entity io_switch does not have driver. [c:/Users/danie/Documents/Repaso_VIVADO/PYNQ_base/base/base.srcs/sources_1/bd/base/ipshared/6c92/src/io_switch.v:94]
WARNING: [Synth 8-3848] Net scl0_int in module/entity io_switch does not have driver. [c:/Users/danie/Documents/Repaso_VIVADO/PYNQ_base/base/base.srcs/sources_1/bd/base/ipshared/6c92/src/io_switch.v:94]
WARNING: [Synth 8-3848] Net sda1_int in module/entity io_switch does not have driver. [c:/Users/danie/Documents/Repaso_VIVADO/PYNQ_base/base/base.srcs/sources_1/bd/base/ipshared/6c92/src/io_switch.v:94]
WARNING: [Synth 8-3848] Net scl1_int in module/entity io_switch does not have driver. [c:/Users/danie/Documents/Repaso_VIVADO/PYNQ_base/base/base.srcs/sources_1/bd/base/ipshared/6c92/src/io_switch.v:94]
WARNING: [Synth 8-3848] Net sck1_int in module/entity io_switch does not have driver. [c:/Users/danie/Documents/Repaso_VIVADO/PYNQ_base/base/base.srcs/sources_1/bd/base/ipshared/6c92/src/io_switch.v:94]
WARNING: [Synth 8-3848] Net mosi1_int in module/entity io_switch does not have driver. [c:/Users/danie/Documents/Repaso_VIVADO/PYNQ_base/base/base.srcs/sources_1/bd/base/ipshared/6c92/src/io_switch.v:94]
WARNING: [Synth 8-3848] Net miso1_int in module/entity io_switch does not have driver. [c:/Users/danie/Documents/Repaso_VIVADO/PYNQ_base/base/base.srcs/sources_1/bd/base/ipshared/6c92/src/io_switch.v:94]
INFO: [Synth 8-6155] done synthesizing module 'io_switch' (2#1) [c:/Users/danie/Documents/Repaso_VIVADO/PYNQ_base/base/base.srcs/sources_1/bd/base/ipshared/6c92/src/io_switch.v:7]
WARNING: [Synth 8-6014] Unused sequential element slv_reg8_reg was removed.  [c:/Users/danie/Documents/Repaso_VIVADO/PYNQ_base/base/base.srcs/sources_1/bd/base/ipshared/6c92/hdl/io_switch_v1_1_S_AXI.v:301]
INFO: [Synth 8-6155] done synthesizing module 'io_switch_v1_1_S_AXI' (3#1) [c:/Users/danie/Documents/Repaso_VIVADO/PYNQ_base/base/base.srcs/sources_1/bd/base/ipshared/6c92/hdl/io_switch_v1_1_S_AXI.v:4]
INFO: [Synth 8-6155] done synthesizing module 'io_switch_v1_1' (4#1) [c:/Users/danie/Documents/Repaso_VIVADO/PYNQ_base/base/base.srcs/sources_1/bd/base/ipshared/6c92/hdl/io_switch_v1_1.v:4]
INFO: [Synth 8-6155] done synthesizing module 'base_io_switch_0_0' (5#1) [c:/Users/danie/Documents/Repaso_VIVADO/PYNQ_base/base/base.srcs/sources_1/bd/base/ip/base_io_switch_0_0/synth/base_io_switch_0_0.v:57]
WARNING: [Synth 8-3331] design io_switch has unconnected port gpio_sel5[31]
WARNING: [Synth 8-3331] design io_switch has unconnected port gpio_sel5[30]
WARNING: [Synth 8-3331] design io_switch has unconnected port gpio_sel5[29]
WARNING: [Synth 8-3331] design io_switch has unconnected port gpio_sel5[28]
WARNING: [Synth 8-3331] design io_switch has unconnected port gpio_sel5[27]
WARNING: [Synth 8-3331] design io_switch has unconnected port gpio_sel5[26]
WARNING: [Synth 8-3331] design io_switch has unconnected port gpio_sel5[25]
WARNING: [Synth 8-3331] design io_switch has unconnected port gpio_sel5[24]
WARNING: [Synth 8-3331] design io_switch has unconnected port gpio_sel5[23]
WARNING: [Synth 8-3331] design io_switch has unconnected port gpio_sel5[22]
WARNING: [Synth 8-3331] design io_switch has unconnected port gpio_sel5[21]
WARNING: [Synth 8-3331] design io_switch has unconnected port gpio_sel5[20]
WARNING: [Synth 8-3331] design io_switch has unconnected port gpio_sel5[19]
WARNING: [Synth 8-3331] design io_switch has unconnected port gpio_sel5[18]
WARNING: [Synth 8-3331] design io_switch has unconnected port gpio_sel5[17]
WARNING: [Synth 8-3331] design io_switch has unconnected port gpio_sel5[16]
WARNING: [Synth 8-3331] design io_switch has unconnected port gpio_sel5[15]
WARNING: [Synth 8-3331] design io_switch has unconnected port gpio_sel5[14]
WARNING: [Synth 8-3331] design io_switch has unconnected port gpio_sel5[13]
WARNING: [Synth 8-3331] design io_switch has unconnected port gpio_sel5[12]
WARNING: [Synth 8-3331] design io_switch has unconnected port gpio_sel5[11]
WARNING: [Synth 8-3331] design io_switch has unconnected port gpio_sel5[10]
WARNING: [Synth 8-3331] design io_switch has unconnected port gpio_sel5[9]
WARNING: [Synth 8-3331] design io_switch has unconnected port gpio_sel5[8]
WARNING: [Synth 8-3331] design io_switch has unconnected port gpio_sel5[7]
WARNING: [Synth 8-3331] design io_switch has unconnected port gpio_sel5[6]
WARNING: [Synth 8-3331] design io_switch has unconnected port gpio_sel5[5]
WARNING: [Synth 8-3331] design io_switch has unconnected port gpio_sel5[4]
WARNING: [Synth 8-3331] design io_switch has unconnected port gpio_sel5[3]
WARNING: [Synth 8-3331] design io_switch has unconnected port gpio_sel5[2]
WARNING: [Synth 8-3331] design io_switch has unconnected port gpio_sel5[1]
WARNING: [Synth 8-3331] design io_switch has unconnected port gpio_sel5[0]
WARNING: [Synth 8-3331] design io_switch has unconnected port gpio_sel6[31]
WARNING: [Synth 8-3331] design io_switch has unconnected port gpio_sel6[30]
WARNING: [Synth 8-3331] design io_switch has unconnected port gpio_sel6[29]
WARNING: [Synth 8-3331] design io_switch has unconnected port gpio_sel6[28]
WARNING: [Synth 8-3331] design io_switch has unconnected port gpio_sel6[27]
WARNING: [Synth 8-3331] design io_switch has unconnected port gpio_sel6[26]
WARNING: [Synth 8-3331] design io_switch has unconnected port gpio_sel6[25]
WARNING: [Synth 8-3331] design io_switch has unconnected port gpio_sel6[24]
WARNING: [Synth 8-3331] design io_switch has unconnected port gpio_sel6[23]
WARNING: [Synth 8-3331] design io_switch has unconnected port gpio_sel6[22]
WARNING: [Synth 8-3331] design io_switch has unconnected port gpio_sel6[21]
WARNING: [Synth 8-3331] design io_switch has unconnected port gpio_sel6[20]
WARNING: [Synth 8-3331] design io_switch has unconnected port gpio_sel6[19]
WARNING: [Synth 8-3331] design io_switch has unconnected port gpio_sel6[18]
WARNING: [Synth 8-3331] design io_switch has unconnected port gpio_sel6[17]
WARNING: [Synth 8-3331] design io_switch has unconnected port gpio_sel6[16]
WARNING: [Synth 8-3331] design io_switch has unconnected port gpio_sel6[15]
WARNING: [Synth 8-3331] design io_switch has unconnected port gpio_sel6[14]
WARNING: [Synth 8-3331] design io_switch has unconnected port gpio_sel6[13]
WARNING: [Synth 8-3331] design io_switch has unconnected port gpio_sel6[12]
WARNING: [Synth 8-3331] design io_switch has unconnected port gpio_sel6[11]
WARNING: [Synth 8-3331] design io_switch has unconnected port gpio_sel6[10]
WARNING: [Synth 8-3331] design io_switch has unconnected port gpio_sel6[9]
WARNING: [Synth 8-3331] design io_switch has unconnected port gpio_sel6[8]
WARNING: [Synth 8-3331] design io_switch has unconnected port gpio_sel6[7]
WARNING: [Synth 8-3331] design io_switch has unconnected port gpio_sel6[6]
WARNING: [Synth 8-3331] design io_switch has unconnected port gpio_sel6[5]
WARNING: [Synth 8-3331] design io_switch has unconnected port gpio_sel6[4]
WARNING: [Synth 8-3331] design io_switch has unconnected port gpio_sel6[3]
WARNING: [Synth 8-3331] design io_switch has unconnected port gpio_sel6[2]
WARNING: [Synth 8-3331] design io_switch has unconnected port gpio_sel6[1]
WARNING: [Synth 8-3331] design io_switch has unconnected port gpio_sel6[0]
WARNING: [Synth 8-3331] design io_switch has unconnected port gpio_sel7[31]
WARNING: [Synth 8-3331] design io_switch has unconnected port gpio_sel7[30]
WARNING: [Synth 8-3331] design io_switch has unconnected port gpio_sel7[29]
WARNING: [Synth 8-3331] design io_switch has unconnected port gpio_sel7[28]
WARNING: [Synth 8-3331] design io_switch has unconnected port gpio_sel7[27]
WARNING: [Synth 8-3331] design io_switch has unconnected port gpio_sel7[26]
WARNING: [Synth 8-3331] design io_switch has unconnected port gpio_sel7[25]
WARNING: [Synth 8-3331] design io_switch has unconnected port gpio_sel7[24]
WARNING: [Synth 8-3331] design io_switch has unconnected port gpio_sel7[23]
WARNING: [Synth 8-3331] design io_switch has unconnected port gpio_sel7[22]
WARNING: [Synth 8-3331] design io_switch has unconnected port gpio_sel7[21]
WARNING: [Synth 8-3331] design io_switch has unconnected port gpio_sel7[20]
WARNING: [Synth 8-3331] design io_switch has unconnected port gpio_sel7[19]
WARNING: [Synth 8-3331] design io_switch has unconnected port gpio_sel7[18]
WARNING: [Synth 8-3331] design io_switch has unconnected port gpio_sel7[17]
WARNING: [Synth 8-3331] design io_switch has unconnected port gpio_sel7[16]
WARNING: [Synth 8-3331] design io_switch has unconnected port gpio_sel7[15]
WARNING: [Synth 8-3331] design io_switch has unconnected port gpio_sel7[14]
WARNING: [Synth 8-3331] design io_switch has unconnected port gpio_sel7[13]
WARNING: [Synth 8-3331] design io_switch has unconnected port gpio_sel7[12]
WARNING: [Synth 8-3331] design io_switch has unconnected port gpio_sel7[11]
WARNING: [Synth 8-3331] design io_switch has unconnected port gpio_sel7[10]
WARNING: [Synth 8-3331] design io_switch has unconnected port gpio_sel7[9]
WARNING: [Synth 8-3331] design io_switch has unconnected port gpio_sel7[8]
WARNING: [Synth 8-3331] design io_switch has unconnected port gpio_sel7[7]
WARNING: [Synth 8-3331] design io_switch has unconnected port gpio_sel7[6]
WARNING: [Synth 8-3331] design io_switch has unconnected port gpio_sel7[5]
WARNING: [Synth 8-3331] design io_switch has unconnected port gpio_sel7[4]
WARNING: [Synth 8-3331] design io_switch has unconnected port gpio_sel7[3]
WARNING: [Synth 8-3331] design io_switch has unconnected port gpio_sel7[2]
WARNING: [Synth 8-3331] design io_switch has unconnected port gpio_sel7[1]
WARNING: [Synth 8-3331] design io_switch has unconnected port gpio_sel7[0]
WARNING: [Synth 8-3331] design io_switch has unconnected port uart1_tx_o
WARNING: [Synth 8-3331] design io_switch has unconnected port sda0_o
WARNING: [Synth 8-3331] design io_switch has unconnected port sda0_t
WARNING: [Synth 8-3331] design io_switch has unconnected port scl0_o
INFO: [Common 17-14] Message 'Synth 8-3331' appears 100 times and further instances of the messages will be disabled. Use the Tcl command set_msg_config to change the current settings.
---------------------------------------------------------------------------------
Finished RTL Elaboration : Time (s): cpu = 00:00:10 ; elapsed = 00:00:11 . Memory (MB): peak = 829.238 ; gain = 247.531
---------------------------------------------------------------------------------

Report Check Netlist: 
+------+------------------+-------+---------+-------+------------------+
|      |Item              |Errors |Warnings |Status |Description       |
+------+------------------+-------+---------+-------+------------------+
|1     |multi_driven_nets |      0|        0|Passed |Multi driven nets |
+------+------------------+-------+---------+-------+------------------+
---------------------------------------------------------------------------------
Start Handling Custom Attributes
---------------------------------------------------------------------------------
---------------------------------------------------------------------------------
Finished Handling Custom Attributes : Time (s): cpu = 00:00:10 ; elapsed = 00:00:12 . Memory (MB): peak = 829.238 ; gain = 247.531
---------------------------------------------------------------------------------
---------------------------------------------------------------------------------
Finished RTL Optimization Phase 1 : Time (s): cpu = 00:00:10 ; elapsed = 00:00:12 . Memory (MB): peak = 829.238 ; gain = 247.531
---------------------------------------------------------------------------------
INFO: [Project 1-570] Preparing netlist for logic optimization

Processing XDC Constraints
Initializing timing engine
Completed Processing XDC Constraints

Netlist sorting complete. Time (s): cpu = 00:00:00 ; elapsed = 00:00:00.001 . Memory (MB): peak = 947.008 ; gain = 0.000
INFO: [Project 1-111] Unisim Transformation Summary:
No Unisim elements were transformed.

WARNING: [Constraints 18-5210] No constraints selected for write.
Resolution: This message can indicate that there are no constraints for the design, or it can indicate that the used_in flags are set such that the constraints are ignored. This later case is used when running synth_design to not write synthesis constraints to the resulting checkpoint. Instead, project constraints are read when the synthesized design is opened.
Constraint Validation Runtime : Time (s): cpu = 00:00:01 ; elapsed = 00:00:00.227 . Memory (MB): peak = 950.059 ; gain = 3.051
---------------------------------------------------------------------------------
Finished Constraint Validation : Time (s): cpu = 00:00:24 ; elapsed = 00:00:26 . Memory (MB): peak = 950.059 ; gain = 368.352
---------------------------------------------------------------------------------
---------------------------------------------------------------------------------
Start Loading Part and Timing Information
---------------------------------------------------------------------------------
Loading part: xc7z020clg400-1
---------------------------------------------------------------------------------
Finished Loading Part and Timing Information : Time (s): cpu = 00:00:24 ; elapsed = 00:00:26 . Memory (MB): peak = 950.059 ; gain = 368.352
---------------------------------------------------------------------------------
---------------------------------------------------------------------------------
Start Applying 'set_property' XDC Constraints
---------------------------------------------------------------------------------
---------------------------------------------------------------------------------
Finished applying 'set_property' XDC Constraints : Time (s): cpu = 00:00:24 ; elapsed = 00:00:26 . Memory (MB): peak = 950.059 ; gain = 368.352
---------------------------------------------------------------------------------
---------------------------------------------------------------------------------
Finished RTL Optimization Phase 2 : Time (s): cpu = 00:00:25 ; elapsed = 00:00:28 . Memory (MB): peak = 950.059 ; gain = 368.352
---------------------------------------------------------------------------------

Report RTL Partitions: 
+-+--------------+------------+----------+
| |RTL Partition |Replication |Instances |
+-+--------------+------------+----------+
+-+--------------+------------+----------+
---------------------------------------------------------------------------------
Start RTL Component Statistics 
---------------------------------------------------------------------------------
Detailed RTL Component Info : 
+---Registers : 
	               32 Bit    Registers := 9     
	                6 Bit    Registers := 2     
	                2 Bit    Registers := 2     
	                1 Bit    Registers := 6     
+---Muxes : 
	   2 Input     32 Bit        Muxes := 8     
	  10 Input     32 Bit        Muxes := 8     
	  25 Input     24 Bit        Muxes := 20    
	   2 Input     24 Bit        Muxes := 20    
	   2 Input      1 Bit        Muxes := 45    
---------------------------------------------------------------------------------
Finished RTL Component Statistics 
---------------------------------------------------------------------------------
---------------------------------------------------------------------------------
Start RTL Hierarchical Component Statistics 
---------------------------------------------------------------------------------
Hierarchical RTL Component report 
Module io_switch_bit 
Detailed RTL Component Info : 
+---Muxes : 
	  25 Input     24 Bit        Muxes := 1     
	   2 Input     24 Bit        Muxes := 1     
	   2 Input      1 Bit        Muxes := 2     
Module io_switch_v1_1_S_AXI 
Detailed RTL Component Info : 
+---Registers : 
	               32 Bit    Registers := 9     
	                6 Bit    Registers := 2     
	                2 Bit    Registers := 2     
	                1 Bit    Registers := 6     
+---Muxes : 
	   2 Input     32 Bit        Muxes := 8     
	  10 Input     32 Bit        Muxes := 8     
	   2 Input      1 Bit        Muxes := 5     
---------------------------------------------------------------------------------
Finished RTL Hierarchical Component Statistics
---------------------------------------------------------------------------------
---------------------------------------------------------------------------------
Start Part Resource Summary
---------------------------------------------------------------------------------
Part Resources:
DSPs: 220 (col length:60)
BRAMs: 280 (col length: RAMB18 60 RAMB36 30)
---------------------------------------------------------------------------------
Finished Part Resource Summary
---------------------------------------------------------------------------------
---------------------------------------------------------------------------------
Start Cross Boundary and Area Optimization
---------------------------------------------------------------------------------
Warning: Parallel synthesis criteria is not met 
INFO: [Synth 8-3886] merging instance 'inst/io_switch_v1_1_S_AXI_inst/axi_rresp_reg[0]' (FDRE) to 'inst/io_switch_v1_1_S_AXI_inst/axi_rresp_reg[1]'
INFO: [Synth 8-3333] propagating constant 0 across sequential element (\inst/io_switch_v1_1_S_AXI_inst/axi_rresp_reg[1] )
INFO: [Synth 8-3886] merging instance 'inst/io_switch_v1_1_S_AXI_inst/axi_bresp_reg[0]' (FDRE) to 'inst/io_switch_v1_1_S_AXI_inst/axi_bresp_reg[1]'
INFO: [Synth 8-3333] propagating constant 0 across sequential element (\inst/io_switch_v1_1_S_AXI_inst/axi_bresp_reg[1] )
---------------------------------------------------------------------------------
Finished Cross Boundary and Area Optimization : Time (s): cpu = 00:00:40 ; elapsed = 00:00:46 . Memory (MB): peak = 950.059 ; gain = 368.352
---------------------------------------------------------------------------------

Report RTL Partitions: 
+-+--------------+------------+----------+
| |RTL Partition |Replication |Instances |
+-+--------------+------------+----------+
+-+--------------+------------+----------+
---------------------------------------------------------------------------------
Start Applying XDC Timing Constraints
---------------------------------------------------------------------------------
---------------------------------------------------------------------------------
Finished Applying XDC Timing Constraints : Time (s): cpu = 00:00:57 ; elapsed = 00:01:04 . Memory (MB): peak = 950.059 ; gain = 368.352
---------------------------------------------------------------------------------
---------------------------------------------------------------------------------
Start Timing Optimization
---------------------------------------------------------------------------------
---------------------------------------------------------------------------------
Finished Timing Optimization : Time (s): cpu = 00:00:57 ; elapsed = 00:01:04 . Memory (MB): peak = 950.059 ; gain = 368.352
---------------------------------------------------------------------------------

Report RTL Partitions: 
+-+--------------+------------+----------+
| |RTL Partition |Replication |Instances |
+-+--------------+------------+----------+
+-+--------------+------------+----------+
---------------------------------------------------------------------------------
Start Technology Mapping
---------------------------------------------------------------------------------
---------------------------------------------------------------------------------
Finished Technology Mapping : Time (s): cpu = 00:00:58 ; elapsed = 00:01:05 . Memory (MB): peak = 950.059 ; gain = 368.352
---------------------------------------------------------------------------------

Report RTL Partitions: 
+-+--------------+------------+----------+
| |RTL Partition |Replication |Instances |
+-+--------------+------------+----------+
+-+--------------+------------+----------+
---------------------------------------------------------------------------------
Start IO Insertion
---------------------------------------------------------------------------------
---------------------------------------------------------------------------------
Start Flattening Before IO Insertion
---------------------------------------------------------------------------------
---------------------------------------------------------------------------------
Finished Flattening Before IO Insertion
---------------------------------------------------------------------------------
---------------------------------------------------------------------------------
Start Final Netlist Cleanup
---------------------------------------------------------------------------------
---------------------------------------------------------------------------------
Finished Final Netlist Cleanup
---------------------------------------------------------------------------------
---------------------------------------------------------------------------------
Finished IO Insertion : Time (s): cpu = 00:01:02 ; elapsed = 00:01:10 . Memory (MB): peak = 960.598 ; gain = 378.891
---------------------------------------------------------------------------------

Report Check Netlist: 
+------+------------------+-------+---------+-------+------------------+
|      |Item              |Errors |Warnings |Status |Description       |
+------+------------------+-------+---------+-------+------------------+
|1     |multi_driven_nets |      0|        0|Passed |Multi driven nets |
+------+------------------+-------+---------+-------+------------------+
---------------------------------------------------------------------------------
Start Renaming Generated Instances
---------------------------------------------------------------------------------
---------------------------------------------------------------------------------
Finished Renaming Generated Instances : Time (s): cpu = 00:01:02 ; elapsed = 00:01:10 . Memory (MB): peak = 960.598 ; gain = 378.891
---------------------------------------------------------------------------------

Report RTL Partitions: 
+-+--------------+------------+----------+
| |RTL Partition |Replication |Instances |
+-+--------------+------------+----------+
+-+--------------+------------+----------+
---------------------------------------------------------------------------------
Start Rebuilding User Hierarchy
---------------------------------------------------------------------------------
---------------------------------------------------------------------------------
Finished Rebuilding User Hierarchy : Time (s): cpu = 00:01:03 ; elapsed = 00:01:10 . Memory (MB): peak = 960.598 ; gain = 378.891
---------------------------------------------------------------------------------
---------------------------------------------------------------------------------
Start Renaming Generated Ports
---------------------------------------------------------------------------------
---------------------------------------------------------------------------------
Finished Renaming Generated Ports : Time (s): cpu = 00:01:03 ; elapsed = 00:01:10 . Memory (MB): peak = 960.598 ; gain = 378.891
---------------------------------------------------------------------------------
---------------------------------------------------------------------------------
Start Handling Custom Attributes
---------------------------------------------------------------------------------
---------------------------------------------------------------------------------
Finished Handling Custom Attributes : Time (s): cpu = 00:01:03 ; elapsed = 00:01:10 . Memory (MB): peak = 960.598 ; gain = 378.891
---------------------------------------------------------------------------------
---------------------------------------------------------------------------------
Start Renaming Generated Nets
---------------------------------------------------------------------------------
---------------------------------------------------------------------------------
Finished Renaming Generated Nets : Time (s): cpu = 00:01:03 ; elapsed = 00:01:10 . Memory (MB): peak = 960.598 ; gain = 378.891
---------------------------------------------------------------------------------
---------------------------------------------------------------------------------
Start Writing Synthesis Report
---------------------------------------------------------------------------------

Report BlackBoxes: 
+-+--------------+----------+
| |BlackBox name |Instances |
+-+--------------+----------+
+-+--------------+----------+

Report Cell Usage: 
+------+------+------+
|      |Cell  |Count |
+------+------+------+
|1     |LUT1  |     1|
|2     |LUT2  |    46|
|3     |LUT3  |    29|
|4     |LUT4  |    99|
|5     |LUT5  |    71|
|6     |LUT6  |   338|
|7     |MUXF7 |    17|
|8     |MUXF8 |     3|
|9     |FDRE  |   301|
|10    |FDSE  |     1|
+------+------+------+

Report Instance Areas: 
+------+------------------------------+---------------------+------+
|      |Instance                      |Module               |Cells |
+------+------------------------------+---------------------+------+
|1     |top                           |                     |   906|
|2     |  inst                        |io_switch_v1_1       |   906|
|3     |    io_switch_v1_1_S_AXI_inst |io_switch_v1_1_S_AXI |   906|
+------+------------------------------+---------------------+------+
---------------------------------------------------------------------------------
Finished Writing Synthesis Report : Time (s): cpu = 00:01:03 ; elapsed = 00:01:10 . Memory (MB): peak = 960.598 ; gain = 378.891
---------------------------------------------------------------------------------
Synthesis finished with 0 errors, 0 critical warnings and 119 warnings.
Synthesis Optimization Runtime : Time (s): cpu = 00:00:48 ; elapsed = 00:01:05 . Memory (MB): peak = 960.598 ; gain = 258.070
Synthesis Optimization Complete : Time (s): cpu = 00:01:03 ; elapsed = 00:01:10 . Memory (MB): peak = 960.598 ; gain = 378.891
INFO: [Project 1-571] Translating synthesized netlist
INFO: [Netlist 29-17] Analyzing 20 Unisim elements for replacement
INFO: [Netlist 29-28] Unisim Transformation completed in 0 CPU seconds
INFO: [Project 1-570] Preparing netlist for logic optimization
INFO: [Opt 31-138] Pushed 0 inverter(s) to 0 load pin(s).
Netlist sorting complete. Time (s): cpu = 00:00:00 ; elapsed = 00:00:00.001 . Memory (MB): peak = 968.895 ; gain = 0.000
INFO: [Project 1-111] Unisim Transformation Summary:
No Unisim elements were transformed.

INFO: [Common 17-83] Releasing license: Synthesis
29 Infos, 131 Warnings, 0 Critical Warnings and 0 Errors encountered.
synth_design completed successfully
synth_design: Time (s): cpu = 00:01:14 ; elapsed = 00:01:26 . Memory (MB): peak = 968.895 ; gain = 658.137
Netlist sorting complete. Time (s): cpu = 00:00:00 ; elapsed = 00:00:00 . Memory (MB): peak = 968.895 ; gain = 0.000
WARNING: [Constraints 18-5210] No constraints selected for write.
Resolution: This message can indicate that there are no constraints for the design, or it can indicate that the used_in flags are set such that the constraints are ignored. This later case is used when running synth_design to not write synthesis constraints to the resulting checkpoint. Instead, project constraints are read when the synthesized design is opened.
INFO: [Common 17-1381] The checkpoint 'C:/Users/danie/Documents/Repaso_VIVADO/PYNQ_base/base/base.runs/base_io_switch_0_0_synth_1/base_io_switch_0_0.dcp' has been generated.
WARNING: [Common 17-576] 'use_project_ipc' is deprecated. This option is deprecated and no longer used.
INFO: [Coretcl 2-1648] Added synthesis output to IP cache for IP base_io_switch_0_0, cache-ID = 998fedd0836aa338
INFO: [Coretcl 2-1174] Renamed 2 cell refs.
Netlist sorting complete. Time (s): cpu = 00:00:00 ; elapsed = 00:00:00 . Memory (MB): peak = 968.895 ; gain = 0.000
WARNING: [Constraints 18-5210] No constraints selected for write.
Resolution: This message can indicate that there are no constraints for the design, or it can indicate that the used_in flags are set such that the constraints are ignored. This later case is used when running synth_design to not write synthesis constraints to the resulting checkpoint. Instead, project constraints are read when the synthesized design is opened.
INFO: [Common 17-1381] The checkpoint 'C:/Users/danie/Documents/Repaso_VIVADO/PYNQ_base/base/base.runs/base_io_switch_0_0_synth_1/base_io_switch_0_0.dcp' has been generated.
INFO: [runtcl-4] Executing : report_utilization -file base_io_switch_0_0_utilization_synth.rpt -pb base_io_switch_0_0_utilization_synth.pb
INFO: [Common 17-206] Exiting Vivado at Thu May  7 07:09:53 2020...
