#-----------------------------------------------------------
# Vivado v2019.1 (64-bit)
# SW Build 2552052 on Fri May 24 14:49:42 MDT 2019
# IP Build 2548770 on Fri May 24 18:01:18 MDT 2019
# Start of session at: Thu May 21 03:35:50 2020
# Process ID: 14500
# Current directory: C:/Users/danie/Documents/Repaso_VIVADO/custom_IP
# Command line: vivado.exe -gui_launcher_event rodinguilauncherevent12040 C:\Users\danie\Documents\Repaso_VIVADO\custom_IP\custom_IP.xpr
# Log file: C:/Users/danie/Documents/Repaso_VIVADO/custom_IP/vivado.log
# Journal file: C:/Users/danie/Documents/Repaso_VIVADO/custom_IP\vivado.jou
#-----------------------------------------------------------
start_gui
open_project C:/Users/danie/Documents/Repaso_VIVADO/custom_IP/custom_IP.xpr
Scanning sources...
Finished scanning sources
INFO: [IP_Flow 19-234] Refreshing IP repositories
INFO: [IP_Flow 19-1700] Loaded user IP repository 'c:/Users/danie/Documents/Repaso_VIVADO/ip_repo/FirstIP_PWM_1.0'.
INFO: [IP_Flow 19-2313] Loaded Vivado IP repository 'C:/Xilinx/Vivado/2019.1/data/ip'.
open_project: Time (s): cpu = 00:00:30 ; elapsed = 00:00:19 . Memory (MB): peak = 736.473 ; gain = 118.309
update_compile_order -fileset sources_1
open_bd_design {C:/Users/danie/Documents/Repaso_VIVADO/custom_IP/custom_IP.srcs/sources_1/bd/custom_Ip_design/custom_Ip_design.bd}
Adding component instance block -- xilinx.com:ip:processing_system7:5.5 - processing_system7_0
Adding component instance block -- xilinx.com:user:FirstIP_PWM:1.0 - FirstIP_PWM_0
Adding component instance block -- xilinx.com:ip:axi_interconnect:2.1 - ps7_0_axi_periph
Adding component instance block -- xilinx.com:ip:axi_protocol_converter:2.1 - auto_pc
Adding component instance block -- xilinx.com:ip:proc_sys_reset:5.0 - rst_ps7_0_100M
Successfully read diagram <custom_Ip_design> from BD file <C:/Users/danie/Documents/Repaso_VIVADO/custom_IP/custom_IP.srcs/sources_1/bd/custom_Ip_design/custom_Ip_design.bd>
open_bd_design: Time (s): cpu = 00:00:17 ; elapsed = 00:00:15 . Memory (MB): peak = 908.934 ; gain = 20.375
launch_sdk -workspace C:/Users/danie/Documents/Repaso_VIVADO/custom_IP/custom_IP.sdk -hwspec C:/Users/danie/Documents/Repaso_VIVADO/custom_IP/custom_IP.sdk/custom_Ip_design_wrapper.hdf
INFO: [Vivado 12-393] Launching SDK...
INFO: [Vivado 12-417] Running xsdk -workspace C:/Users/danie/Documents/Repaso_VIVADO/custom_IP/custom_IP.sdk -hwspec C:/Users/danie/Documents/Repaso_VIVADO/custom_IP/custom_IP.sdk/custom_Ip_design_wrapper.hdf
INFO: [Vivado 12-3157] SDK launch initiated. Please check console for any further messages.
write_bd_tcl -force C:/Users/danie/Documents/Repaso_VIVADO/custom_IP/custom_Ip_pwm.tcl
INFO: [BD 5-148] Tcl file written out <C:/Users/danie/Documents/Repaso_VIVADO/custom_IP/custom_Ip_pwm.tcl>.

close_project
open_project C:/Users/danie/Documents/Repaso_VIVADO/PYNQ_comblock/comblock_pynq.xpr
Scanning sources...
Finished scanning sources
INFO: [IP_Flow 19-234] Refreshing IP repositories
INFO: [IP_Flow 19-1700] Loaded user IP repository 'c:/Users/danie/Documents/Repaso_VIVADO/core-comblock-master/src/comblock'.
INFO: [IP_Flow 19-2313] Loaded Vivado IP repository 'C:/Xilinx/Vivado/2019.1/data/ip'.
open_project: Time (s): cpu = 00:00:09 ; elapsed = 00:00:08 . Memory (MB): peak = 920.547 ; gain = 0.000
update_compile_order -fileset sources_1
open_bd_design {C:/Users/danie/Documents/Repaso_VIVADO/PYNQ_comblock/comblock_pynq.srcs/sources_1/bd/comblock_desing/comblock_desing.bd}
Adding component instance block -- www.ictp.it:user:comblock:2.0 - comblock_ip
CRITICAL WARNING: [BD 41-51] Could not find bus definition for the interface: IN_REGS 
CRITICAL WARNING: [BD 41-49] Could not find abstraction definition for the interface: IN_REGS 
CRITICAL WARNING: [BD 41-49] Could not find abstraction definition for the interface: IN_REGS 
CRITICAL WARNING: [BD 41-51] Could not find bus definition for the interface: OUT_REGS 
CRITICAL WARNING: [BD 41-49] Could not find abstraction definition for the interface: OUT_REGS 
CRITICAL WARNING: [BD 41-49] Could not find abstraction definition for the interface: OUT_REGS 
Adding component instance block -- xilinx.com:ip:processing_system7:5.5 - processing_system7_0
Adding component instance block -- xilinx.com:ip:axi_interconnect:2.1 - ps7_0_axi_periph
Adding component instance block -- xilinx.com:ip:axi_crossbar:2.1 - xbar
Adding component instance block -- xilinx.com:ip:axi_protocol_converter:2.1 - auto_pc
Adding component instance block -- xilinx.com:ip:axi_protocol_converter:2.1 - auto_pc
Adding component instance block -- xilinx.com:ip:proc_sys_reset:5.0 - rst_ps7_0_100M
Successfully read diagram <comblock_desing> from BD file <C:/Users/danie/Documents/Repaso_VIVADO/PYNQ_comblock/comblock_pynq.srcs/sources_1/bd/comblock_desing/comblock_desing.bd>
open_bd_design: Time (s): cpu = 00:00:10 ; elapsed = 00:00:10 . Memory (MB): peak = 1282.422 ; gain = 47.473
startgroup
set_property -dict [list CONFIG.REGS_IN_DEPTH {16} CONFIG.DRAM_IO_ENA {false} CONFIG.FIFO_IN_ENA {false}] [get_bd_cells comblock_ip]
CRITICAL WARNING: [BD 41-51] Could not find bus definition for the interface: IN_REGS 
CRITICAL WARNING: [BD 41-49] Could not find abstraction definition for the interface: IN_REGS 
CRITICAL WARNING: [BD 41-49] Could not find abstraction definition for the interface: IN_REGS 
CRITICAL WARNING: [BD 41-51] Could not find bus definition for the interface: OUT_REGS 
CRITICAL WARNING: [BD 41-49] Could not find abstraction definition for the interface: OUT_REGS 
CRITICAL WARNING: [BD 41-49] Could not find abstraction definition for the interface: OUT_REGS 
endgroup
connect_bd_net [get_bd_ports sws] [get_bd_pins comblock_ip/reg1_i]
WARNING: [BD 41-1306] The connection to interface pin /comblock_ip/reg1_i is being overridden by the user. This pin will not be connected as a part of interface connection IN_REGS
connect_bd_net [get_bd_ports sws] [get_bd_pins comblock_ip/reg2_i]
WARNING: [BD 41-1306] The connection to interface pin /comblock_ip/reg2_i is being overridden by the user. This pin will not be connected as a part of interface connection IN_REGS
connect_bd_net [get_bd_ports sws] [get_bd_pins comblock_ip/reg3_i]
WARNING: [BD 41-1306] The connection to interface pin /comblock_ip/reg3_i is being overridden by the user. This pin will not be connected as a part of interface connection IN_REGS
connect_bd_net [get_bd_pins comblock_ip/reg4_i] [get_bd_pins rst_ps7_0_100M/peripheral_aresetn]
WARNING: [BD 41-1306] The connection to interface pin /comblock_ip/reg4_i is being overridden by the user. This pin will not be connected as a part of interface connection IN_REGS
WARNING: [BD 41-1731] Type mismatch between connected pins: /rst_ps7_0_100M/peripheral_aresetn(rst) and /comblock_ip/reg4_i(undef)
disconnect_bd_net /rst_ps7_0_100M_peripheral_aresetn [get_bd_pins comblock_ip/reg4_i]
connect_bd_net [get_bd_ports sws] [get_bd_pins comblock_ip/reg4_i]
WARNING: [BD 41-1306] The connection to interface pin /comblock_ip/reg4_i is being overridden by the user. This pin will not be connected as a part of interface connection IN_REGS
connect_bd_net [get_bd_ports sws] [get_bd_pins comblock_ip/reg5_i]
WARNING: [BD 41-1306] The connection to interface pin /comblock_ip/reg5_i is being overridden by the user. This pin will not be connected as a part of interface connection IN_REGS
connect_bd_net [get_bd_ports sws] [get_bd_pins comblock_ip/reg6_i]
WARNING: [BD 41-1306] The connection to interface pin /comblock_ip/reg6_i is being overridden by the user. This pin will not be connected as a part of interface connection IN_REGS
connect_bd_net [get_bd_ports sws] [get_bd_pins comblock_ip/reg7_i]
WARNING: [BD 41-1306] The connection to interface pin /comblock_ip/reg7_i is being overridden by the user. This pin will not be connected as a part of interface connection IN_REGS
connect_bd_net [get_bd_ports sws] [get_bd_pins comblock_ip/reg8_i]
WARNING: [BD 41-1306] The connection to interface pin /comblock_ip/reg8_i is being overridden by the user. This pin will not be connected as a part of interface connection IN_REGS
connect_bd_net [get_bd_ports sws] [get_bd_pins comblock_ip/reg9_i]
WARNING: [BD 41-1306] The connection to interface pin /comblock_ip/reg9_i is being overridden by the user. This pin will not be connected as a part of interface connection IN_REGS
connect_bd_net [get_bd_ports sws] [get_bd_pins comblock_ip/reg10_i]
WARNING: [BD 41-1306] The connection to interface pin /comblock_ip/reg10_i is being overridden by the user. This pin will not be connected as a part of interface connection IN_REGS
connect_bd_net [get_bd_ports sws] [get_bd_pins comblock_ip/reg11_i]
WARNING: [BD 41-1306] The connection to interface pin /comblock_ip/reg11_i is being overridden by the user. This pin will not be connected as a part of interface connection IN_REGS
connect_bd_net [get_bd_ports sws] [get_bd_pins comblock_ip/reg12_i]
WARNING: [BD 41-1306] The connection to interface pin /comblock_ip/reg12_i is being overridden by the user. This pin will not be connected as a part of interface connection IN_REGS
connect_bd_net [get_bd_ports sws] [get_bd_pins comblock_ip/reg13_i]
WARNING: [BD 41-1306] The connection to interface pin /comblock_ip/reg13_i is being overridden by the user. This pin will not be connected as a part of interface connection IN_REGS
connect_bd_net [get_bd_ports sws] [get_bd_pins comblock_ip/reg14_i]
WARNING: [BD 41-1306] The connection to interface pin /comblock_ip/reg14_i is being overridden by the user. This pin will not be connected as a part of interface connection IN_REGS
connect_bd_net [get_bd_ports sws] [get_bd_pins comblock_ip/reg15_i]
WARNING: [BD 41-1306] The connection to interface pin /comblock_ip/reg15_i is being overridden by the user. This pin will not be connected as a part of interface connection IN_REGS
validate_bd_design
WARNING: [BD 41-702] Propagation TCL tries to overwrite USER strength parameter PCW_M_AXI_GP0_FREQMHZ(10) on '/processing_system7_0' with propagated value(100). Command ignored
CRITICAL WARNING: [BD 41-49] Could not find abstraction definition for the interface: IN_REGS 
CRITICAL WARNING: [BD 41-49] Could not find abstraction definition for the interface: OUT_REGS 
save_bd_design
Wrote  : <C:\Users\danie\Documents\Repaso_VIVADO\PYNQ_comblock\comblock_pynq.srcs\sources_1\bd\comblock_desing\comblock_desing.bd> 
Wrote  : <C:/Users/danie/Documents/Repaso_VIVADO/PYNQ_comblock/comblock_pynq.srcs/sources_1/bd/comblock_desing/ui/bd_96af4703.ui> 
reset_run synth_1
reset_run comblock_desing_comblock_0_0_synth_1
launch_runs impl_1 -to_step write_bitstream -jobs 2
INFO: [BD 41-1662] The design 'comblock_desing.bd' is already validated. Therefore parameter propagation will not be re-run.
CRITICAL WARNING: [BD 41-49] Could not find abstraction definition for the interface: IN_REGS 
CRITICAL WARNING: [BD 41-49] Could not find abstraction definition for the interface: OUT_REGS 
CRITICAL WARNING: [BD 41-49] Could not find abstraction definition for the interface: IN_REGS 
CRITICAL WARNING: [BD 41-49] Could not find abstraction definition for the interface: IN_REGS 
CRITICAL WARNING: [BD 41-49] Could not find abstraction definition for the interface: IN_REGS 
CRITICAL WARNING: [BD 41-49] Could not find abstraction definition for the interface: IN_REGS 
CRITICAL WARNING: [BD 41-49] Could not find abstraction definition for the interface: IN_REGS 
CRITICAL WARNING: [BD 41-49] Could not find abstraction definition for the interface: IN_REGS 
CRITICAL WARNING: [BD 41-49] Could not find abstraction definition for the interface: IN_REGS 
CRITICAL WARNING: [BD 41-49] Could not find abstraction definition for the interface: IN_REGS 
CRITICAL WARNING: [BD 41-49] Could not find abstraction definition for the interface: IN_REGS 
CRITICAL WARNING: [BD 41-49] Could not find abstraction definition for the interface: IN_REGS 
CRITICAL WARNING: [BD 41-49] Could not find abstraction definition for the interface: IN_REGS 
CRITICAL WARNING: [BD 41-49] Could not find abstraction definition for the interface: IN_REGS 
CRITICAL WARNING: [BD 41-49] Could not find abstraction definition for the interface: IN_REGS 
CRITICAL WARNING: [BD 41-49] Could not find abstraction definition for the interface: IN_REGS 
CRITICAL WARNING: [BD 41-49] Could not find abstraction definition for the interface: IN_REGS 
CRITICAL WARNING: [BD 41-49] Could not find abstraction definition for the interface: IN_REGS 
CRITICAL WARNING: [BD 41-49] Could not find abstraction definition for the interface: OUT_REGS 
VHDL Output written to : C:/Users/danie/Documents/Repaso_VIVADO/PYNQ_comblock/comblock_pynq.srcs/sources_1/bd/comblock_desing/synth/comblock_desing.vhd
VHDL Output written to : C:/Users/danie/Documents/Repaso_VIVADO/PYNQ_comblock/comblock_pynq.srcs/sources_1/bd/comblock_desing/sim/comblock_desing.vhd
VHDL Output written to : C:/Users/danie/Documents/Repaso_VIVADO/PYNQ_comblock/comblock_pynq.srcs/sources_1/bd/comblock_desing/hdl/comblock_desing_wrapper.vhd
INFO: [BD 41-1029] Generation completed for the IP Integrator block comblock_ip .
INFO: [BD 41-1029] Generation completed for the IP Integrator block processing_system7_0 .
INFO: [BD 41-1029] Generation completed for the IP Integrator block ps7_0_axi_periph/xbar .
INFO: [BD 41-1029] Generation completed for the IP Integrator block rst_ps7_0_100M .
WARNING: [IP_Flow 19-4994] Overwriting existing constraint file 'c:/Users/danie/Documents/Repaso_VIVADO/PYNQ_comblock/comblock_pynq.srcs/sources_1/bd/comblock_desing/ip/comblock_desing_auto_pc_1/comblock_desing_auto_pc_1_ooc.xdc'
INFO: [BD 41-1029] Generation completed for the IP Integrator block ps7_0_axi_periph/s00_couplers/auto_pc .
WARNING: [IP_Flow 19-4994] Overwriting existing constraint file 'c:/Users/danie/Documents/Repaso_VIVADO/PYNQ_comblock/comblock_pynq.srcs/sources_1/bd/comblock_desing/ip/comblock_desing_auto_pc_0/comblock_desing_auto_pc_0_ooc.xdc'
INFO: [BD 41-1029] Generation completed for the IP Integrator block ps7_0_axi_periph/m00_couplers/auto_pc .
Exporting to file C:/Users/danie/Documents/Repaso_VIVADO/PYNQ_comblock/comblock_pynq.srcs/sources_1/bd/comblock_desing/hw_handoff/comblock_desing.hwh
Generated Block Design Tcl file C:/Users/danie/Documents/Repaso_VIVADO/PYNQ_comblock/comblock_pynq.srcs/sources_1/bd/comblock_desing/hw_handoff/comblock_desing_bd.tcl
Generated Hardware Definition File C:/Users/danie/Documents/Repaso_VIVADO/PYNQ_comblock/comblock_pynq.srcs/sources_1/bd/comblock_desing/synth/comblock_desing.hwdef
INFO: [IP_Flow 19-4993] Using cached IP synthesis design for IP comblock_desing_auto_pc_0, cache-ID = b0815e792eb1baf7; cache size = 3.823 MB.
INFO: [IP_Flow 19-4993] Using cached IP synthesis design for IP comblock_desing_auto_pc_1, cache-ID = 6a9f204f240cae7f; cache size = 3.823 MB.
[Thu May 21 04:05:56 2020] Launched comblock_desing_comblock_0_0_synth_1, synth_1...
Run output will be captured here:
comblock_desing_comblock_0_0_synth_1: C:/Users/danie/Documents/Repaso_VIVADO/PYNQ_comblock/comblock_pynq.runs/comblock_desing_comblock_0_0_synth_1/runme.log
synth_1: C:/Users/danie/Documents/Repaso_VIVADO/PYNQ_comblock/comblock_pynq.runs/synth_1/runme.log
[Thu May 21 04:05:56 2020] Launched impl_1...
Run output will be captured here: C:/Users/danie/Documents/Repaso_VIVADO/PYNQ_comblock/comblock_pynq.runs/impl_1/runme.log
launch_runs: Time (s): cpu = 00:00:10 ; elapsed = 00:00:15 . Memory (MB): peak = 1325.781 ; gain = 0.000
write_bd_tcl -force C:/Users/danie/Documents/Repaso_VIVADO/PYNQ_comblock/comblock_sw_led.tcl
INFO: [BD 5-148] Tcl file written out <C:/Users/danie/Documents/Repaso_VIVADO/PYNQ_comblock/comblock_sw_led.tcl>.

exit
INFO: [Common 17-206] Exiting Vivado at Thu May 21 04:20:30 2020...
