13:33:56 INFO  : Registering command handlers for SDK TCF services
13:33:58 INFO  : Launching XSCT server: xsct.bat -interactive C:\Users\danie\Documents\Repaso_VIVADO\Gpio\Gpio.sdk\temp_xsdb_launch_script.tcl
13:34:01 INFO  : XSCT server has started successfully.
13:34:02 INFO  : Successfully done setting XSCT server connection channel  
13:34:02 INFO  : Successfully done setting SDK workspace  
13:34:02 INFO  : Processing command line option -hwspec C:/Users/danie/Documents/Repaso_VIVADO/Gpio/Gpio.sdk/led_control_desing_wrapper.hdf.
14:23:40 INFO  : Example project ledControlwithSW_bsp_xgpiops_intr_example_1 has been created successfully.
15:51:14 INFO  : 'targets -set -filter {jtag_cable_name =~ "Digilent Arty Z7 003017A7006CA" && level==0} -index 1' command is executed.
15:51:14 INFO  : 'fpga -state' command is executed.
15:52:12 INFO  : 'targets -set -filter {jtag_cable_name =~ "Digilent Arty Z7 003017A7006CA" && level==0} -index 1' command is executed.
15:52:12 INFO  : 'fpga -state' command is executed.
15:52:29 INFO  : Connected to target on host '127.0.0.1' and port '3121'.
15:52:29 INFO  : Jtag cable 'Digilent Arty Z7 003017A7006CA' is selected.
15:52:29 INFO  : 'jtag frequency' command is executed.
15:52:29 INFO  : Sourcing of 'C:/Users/danie/Documents/Repaso_VIVADO/Gpio/Gpio.sdk/led_control_desing_wrapper_hw_platform_0/ps7_init.tcl' is done.
15:52:29 INFO  : Context for 'APU' is selected.
15:52:30 INFO  : Hardware design information is loaded from 'C:/Users/danie/Documents/Repaso_VIVADO/Gpio/Gpio.sdk/led_control_desing_wrapper_hw_platform_0/system.hdf'.
15:52:30 INFO  : 'configparams force-mem-access 1' command is executed.
15:52:30 INFO  : Context for 'APU' is selected.
15:52:30 INFO  : 'stop' command is executed.
15:52:30 INFO  : 'ps7_init' command is executed.
15:52:30 INFO  : 'ps7_post_config' command is executed.
15:52:30 INFO  : Context for processor 'ps7_cortexa9_0' is selected.
15:52:30 INFO  : Processor reset is completed for 'ps7_cortexa9_0'.
15:52:30 INFO  : Context for processor 'ps7_cortexa9_0' is selected.
15:52:30 INFO  : The application 'C:/Users/danie/Documents/Repaso_VIVADO/Gpio/Gpio.sdk/ledControlwithSW/Debug/ledControlwithSW.elf' is downloaded to processor 'ps7_cortexa9_0'.
15:52:30 INFO  : 'configparams force-mem-access 0' command is executed.
15:52:30 INFO  : ----------------XSDB Script----------------
connect -url tcp:127.0.0.1:3121
source C:/Users/danie/Documents/Repaso_VIVADO/Gpio/Gpio.sdk/led_control_desing_wrapper_hw_platform_0/ps7_init.tcl
targets -set -nocase -filter {name =~"APU*" && jtag_cable_name =~ "Digilent Arty Z7 003017A7006CA"} -index 0
loadhw -hw C:/Users/danie/Documents/Repaso_VIVADO/Gpio/Gpio.sdk/led_control_desing_wrapper_hw_platform_0/system.hdf -mem-ranges [list {0x40000000 0xbfffffff}]
configparams force-mem-access 1
targets -set -nocase -filter {name =~"APU*" && jtag_cable_name =~ "Digilent Arty Z7 003017A7006CA"} -index 0
stop
ps7_init
ps7_post_config
targets -set -nocase -filter {name =~ "ARM*#0" && jtag_cable_name =~ "Digilent Arty Z7 003017A7006CA"} -index 0
rst -processor
targets -set -nocase -filter {name =~ "ARM*#0" && jtag_cable_name =~ "Digilent Arty Z7 003017A7006CA"} -index 0
dow C:/Users/danie/Documents/Repaso_VIVADO/Gpio/Gpio.sdk/ledControlwithSW/Debug/ledControlwithSW.elf
configparams force-mem-access 0
----------------End of Script----------------

15:52:30 INFO  : Context for processor 'ps7_cortexa9_0' is selected.
15:52:30 INFO  : 'con' command is executed.
15:52:30 INFO  : ----------------XSDB Script (After Launch)----------------
targets -set -nocase -filter {name =~ "ARM*#0" && jtag_cable_name =~ "Digilent Arty Z7 003017A7006CA"} -index 0
con
----------------End of Script----------------

15:52:30 INFO  : Disconnected from the channel tcfchan#1.
15:53:51 INFO  : Connected to target on host '127.0.0.1' and port '3121'.
15:53:51 INFO  : 'targets -set -filter {jtag_cable_name =~ "Digilent Arty Z7 003017A7006CA" && level==0} -index 1' command is executed.
15:53:53 INFO  : FPGA configured successfully with bitstream "C:/Users/danie/Documents/Repaso_VIVADO/Gpio/Gpio.sdk/led_control_desing_wrapper_hw_platform_0/led_control_desing_wrapper.bit"
15:54:10 INFO  : 'targets -set -filter {jtag_cable_name =~ "Digilent Arty Z7 003017A7006CA" && level==0} -index 1' command is executed.
15:54:10 INFO  : 'fpga -state' command is executed.
15:54:10 INFO  : Connected to target on host '127.0.0.1' and port '3121'.
15:54:10 INFO  : Jtag cable 'Digilent Arty Z7 003017A7006CA' is selected.
15:54:10 INFO  : 'jtag frequency' command is executed.
15:54:10 INFO  : Sourcing of 'C:/Users/danie/Documents/Repaso_VIVADO/Gpio/Gpio.sdk/led_control_desing_wrapper_hw_platform_0/ps7_init.tcl' is done.
15:54:10 INFO  : Context for 'APU' is selected.
15:54:10 INFO  : Hardware design information is loaded from 'C:/Users/danie/Documents/Repaso_VIVADO/Gpio/Gpio.sdk/led_control_desing_wrapper_hw_platform_0/system.hdf'.
15:54:10 INFO  : 'configparams force-mem-access 1' command is executed.
15:54:10 INFO  : Context for 'APU' is selected.
15:54:10 INFO  : 'stop' command is executed.
15:54:11 INFO  : 'ps7_init' command is executed.
15:54:11 INFO  : 'ps7_post_config' command is executed.
15:54:11 INFO  : Context for processor 'ps7_cortexa9_0' is selected.
15:54:11 INFO  : Processor reset is completed for 'ps7_cortexa9_0'.
15:54:11 INFO  : Context for processor 'ps7_cortexa9_0' is selected.
15:54:11 INFO  : The application 'C:/Users/danie/Documents/Repaso_VIVADO/Gpio/Gpio.sdk/ledControlwithSW/Debug/ledControlwithSW.elf' is downloaded to processor 'ps7_cortexa9_0'.
15:54:11 INFO  : 'configparams force-mem-access 0' command is executed.
15:54:11 INFO  : ----------------XSDB Script----------------
connect -url tcp:127.0.0.1:3121
source C:/Users/danie/Documents/Repaso_VIVADO/Gpio/Gpio.sdk/led_control_desing_wrapper_hw_platform_0/ps7_init.tcl
targets -set -nocase -filter {name =~"APU*" && jtag_cable_name =~ "Digilent Arty Z7 003017A7006CA"} -index 0
loadhw -hw C:/Users/danie/Documents/Repaso_VIVADO/Gpio/Gpio.sdk/led_control_desing_wrapper_hw_platform_0/system.hdf -mem-ranges [list {0x40000000 0xbfffffff}]
configparams force-mem-access 1
targets -set -nocase -filter {name =~"APU*" && jtag_cable_name =~ "Digilent Arty Z7 003017A7006CA"} -index 0
stop
ps7_init
ps7_post_config
targets -set -nocase -filter {name =~ "ARM*#0" && jtag_cable_name =~ "Digilent Arty Z7 003017A7006CA"} -index 0
rst -processor
targets -set -nocase -filter {name =~ "ARM*#0" && jtag_cable_name =~ "Digilent Arty Z7 003017A7006CA"} -index 0
dow C:/Users/danie/Documents/Repaso_VIVADO/Gpio/Gpio.sdk/ledControlwithSW/Debug/ledControlwithSW.elf
configparams force-mem-access 0
----------------End of Script----------------

15:54:11 INFO  : Context for processor 'ps7_cortexa9_0' is selected.
15:54:11 INFO  : 'con' command is executed.
15:54:11 INFO  : ----------------XSDB Script (After Launch)----------------
targets -set -nocase -filter {name =~ "ARM*#0" && jtag_cable_name =~ "Digilent Arty Z7 003017A7006CA"} -index 0
con
----------------End of Script----------------

15:54:11 INFO  : Disconnected from the channel tcfchan#2.
20:58:12 INFO  : Connected to target on host '127.0.0.1' and port '3121'.
20:58:14 INFO  : 'targets -set -filter {jtag_cable_name =~ "Digilent Arty Z7 003017A7006CA" && level==0} -index 1' command is executed.
20:58:16 INFO  : FPGA configured successfully with bitstream "C:/Users/danie/Documents/Repaso_VIVADO/Gpio/Gpio.sdk/led_control_desing_wrapper_hw_platform_0/led_control_desing_wrapper.bit"
20:58:32 INFO  : 'targets -set -filter {jtag_cable_name =~ "Digilent Arty Z7 003017A7006CA" && level==0} -index 1' command is executed.
20:58:32 INFO  : 'fpga -state' command is executed.
20:58:32 INFO  : Connected to target on host '127.0.0.1' and port '3121'.
20:58:32 INFO  : Jtag cable 'Digilent Arty Z7 003017A7006CA' is selected.
20:58:32 INFO  : 'jtag frequency' command is executed.
20:58:32 INFO  : Sourcing of 'C:/Users/danie/Documents/Repaso_VIVADO/Gpio/Gpio.sdk/led_control_desing_wrapper_hw_platform_0/ps7_init.tcl' is done.
20:58:32 INFO  : Context for 'APU' is selected.
20:58:32 INFO  : Hardware design information is loaded from 'C:/Users/danie/Documents/Repaso_VIVADO/Gpio/Gpio.sdk/led_control_desing_wrapper_hw_platform_0/system.hdf'.
20:58:32 INFO  : 'configparams force-mem-access 1' command is executed.
20:58:32 INFO  : Context for 'APU' is selected.
20:58:32 INFO  : 'stop' command is executed.
20:58:33 INFO  : 'ps7_init' command is executed.
20:58:33 INFO  : 'ps7_post_config' command is executed.
20:58:33 INFO  : Context for processor 'ps7_cortexa9_0' is selected.
20:58:33 INFO  : Processor reset is completed for 'ps7_cortexa9_0'.
20:58:33 INFO  : Context for processor 'ps7_cortexa9_0' is selected.
20:58:33 INFO  : The application 'C:/Users/danie/Documents/Repaso_VIVADO/Gpio/Gpio.sdk/ledControlwithSW/Debug/ledControlwithSW.elf' is downloaded to processor 'ps7_cortexa9_0'.
20:58:33 INFO  : 'configparams force-mem-access 0' command is executed.
20:58:33 INFO  : ----------------XSDB Script----------------
connect -url tcp:127.0.0.1:3121
source C:/Users/danie/Documents/Repaso_VIVADO/Gpio/Gpio.sdk/led_control_desing_wrapper_hw_platform_0/ps7_init.tcl
targets -set -nocase -filter {name =~"APU*" && jtag_cable_name =~ "Digilent Arty Z7 003017A7006CA"} -index 0
loadhw -hw C:/Users/danie/Documents/Repaso_VIVADO/Gpio/Gpio.sdk/led_control_desing_wrapper_hw_platform_0/system.hdf -mem-ranges [list {0x40000000 0xbfffffff}]
configparams force-mem-access 1
targets -set -nocase -filter {name =~"APU*" && jtag_cable_name =~ "Digilent Arty Z7 003017A7006CA"} -index 0
stop
ps7_init
ps7_post_config
targets -set -nocase -filter {name =~ "ARM*#0" && jtag_cable_name =~ "Digilent Arty Z7 003017A7006CA"} -index 0
rst -processor
targets -set -nocase -filter {name =~ "ARM*#0" && jtag_cable_name =~ "Digilent Arty Z7 003017A7006CA"} -index 0
dow C:/Users/danie/Documents/Repaso_VIVADO/Gpio/Gpio.sdk/ledControlwithSW/Debug/ledControlwithSW.elf
configparams force-mem-access 0
----------------End of Script----------------

20:58:33 INFO  : Context for processor 'ps7_cortexa9_0' is selected.
20:58:33 INFO  : 'con' command is executed.
20:58:33 INFO  : ----------------XSDB Script (After Launch)----------------
targets -set -nocase -filter {name =~ "ARM*#0" && jtag_cable_name =~ "Digilent Arty Z7 003017A7006CA"} -index 0
con
----------------End of Script----------------

20:58:33 INFO  : Disconnected from the channel tcfchan#3.
21:01:05 INFO  : 'targets -set -filter {jtag_cable_name =~ "Digilent Arty Z7 003017A7006CA" && level==0} -index 1' command is executed.
21:01:05 INFO  : 'fpga -state' command is executed.
21:01:05 INFO  : Connected to target on host '127.0.0.1' and port '3121'.
21:01:05 INFO  : Jtag cable 'Digilent Arty Z7 003017A7006CA' is selected.
21:01:05 INFO  : 'jtag frequency' command is executed.
21:01:05 INFO  : Sourcing of 'C:/Users/danie/Documents/Repaso_VIVADO/Gpio/Gpio.sdk/led_control_desing_wrapper_hw_platform_0/ps7_init.tcl' is done.
21:01:05 INFO  : Context for 'APU' is selected.
21:01:05 INFO  : Hardware design information is loaded from 'C:/Users/danie/Documents/Repaso_VIVADO/Gpio/Gpio.sdk/led_control_desing_wrapper_hw_platform_0/system.hdf'.
21:01:05 INFO  : 'configparams force-mem-access 1' command is executed.
21:01:06 INFO  : Context for 'APU' is selected.
21:01:06 INFO  : 'stop' command is executed.
21:01:06 INFO  : 'ps7_init' command is executed.
21:01:06 INFO  : 'ps7_post_config' command is executed.
21:01:06 INFO  : Context for processor 'ps7_cortexa9_0' is selected.
21:01:06 INFO  : Processor reset is completed for 'ps7_cortexa9_0'.
21:01:06 INFO  : Context for processor 'ps7_cortexa9_0' is selected.
21:01:06 INFO  : The application 'C:/Users/danie/Documents/Repaso_VIVADO/Gpio/Gpio.sdk/ledControlwithSW/Debug/ledControlwithSW.elf' is downloaded to processor 'ps7_cortexa9_0'.
21:01:06 INFO  : 'configparams force-mem-access 0' command is executed.
21:01:06 INFO  : ----------------XSDB Script----------------
connect -url tcp:127.0.0.1:3121
source C:/Users/danie/Documents/Repaso_VIVADO/Gpio/Gpio.sdk/led_control_desing_wrapper_hw_platform_0/ps7_init.tcl
targets -set -nocase -filter {name =~"APU*" && jtag_cable_name =~ "Digilent Arty Z7 003017A7006CA"} -index 0
loadhw -hw C:/Users/danie/Documents/Repaso_VIVADO/Gpio/Gpio.sdk/led_control_desing_wrapper_hw_platform_0/system.hdf -mem-ranges [list {0x40000000 0xbfffffff}]
configparams force-mem-access 1
targets -set -nocase -filter {name =~"APU*" && jtag_cable_name =~ "Digilent Arty Z7 003017A7006CA"} -index 0
stop
ps7_init
ps7_post_config
targets -set -nocase -filter {name =~ "ARM*#0" && jtag_cable_name =~ "Digilent Arty Z7 003017A7006CA"} -index 0
rst -processor
targets -set -nocase -filter {name =~ "ARM*#0" && jtag_cable_name =~ "Digilent Arty Z7 003017A7006CA"} -index 0
dow C:/Users/danie/Documents/Repaso_VIVADO/Gpio/Gpio.sdk/ledControlwithSW/Debug/ledControlwithSW.elf
configparams force-mem-access 0
----------------End of Script----------------

21:01:06 INFO  : Context for processor 'ps7_cortexa9_0' is selected.
21:01:06 INFO  : 'con' command is executed.
21:01:06 INFO  : ----------------XSDB Script (After Launch)----------------
targets -set -nocase -filter {name =~ "ARM*#0" && jtag_cable_name =~ "Digilent Arty Z7 003017A7006CA"} -index 0
con
----------------End of Script----------------

21:01:06 INFO  : Disconnected from the channel tcfchan#4.
21:12:49 INFO  : Example project ledControlwithSW_bsp_xuartps_low_echo_example_1 has been created successfully.
21:17:56 INFO  : 'targets -set -filter {jtag_cable_name =~ "Digilent Arty Z7 003017A7006CA" && level==0} -index 1' command is executed.
21:17:56 INFO  : 'fpga -state' command is executed.
21:17:56 INFO  : Connected to target on host '127.0.0.1' and port '3121'.
21:17:56 INFO  : Jtag cable 'Digilent Arty Z7 003017A7006CA' is selected.
21:17:56 INFO  : 'jtag frequency' command is executed.
21:17:56 INFO  : Sourcing of 'C:/Users/danie/Documents/Repaso_VIVADO/Gpio/Gpio.sdk/led_control_desing_wrapper_hw_platform_0/ps7_init.tcl' is done.
21:17:56 INFO  : Context for 'APU' is selected.
21:17:56 INFO  : Hardware design information is loaded from 'C:/Users/danie/Documents/Repaso_VIVADO/Gpio/Gpio.sdk/led_control_desing_wrapper_hw_platform_0/system.hdf'.
21:17:56 INFO  : 'configparams force-mem-access 1' command is executed.
21:17:56 INFO  : Context for 'APU' is selected.
21:17:56 INFO  : 'stop' command is executed.
21:17:57 INFO  : 'ps7_init' command is executed.
21:17:57 INFO  : 'ps7_post_config' command is executed.
21:17:57 INFO  : Context for processor 'ps7_cortexa9_0' is selected.
21:17:57 INFO  : Processor reset is completed for 'ps7_cortexa9_0'.
21:17:57 INFO  : Context for processor 'ps7_cortexa9_0' is selected.
21:17:57 INFO  : The application 'C:/Users/danie/Documents/Repaso_VIVADO/Gpio/Gpio.sdk/ledControlwithSW/Debug/ledControlwithSW.elf' is downloaded to processor 'ps7_cortexa9_0'.
21:17:57 INFO  : 'configparams force-mem-access 0' command is executed.
21:17:57 INFO  : ----------------XSDB Script----------------
connect -url tcp:127.0.0.1:3121
source C:/Users/danie/Documents/Repaso_VIVADO/Gpio/Gpio.sdk/led_control_desing_wrapper_hw_platform_0/ps7_init.tcl
targets -set -nocase -filter {name =~"APU*" && jtag_cable_name =~ "Digilent Arty Z7 003017A7006CA"} -index 0
loadhw -hw C:/Users/danie/Documents/Repaso_VIVADO/Gpio/Gpio.sdk/led_control_desing_wrapper_hw_platform_0/system.hdf -mem-ranges [list {0x40000000 0xbfffffff}]
configparams force-mem-access 1
targets -set -nocase -filter {name =~"APU*" && jtag_cable_name =~ "Digilent Arty Z7 003017A7006CA"} -index 0
stop
ps7_init
ps7_post_config
targets -set -nocase -filter {name =~ "ARM*#0" && jtag_cable_name =~ "Digilent Arty Z7 003017A7006CA"} -index 0
rst -processor
targets -set -nocase -filter {name =~ "ARM*#0" && jtag_cable_name =~ "Digilent Arty Z7 003017A7006CA"} -index 0
dow C:/Users/danie/Documents/Repaso_VIVADO/Gpio/Gpio.sdk/ledControlwithSW/Debug/ledControlwithSW.elf
configparams force-mem-access 0
----------------End of Script----------------

21:17:57 INFO  : Context for processor 'ps7_cortexa9_0' is selected.
21:17:57 INFO  : 'con' command is executed.
21:17:57 INFO  : ----------------XSDB Script (After Launch)----------------
targets -set -nocase -filter {name =~ "ARM*#0" && jtag_cable_name =~ "Digilent Arty Z7 003017A7006CA"} -index 0
con
----------------End of Script----------------

21:17:57 INFO  : Disconnected from the channel tcfchan#5.
21:18:30 INFO  : Connected to target on host '127.0.0.1' and port '3121'.
21:18:30 INFO  : 'targets -set -filter {jtag_cable_name =~ "Digilent Arty Z7 003017A7006CA" && level==0} -index 1' command is executed.
21:18:33 INFO  : FPGA configured successfully with bitstream "C:/Users/danie/Documents/Repaso_VIVADO/Gpio/Gpio.sdk/led_control_desing_wrapper_hw_platform_0/led_control_desing_wrapper.bit"
21:19:02 INFO  : 'targets -set -filter {jtag_cable_name =~ "Digilent Arty Z7 003017A7006CA" && level==0} -index 1' command is executed.
21:19:02 INFO  : 'fpga -state' command is executed.
21:19:02 INFO  : Connected to target on host '127.0.0.1' and port '3121'.
21:19:02 INFO  : Jtag cable 'Digilent Arty Z7 003017A7006CA' is selected.
21:19:02 INFO  : 'jtag frequency' command is executed.
21:19:02 INFO  : Sourcing of 'C:/Users/danie/Documents/Repaso_VIVADO/Gpio/Gpio.sdk/led_control_desing_wrapper_hw_platform_0/ps7_init.tcl' is done.
21:19:03 INFO  : Context for 'APU' is selected.
21:19:03 INFO  : Hardware design information is loaded from 'C:/Users/danie/Documents/Repaso_VIVADO/Gpio/Gpio.sdk/led_control_desing_wrapper_hw_platform_0/system.hdf'.
21:19:03 INFO  : 'configparams force-mem-access 1' command is executed.
21:19:03 INFO  : Context for 'APU' is selected.
21:19:03 INFO  : 'stop' command is executed.
21:19:03 INFO  : 'ps7_init' command is executed.
21:19:03 INFO  : 'ps7_post_config' command is executed.
21:19:03 INFO  : Context for processor 'ps7_cortexa9_0' is selected.
21:19:03 INFO  : Processor reset is completed for 'ps7_cortexa9_0'.
21:19:03 INFO  : Context for processor 'ps7_cortexa9_0' is selected.
21:19:03 INFO  : The application 'C:/Users/danie/Documents/Repaso_VIVADO/Gpio/Gpio.sdk/ledControlwithSW/Debug/ledControlwithSW.elf' is downloaded to processor 'ps7_cortexa9_0'.
21:19:03 INFO  : 'configparams force-mem-access 0' command is executed.
21:19:03 INFO  : ----------------XSDB Script----------------
connect -url tcp:127.0.0.1:3121
source C:/Users/danie/Documents/Repaso_VIVADO/Gpio/Gpio.sdk/led_control_desing_wrapper_hw_platform_0/ps7_init.tcl
targets -set -nocase -filter {name =~"APU*" && jtag_cable_name =~ "Digilent Arty Z7 003017A7006CA"} -index 0
loadhw -hw C:/Users/danie/Documents/Repaso_VIVADO/Gpio/Gpio.sdk/led_control_desing_wrapper_hw_platform_0/system.hdf -mem-ranges [list {0x40000000 0xbfffffff}]
configparams force-mem-access 1
targets -set -nocase -filter {name =~"APU*" && jtag_cable_name =~ "Digilent Arty Z7 003017A7006CA"} -index 0
stop
ps7_init
ps7_post_config
targets -set -nocase -filter {name =~ "ARM*#0" && jtag_cable_name =~ "Digilent Arty Z7 003017A7006CA"} -index 0
rst -processor
targets -set -nocase -filter {name =~ "ARM*#0" && jtag_cable_name =~ "Digilent Arty Z7 003017A7006CA"} -index 0
dow C:/Users/danie/Documents/Repaso_VIVADO/Gpio/Gpio.sdk/ledControlwithSW/Debug/ledControlwithSW.elf
configparams force-mem-access 0
----------------End of Script----------------

21:19:03 INFO  : Context for processor 'ps7_cortexa9_0' is selected.
21:19:03 INFO  : 'con' command is executed.
21:19:03 INFO  : ----------------XSDB Script (After Launch)----------------
targets -set -nocase -filter {name =~ "ARM*#0" && jtag_cable_name =~ "Digilent Arty Z7 003017A7006CA"} -index 0
con
----------------End of Script----------------

21:19:03 INFO  : Disconnected from the channel tcfchan#6.
21:22:26 INFO  : 'targets -set -filter {jtag_cable_name =~ "Digilent Arty Z7 003017A7006CA" && level==0} -index 1' command is executed.
21:22:26 INFO  : 'fpga -state' command is executed.
21:22:26 INFO  : Connected to target on host '127.0.0.1' and port '3121'.
21:22:26 INFO  : Jtag cable 'Digilent Arty Z7 003017A7006CA' is selected.
21:22:26 INFO  : 'jtag frequency' command is executed.
21:22:26 INFO  : Sourcing of 'C:/Users/danie/Documents/Repaso_VIVADO/Gpio/Gpio.sdk/led_control_desing_wrapper_hw_platform_0/ps7_init.tcl' is done.
21:22:26 INFO  : Context for 'APU' is selected.
21:22:26 INFO  : Hardware design information is loaded from 'C:/Users/danie/Documents/Repaso_VIVADO/Gpio/Gpio.sdk/led_control_desing_wrapper_hw_platform_0/system.hdf'.
21:22:26 INFO  : 'configparams force-mem-access 1' command is executed.
21:22:26 INFO  : Context for 'APU' is selected.
21:22:26 INFO  : 'stop' command is executed.
21:22:26 INFO  : 'ps7_init' command is executed.
21:22:26 INFO  : 'ps7_post_config' command is executed.
21:22:26 INFO  : Context for processor 'ps7_cortexa9_0' is selected.
21:22:26 INFO  : Processor reset is completed for 'ps7_cortexa9_0'.
21:22:27 INFO  : Context for processor 'ps7_cortexa9_0' is selected.
21:22:27 INFO  : The application 'C:/Users/danie/Documents/Repaso_VIVADO/Gpio/Gpio.sdk/ledControlwithSW/Debug/ledControlwithSW.elf' is downloaded to processor 'ps7_cortexa9_0'.
21:22:27 INFO  : 'configparams force-mem-access 0' command is executed.
21:22:27 INFO  : ----------------XSDB Script----------------
connect -url tcp:127.0.0.1:3121
source C:/Users/danie/Documents/Repaso_VIVADO/Gpio/Gpio.sdk/led_control_desing_wrapper_hw_platform_0/ps7_init.tcl
targets -set -nocase -filter {name =~"APU*" && jtag_cable_name =~ "Digilent Arty Z7 003017A7006CA"} -index 0
loadhw -hw C:/Users/danie/Documents/Repaso_VIVADO/Gpio/Gpio.sdk/led_control_desing_wrapper_hw_platform_0/system.hdf -mem-ranges [list {0x40000000 0xbfffffff}]
configparams force-mem-access 1
targets -set -nocase -filter {name =~"APU*" && jtag_cable_name =~ "Digilent Arty Z7 003017A7006CA"} -index 0
stop
ps7_init
ps7_post_config
targets -set -nocase -filter {name =~ "ARM*#0" && jtag_cable_name =~ "Digilent Arty Z7 003017A7006CA"} -index 0
rst -processor
targets -set -nocase -filter {name =~ "ARM*#0" && jtag_cable_name =~ "Digilent Arty Z7 003017A7006CA"} -index 0
dow C:/Users/danie/Documents/Repaso_VIVADO/Gpio/Gpio.sdk/ledControlwithSW/Debug/ledControlwithSW.elf
configparams force-mem-access 0
----------------End of Script----------------

21:22:27 INFO  : Context for processor 'ps7_cortexa9_0' is selected.
21:22:27 INFO  : 'con' command is executed.
21:22:27 INFO  : ----------------XSDB Script (After Launch)----------------
targets -set -nocase -filter {name =~ "ARM*#0" && jtag_cable_name =~ "Digilent Arty Z7 003017A7006CA"} -index 0
con
----------------End of Script----------------

21:22:27 INFO  : Disconnected from the channel tcfchan#7.
22:24:54 INFO  : 'targets -set -filter {jtag_cable_name =~ "Digilent Arty Z7 003017A7006CA" && level==0} -index 1' command is executed.
22:24:54 INFO  : 'fpga -state' command is executed.
22:24:54 INFO  : Connected to target on host '127.0.0.1' and port '3121'.
22:24:54 INFO  : Jtag cable 'Digilent Arty Z7 003017A7006CA' is selected.
22:24:54 INFO  : 'jtag frequency' command is executed.
22:24:54 INFO  : Sourcing of 'C:/Users/danie/Documents/Repaso_VIVADO/Gpio/Gpio.sdk/led_control_desing_wrapper_hw_platform_0/ps7_init.tcl' is done.
22:24:54 INFO  : Context for 'APU' is selected.
22:24:54 INFO  : Hardware design information is loaded from 'C:/Users/danie/Documents/Repaso_VIVADO/Gpio/Gpio.sdk/led_control_desing_wrapper_hw_platform_0/system.hdf'.
22:24:54 INFO  : 'configparams force-mem-access 1' command is executed.
22:24:54 INFO  : Context for 'APU' is selected.
22:24:54 INFO  : 'stop' command is executed.
22:24:55 INFO  : 'ps7_init' command is executed.
22:24:55 INFO  : 'ps7_post_config' command is executed.
22:24:55 INFO  : Context for processor 'ps7_cortexa9_0' is selected.
22:24:55 INFO  : Processor reset is completed for 'ps7_cortexa9_0'.
22:24:55 INFO  : Context for processor 'ps7_cortexa9_0' is selected.
22:24:55 INFO  : The application 'C:/Users/danie/Documents/Repaso_VIVADO/Gpio/Gpio.sdk/controlLedCustom/Debug/controlLedCustom.elf' is downloaded to processor 'ps7_cortexa9_0'.
22:24:55 INFO  : 'configparams force-mem-access 0' command is executed.
22:24:55 INFO  : ----------------XSDB Script----------------
connect -url tcp:127.0.0.1:3121
source C:/Users/danie/Documents/Repaso_VIVADO/Gpio/Gpio.sdk/led_control_desing_wrapper_hw_platform_0/ps7_init.tcl
targets -set -nocase -filter {name =~"APU*" && jtag_cable_name =~ "Digilent Arty Z7 003017A7006CA"} -index 0
loadhw -hw C:/Users/danie/Documents/Repaso_VIVADO/Gpio/Gpio.sdk/led_control_desing_wrapper_hw_platform_0/system.hdf -mem-ranges [list {0x40000000 0xbfffffff}]
configparams force-mem-access 1
targets -set -nocase -filter {name =~"APU*" && jtag_cable_name =~ "Digilent Arty Z7 003017A7006CA"} -index 0
stop
ps7_init
ps7_post_config
targets -set -nocase -filter {name =~ "ARM*#0" && jtag_cable_name =~ "Digilent Arty Z7 003017A7006CA"} -index 0
rst -processor
targets -set -nocase -filter {name =~ "ARM*#0" && jtag_cable_name =~ "Digilent Arty Z7 003017A7006CA"} -index 0
dow C:/Users/danie/Documents/Repaso_VIVADO/Gpio/Gpio.sdk/controlLedCustom/Debug/controlLedCustom.elf
configparams force-mem-access 0
----------------End of Script----------------

22:25:00 INFO  : Disconnected from the channel tcfchan#8.
22:25:52 INFO  : Connected to target on host '127.0.0.1' and port '3121'.
22:25:53 INFO  : 'targets -set -filter {jtag_cable_name =~ "Digilent Arty Z7 003017A7006CA" && level==0} -index 1' command is executed.
22:25:55 INFO  : FPGA configured successfully with bitstream "C:/Users/danie/Documents/Repaso_VIVADO/Gpio/Gpio.sdk/led_control_desing_wrapper_hw_platform_0/led_control_desing_wrapper.bit"
22:26:20 INFO  : 'targets -set -filter {jtag_cable_name =~ "Digilent Arty Z7 003017A7006CA" && level==0} -index 1' command is executed.
22:26:20 INFO  : 'fpga -state' command is executed.
22:26:20 INFO  : Connected to target on host '127.0.0.1' and port '3121'.
22:26:21 INFO  : Jtag cable 'Digilent Arty Z7 003017A7006CA' is selected.
22:26:21 INFO  : 'jtag frequency' command is executed.
22:26:21 INFO  : Sourcing of 'C:/Users/danie/Documents/Repaso_VIVADO/Gpio/Gpio.sdk/led_control_desing_wrapper_hw_platform_0/ps7_init.tcl' is done.
22:26:21 INFO  : Context for 'APU' is selected.
22:26:21 INFO  : Hardware design information is loaded from 'C:/Users/danie/Documents/Repaso_VIVADO/Gpio/Gpio.sdk/led_control_desing_wrapper_hw_platform_0/system.hdf'.
22:26:21 INFO  : 'configparams force-mem-access 1' command is executed.
22:26:21 INFO  : Context for 'APU' is selected.
22:26:21 INFO  : 'stop' command is executed.
22:26:21 INFO  : 'ps7_init' command is executed.
22:26:21 INFO  : 'ps7_post_config' command is executed.
22:26:21 INFO  : Context for processor 'ps7_cortexa9_0' is selected.
22:26:21 INFO  : Processor reset is completed for 'ps7_cortexa9_0'.
22:26:21 INFO  : Context for processor 'ps7_cortexa9_0' is selected.
22:26:22 INFO  : The application 'C:/Users/danie/Documents/Repaso_VIVADO/Gpio/Gpio.sdk/controlLedCustom/Debug/controlLedCustom.elf' is downloaded to processor 'ps7_cortexa9_0'.
22:26:22 INFO  : 'configparams force-mem-access 0' command is executed.
22:26:22 INFO  : ----------------XSDB Script----------------
connect -url tcp:127.0.0.1:3121
source C:/Users/danie/Documents/Repaso_VIVADO/Gpio/Gpio.sdk/led_control_desing_wrapper_hw_platform_0/ps7_init.tcl
targets -set -nocase -filter {name =~"APU*" && jtag_cable_name =~ "Digilent Arty Z7 003017A7006CA"} -index 0
loadhw -hw C:/Users/danie/Documents/Repaso_VIVADO/Gpio/Gpio.sdk/led_control_desing_wrapper_hw_platform_0/system.hdf -mem-ranges [list {0x40000000 0xbfffffff}]
configparams force-mem-access 1
targets -set -nocase -filter {name =~"APU*" && jtag_cable_name =~ "Digilent Arty Z7 003017A7006CA"} -index 0
stop
ps7_init
ps7_post_config
targets -set -nocase -filter {name =~ "ARM*#0" && jtag_cable_name =~ "Digilent Arty Z7 003017A7006CA"} -index 0
rst -processor
targets -set -nocase -filter {name =~ "ARM*#0" && jtag_cable_name =~ "Digilent Arty Z7 003017A7006CA"} -index 0
dow C:/Users/danie/Documents/Repaso_VIVADO/Gpio/Gpio.sdk/controlLedCustom/Debug/controlLedCustom.elf
configparams force-mem-access 0
----------------End of Script----------------

22:26:22 INFO  : Context for processor 'ps7_cortexa9_0' is selected.
22:26:22 INFO  : 'con' command is executed.
22:26:22 INFO  : ----------------XSDB Script (After Launch)----------------
targets -set -nocase -filter {name =~ "ARM*#0" && jtag_cable_name =~ "Digilent Arty Z7 003017A7006CA"} -index 0
con
----------------End of Script----------------

22:26:22 INFO  : Disconnected from the channel tcfchan#9.
22:27:32 INFO  : 'targets -set -filter {jtag_cable_name =~ "Digilent Arty Z7 003017A7006CA" && level==0} -index 1' command is executed.
22:27:32 INFO  : 'fpga -state' command is executed.
22:27:32 INFO  : Connected to target on host '127.0.0.1' and port '3121'.
22:27:33 INFO  : Jtag cable 'Digilent Arty Z7 003017A7006CA' is selected.
22:27:33 INFO  : 'jtag frequency' command is executed.
22:27:33 INFO  : Sourcing of 'C:/Users/danie/Documents/Repaso_VIVADO/Gpio/Gpio.sdk/led_control_desing_wrapper_hw_platform_0/ps7_init.tcl' is done.
22:27:33 INFO  : Context for 'APU' is selected.
22:27:33 INFO  : Hardware design information is loaded from 'C:/Users/danie/Documents/Repaso_VIVADO/Gpio/Gpio.sdk/led_control_desing_wrapper_hw_platform_0/system.hdf'.
22:27:33 INFO  : 'configparams force-mem-access 1' command is executed.
22:27:33 INFO  : Context for 'APU' is selected.
22:27:33 INFO  : 'stop' command is executed.
22:27:33 INFO  : 'ps7_init' command is executed.
22:27:33 INFO  : 'ps7_post_config' command is executed.
22:27:33 INFO  : Context for processor 'ps7_cortexa9_0' is selected.
22:27:33 INFO  : Processor reset is completed for 'ps7_cortexa9_0'.
22:27:33 INFO  : Context for processor 'ps7_cortexa9_0' is selected.
22:27:33 INFO  : The application 'C:/Users/danie/Documents/Repaso_VIVADO/Gpio/Gpio.sdk/controlLedCustom/Debug/controlLedCustom.elf' is downloaded to processor 'ps7_cortexa9_0'.
22:27:33 INFO  : 'configparams force-mem-access 0' command is executed.
22:27:33 INFO  : ----------------XSDB Script----------------
connect -url tcp:127.0.0.1:3121
source C:/Users/danie/Documents/Repaso_VIVADO/Gpio/Gpio.sdk/led_control_desing_wrapper_hw_platform_0/ps7_init.tcl
targets -set -nocase -filter {name =~"APU*" && jtag_cable_name =~ "Digilent Arty Z7 003017A7006CA"} -index 0
loadhw -hw C:/Users/danie/Documents/Repaso_VIVADO/Gpio/Gpio.sdk/led_control_desing_wrapper_hw_platform_0/system.hdf -mem-ranges [list {0x40000000 0xbfffffff}]
configparams force-mem-access 1
targets -set -nocase -filter {name =~"APU*" && jtag_cable_name =~ "Digilent Arty Z7 003017A7006CA"} -index 0
stop
ps7_init
ps7_post_config
targets -set -nocase -filter {name =~ "ARM*#0" && jtag_cable_name =~ "Digilent Arty Z7 003017A7006CA"} -index 0
rst -processor
targets -set -nocase -filter {name =~ "ARM*#0" && jtag_cable_name =~ "Digilent Arty Z7 003017A7006CA"} -index 0
dow C:/Users/danie/Documents/Repaso_VIVADO/Gpio/Gpio.sdk/controlLedCustom/Debug/controlLedCustom.elf
configparams force-mem-access 0
----------------End of Script----------------

22:27:33 INFO  : Context for processor 'ps7_cortexa9_0' is selected.
22:27:34 INFO  : 'con' command is executed.
22:27:34 INFO  : ----------------XSDB Script (After Launch)----------------
targets -set -nocase -filter {name =~ "ARM*#0" && jtag_cable_name =~ "Digilent Arty Z7 003017A7006CA"} -index 0
con
----------------End of Script----------------

22:27:34 INFO  : Disconnected from the channel tcfchan#10.
22:04:18 INFO  : Registering command handlers for SDK TCF services
22:04:20 INFO  : Launching XSCT server: xsct.bat -interactive C:\Users\danie\Documents\Repaso_VIVADO\Gpio\Gpio.sdk\temp_xsdb_launch_script.tcl
22:04:23 INFO  : XSCT server has started successfully.
22:04:24 INFO  : Successfully done setting XSCT server connection channel  
22:04:24 INFO  : Successfully done setting SDK workspace  
22:04:24 INFO  : Processing command line option -hwspec C:/Users/danie/Documents/Repaso_VIVADO/Gpio/Gpio.sdk/led_control_desing_wrapper.hdf.
22:04:24 INFO  : Checking for hwspec changes in the project led_control_desing_wrapper_hw_platform_0.
